-------------------------------------------------------
This program includes software developed by the
Apache Software Foundation (http://www.apache.org/).
-------------------------------------------------------

Deleted model 
RegisterTypes_SdfastEngine

-------------------------------------------------------
Library SdfastEngine...
-------------------------------------------------------

RegisterTypes_SimbodyEngine

-------------------------------------------------------
Library SimbodyEngine...
-------------------------------------------------------

Constructing investigation from setup file GIL06_xslow1_Setup_CMC_Unconstrained.xml.

AbstractTool GIL06_xslow1_fixed_CMC_unconstr loading model '../../GIL06_gait2392_simbody_adjusted.osim'
Created model GIL06 from file ../../GIL06_gait2392_simbody_adjusted.osim
Adding actuator set from ../../GIL06_CMC_Actuators.xml
Handling locked coordinate.
Handling locked coordinate.
Handling locked coordinate.
Handling locked coordinate.
SimbodyCoordinate.setValue: WARN- coordinate subtalar_angle_r is locked. Unable to change its value.
SimbodyCoordinate.setValue: WARN- coordinate mtp_angle_r is locked. Unable to change its value.
SimbodyCoordinate.setValue: WARN- coordinate subtalar_angle_l is locked. Unable to change its value.
SimbodyCoordinate.setValue: WARN- coordinate mtp_angle_l is locked. Unable to change its value.
-----------------------------------------------------------------------
Loaded library
-----------------------------------------------------------------------
             MODEL: GIL06
         actuators: 111
          analyses: 3
          contacts: 0
-----------------------------------------------------------------------

Running tool GIL06_xslow1_fixed_CMC_unconstr.
MODEL: GIL06

ANALYSES (3)
analysis[0] = Kinematics
analysis[1] = Actuation
analysis[2] = BodyKinematics

BODIES (13)
body[0] = ground (mass: 0) (inertia: 0 0 0 0 0 0 0 0 0)
body[1] = pelvis (mass: 12.7983) (inertia: 0.103095 0 0 0 0.0873497 0 0 0 0.058066)
body[2] = femur_r (mass: 10.108) (inertia: 0.124709 0 0 0 0.0326907 0 0 0 0.131508)
body[3] = tibia_r (mass: 4.029) (inertia: 0.040192 0 0 0 0.00406705 0 0 0 0.0407502)
body[4] = talus_r (mass: 0.108672) (inertia: 0.00079746 0 0 0 0.00079746 0 0 0 0.00079746)
body[5] = calcn_r (mass: 1.3584) (inertia: 0.00126007 0 0 0 0.00351019 0 0 0 0.0036902)
body[6] = toes_r (mass: 0.235383) (inertia: 9e-005 0 0 0 0.00018001 0 0 0 0.00090005)
body[7] = femur_l (mass: 10.108) (inertia: 0.124709 0 0 0 0.0326907 0 0 0 0.131508)
body[8] = tibia_l (mass: 4.029) (inertia: 0.040192 0 0 0 0.00406705 0 0 0 0.0407502)
body[9] = talus_l (mass: 0.108672) (inertia: 0.00079746 0 0 0 0.00079746 0 0 0 0.00079746)
body[10] = calcn_l (mass: 1.3584) (inertia: 0.00126007 0 0 0 0.00351019 0 0 0 0.0036902)
body[11] = toes_l (mass: 0.235383) (inertia: 9e-005 0 0 0 0.00018001 0 0 0 0.00090005)
body[12] = torso (mass: 37.8843) (inertia: 1.58775 0 0 0 0.813525 0 0 0 1.54134)

ACTUATORS (111)
actuator[0] = glut_med1_r (controls: glut_med1_r.excitation)
actuator[1] = glut_med2_r (controls: glut_med2_r.excitation)
actuator[2] = glut_med3_r (controls: glut_med3_r.excitation)
actuator[3] = glut_min1_r (controls: glut_min1_r.excitation)
actuator[4] = glut_min2_r (controls: glut_min2_r.excitation)
actuator[5] = glut_min3_r (controls: glut_min3_r.excitation)
actuator[6] = semimem_r (controls: semimem_r.excitation)
actuator[7] = semiten_r (controls: semiten_r.excitation)
actuator[8] = bifemlh_r (controls: bifemlh_r.excitation)
actuator[9] = bifemsh_r (controls: bifemsh_r.excitation)
actuator[10] = sar_r (controls: sar_r.excitation)
actuator[11] = add_long_r (controls: add_long_r.excitation)
actuator[12] = add_brev_r (controls: add_brev_r.excitation)
actuator[13] = add_mag1_r (controls: add_mag1_r.excitation)
actuator[14] = add_mag2_r (controls: add_mag2_r.excitation)
actuator[15] = add_mag3_r (controls: add_mag3_r.excitation)
actuator[16] = tfl_r (controls: tfl_r.excitation)
actuator[17] = pect_r (controls: pect_r.excitation)
actuator[18] = grac_r (controls: grac_r.excitation)
actuator[19] = glut_max1_r (controls: glut_max1_r.excitation)
actuator[20] = glut_max2_r (controls: glut_max2_r.excitation)
actuator[21] = glut_max3_r (controls: glut_max3_r.excitation)
actuator[22] = iliacus_r (controls: iliacus_r.excitation)
actuator[23] = psoas_r (controls: psoas_r.excitation)
actuator[24] = quad_fem_r (controls: quad_fem_r.excitation)
actuator[25] = gem_r (controls: gem_r.excitation)
actuator[26] = peri_r (controls: peri_r.excitation)
actuator[27] = rect_fem_r (controls: rect_fem_r.excitation)
actuator[28] = vas_med_r (controls: vas_med_r.excitation)
actuator[29] = vas_int_r (controls: vas_int_r.excitation)
actuator[30] = vas_lat_r (controls: vas_lat_r.excitation)
actuator[31] = med_gas_r (controls: med_gas_r.excitation)
actuator[32] = lat_gas_r (controls: lat_gas_r.excitation)
actuator[33] = soleus_r (controls: soleus_r.excitation)
actuator[34] = tib_post_r (controls: tib_post_r.excitation)
actuator[35] = flex_dig_r (controls: flex_dig_r.excitation)
actuator[36] = flex_hal_r (controls: flex_hal_r.excitation)
actuator[37] = tib_ant_r (controls: tib_ant_r.excitation)
actuator[38] = per_brev_r (controls: per_brev_r.excitation)
actuator[39] = per_long_r (controls: per_long_r.excitation)
actuator[40] = per_tert_r (controls: per_tert_r.excitation)
actuator[41] = ext_dig_r (controls: ext_dig_r.excitation)
actuator[42] = ext_hal_r (controls: ext_hal_r.excitation)
actuator[43] = glut_med1_l (controls: glut_med1_l.excitation)
actuator[44] = glut_med2_l (controls: glut_med2_l.excitation)
actuator[45] = glut_med3_l (controls: glut_med3_l.excitation)
actuator[46] = glut_min1_l (controls: glut_min1_l.excitation)
actuator[47] = glut_min2_l (controls: glut_min2_l.excitation)
actuator[48] = glut_min3_l (controls: glut_min3_l.excitation)
actuator[49] = semimem_l (controls: semimem_l.excitation)
actuator[50] = semiten_l (controls: semiten_l.excitation)
actuator[51] = bifemlh_l (controls: bifemlh_l.excitation)
actuator[52] = bifemsh_l (controls: bifemsh_l.excitation)
actuator[53] = sar_l (controls: sar_l.excitation)
actuator[54] = add_long_l (controls: add_long_l.excitation)
actuator[55] = add_brev_l (controls: add_brev_l.excitation)
actuator[56] = add_mag1_l (controls: add_mag1_l.excitation)
actuator[57] = add_mag2_l (controls: add_mag2_l.excitation)
actuator[58] = add_mag3_l (controls: add_mag3_l.excitation)
actuator[59] = tfl_l (controls: tfl_l.excitation)
actuator[60] = pect_l (controls: pect_l.excitation)
actuator[61] = grac_l (controls: grac_l.excitation)
actuator[62] = glut_max1_l (controls: glut_max1_l.excitation)
actuator[63] = glut_max2_l (controls: glut_max2_l.excitation)
actuator[64] = glut_max3_l (controls: glut_max3_l.excitation)
actuator[65] = iliacus_l (controls: iliacus_l.excitation)
actuator[66] = psoas_l (controls: psoas_l.excitation)
actuator[67] = quad_fem_l (controls: quad_fem_l.excitation)
actuator[68] = gem_l (controls: gem_l.excitation)
actuator[69] = peri_l (controls: peri_l.excitation)
actuator[70] = rect_fem_l (controls: rect_fem_l.excitation)
actuator[71] = vas_med_l (controls: vas_med_l.excitation)
actuator[72] = vas_int_l (controls: vas_int_l.excitation)
actuator[73] = vas_lat_l (controls: vas_lat_l.excitation)
actuator[74] = med_gas_l (controls: med_gas_l.excitation)
actuator[75] = lat_gas_l (controls: lat_gas_l.excitation)
actuator[76] = soleus_l (controls: soleus_l.excitation)
actuator[77] = tib_post_l (controls: tib_post_l.excitation)
actuator[78] = flex_dig_l (controls: flex_dig_l.excitation)
actuator[79] = flex_hal_l (controls: flex_hal_l.excitation)
actuator[80] = tib_ant_l (controls: tib_ant_l.excitation)
actuator[81] = per_brev_l (controls: per_brev_l.excitation)
actuator[82] = per_long_l (controls: per_long_l.excitation)
actuator[83] = per_tert_l (controls: per_tert_l.excitation)
actuator[84] = ext_dig_l (controls: ext_dig_l.excitation)
actuator[85] = ext_hal_l (controls: ext_hal_l.excitation)
actuator[86] = ercspn_r (controls: ercspn_r.excitation)
actuator[87] = ercspn_l (controls: ercspn_l.excitation)
actuator[88] = intobl_r (controls: intobl_r.excitation)
actuator[89] = intobl_l (controls: intobl_l.excitation)
actuator[90] = extobl_r (controls: extobl_r.excitation)
actuator[91] = extobl_l (controls: extobl_l.excitation)
actuator[92] = FX (controls: FX.excitation)
actuator[93] = FY (controls: FY.excitation)
actuator[94] = FZ (controls: FZ.excitation)
actuator[95] = MX (controls: MX.excitation)
actuator[96] = MY (controls: MY.excitation)
actuator[97] = MZ (controls: MZ.excitation)
actuator[98] = hip_flexion_r_reserve (controls: hip_flexion_r_reserve.excitation)
actuator[99] = hip_adduction_r_reserve (controls: hip_adduction_r_reserve.excitation)
actuator[100] = hip_rotation_r_reserve (controls: hip_rotation_r_reserve.excitation)
actuator[101] = knee_angle_r_reserve (controls: knee_angle_r_reserve.excitation)
actuator[102] = ankle_angle_r_reserve (controls: ankle_angle_r_reserve.excitation)
actuator[103] = hip_flexion_l_reserve (controls: hip_flexion_l_reserve.excitation)
actuator[104] = hip_adduction_l_reserve (controls: hip_adduction_l_reserve.excitation)
actuator[105] = hip_rotation_l_reserve (controls: hip_rotation_l_reserve.excitation)
actuator[106] = knee_angle_l_reserve (controls: knee_angle_l_reserve.excitation)
actuator[107] = ankle_angle_l_reserve (controls: ankle_angle_l_reserve.excitation)
actuator[108] = lumbar_extension_reserve (controls: lumbar_extension_reserve.excitation)
actuator[109] = lumbar_bending_reserve (controls: lumbar_bending_reserve.excitation)
actuator[110] = lumbar_rotation_reserve (controls: lumbar_rotation_reserve.excitation)

CONTACTS (0)
numControls = 111
numStates = 230
numCoordinates = 23
numSpeeds = 23
numActuators = 111
numBodies = 13

STATES (230)
y[0] = pelvis_tx
y[1] = pelvis_ty
y[2] = pelvis_tz
y[3] = pelvis_tilt
y[4] = pelvis_list
y[5] = pelvis_rotation
y[6] = hip_flexion_r
y[7] = hip_adduction_r
y[8] = hip_rotation_r
y[9] = knee_angle_r
y[10] = ankle_angle_r
y[11] = subtalar_angle_r
y[12] = mtp_angle_r
y[13] = hip_flexion_l
y[14] = hip_adduction_l
y[15] = hip_rotation_l
y[16] = knee_angle_l
y[17] = ankle_angle_l
y[18] = subtalar_angle_l
y[19] = mtp_angle_l
y[20] = lumbar_extension
y[21] = lumbar_bending
y[22] = lumbar_rotation
y[23] = pelvis_tx_u
y[24] = pelvis_ty_u
y[25] = pelvis_tz_u
y[26] = pelvis_tilt_u
y[27] = pelvis_list_u
y[28] = pelvis_rotation_u
y[29] = hip_flexion_r_u
y[30] = hip_adduction_r_u
y[31] = hip_rotation_r_u
y[32] = knee_angle_r_u
y[33] = ankle_angle_r_u
y[34] = subtalar_angle_r_u
y[35] = mtp_angle_r_u
y[36] = hip_flexion_l_u
y[37] = hip_adduction_l_u
y[38] = hip_rotation_l_u
y[39] = knee_angle_l_u
y[40] = ankle_angle_l_u
y[41] = subtalar_angle_l_u
y[42] = mtp_angle_l_u
y[43] = lumbar_extension_u
y[44] = lumbar_bending_u
y[45] = lumbar_rotation_u
y[46] = glut_med1_r.activation
y[47] = glut_med1_r.fiber_length
y[48] = glut_med2_r.activation
y[49] = glut_med2_r.fiber_length
y[50] = glut_med3_r.activation
y[51] = glut_med3_r.fiber_length
y[52] = glut_min1_r.activation
y[53] = glut_min1_r.fiber_length
y[54] = glut_min2_r.activation
y[55] = glut_min2_r.fiber_length
y[56] = glut_min3_r.activation
y[57] = glut_min3_r.fiber_length
y[58] = semimem_r.activation
y[59] = semimem_r.fiber_length
y[60] = semiten_r.activation
y[61] = semiten_r.fiber_length
y[62] = bifemlh_r.activation
y[63] = bifemlh_r.fiber_length
y[64] = bifemsh_r.activation
y[65] = bifemsh_r.fiber_length
y[66] = sar_r.activation
y[67] = sar_r.fiber_length
y[68] = add_long_r.activation
y[69] = add_long_r.fiber_length
y[70] = add_brev_r.activation
y[71] = add_brev_r.fiber_length
y[72] = add_mag1_r.activation
y[73] = add_mag1_r.fiber_length
y[74] = add_mag2_r.activation
y[75] = add_mag2_r.fiber_length
y[76] = add_mag3_r.activation
y[77] = add_mag3_r.fiber_length
y[78] = tfl_r.activation
y[79] = tfl_r.fiber_length
y[80] = pect_r.activation
y[81] = pect_r.fiber_length
y[82] = grac_r.activation
y[83] = grac_r.fiber_length
y[84] = glut_max1_r.activation
y[85] = glut_max1_r.fiber_length
y[86] = glut_max2_r.activation
y[87] = glut_max2_r.fiber_length
y[88] = glut_max3_r.activation
y[89] = glut_max3_r.fiber_length
y[90] = iliacus_r.activation
y[91] = iliacus_r.fiber_length
y[92] = psoas_r.activation
y[93] = psoas_r.fiber_length
y[94] = quad_fem_r.activation
y[95] = quad_fem_r.fiber_length
y[96] = gem_r.activation
y[97] = gem_r.fiber_length
y[98] = peri_r.activation
y[99] = peri_r.fiber_length
y[100] = rect_fem_r.activation
y[101] = rect_fem_r.fiber_length
y[102] = vas_med_r.activation
y[103] = vas_med_r.fiber_length
y[104] = vas_int_r.activation
y[105] = vas_int_r.fiber_length
y[106] = vas_lat_r.activation
y[107] = vas_lat_r.fiber_length
y[108] = med_gas_r.activation
y[109] = med_gas_r.fiber_length
y[110] = lat_gas_r.activation
y[111] = lat_gas_r.fiber_length
y[112] = soleus_r.activation
y[113] = soleus_r.fiber_length
y[114] = tib_post_r.activation
y[115] = tib_post_r.fiber_length
y[116] = flex_dig_r.activation
y[117] = flex_dig_r.fiber_length
y[118] = flex_hal_r.activation
y[119] = flex_hal_r.fiber_length
y[120] = tib_ant_r.activation
y[121] = tib_ant_r.fiber_length
y[122] = per_brev_r.activation
y[123] = per_brev_r.fiber_length
y[124] = per_long_r.activation
y[125] = per_long_r.fiber_length
y[126] = per_tert_r.activation
y[127] = per_tert_r.fiber_length
y[128] = ext_dig_r.activation
y[129] = ext_dig_r.fiber_length
y[130] = ext_hal_r.activation
y[131] = ext_hal_r.fiber_length
y[132] = glut_med1_l.activation
y[133] = glut_med1_l.fiber_length
y[134] = glut_med2_l.activation
y[135] = glut_med2_l.fiber_length
y[136] = glut_med3_l.activation
y[137] = glut_med3_l.fiber_length
y[138] = glut_min1_l.activation
y[139] = glut_min1_l.fiber_length
y[140] = glut_min2_l.activation
y[141] = glut_min2_l.fiber_length
y[142] = glut_min3_l.activation
y[143] = glut_min3_l.fiber_length
y[144] = semimem_l.activation
y[145] = semimem_l.fiber_length
y[146] = semiten_l.activation
y[147] = semiten_l.fiber_length
y[148] = bifemlh_l.activation
y[149] = bifemlh_l.fiber_length
y[150] = bifemsh_l.activation
y[151] = bifemsh_l.fiber_length
y[152] = sar_l.activation
y[153] = sar_l.fiber_length
y[154] = add_long_l.activation
y[155] = add_long_l.fiber_length
y[156] = add_brev_l.activation
y[157] = add_brev_l.fiber_length
y[158] = add_mag1_l.activation
y[159] = add_mag1_l.fiber_length
y[160] = add_mag2_l.activation
y[161] = add_mag2_l.fiber_length
y[162] = add_mag3_l.activation
y[163] = add_mag3_l.fiber_length
y[164] = tfl_l.activation
y[165] = tfl_l.fiber_length
y[166] = pect_l.activation
y[167] = pect_l.fiber_length
y[168] = grac_l.activation
y[169] = grac_l.fiber_length
y[170] = glut_max1_l.activation
y[171] = glut_max1_l.fiber_length
y[172] = glut_max2_l.activation
y[173] = glut_max2_l.fiber_length
y[174] = glut_max3_l.activation
y[175] = glut_max3_l.fiber_length
y[176] = iliacus_l.activation
y[177] = iliacus_l.fiber_length
y[178] = psoas_l.activation
y[179] = psoas_l.fiber_length
y[180] = quad_fem_l.activation
y[181] = quad_fem_l.fiber_length
y[182] = gem_l.activation
y[183] = gem_l.fiber_length
y[184] = peri_l.activation
y[185] = peri_l.fiber_length
y[186] = rect_fem_l.activation
y[187] = rect_fem_l.fiber_length
y[188] = vas_med_l.activation
y[189] = vas_med_l.fiber_length
y[190] = vas_int_l.activation
y[191] = vas_int_l.fiber_length
y[192] = vas_lat_l.activation
y[193] = vas_lat_l.fiber_length
y[194] = med_gas_l.activation
y[195] = med_gas_l.fiber_length
y[196] = lat_gas_l.activation
y[197] = lat_gas_l.fiber_length
y[198] = soleus_l.activation
y[199] = soleus_l.fiber_length
y[200] = tib_post_l.activation
y[201] = tib_post_l.fiber_length
y[202] = flex_dig_l.activation
y[203] = flex_dig_l.fiber_length
y[204] = flex_hal_l.activation
y[205] = flex_hal_l.fiber_length
y[206] = tib_ant_l.activation
y[207] = tib_ant_l.fiber_length
y[208] = per_brev_l.activation
y[209] = per_brev_l.fiber_length
y[210] = per_long_l.activation
y[211] = per_long_l.fiber_length
y[212] = per_tert_l.activation
y[213] = per_tert_l.fiber_length
y[214] = ext_dig_l.activation
y[215] = ext_dig_l.fiber_length
y[216] = ext_hal_l.activation
y[217] = ext_hal_l.fiber_length
y[218] = ercspn_r.activation
y[219] = ercspn_r.fiber_length
y[220] = ercspn_l.activation
y[221] = ercspn_l.fiber_length
y[222] = intobl_r.activation
y[223] = intobl_r.fiber_length
y[224] = intobl_l.activation
y[225] = intobl_l.fiber_length
y[226] = extobl_r.activation
y[227] = extobl_r.fiber_length
y[228] = extobl_l.activation
y[229] = extobl_l.fiber_length


Loading desired kinematics from file ../RRA/Results/GIL06_xslow1_RRA_Kinematics_q.sto ...
Storage: file=../RRA/Results/GIL06_xslow1_RRA_Kinematics_q.sto (nr=1555 nc=24)


Note- not filtering the desired kinematics.



Loading external loads kinematics from file ../IK/GIL06_xslow1_ik.mot ...
Storage: file=../IK/GIL06_xslow1_ik.mot (nr=194 nc=375)
Low-pass filtering external load kinematics with a cutoff frequency of 6...
Storage: file=../IK/GIL06_xslow1_ik.mot (nr=194 nc=375)
Padded kineticsStore to start time of 0.375

Constructing function set for tracking...



 taskSet size = 19

Using the generalized coordinates specified in ../RRA/Results/GIL06_xslow1_RRA_Kinematics_q.sto to set the initial configuration.
Successfully linked to CFSQP library 'osimCFSQP.dll'
Using CFSQP optimizer algorithm.

Setting optimizer print level to 0.
Setting optimizer convergence criterion to 1e-006.
Setting optimizer maximum iterations to 2000.

Setting cmc controller to not use verbose printing.



================================================================
================================================================
Computing initial values for muscles states (activation, length)
Start time = Thu Oct 30 11:12:40 2008
================================================================

=============================================
rdCMC.computeInitialStates: ti=0.425
=============================================
rdCMC.computeControls:  t = 0.425
rdCMC.computeControls:  t = 0.425

-----------------------------------------------------------------
Finished computing initial states:
-----------------------------------------------------------------
Array[230]= 0.286908 0.84155 -0.276653 -0.0546814 0.0466957 -0.0855065 0.199623 -0.143037 0.0642891 -1.07767 -0.445105 9.87856e-020 6.30902e-018 0.0991479 0.116008 -0.0481619 -0.00542631 -0.0727379 -1.2728e-017 2.21887e-017 0.11727 -0.0848655 0.251782 0.38643 -0.00449179 -0.0779471 0.217727 -0.0130142 -0.294301 2.05947 0.0754466 0.823684 -2.83987 1.71341 -1.12763e-016 3.79189e-016 -0.95629 0.154812 -0.0308714 0.484577 0.423116 -1.09932e-015 3.43994e-015 -0.259715 0.107499 0.0267009 0.0611751 0.0358748 0.0395779 0.0718172 0.0478876 0.0571986 0.0452078 0.0572865 0.0497641 0.0476561 0.0437505 0.0292488 0.143878 0.0310994 0.134314 0.159745 0.02 0.0689095 0.431238 0.128907 0.193211 0.408152 0.02 0.101406 0.02 0.114637 0.02 0.063112 0.02 0.0794033 0.02 0.096691 0.121645 0.092801 0.02 0.0663184 0.0720887 0.266116 0.02 0.0761267 0.02 0.086358 0.02 0.105414 0.286584 0.0937531 0.297894 0.0877941 0.02 0.0505495 0.02 0.0261311 0.0494329 0.0194453 0.02 0.124542 0.02 0.082549 0.02 0.0827655 0.02 0.0795331 0.284562 0.0178408 0.376405 0.0157301 0.02 0.0242239 0.02 0.0250369 0.02 0.0236326 0.02 0.02811 0.252941 0.0825021 0.02 0.0409289 0.02 0.0397598 0.02 0.0787101 0.132896 0.0961222 0.039602 0.105269 0.598919 0.0470592 0.462194 0.0798107 0.495829 0.060954 0.156023 0.0690208 0.193071 0.0583804 0.247415 0.0372261 0.058045 0.0550697 0.02 0.190341 0.02 0.0881736 0.254563 0.153957 0.140151 0.427757 0.02 0.0881755 0.02 0.0994349 0.02 0.0436214 0.02 0.0604619 0.02 0.0842275 0.231917 0.0970589 0.02 0.059979 0.02 0.278869 0.174307 0.0767989 0.0593587 0.0826661 0.02 0.0864146 0.192276 0.096697 0.174021 0.090674 0.02 0.0365629 0.02 0.0211466 0.309978 0.0208261 0.02 0.0892801 0.02 0.0435685 0.02 0.0475847 0.02 0.040525 0.146013 0.0456703 0.062235 0.0506834 0.02 0.0358402 0.02 0.0280315 0.02 0.0266551 0.02 0.0329079 0.239536 0.0697539 0.02 0.0421431 0.02 0.0421982 0.0219004 0.0703142 0.172795 0.0835023 0.0411707 0.0928173 0.02 0.114685 0.02 0.112861 0.071477 0.118235 0.043602 0.0867398 0.18926 0.135845 0.02 0.13552
=================================================================
Start time   = Thu Oct 30 11:12:40 2008
Finish time  = Thu Oct 30 11:13:19 2008
Elapsed time = 39 seconds.
=================================================================



================================================================
================================================================
Using CMC to track the specified kinematics
Integrating from 0.455 to 1.939
Start time = Thu Oct 30 11:13:20 2008
================================================================
rdCMC.computeControls:  t = 0.455
rdCMC.computeControls:  t = 0.465
rdCMC.computeControls:  t = 0.475
rdCMC.computeControls:  t = 0.485
rdCMC.computeControls:  t = 0.495
rdCMC.computeControls:  t = 0.505
rdCMC.computeControls:  t = 0.515
rdCMC.computeControls:  t = 0.525
rdCMC.computeControls:  t = 0.535
rdCMC.computeControls:  t = 0.545
rdCMC.computeControls:  t = 0.555
rdCMC.computeControls:  t = 0.565
rdCMC.computeControls:  t = 0.575
rdCMC.computeControls:  t = 0.585
rdCMC.computeControls:  t = 0.595
rdCMC.computeControls:  t = 0.605
rdCMC.computeControls:  t = 0.615
rdCMC.computeControls:  t = 0.625
rdCMC.computeControls:  t = 0.635
rdCMC.computeControls:  t = 0.645
rdCMC.computeControls:  t = 0.655
rdCMC.computeControls:  t = 0.665
rdCMC.computeControls:  t = 0.675
rdCMC.computeControls:  t = 0.685
rdCMC.computeControls:  t = 0.695
rdCMC.computeControls:  t = 0.705
rdCMC.computeControls:  t = 0.715
rdCMC.computeControls:  t = 0.725
rdCMC.computeControls:  t = 0.735
rdCMC.computeControls:  t = 0.745
rdCMC.computeControls:  t = 0.755
rdCMC.computeControls:  t = 0.765
rdCMC.computeControls:  t = 0.775
rdCMC.computeControls:  t = 0.785
rdCMC.computeControls:  t = 0.795
rdCMC.computeControls:  t = 0.805
rdCMC.computeControls:  t = 0.815
WARN- small force range for vas_lat_r (1.82745 to 1.87098)
rdCMC.computeControls:  t = 0.825
WARN- small force range for vas_lat_r (1.81864 to 1.86242)
rdCMC.computeControls:  t = 0.835
WARN- small force range for vas_med_r (1.25123 to 1.29152)
WARN- small force range for vas_int_r (1.32358 to 1.36175)
WARN- small force range for vas_lat_r (1.81076 to 1.85476)
rdCMC.computeControls:  t = 0.845
WARN- small force range for vas_med_r (1.2462 to 1.28665)
WARN- small force range for vas_int_r (1.31866 to 1.35699)
WARN- small force range for vas_lat_r (1.8043 to 1.84849)
rdCMC.computeControls:  t = 0.855
WARN- small force range for vas_med_r (1.24242 to 1.28301)
WARN- small force range for vas_int_r (1.31491 to 1.35338)
WARN- small force range for vas_lat_r (1.79963 to 1.84399)
rdCMC.computeControls:  t = 0.865
WARN- small force range for vas_med_r (1.24018 to 1.28089)
WARN- small force range for vas_int_r (1.3126 to 1.35117)
WARN- small force range for vas_lat_r (1.79701 to 1.84151)
rdCMC.computeControls:  t = 0.875
WARN- small force range for vas_med_r (1.23971 to 1.28052)
WARN- small force range for vas_int_r (1.31196 to 1.35063)
WARN- small force range for vas_lat_r (1.79656 to 1.84118)
rdCMC.computeControls:  t = 0.885
WARN- small force range for vas_med_r (1.24126 to 1.28216)
WARN- small force range for vas_int_r (1.31328 to 1.35203)
WARN- small force range for vas_lat_r (1.79847 to 1.8432)
rdCMC.computeControls:  t = 0.895
WARN- small force range for vas_med_r (1.24503 to 1.286)
WARN- small force range for vas_int_r (1.31676 to 1.35559)
WARN- small force range for vas_lat_r (1.80287 to 1.8477)
rdCMC.computeControls:  t = 0.905
WARN- small force range for vas_med_r (1.25119 to 1.29223)
WARN- small force range for vas_int_r (1.32261 to 1.36149)
WARN- small force range for vas_lat_r (1.80989 to 1.8548)
rdCMC.computeControls:  t = 0.915
WARN- small force range for vas_lat_r (1.81938 to 1.86435)
rdCMC.computeControls:  t = 0.925
rdCMC.computeControls:  t = 0.935
rdCMC.computeControls:  t = 0.945
rdCMC.computeControls:  t = 0.955
rdCMC.computeControls:  t = 0.965
rdCMC.computeControls:  t = 0.975
rdCMC.computeControls:  t = 0.985
rdCMC.computeControls:  t = 0.995
rdCMC.computeControls:  t = 1.005
rdCMC.computeControls:  t = 1.015
rdCMC.computeControls:  t = 1.025
rdCMC.computeControls:  t = 1.035
rdCMC.computeControls:  t = 1.045
rdCMC.computeControls:  t = 1.055
rdCMC.computeControls:  t = 1.065
rdCMC.computeControls:  t = 1.075
rdCMC.computeControls:  t = 1.085
rdCMC.computeControls:  t = 1.095
rdCMC.computeControls:  t = 1.105
rdCMC.computeControls:  t = 1.115
rdCMC.computeControls:  t = 1.125
rdCMC.computeControls:  t = 1.135
rdCMC.computeControls:  t = 1.145
rdCMC.computeControls:  t = 1.155
rdCMC.computeControls:  t = 1.165
rdCMC.computeControls:  t = 1.175
rdCMC.computeControls:  t = 1.185
rdCMC.computeControls:  t = 1.195
rdCMC.computeControls:  t = 1.205
rdCMC.computeControls:  t = 1.215
rdCMC.computeControls:  t = 1.225
rdCMC.computeControls:  t = 1.235
rdCMC.computeControls:  t = 1.245
rdCMC.computeControls:  t = 1.255
rdCMC.computeControls:  t = 1.265
rdCMC.computeControls:  t = 1.275
rdCMC.computeControls:  t = 1.285
rdCMC.computeControls:  t = 1.295
rdCMC.computeControls:  t = 1.305
rdCMC.computeControls:  t = 1.315
rdCMC.computeControls:  t = 1.325
rdCMC.computeControls:  t = 1.335
rdCMC.computeControls:  t = 1.345
rdCMC.computeControls:  t = 1.355
rdCMC.computeControls:  t = 1.365
rdCMC.computeControls:  t = 1.375
rdCMC.computeControls:  t = 1.385
rdCMC.computeControls:  t = 1.395
rdCMC.computeControls:  t = 1.405
rdCMC.computeControls:  t = 1.415
rdCMC.computeControls:  t = 1.425
rdCMC.computeControls:  t = 1.435
rdCMC.computeControls:  t = 1.445
rdCMC.computeControls:  t = 1.455
rdCMC.computeControls:  t = 1.465
rdCMC.computeControls:  t = 1.475
rdCMC.computeControls:  t = 1.485
rdCMC.computeControls:  t = 1.495
rdCMC.computeControls:  t = 1.505
rdCMC.computeControls:  t = 1.515
rdCMC.computeControls:  t = 1.525
rdCMC.computeControls:  t = 1.535
rdCMC.computeControls:  t = 1.545
rdCMC.computeControls:  t = 1.555
rdCMC.computeControls:  t = 1.565
rdCMC.computeControls:  t = 1.575
rdCMC.computeControls:  t = 1.585
rdCMC.computeControls:  t = 1.595
rdCMC.computeControls:  t = 1.605
rdCMC.computeControls:  t = 1.615
rdCMC.computeControls:  t = 1.625
rdCMC.computeControls:  t = 1.635
rdCMC.computeControls:  t = 1.645
rdCMC.computeControls:  t = 1.655
rdCMC.computeControls:  t = 1.665
rdCMC.computeControls:  t = 1.675
rdCMC.computeControls:  t = 1.685
rdCMC.computeControls:  t = 1.695
rdCMC.computeControls:  t = 1.705
rdCMC.computeControls:  t = 1.715
rdCMC.computeControls:  t = 1.725
rdCMC.computeControls:  t = 1.735
rdCMC.computeControls:  t = 1.745
rdCMC.computeControls:  t = 1.755
rdCMC.computeControls:  t = 1.765
rdCMC.computeControls:  t = 1.775
rdCMC.computeControls:  t = 1.785
rdCMC.computeControls:  t = 1.795
rdCMC.computeControls:  t = 1.805
rdCMC.computeControls:  t = 1.815
rdCMC.computeControls:  t = 1.825
rdCMC.computeControls:  t = 1.835
rdCMC.computeControls:  t = 1.845
rdCMC.computeControls:  t = 1.855
rdCMC.computeControls:  t = 1.865
rdCMC.computeControls:  t = 1.875
rdCMC.computeControls:  t = 1.885
rdCMC.computeControls:  t = 1.895
rdCMC.computeControls:  t = 1.905
rdCMC.computeControls:  t = 1.915
rdCMC.computeControls:  t = 1.925
----------------------------------------------------------------
Finished tracking the specified kinematics
=================================================================
Start time   = Thu Oct 30 11:13:20 2008
Finish time  = Thu Oct 30 11:49:32 2008
Elapsed time = 2172 seconds.
================================================================


Printing results of investigation GIL06_xslow1_fixed_CMC_unconstr to Results.


Average residuals:
FX=-4.46705 FY=1.79287 FZ=-0.0688077
MX=5.03151 MY=-0.108306 MZ=-33.0805


Deleted model default
