-------------------------------------------------------
This program includes software developed by the
Apache Software Foundation (http://www.apache.org/).
-------------------------------------------------------

Deleted model 
RegisterTypes_SimbodyEngine

-------------------------------------------------------
Library SimbodyEngine...
-------------------------------------------------------

Processing subject GIL01

Step 1: Loading generic model
Created model 3DGaitModel2392 from file ../../gait2392_simbody.osim
Handling locked coordinate.
Handling locked coordinate.
Handling locked coordinate.
Handling locked coordinate.
SimbodyCoordinate.setValue: WARN- coordinate subtalar_angle_r is locked. Unable to change its value.
SimbodyCoordinate.setValue: WARN- coordinate mtp_angle_r is locked. Unable to change its value.
SimbodyCoordinate.setValue: WARN- coordinate subtalar_angle_l is locked. Unable to change its value.
SimbodyCoordinate.setValue: WARN- coordinate mtp_angle_l is locked. Unable to change its value.
Loading marker set from '../../gait2392_GIL_Scale_MarkerSet.xml'
Updated markers in model 3DGaitModel2392

Step 2: Scaling generic model
Loaded marker file GIL01_static.trc (39 markers, 142 frames)
Measurement 'torso'
	pair 0 (midasis, neck): model = 0.538518, experimental = 0.438039
	overall scale factor = 0.813415
Measurement 'pelvis'
	pair 0 (asis_r, asis_l): model = 0.256, experimental = 0.209563
	overall scale factor = 0.818606
Measurement 'thigh'
	pair 0 (hip_r, knee_r): model = 0.395846, experimental = 0.345038
	pair 1 (hip_l, knee_l): model = 0.395846, experimental = 0.324587
	overall scale factor = 0.845814
Measurement 'shank'
	pair 0 (knee_r, ankle_r): model = 0.43, experimental = 0.34308
	pair 1 (knee_l, ankle_l): model = 0.43, experimental = 0.355964
	overall scale factor = 0.812842
Measurement 'foot'
	pair 0 (heel_r, toe_r): model = 0.181, experimental = 0.142169
	pair 1 (heel_l, toe_l): model = 0.181, experimental = 0.163542
	overall scale factor = 0.844508
Handling locked coordinate.
Handling locked coordinate.
Handling locked coordinate.
Handling locked coordinate.
SimbodyCoordinate.setValue: WARN- coordinate subtalar_angle_r is locked. Unable to change its value.
SimbodyCoordinate.setValue: WARN- coordinate mtp_angle_r is locked. Unable to change its value.
SimbodyCoordinate.setValue: WARN- coordinate subtalar_angle_l is locked. Unable to change its value.
SimbodyCoordinate.setValue: WARN- coordinate mtp_angle_l is locked. Unable to change its value.
Wrote scale file GIL01_gait2392_simbody_ScaleSet_Applied.xml for model GIL01

Step 3: Placing markers on model
Loaded marker file GIL01_static.trc (39 markers, 142 frames)
Averaged frames from time 0.175 to 1.18333 in GIL01_static.trc (frames 21 to 142)
Deleted 0 unused markers from model GIL01
Storage: file=GIL01_static.mot (nr=142 nc=141)
Marker Tasks:
	asis_r: weight 16410 from file (columns 24-26)
	asis_l: weight 16410 from file (columns 27-29)
	midasis: weight 16410 from file (columns 21-23)
	psis_r: weight 16410 from file (columns 30-32)
	psis_l: weight 16410 from file (columns 33-35)
	hip_r: weight 1 from file (columns 3-5)
	hip_l: weight 1 from file (columns 6-8)
	midhip: weight 16410 from file (columns 0-2)
	epicondLat_r: weight 1 from file (columns 36-38)
	epicondMed_r: weight 1 from file (columns 42-44)
	thighwand_r: weight 1 from file (columns 87-89)
	upperleg1_r: weight 1 from file (columns 93-95)
	upperleg2_r: weight 1 from file (columns 99-101)
	malleolusLat_r: weight 1 from file (columns 48-50)
	malleolusMedv_r: weight 1 from file (columns 54-56)
	shankwand_r: weight 1 from file (columns 105-107)
	lowerleg1_r: weight 1 from file (columns 111-113)
	knee_r: weight 3282 from file (columns 9-11)
	ankle_r: weight 16410 from file (columns 15-17)
	toe_r: weight 1 from file (columns 81-83)
	heel_r: weight 1 from file (columns 60-62)
	epicondLat_l: weight 1 from file (columns 39-41)
	epicondMed_l: weight 1 from file (columns 45-47)
	thighwand_l: weight 1 from file (columns 90-92)
	upperleg1_l: weight 1 from file (columns 96-98)
	upperleg2_l: weight 1 from file (columns 102-104)
	malleolusLat_l: weight 1 from file (columns 51-53)
	malleolusMedv_l: weight 1 from file (columns 57-59)
	shankwand_l: weight 1 from file (columns 108-110)
	lowerleg1_l: weight 1 from file (columns 114-116)
	knee_l: weight 3282 from file (columns 12-14)
	ankle_l: weight 16410 from file (columns 18-20)
	toe_l: weight 1 from file (columns 84-86)
	heel_l: weight 1 from file (columns 63-65)
	subclavicle_r: weight 1 from file (columns 75-77)
	subclavicle_l: weight 1 from file (columns 78-80)
	neck: weight 3282 from file (columns 72-74)
	sternalnotch: weight 3282 from file (columns 66-68)
	xyphoidprocess: weight 3282 from file (columns 69-71)
Unprescribed Coordinate Tasks (with nonzero weight):
	pelvis_tx: weight 1641 constant target value of 0
	pelvis_ty: weight 1641 constant target value of 0.93
	pelvis_tz: weight 1641 constant target value of 0
	pelvis_tilt: weight 3282 constant target value of 0
	pelvis_list: weight 1641 constant target value of 0
	pelvis_rotation: weight 1641 constant target value of 0
	hip_flexion_r: weight 1641 constant target value of 0
	hip_adduction_r: weight 1641 constant target value of 0
	hip_rotation_r: weight 1641 constant target value of 0
	knee_angle_r: weight 1641 constant target value of 0
	ankle_angle_r: weight 1641 constant target value of 0
	hip_flexion_l: weight 1641 constant target value of 0
	hip_adduction_l: weight 1641 constant target value of 0
	hip_rotation_l: weight 1641 constant target value of 0
	knee_angle_l: weight 1641 constant target value of 0
	ankle_angle_l: weight 1641 constant target value of 0
Prescribed Coordinate Tasks:
	subtalar_angle_r: constant target value of 0
	mtp_angle_r: constant target value of 0
	subtalar_angle_l: constant target value of 0
	mtp_angle_l: constant target value of 0

Solving IK trial: 
Successfully linked to CFSQP library 'osimCFSQP.dll'
Using CFSQP optimizer algorithm.
Handling locked coordinate.
Handling locked coordinate.
Handling locked coordinate.
Handling locked coordinate.
Handling locked coordinate.
Handling locked coordinate.
Handling locked coordinate.
Handling locked coordinate.
Handling locked coordinate.
Handling locked coordinate.
Handling locked coordinate.
Handling locked coordinate.
Handling locked coordinate.
Handling locked coordinate.
Handling locked coordinate.
Handling locked coordinate.
Handling locked coordinate.
Handling locked coordinate.
Handling locked coordinate.
Handling locked coordinate.
Handling locked coordinate.
Handling locked coordinate.
Handling locked coordinate.
Handling locked coordinate.
Handling locked coordinate.
Handling locked coordinate.
Handling locked coordinate.
Handling locked coordinate.
Frame 1 (t=0.175):	total weighted squared error = 776.488, marker error: RMS=0.0622084, max=0.181567 (lowerleg1_r), coord error: RMS=0.16501, max=0.583109 (pelvis_tx)
Moved markers in model GIL01 to match locations in marker file GIL01_static.trc
Wrote model file ../GIL01_gait2392_simbody.osim from model GIL01
Deleted model GIL01
Deleted model default
