-------------------------------------------------------
This program includes software developed by the
Apache Software Foundation (http://www.apache.org/).
-------------------------------------------------------

Deleted model 
RegisterTypes_SdfastEngine

-------------------------------------------------------
Library SdfastEngine...
-------------------------------------------------------

RegisterTypes_SimbodyEngine

-------------------------------------------------------
Library SimbodyEngine...
-------------------------------------------------------

Constructing investigation from setup file GIL01_xslow2_Setup_CMC_Unconstrained.xml.

AbstractTool GIL01_xslow2_fixed_CMC_unconstr loading model '../../GIL01_gait2392_simbody_adjusted.osim'
Created model GIL01 from file ../../GIL01_gait2392_simbody_adjusted.osim
Adding actuator set from ../../GIL01_CMC_Actuators.xml
Handling locked coordinate.
Handling locked coordinate.
Handling locked coordinate.
Handling locked coordinate.
SimbodyCoordinate.setValue: WARN- coordinate subtalar_angle_r is locked. Unable to change its value.
SimbodyCoordinate.setValue: WARN- coordinate mtp_angle_r is locked. Unable to change its value.
SimbodyCoordinate.setValue: WARN- coordinate subtalar_angle_l is locked. Unable to change its value.
SimbodyCoordinate.setValue: WARN- coordinate mtp_angle_l is locked. Unable to change its value.
-----------------------------------------------------------------------
Loaded library
-----------------------------------------------------------------------
             MODEL: GIL01
         actuators: 111
          analyses: 3
          contacts: 0
-----------------------------------------------------------------------

Running tool GIL01_xslow2_fixed_CMC_unconstr.
MODEL: GIL01

ANALYSES (3)
analysis[0] = Kinematics
analysis[1] = Actuation
analysis[2] = BodyKinematics

BODIES (13)
body[0] = ground (mass: 0) (inertia: 0 0 0 0 0 0 0 0 0)
body[1] = pelvis (mass: 6.42257) (inertia: 0.0376679 0 0 0 0.0319152 0 0 0 0.0212157)
body[2] = femur_r (mass: 5.07251) (inertia: 0.0523792 0 0 0 0.0137305 0 0 0 0.0552348)
body[3] = tibia_r (mass: 2.02188) (inertia: 0.0182084 0 0 0 0.00184251 0 0 0 0.0184613)
body[4] = talus_r (mass: 0.0545349) (inertia: 0.00036128 0 0 0 0.00036128 0 0 0 0.00036128)
body[5] = calcn_r (mass: 0.681686) (inertia: 0.00054596 0 0 0 0.0015209 0 0 0 0.00159889)
body[6] = toes_r (mass: 0.118123) (inertia: 3.9e-005 0 0 0 7.799e-005 0 0 0 0.00038997)
body[7] = femur_l (mass: 5.07251) (inertia: 0.0523792 0 0 0 0.0137305 0 0 0 0.0552348)
body[8] = tibia_l (mass: 2.02188) (inertia: 0.0182084 0 0 0 0.00184251 0 0 0 0.0184613)
body[9] = talus_l (mass: 0.0545349) (inertia: 0.00036128 0 0 0 0.00036128 0 0 0 0.00036128)
body[10] = calcn_l (mass: 0.681686) (inertia: 0.00054596 0 0 0 0.0015209 0 0 0 0.00159889)
body[11] = toes_l (mass: 0.118123) (inertia: 3.9e-005 0 0 0 7.799e-005 0 0 0 0.00038997)
body[12] = torso (mass: 19.1207) (inertia: 0.533455 0 0 0 0.27333 0 0 0 0.517862)

ACTUATORS (111)
actuator[0] = glut_med1_r (controls: glut_med1_r.excitation)
actuator[1] = glut_med2_r (controls: glut_med2_r.excitation)
actuator[2] = glut_med3_r (controls: glut_med3_r.excitation)
actuator[3] = glut_min1_r (controls: glut_min1_r.excitation)
actuator[4] = glut_min2_r (controls: glut_min2_r.excitation)
actuator[5] = glut_min3_r (controls: glut_min3_r.excitation)
actuator[6] = semimem_r (controls: semimem_r.excitation)
actuator[7] = semiten_r (controls: semiten_r.excitation)
actuator[8] = bifemlh_r (controls: bifemlh_r.excitation)
actuator[9] = bifemsh_r (controls: bifemsh_r.excitation)
actuator[10] = sar_r (controls: sar_r.excitation)
actuator[11] = add_long_r (controls: add_long_r.excitation)
actuator[12] = add_brev_r (controls: add_brev_r.excitation)
actuator[13] = add_mag1_r (controls: add_mag1_r.excitation)
actuator[14] = add_mag2_r (controls: add_mag2_r.excitation)
actuator[15] = add_mag3_r (controls: add_mag3_r.excitation)
actuator[16] = tfl_r (controls: tfl_r.excitation)
actuator[17] = pect_r (controls: pect_r.excitation)
actuator[18] = grac_r (controls: grac_r.excitation)
actuator[19] = glut_max1_r (controls: glut_max1_r.excitation)
actuator[20] = glut_max2_r (controls: glut_max2_r.excitation)
actuator[21] = glut_max3_r (controls: glut_max3_r.excitation)
actuator[22] = iliacus_r (controls: iliacus_r.excitation)
actuator[23] = psoas_r (controls: psoas_r.excitation)
actuator[24] = quad_fem_r (controls: quad_fem_r.excitation)
actuator[25] = gem_r (controls: gem_r.excitation)
actuator[26] = peri_r (controls: peri_r.excitation)
actuator[27] = rect_fem_r (controls: rect_fem_r.excitation)
actuator[28] = vas_med_r (controls: vas_med_r.excitation)
actuator[29] = vas_int_r (controls: vas_int_r.excitation)
actuator[30] = vas_lat_r (controls: vas_lat_r.excitation)
actuator[31] = med_gas_r (controls: med_gas_r.excitation)
actuator[32] = lat_gas_r (controls: lat_gas_r.excitation)
actuator[33] = soleus_r (controls: soleus_r.excitation)
actuator[34] = tib_post_r (controls: tib_post_r.excitation)
actuator[35] = flex_dig_r (controls: flex_dig_r.excitation)
actuator[36] = flex_hal_r (controls: flex_hal_r.excitation)
actuator[37] = tib_ant_r (controls: tib_ant_r.excitation)
actuator[38] = per_brev_r (controls: per_brev_r.excitation)
actuator[39] = per_long_r (controls: per_long_r.excitation)
actuator[40] = per_tert_r (controls: per_tert_r.excitation)
actuator[41] = ext_dig_r (controls: ext_dig_r.excitation)
actuator[42] = ext_hal_r (controls: ext_hal_r.excitation)
actuator[43] = glut_med1_l (controls: glut_med1_l.excitation)
actuator[44] = glut_med2_l (controls: glut_med2_l.excitation)
actuator[45] = glut_med3_l (controls: glut_med3_l.excitation)
actuator[46] = glut_min1_l (controls: glut_min1_l.excitation)
actuator[47] = glut_min2_l (controls: glut_min2_l.excitation)
actuator[48] = glut_min3_l (controls: glut_min3_l.excitation)
actuator[49] = semimem_l (controls: semimem_l.excitation)
actuator[50] = semiten_l (controls: semiten_l.excitation)
actuator[51] = bifemlh_l (controls: bifemlh_l.excitation)
actuator[52] = bifemsh_l (controls: bifemsh_l.excitation)
actuator[53] = sar_l (controls: sar_l.excitation)
actuator[54] = add_long_l (controls: add_long_l.excitation)
actuator[55] = add_brev_l (controls: add_brev_l.excitation)
actuator[56] = add_mag1_l (controls: add_mag1_l.excitation)
actuator[57] = add_mag2_l (controls: add_mag2_l.excitation)
actuator[58] = add_mag3_l (controls: add_mag3_l.excitation)
actuator[59] = tfl_l (controls: tfl_l.excitation)
actuator[60] = pect_l (controls: pect_l.excitation)
actuator[61] = grac_l (controls: grac_l.excitation)
actuator[62] = glut_max1_l (controls: glut_max1_l.excitation)
actuator[63] = glut_max2_l (controls: glut_max2_l.excitation)
actuator[64] = glut_max3_l (controls: glut_max3_l.excitation)
actuator[65] = iliacus_l (controls: iliacus_l.excitation)
actuator[66] = psoas_l (controls: psoas_l.excitation)
actuator[67] = quad_fem_l (controls: quad_fem_l.excitation)
actuator[68] = gem_l (controls: gem_l.excitation)
actuator[69] = peri_l (controls: peri_l.excitation)
actuator[70] = rect_fem_l (controls: rect_fem_l.excitation)
actuator[71] = vas_med_l (controls: vas_med_l.excitation)
actuator[72] = vas_int_l (controls: vas_int_l.excitation)
actuator[73] = vas_lat_l (controls: vas_lat_l.excitation)
actuator[74] = med_gas_l (controls: med_gas_l.excitation)
actuator[75] = lat_gas_l (controls: lat_gas_l.excitation)
actuator[76] = soleus_l (controls: soleus_l.excitation)
actuator[77] = tib_post_l (controls: tib_post_l.excitation)
actuator[78] = flex_dig_l (controls: flex_dig_l.excitation)
actuator[79] = flex_hal_l (controls: flex_hal_l.excitation)
actuator[80] = tib_ant_l (controls: tib_ant_l.excitation)
actuator[81] = per_brev_l (controls: per_brev_l.excitation)
actuator[82] = per_long_l (controls: per_long_l.excitation)
actuator[83] = per_tert_l (controls: per_tert_l.excitation)
actuator[84] = ext_dig_l (controls: ext_dig_l.excitation)
actuator[85] = ext_hal_l (controls: ext_hal_l.excitation)
actuator[86] = ercspn_r (controls: ercspn_r.excitation)
actuator[87] = ercspn_l (controls: ercspn_l.excitation)
actuator[88] = intobl_r (controls: intobl_r.excitation)
actuator[89] = intobl_l (controls: intobl_l.excitation)
actuator[90] = extobl_r (controls: extobl_r.excitation)
actuator[91] = extobl_l (controls: extobl_l.excitation)
actuator[92] = FX (controls: FX.excitation)
actuator[93] = FY (controls: FY.excitation)
actuator[94] = FZ (controls: FZ.excitation)
actuator[95] = MX (controls: MX.excitation)
actuator[96] = MY (controls: MY.excitation)
actuator[97] = MZ (controls: MZ.excitation)
actuator[98] = hip_flexion_r_reserve (controls: hip_flexion_r_reserve.excitation)
actuator[99] = hip_adduction_r_reserve (controls: hip_adduction_r_reserve.excitation)
actuator[100] = hip_rotation_r_reserve (controls: hip_rotation_r_reserve.excitation)
actuator[101] = knee_angle_r_reserve (controls: knee_angle_r_reserve.excitation)
actuator[102] = ankle_angle_r_reserve (controls: ankle_angle_r_reserve.excitation)
actuator[103] = hip_flexion_l_reserve (controls: hip_flexion_l_reserve.excitation)
actuator[104] = hip_adduction_l_reserve (controls: hip_adduction_l_reserve.excitation)
actuator[105] = hip_rotation_l_reserve (controls: hip_rotation_l_reserve.excitation)
actuator[106] = knee_angle_l_reserve (controls: knee_angle_l_reserve.excitation)
actuator[107] = ankle_angle_l_reserve (controls: ankle_angle_l_reserve.excitation)
actuator[108] = lumbar_extension_reserve (controls: lumbar_extension_reserve.excitation)
actuator[109] = lumbar_bending_reserve (controls: lumbar_bending_reserve.excitation)
actuator[110] = lumbar_rotation_reserve (controls: lumbar_rotation_reserve.excitation)

CONTACTS (0)
numControls = 111
numStates = 230
numCoordinates = 23
numSpeeds = 23
numActuators = 111
numBodies = 13

STATES (230)
y[0] = pelvis_tx
y[1] = pelvis_ty
y[2] = pelvis_tz
y[3] = pelvis_tilt
y[4] = pelvis_list
y[5] = pelvis_rotation
y[6] = hip_flexion_r
y[7] = hip_adduction_r
y[8] = hip_rotation_r
y[9] = knee_angle_r
y[10] = ankle_angle_r
y[11] = subtalar_angle_r
y[12] = mtp_angle_r
y[13] = hip_flexion_l
y[14] = hip_adduction_l
y[15] = hip_rotation_l
y[16] = knee_angle_l
y[17] = ankle_angle_l
y[18] = subtalar_angle_l
y[19] = mtp_angle_l
y[20] = lumbar_extension
y[21] = lumbar_bending
y[22] = lumbar_rotation
y[23] = pelvis_tx_u
y[24] = pelvis_ty_u
y[25] = pelvis_tz_u
y[26] = pelvis_tilt_u
y[27] = pelvis_list_u
y[28] = pelvis_rotation_u
y[29] = hip_flexion_r_u
y[30] = hip_adduction_r_u
y[31] = hip_rotation_r_u
y[32] = knee_angle_r_u
y[33] = ankle_angle_r_u
y[34] = subtalar_angle_r_u
y[35] = mtp_angle_r_u
y[36] = hip_flexion_l_u
y[37] = hip_adduction_l_u
y[38] = hip_rotation_l_u
y[39] = knee_angle_l_u
y[40] = ankle_angle_l_u
y[41] = subtalar_angle_l_u
y[42] = mtp_angle_l_u
y[43] = lumbar_extension_u
y[44] = lumbar_bending_u
y[45] = lumbar_rotation_u
y[46] = glut_med1_r.activation
y[47] = glut_med1_r.fiber_length
y[48] = glut_med2_r.activation
y[49] = glut_med2_r.fiber_length
y[50] = glut_med3_r.activation
y[51] = glut_med3_r.fiber_length
y[52] = glut_min1_r.activation
y[53] = glut_min1_r.fiber_length
y[54] = glut_min2_r.activation
y[55] = glut_min2_r.fiber_length
y[56] = glut_min3_r.activation
y[57] = glut_min3_r.fiber_length
y[58] = semimem_r.activation
y[59] = semimem_r.fiber_length
y[60] = semiten_r.activation
y[61] = semiten_r.fiber_length
y[62] = bifemlh_r.activation
y[63] = bifemlh_r.fiber_length
y[64] = bifemsh_r.activation
y[65] = bifemsh_r.fiber_length
y[66] = sar_r.activation
y[67] = sar_r.fiber_length
y[68] = add_long_r.activation
y[69] = add_long_r.fiber_length
y[70] = add_brev_r.activation
y[71] = add_brev_r.fiber_length
y[72] = add_mag1_r.activation
y[73] = add_mag1_r.fiber_length
y[74] = add_mag2_r.activation
y[75] = add_mag2_r.fiber_length
y[76] = add_mag3_r.activation
y[77] = add_mag3_r.fiber_length
y[78] = tfl_r.activation
y[79] = tfl_r.fiber_length
y[80] = pect_r.activation
y[81] = pect_r.fiber_length
y[82] = grac_r.activation
y[83] = grac_r.fiber_length
y[84] = glut_max1_r.activation
y[85] = glut_max1_r.fiber_length
y[86] = glut_max2_r.activation
y[87] = glut_max2_r.fiber_length
y[88] = glut_max3_r.activation
y[89] = glut_max3_r.fiber_length
y[90] = iliacus_r.activation
y[91] = iliacus_r.fiber_length
y[92] = psoas_r.activation
y[93] = psoas_r.fiber_length
y[94] = quad_fem_r.activation
y[95] = quad_fem_r.fiber_length
y[96] = gem_r.activation
y[97] = gem_r.fiber_length
y[98] = peri_r.activation
y[99] = peri_r.fiber_length
y[100] = rect_fem_r.activation
y[101] = rect_fem_r.fiber_length
y[102] = vas_med_r.activation
y[103] = vas_med_r.fiber_length
y[104] = vas_int_r.activation
y[105] = vas_int_r.fiber_length
y[106] = vas_lat_r.activation
y[107] = vas_lat_r.fiber_length
y[108] = med_gas_r.activation
y[109] = med_gas_r.fiber_length
y[110] = lat_gas_r.activation
y[111] = lat_gas_r.fiber_length
y[112] = soleus_r.activation
y[113] = soleus_r.fiber_length
y[114] = tib_post_r.activation
y[115] = tib_post_r.fiber_length
y[116] = flex_dig_r.activation
y[117] = flex_dig_r.fiber_length
y[118] = flex_hal_r.activation
y[119] = flex_hal_r.fiber_length
y[120] = tib_ant_r.activation
y[121] = tib_ant_r.fiber_length
y[122] = per_brev_r.activation
y[123] = per_brev_r.fiber_length
y[124] = per_long_r.activation
y[125] = per_long_r.fiber_length
y[126] = per_tert_r.activation
y[127] = per_tert_r.fiber_length
y[128] = ext_dig_r.activation
y[129] = ext_dig_r.fiber_length
y[130] = ext_hal_r.activation
y[131] = ext_hal_r.fiber_length
y[132] = glut_med1_l.activation
y[133] = glut_med1_l.fiber_length
y[134] = glut_med2_l.activation
y[135] = glut_med2_l.fiber_length
y[136] = glut_med3_l.activation
y[137] = glut_med3_l.fiber_length
y[138] = glut_min1_l.activation
y[139] = glut_min1_l.fiber_length
y[140] = glut_min2_l.activation
y[141] = glut_min2_l.fiber_length
y[142] = glut_min3_l.activation
y[143] = glut_min3_l.fiber_length
y[144] = semimem_l.activation
y[145] = semimem_l.fiber_length
y[146] = semiten_l.activation
y[147] = semiten_l.fiber_length
y[148] = bifemlh_l.activation
y[149] = bifemlh_l.fiber_length
y[150] = bifemsh_l.activation
y[151] = bifemsh_l.fiber_length
y[152] = sar_l.activation
y[153] = sar_l.fiber_length
y[154] = add_long_l.activation
y[155] = add_long_l.fiber_length
y[156] = add_brev_l.activation
y[157] = add_brev_l.fiber_length
y[158] = add_mag1_l.activation
y[159] = add_mag1_l.fiber_length
y[160] = add_mag2_l.activation
y[161] = add_mag2_l.fiber_length
y[162] = add_mag3_l.activation
y[163] = add_mag3_l.fiber_length
y[164] = tfl_l.activation
y[165] = tfl_l.fiber_length
y[166] = pect_l.activation
y[167] = pect_l.fiber_length
y[168] = grac_l.activation
y[169] = grac_l.fiber_length
y[170] = glut_max1_l.activation
y[171] = glut_max1_l.fiber_length
y[172] = glut_max2_l.activation
y[173] = glut_max2_l.fiber_length
y[174] = glut_max3_l.activation
y[175] = glut_max3_l.fiber_length
y[176] = iliacus_l.activation
y[177] = iliacus_l.fiber_length
y[178] = psoas_l.activation
y[179] = psoas_l.fiber_length
y[180] = quad_fem_l.activation
y[181] = quad_fem_l.fiber_length
y[182] = gem_l.activation
y[183] = gem_l.fiber_length
y[184] = peri_l.activation
y[185] = peri_l.fiber_length
y[186] = rect_fem_l.activation
y[187] = rect_fem_l.fiber_length
y[188] = vas_med_l.activation
y[189] = vas_med_l.fiber_length
y[190] = vas_int_l.activation
y[191] = vas_int_l.fiber_length
y[192] = vas_lat_l.activation
y[193] = vas_lat_l.fiber_length
y[194] = med_gas_l.activation
y[195] = med_gas_l.fiber_length
y[196] = lat_gas_l.activation
y[197] = lat_gas_l.fiber_length
y[198] = soleus_l.activation
y[199] = soleus_l.fiber_length
y[200] = tib_post_l.activation
y[201] = tib_post_l.fiber_length
y[202] = flex_dig_l.activation
y[203] = flex_dig_l.fiber_length
y[204] = flex_hal_l.activation
y[205] = flex_hal_l.fiber_length
y[206] = tib_ant_l.activation
y[207] = tib_ant_l.fiber_length
y[208] = per_brev_l.activation
y[209] = per_brev_l.fiber_length
y[210] = per_long_l.activation
y[211] = per_long_l.fiber_length
y[212] = per_tert_l.activation
y[213] = per_tert_l.fiber_length
y[214] = ext_dig_l.activation
y[215] = ext_dig_l.fiber_length
y[216] = ext_hal_l.activation
y[217] = ext_hal_l.fiber_length
y[218] = ercspn_r.activation
y[219] = ercspn_r.fiber_length
y[220] = ercspn_l.activation
y[221] = ercspn_l.fiber_length
y[222] = intobl_r.activation
y[223] = intobl_r.fiber_length
y[224] = intobl_l.activation
y[225] = intobl_l.fiber_length
y[226] = extobl_r.activation
y[227] = extobl_r.fiber_length
y[228] = extobl_l.activation
y[229] = extobl_l.fiber_length


Loading desired kinematics from file ../RRA/Results/GIL01_xslow2_RRA_Kinematics_q.sto ...
Storage: file=../RRA/Results/GIL01_xslow2_RRA_Kinematics_q.sto (nr=1322 nc=24)


Note- not filtering the desired kinematics.



Loading external loads kinematics from file ../IK/GIL01_xslow2_ik.mot ...
Storage: file=../IK/GIL01_xslow2_ik.mot (nr=163 nc=375)
Low-pass filtering external load kinematics with a cutoff frequency of 6...
Storage: file=../IK/GIL01_xslow2_ik.mot (nr=163 nc=375)
Padded kineticsStore to start time of 0.30833

Constructing function set for tracking...



 taskSet size = 19

Using the generalized coordinates specified in ../RRA/Results/GIL01_xslow2_RRA_Kinematics_q.sto to set the initial configuration.
Successfully linked to CFSQP library 'osimCFSQP.dll'
Using CFSQP optimizer algorithm.

Setting optimizer print level to 0.
Setting optimizer convergence criterion to 1e-006.
Setting optimizer maximum iterations to 2000.

Setting cmc controller to not use verbose printing.



================================================================
================================================================
Computing initial values for muscles states (activation, length)
Start time = Wed Oct 22 11:40:00 2008
================================================================

=============================================
rdCMC.computeInitialStates: ti=0.52733
=============================================
rdCMC.computeControls:  t = 0.52733
rdCMC.computeControls:  t = 0.52733

-----------------------------------------------------------------
Finished computing initial states:
-----------------------------------------------------------------
Array[230]= 0.889959 0.801514 -0.279092 -0.0529569 0.056074 0.0105831 0.427072 -0.117725 0.039071 -0.815292 0.00963942 -3.00616e-018 -3.92071e-017 -0.0887729 0.119761 -0.0354658 0.143708 -0.0136336 4.5341e-016 -1.87809e-015 -4.32653e-005 -0.057091 -0.0836217 0.403291 -0.0102949 -0.0627845 -0.13369 -0.298781 0.676278 1.16859 0.178551 -0.907738 3.24485 0.788274 -1.31813e-016 -8.91191e-017 -0.216413 -0.288863 -0.00579678 -0.441145 0.609804 3.0767e-015 -1.65521e-014 -0.0862906 0.36968 -0.353517 0.02 0.0347216 0.02 0.0670779 0.0985592 0.0540258 0.02 0.0517866 0.02 0.0439132 0.02 0.0282462 0.02 0.0438323 0.02 0.168735 0.02 0.078812 0.112724 0.124552 0.134304 0.363911 0.02 0.0851168 0.02 0.101103 0.02 0.0579452 0.02 0.076658 0.02 0.0977778 0.107004 0.0755079 0.02 0.0550731 0.02 0.254892 0.02 0.0744103 0.02 0.0850996 0.02 0.104286 0.159584 0.0741024 0.179474 0.0686023 0.083494 0.0440027 0.02 0.0220721 0.110427 0.0180816 0.166687 0.0969744 0.02 0.06876 0.02 0.0687504 0.02 0.0661925 0.02 0.0354744 0.02 0.0384026 0.02 0.0366081 0.02 0.0270315 0.02 0.0254713 0.02 0.0316502 0.245799 0.0632554 0.02 0.0399592 0.02 0.0401497 0.025132 0.0647015 0.180628 0.0761138 0.0458957 0.0846228 0.415237 0.0390652 0.303472 0.0659314 0.305439 0.0495697 0.167438 0.0603031 0.188733 0.0504523 0.174242 0.0311711 0.302864 0.0446372 0.144101 0.170422 0.0309564 0.0749088 0.316963 0.143922 0.0947374 0.396302 0.02 0.0863506 0.02 0.0911893 0.02 0.0395227 0.02 0.0532609 0.02 0.0700348 0.127262 0.0930312 0.02 0.057707 0.02 0.261428 0.0613691 0.0605319 0.02 0.0643643 0.02 0.0638793 0.270516 0.0901077 0.307051 0.0840425 0.02 0.032584 0.02 0.0186254 0.167118 0.0167637 0.02 0.0820836 0.02 0.0344741 0.02 0.0382668 0.02 0.0323649 0.300876 0.0469611 0.112384 0.0522114 0.02 0.0359193 0.02 0.0269238 0.02 0.0253918 0.02 0.0314997 0.359851 0.0634979 0.02 0.0399116 0.02 0.0400668 0.0482633 0.065025 0.2177 0.0763144 0.0685892 0.084781 0.0387847 0.0996891 0.02 0.0948635 0.02 0.0822574 0.0283507 0.0781754 0.0333261 0.112826 0.02 0.103768
=================================================================
Start time   = Wed Oct 22 11:40:00 2008
Finish time  = Wed Oct 22 11:40:45 2008
Elapsed time = 45 seconds.
=================================================================



================================================================
================================================================
Using CMC to track the specified kinematics
Integrating from 0.55733 to 1.63933
Start time = Wed Oct 22 11:40:45 2008
================================================================
rdCMC.computeControls:  t = 0.55733
rdCMC.computeControls:  t = 0.56733
rdCMC.computeControls:  t = 0.57733
rdCMC.computeControls:  t = 0.58733
rdCMC.computeControls:  t = 0.59733
rdCMC.computeControls:  t = 0.60733
rdCMC.computeControls:  t = 0.61733
rdCMC.computeControls:  t = 0.62733
rdCMC.computeControls:  t = 0.63733
rdCMC.computeControls:  t = 0.64733
rdCMC.computeControls:  t = 0.65733
rdCMC.computeControls:  t = 0.66733
rdCMC.computeControls:  t = 0.67733
rdCMC.computeControls:  t = 0.68733
rdCMC.computeControls:  t = 0.69733
WARN- small force range for vas_lat_r (1.82393 to 1.86816)
rdCMC.computeControls:  t = 0.70733
WARN- small force range for vas_lat_r (1.81815 to 1.86254)
rdCMC.computeControls:  t = 0.71733
WARN- small force range for vas_int_r (1.32592 to 1.3645)
WARN- small force range for vas_lat_r (1.81397 to 1.8585)
rdCMC.computeControls:  t = 0.72733
WARN- small force range for vas_med_r (1.25214 to 1.29296)
WARN- small force range for vas_int_r (1.32379 to 1.36246)
WARN- small force range for vas_lat_r (1.81165 to 1.8563)
rdCMC.computeControls:  t = 0.73733
WARN- small force range for vas_med_r (1.25183 to 1.29274)
WARN- small force range for vas_int_r (1.32324 to 1.362)
WARN- small force range for vas_lat_r (1.81136 to 1.85612)
rdCMC.computeControls:  t = 0.74733
WARN- small force range for vas_int_r (1.32457 to 1.3634)
WARN- small force range for vas_lat_r (1.81332 to 1.85817)
rdCMC.computeControls:  t = 0.75733
WARN- small force range for vas_lat_r (1.81762 to 1.86254)
rdCMC.computeControls:  t = 0.76733
WARN- small force range for vas_lat_r (1.82428 to 1.86926)
rdCMC.computeControls:  t = 0.77733
rdCMC.computeControls:  t = 0.78733
rdCMC.computeControls:  t = 0.79733
rdCMC.computeControls:  t = 0.80733
rdCMC.computeControls:  t = 0.81733
rdCMC.computeControls:  t = 0.82733
rdCMC.computeControls:  t = 0.83733
rdCMC.computeControls:  t = 0.84733
rdCMC.computeControls:  t = 0.85733
rdCMC.computeControls:  t = 0.86733
rdCMC.computeControls:  t = 0.87733
rdCMC.computeControls:  t = 0.88733
rdCMC.computeControls:  t = 0.89733
rdCMC.computeControls:  t = 0.90733
rdCMC.computeControls:  t = 0.91733
rdCMC.computeControls:  t = 0.92733
rdCMC.computeControls:  t = 0.93733
rdCMC.computeControls:  t = 0.94733
rdCMC.computeControls:  t = 0.95733
rdCMC.computeControls:  t = 0.96733
rdCMC.computeControls:  t = 0.97733
rdCMC.computeControls:  t = 0.98733
rdCMC.computeControls:  t = 0.99733
rdCMC.computeControls:  t = 1.00733
rdCMC.computeControls:  t = 1.01733
rdCMC.computeControls:  t = 1.02733
rdCMC.computeControls:  t = 1.03733
rdCMC.computeControls:  t = 1.04733
rdCMC.computeControls:  t = 1.05733
rdCMC.computeControls:  t = 1.06733
rdCMC.computeControls:  t = 1.07733
rdCMC.computeControls:  t = 1.08733
rdCMC.computeControls:  t = 1.09733
rdCMC.computeControls:  t = 1.10733
rdCMC.computeControls:  t = 1.11733
rdCMC.computeControls:  t = 1.12733
rdCMC.computeControls:  t = 1.13733
rdCMC.computeControls:  t = 1.14733
rdCMC.computeControls:  t = 1.15733
rdCMC.computeControls:  t = 1.16733
rdCMC.computeControls:  t = 1.17733
rdCMC.computeControls:  t = 1.18733
rdCMC.computeControls:  t = 1.19733
rdCMC.computeControls:  t = 1.20733
rdCMC.computeControls:  t = 1.21733
rdCMC.computeControls:  t = 1.22733
rdCMC.computeControls:  t = 1.23733
rdCMC.computeControls:  t = 1.24733
rdCMC.computeControls:  t = 1.25733
rdCMC.computeControls:  t = 1.26733
rdCMC.computeControls:  t = 1.27733
rdCMC.computeControls:  t = 1.28733
rdCMC.computeControls:  t = 1.29733
rdCMC.computeControls:  t = 1.30733
rdCMC.computeControls:  t = 1.31733
rdCMC.computeControls:  t = 1.32733
rdCMC.computeControls:  t = 1.33733
rdCMC.computeControls:  t = 1.34733
rdCMC.computeControls:  t = 1.35733
rdCMC.computeControls:  t = 1.36733
rdCMC.computeControls:  t = 1.37733
rdCMC.computeControls:  t = 1.38733
rdCMC.computeControls:  t = 1.39733
rdCMC.computeControls:  t = 1.40733
rdCMC.computeControls:  t = 1.41733
rdCMC.computeControls:  t = 1.42733
rdCMC.computeControls:  t = 1.43733
WARN- small force range for vas_lat_l (1.82424 to 1.86873)
rdCMC.computeControls:  t = 1.44733
WARN- small force range for vas_lat_l (1.81948 to 1.8641)
rdCMC.computeControls:  t = 1.45733
WARN- small force range for vas_lat_l (1.81548 to 1.8602)
rdCMC.computeControls:  t = 1.46733
WARN- small force range for vas_med_l (1.2522 to 1.29316)
WARN- small force range for vas_lat_l (1.81219 to 1.85701)
rdCMC.computeControls:  t = 1.47733
WARN- small force range for vas_med_l (1.2496 to 1.29063)
WARN- small force range for vas_lat_l (1.80964 to 1.85454)
rdCMC.computeControls:  t = 1.48733
WARN- small force range for vas_med_l (1.2476 to 1.28868)
WARN- small force range for vas_lat_l (1.80787 to 1.85283)
rdCMC.computeControls:  t = 1.49733
WARN- small force range for vas_med_l (1.24627 to 1.28739)
WARN- small force range for vas_lat_l (1.80693 to 1.85195)
rdCMC.computeControls:  t = 1.50733
WARN- small force range for vas_med_l (1.24598 to 1.28714)
WARN- small force range for vas_lat_l (1.80723 to 1.85229)
rdCMC.computeControls:  t = 1.51733
WARN- small force range for vas_med_l (1.2468 to 1.28799)
WARN- small force range for vas_lat_l (1.80881 to 1.85391)
rdCMC.computeControls:  t = 1.52733
WARN- small force range for vas_med_l (1.24873 to 1.28994)
WARN- small force range for vas_lat_l (1.81164 to 1.85677)
rdCMC.computeControls:  t = 1.53733
WARN- small force range for vas_med_l (1.25177 to 1.293)
WARN- small force range for vas_lat_l (1.81568 to 1.86082)
rdCMC.computeControls:  t = 1.54733
WARN- small force range for vas_lat_l (1.82082 to 1.86598)
rdCMC.computeControls:  t = 1.55733
rdCMC.computeControls:  t = 1.56733
rdCMC.computeControls:  t = 1.57733
rdCMC.computeControls:  t = 1.58733
rdCMC.computeControls:  t = 1.59733
rdCMC.computeControls:  t = 1.60733
rdCMC.computeControls:  t = 1.61733
rdCMC.computeControls:  t = 1.62733
----------------------------------------------------------------
Finished tracking the specified kinematics
=================================================================
Start time   = Wed Oct 22 11:40:45 2008
Finish time  = Wed Oct 22 12:09:01 2008
Elapsed time = 1696 seconds.
================================================================


Printing results of investigation GIL01_xslow2_fixed_CMC_unconstr to Results.


Average residuals:
FX=0.424308 FY=-0.519002 FZ=0.370154
MX=-0.166804 MY=-0.197422 MZ=0.0493615


Deleted model default
