-------------------------------------------------------
This program includes software developed by the
Apache Software Foundation (http://www.apache.org/).
-------------------------------------------------------

Deleted model 
RegisterTypes_SdfastEngine

-------------------------------------------------------
Library SdfastEngine...
-------------------------------------------------------

RegisterTypes_SimbodyEngine

-------------------------------------------------------
Library SimbodyEngine...
-------------------------------------------------------

Constructing investigation from setup file GIL03_xfast2_Setup_CMC_Unconstrained.xml.

AbstractTool GIL03_xfast2_fixed_CMC_unconstr loading model '../../GIL03_gait2392_simbody_adjusted.osim'
Created model GIL03 from file ../../GIL03_gait2392_simbody_adjusted.osim
Adding actuator set from ../../GIL03_CMC_Actuators.xml
Handling locked coordinate.
Handling locked coordinate.
Handling locked coordinate.
Handling locked coordinate.
SimbodyCoordinate.setValue: WARN- coordinate subtalar_angle_r is locked. Unable to change its value.
SimbodyCoordinate.setValue: WARN- coordinate mtp_angle_r is locked. Unable to change its value.
SimbodyCoordinate.setValue: WARN- coordinate subtalar_angle_l is locked. Unable to change its value.
SimbodyCoordinate.setValue: WARN- coordinate mtp_angle_l is locked. Unable to change its value.
-----------------------------------------------------------------------
Loaded library
-----------------------------------------------------------------------
             MODEL: GIL03
         actuators: 111
          analyses: 3
          contacts: 0
-----------------------------------------------------------------------

Running tool GIL03_xfast2_fixed_CMC_unconstr.
MODEL: GIL03

ANALYSES (3)
analysis[0] = Kinematics
analysis[1] = Actuation
analysis[2] = BodyKinematics

BODIES (13)
body[0] = ground (mass: 0) (inertia: 0 0 0 0 0 0 0 0 0)
body[1] = pelvis (mass: 6.50071) (inertia: 0.0352458 0 0 0 0.0298629 0 0 0 0.0198515)
body[2] = femur_r (mass: 5.13422) (inertia: 0.065962 0 0 0 0.017291 0 0 0 0.0695581)
body[3] = tibia_r (mass: 2.04648) (inertia: 0.0239633 0 0 0 0.00242486 0 0 0 0.0242961)
body[4] = talus_r (mass: 0.0551983) (inertia: 0.00047546 0 0 0 0.00047546 0 0 0 0.00047546)
body[5] = calcn_r (mass: 0.689979) (inertia: 0.00068082 0 0 0 0.00189658 0 0 0 0.00199384)
body[6] = toes_r (mass: 0.11956) (inertia: 4.863e-005 0 0 0 9.726e-005 0 0 0 0.0004863)
body[7] = femur_l (mass: 5.13422) (inertia: 0.065962 0 0 0 0.017291 0 0 0 0.0695581)
body[8] = tibia_l (mass: 2.04648) (inertia: 0.0239633 0 0 0 0.00242486 0 0 0 0.0242961)
body[9] = talus_l (mass: 0.0551983) (inertia: 0.00047546 0 0 0 0.00047546 0 0 0 0.00047546)
body[10] = calcn_l (mass: 0.689979) (inertia: 0.00068082 0 0 0 0.00189658 0 0 0 0.00199384)
body[11] = toes_l (mass: 0.11956) (inertia: 4.863e-005 0 0 0 9.726e-005 0 0 0 0.0004863)
body[12] = torso (mass: 18.8926) (inertia: 0.588922 0 0 0 0.30175 0 0 0 0.571708)

ACTUATORS (111)
actuator[0] = glut_med1_r (controls: glut_med1_r.excitation)
actuator[1] = glut_med2_r (controls: glut_med2_r.excitation)
actuator[2] = glut_med3_r (controls: glut_med3_r.excitation)
actuator[3] = glut_min1_r (controls: glut_min1_r.excitation)
actuator[4] = glut_min2_r (controls: glut_min2_r.excitation)
actuator[5] = glut_min3_r (controls: glut_min3_r.excitation)
actuator[6] = semimem_r (controls: semimem_r.excitation)
actuator[7] = semiten_r (controls: semiten_r.excitation)
actuator[8] = bifemlh_r (controls: bifemlh_r.excitation)
actuator[9] = bifemsh_r (controls: bifemsh_r.excitation)
actuator[10] = sar_r (controls: sar_r.excitation)
actuator[11] = add_long_r (controls: add_long_r.excitation)
actuator[12] = add_brev_r (controls: add_brev_r.excitation)
actuator[13] = add_mag1_r (controls: add_mag1_r.excitation)
actuator[14] = add_mag2_r (controls: add_mag2_r.excitation)
actuator[15] = add_mag3_r (controls: add_mag3_r.excitation)
actuator[16] = tfl_r (controls: tfl_r.excitation)
actuator[17] = pect_r (controls: pect_r.excitation)
actuator[18] = grac_r (controls: grac_r.excitation)
actuator[19] = glut_max1_r (controls: glut_max1_r.excitation)
actuator[20] = glut_max2_r (controls: glut_max2_r.excitation)
actuator[21] = glut_max3_r (controls: glut_max3_r.excitation)
actuator[22] = iliacus_r (controls: iliacus_r.excitation)
actuator[23] = psoas_r (controls: psoas_r.excitation)
actuator[24] = quad_fem_r (controls: quad_fem_r.excitation)
actuator[25] = gem_r (controls: gem_r.excitation)
actuator[26] = peri_r (controls: peri_r.excitation)
actuator[27] = rect_fem_r (controls: rect_fem_r.excitation)
actuator[28] = vas_med_r (controls: vas_med_r.excitation)
actuator[29] = vas_int_r (controls: vas_int_r.excitation)
actuator[30] = vas_lat_r (controls: vas_lat_r.excitation)
actuator[31] = med_gas_r (controls: med_gas_r.excitation)
actuator[32] = lat_gas_r (controls: lat_gas_r.excitation)
actuator[33] = soleus_r (controls: soleus_r.excitation)
actuator[34] = tib_post_r (controls: tib_post_r.excitation)
actuator[35] = flex_dig_r (controls: flex_dig_r.excitation)
actuator[36] = flex_hal_r (controls: flex_hal_r.excitation)
actuator[37] = tib_ant_r (controls: tib_ant_r.excitation)
actuator[38] = per_brev_r (controls: per_brev_r.excitation)
actuator[39] = per_long_r (controls: per_long_r.excitation)
actuator[40] = per_tert_r (controls: per_tert_r.excitation)
actuator[41] = ext_dig_r (controls: ext_dig_r.excitation)
actuator[42] = ext_hal_r (controls: ext_hal_r.excitation)
actuator[43] = glut_med1_l (controls: glut_med1_l.excitation)
actuator[44] = glut_med2_l (controls: glut_med2_l.excitation)
actuator[45] = glut_med3_l (controls: glut_med3_l.excitation)
actuator[46] = glut_min1_l (controls: glut_min1_l.excitation)
actuator[47] = glut_min2_l (controls: glut_min2_l.excitation)
actuator[48] = glut_min3_l (controls: glut_min3_l.excitation)
actuator[49] = semimem_l (controls: semimem_l.excitation)
actuator[50] = semiten_l (controls: semiten_l.excitation)
actuator[51] = bifemlh_l (controls: bifemlh_l.excitation)
actuator[52] = bifemsh_l (controls: bifemsh_l.excitation)
actuator[53] = sar_l (controls: sar_l.excitation)
actuator[54] = add_long_l (controls: add_long_l.excitation)
actuator[55] = add_brev_l (controls: add_brev_l.excitation)
actuator[56] = add_mag1_l (controls: add_mag1_l.excitation)
actuator[57] = add_mag2_l (controls: add_mag2_l.excitation)
actuator[58] = add_mag3_l (controls: add_mag3_l.excitation)
actuator[59] = tfl_l (controls: tfl_l.excitation)
actuator[60] = pect_l (controls: pect_l.excitation)
actuator[61] = grac_l (controls: grac_l.excitation)
actuator[62] = glut_max1_l (controls: glut_max1_l.excitation)
actuator[63] = glut_max2_l (controls: glut_max2_l.excitation)
actuator[64] = glut_max3_l (controls: glut_max3_l.excitation)
actuator[65] = iliacus_l (controls: iliacus_l.excitation)
actuator[66] = psoas_l (controls: psoas_l.excitation)
actuator[67] = quad_fem_l (controls: quad_fem_l.excitation)
actuator[68] = gem_l (controls: gem_l.excitation)
actuator[69] = peri_l (controls: peri_l.excitation)
actuator[70] = rect_fem_l (controls: rect_fem_l.excitation)
actuator[71] = vas_med_l (controls: vas_med_l.excitation)
actuator[72] = vas_int_l (controls: vas_int_l.excitation)
actuator[73] = vas_lat_l (controls: vas_lat_l.excitation)
actuator[74] = med_gas_l (controls: med_gas_l.excitation)
actuator[75] = lat_gas_l (controls: lat_gas_l.excitation)
actuator[76] = soleus_l (controls: soleus_l.excitation)
actuator[77] = tib_post_l (controls: tib_post_l.excitation)
actuator[78] = flex_dig_l (controls: flex_dig_l.excitation)
actuator[79] = flex_hal_l (controls: flex_hal_l.excitation)
actuator[80] = tib_ant_l (controls: tib_ant_l.excitation)
actuator[81] = per_brev_l (controls: per_brev_l.excitation)
actuator[82] = per_long_l (controls: per_long_l.excitation)
actuator[83] = per_tert_l (controls: per_tert_l.excitation)
actuator[84] = ext_dig_l (controls: ext_dig_l.excitation)
actuator[85] = ext_hal_l (controls: ext_hal_l.excitation)
actuator[86] = ercspn_r (controls: ercspn_r.excitation)
actuator[87] = ercspn_l (controls: ercspn_l.excitation)
actuator[88] = intobl_r (controls: intobl_r.excitation)
actuator[89] = intobl_l (controls: intobl_l.excitation)
actuator[90] = extobl_r (controls: extobl_r.excitation)
actuator[91] = extobl_l (controls: extobl_l.excitation)
actuator[92] = FX (controls: FX.excitation)
actuator[93] = FY (controls: FY.excitation)
actuator[94] = FZ (controls: FZ.excitation)
actuator[95] = MX (controls: MX.excitation)
actuator[96] = MY (controls: MY.excitation)
actuator[97] = MZ (controls: MZ.excitation)
actuator[98] = hip_flexion_r_reserve (controls: hip_flexion_r_reserve.excitation)
actuator[99] = hip_adduction_r_reserve (controls: hip_adduction_r_reserve.excitation)
actuator[100] = hip_rotation_r_reserve (controls: hip_rotation_r_reserve.excitation)
actuator[101] = knee_angle_r_reserve (controls: knee_angle_r_reserve.excitation)
actuator[102] = ankle_angle_r_reserve (controls: ankle_angle_r_reserve.excitation)
actuator[103] = hip_flexion_l_reserve (controls: hip_flexion_l_reserve.excitation)
actuator[104] = hip_adduction_l_reserve (controls: hip_adduction_l_reserve.excitation)
actuator[105] = hip_rotation_l_reserve (controls: hip_rotation_l_reserve.excitation)
actuator[106] = knee_angle_l_reserve (controls: knee_angle_l_reserve.excitation)
actuator[107] = ankle_angle_l_reserve (controls: ankle_angle_l_reserve.excitation)
actuator[108] = lumbar_extension_reserve (controls: lumbar_extension_reserve.excitation)
actuator[109] = lumbar_bending_reserve (controls: lumbar_bending_reserve.excitation)
actuator[110] = lumbar_rotation_reserve (controls: lumbar_rotation_reserve.excitation)

CONTACTS (0)
numControls = 111
numStates = 230
numCoordinates = 23
numSpeeds = 23
numActuators = 111
numBodies = 13

STATES (230)
y[0] = pelvis_tx
y[1] = pelvis_ty
y[2] = pelvis_tz
y[3] = pelvis_tilt
y[4] = pelvis_list
y[5] = pelvis_rotation
y[6] = hip_flexion_r
y[7] = hip_adduction_r
y[8] = hip_rotation_r
y[9] = knee_angle_r
y[10] = ankle_angle_r
y[11] = subtalar_angle_r
y[12] = mtp_angle_r
y[13] = hip_flexion_l
y[14] = hip_adduction_l
y[15] = hip_rotation_l
y[16] = knee_angle_l
y[17] = ankle_angle_l
y[18] = subtalar_angle_l
y[19] = mtp_angle_l
y[20] = lumbar_extension
y[21] = lumbar_bending
y[22] = lumbar_rotation
y[23] = pelvis_tx_u
y[24] = pelvis_ty_u
y[25] = pelvis_tz_u
y[26] = pelvis_tilt_u
y[27] = pelvis_list_u
y[28] = pelvis_rotation_u
y[29] = hip_flexion_r_u
y[30] = hip_adduction_r_u
y[31] = hip_rotation_r_u
y[32] = knee_angle_r_u
y[33] = ankle_angle_r_u
y[34] = subtalar_angle_r_u
y[35] = mtp_angle_r_u
y[36] = hip_flexion_l_u
y[37] = hip_adduction_l_u
y[38] = hip_rotation_l_u
y[39] = knee_angle_l_u
y[40] = ankle_angle_l_u
y[41] = subtalar_angle_l_u
y[42] = mtp_angle_l_u
y[43] = lumbar_extension_u
y[44] = lumbar_bending_u
y[45] = lumbar_rotation_u
y[46] = glut_med1_r.activation
y[47] = glut_med1_r.fiber_length
y[48] = glut_med2_r.activation
y[49] = glut_med2_r.fiber_length
y[50] = glut_med3_r.activation
y[51] = glut_med3_r.fiber_length
y[52] = glut_min1_r.activation
y[53] = glut_min1_r.fiber_length
y[54] = glut_min2_r.activation
y[55] = glut_min2_r.fiber_length
y[56] = glut_min3_r.activation
y[57] = glut_min3_r.fiber_length
y[58] = semimem_r.activation
y[59] = semimem_r.fiber_length
y[60] = semiten_r.activation
y[61] = semiten_r.fiber_length
y[62] = bifemlh_r.activation
y[63] = bifemlh_r.fiber_length
y[64] = bifemsh_r.activation
y[65] = bifemsh_r.fiber_length
y[66] = sar_r.activation
y[67] = sar_r.fiber_length
y[68] = add_long_r.activation
y[69] = add_long_r.fiber_length
y[70] = add_brev_r.activation
y[71] = add_brev_r.fiber_length
y[72] = add_mag1_r.activation
y[73] = add_mag1_r.fiber_length
y[74] = add_mag2_r.activation
y[75] = add_mag2_r.fiber_length
y[76] = add_mag3_r.activation
y[77] = add_mag3_r.fiber_length
y[78] = tfl_r.activation
y[79] = tfl_r.fiber_length
y[80] = pect_r.activation
y[81] = pect_r.fiber_length
y[82] = grac_r.activation
y[83] = grac_r.fiber_length
y[84] = glut_max1_r.activation
y[85] = glut_max1_r.fiber_length
y[86] = glut_max2_r.activation
y[87] = glut_max2_r.fiber_length
y[88] = glut_max3_r.activation
y[89] = glut_max3_r.fiber_length
y[90] = iliacus_r.activation
y[91] = iliacus_r.fiber_length
y[92] = psoas_r.activation
y[93] = psoas_r.fiber_length
y[94] = quad_fem_r.activation
y[95] = quad_fem_r.fiber_length
y[96] = gem_r.activation
y[97] = gem_r.fiber_length
y[98] = peri_r.activation
y[99] = peri_r.fiber_length
y[100] = rect_fem_r.activation
y[101] = rect_fem_r.fiber_length
y[102] = vas_med_r.activation
y[103] = vas_med_r.fiber_length
y[104] = vas_int_r.activation
y[105] = vas_int_r.fiber_length
y[106] = vas_lat_r.activation
y[107] = vas_lat_r.fiber_length
y[108] = med_gas_r.activation
y[109] = med_gas_r.fiber_length
y[110] = lat_gas_r.activation
y[111] = lat_gas_r.fiber_length
y[112] = soleus_r.activation
y[113] = soleus_r.fiber_length
y[114] = tib_post_r.activation
y[115] = tib_post_r.fiber_length
y[116] = flex_dig_r.activation
y[117] = flex_dig_r.fiber_length
y[118] = flex_hal_r.activation
y[119] = flex_hal_r.fiber_length
y[120] = tib_ant_r.activation
y[121] = tib_ant_r.fiber_length
y[122] = per_brev_r.activation
y[123] = per_brev_r.fiber_length
y[124] = per_long_r.activation
y[125] = per_long_r.fiber_length
y[126] = per_tert_r.activation
y[127] = per_tert_r.fiber_length
y[128] = ext_dig_r.activation
y[129] = ext_dig_r.fiber_length
y[130] = ext_hal_r.activation
y[131] = ext_hal_r.fiber_length
y[132] = glut_med1_l.activation
y[133] = glut_med1_l.fiber_length
y[134] = glut_med2_l.activation
y[135] = glut_med2_l.fiber_length
y[136] = glut_med3_l.activation
y[137] = glut_med3_l.fiber_length
y[138] = glut_min1_l.activation
y[139] = glut_min1_l.fiber_length
y[140] = glut_min2_l.activation
y[141] = glut_min2_l.fiber_length
y[142] = glut_min3_l.activation
y[143] = glut_min3_l.fiber_length
y[144] = semimem_l.activation
y[145] = semimem_l.fiber_length
y[146] = semiten_l.activation
y[147] = semiten_l.fiber_length
y[148] = bifemlh_l.activation
y[149] = bifemlh_l.fiber_length
y[150] = bifemsh_l.activation
y[151] = bifemsh_l.fiber_length
y[152] = sar_l.activation
y[153] = sar_l.fiber_length
y[154] = add_long_l.activation
y[155] = add_long_l.fiber_length
y[156] = add_brev_l.activation
y[157] = add_brev_l.fiber_length
y[158] = add_mag1_l.activation
y[159] = add_mag1_l.fiber_length
y[160] = add_mag2_l.activation
y[161] = add_mag2_l.fiber_length
y[162] = add_mag3_l.activation
y[163] = add_mag3_l.fiber_length
y[164] = tfl_l.activation
y[165] = tfl_l.fiber_length
y[166] = pect_l.activation
y[167] = pect_l.fiber_length
y[168] = grac_l.activation
y[169] = grac_l.fiber_length
y[170] = glut_max1_l.activation
y[171] = glut_max1_l.fiber_length
y[172] = glut_max2_l.activation
y[173] = glut_max2_l.fiber_length
y[174] = glut_max3_l.activation
y[175] = glut_max3_l.fiber_length
y[176] = iliacus_l.activation
y[177] = iliacus_l.fiber_length
y[178] = psoas_l.activation
y[179] = psoas_l.fiber_length
y[180] = quad_fem_l.activation
y[181] = quad_fem_l.fiber_length
y[182] = gem_l.activation
y[183] = gem_l.fiber_length
y[184] = peri_l.activation
y[185] = peri_l.fiber_length
y[186] = rect_fem_l.activation
y[187] = rect_fem_l.fiber_length
y[188] = vas_med_l.activation
y[189] = vas_med_l.fiber_length
y[190] = vas_int_l.activation
y[191] = vas_int_l.fiber_length
y[192] = vas_lat_l.activation
y[193] = vas_lat_l.fiber_length
y[194] = med_gas_l.activation
y[195] = med_gas_l.fiber_length
y[196] = lat_gas_l.activation
y[197] = lat_gas_l.fiber_length
y[198] = soleus_l.activation
y[199] = soleus_l.fiber_length
y[200] = tib_post_l.activation
y[201] = tib_post_l.fiber_length
y[202] = flex_dig_l.activation
y[203] = flex_dig_l.fiber_length
y[204] = flex_hal_l.activation
y[205] = flex_hal_l.fiber_length
y[206] = tib_ant_l.activation
y[207] = tib_ant_l.fiber_length
y[208] = per_brev_l.activation
y[209] = per_brev_l.fiber_length
y[210] = per_long_l.activation
y[211] = per_long_l.fiber_length
y[212] = per_tert_l.activation
y[213] = per_tert_l.fiber_length
y[214] = ext_dig_l.activation
y[215] = ext_dig_l.fiber_length
y[216] = ext_hal_l.activation
y[217] = ext_hal_l.fiber_length
y[218] = ercspn_r.activation
y[219] = ercspn_r.fiber_length
y[220] = ercspn_l.activation
y[221] = ercspn_l.fiber_length
y[222] = intobl_r.activation
y[223] = intobl_r.fiber_length
y[224] = intobl_l.activation
y[225] = intobl_l.fiber_length
y[226] = extobl_r.activation
y[227] = extobl_r.fiber_length
y[228] = extobl_l.activation
y[229] = extobl_l.fiber_length


Loading desired kinematics from file ../RRA/Results/GIL03_xfast2_RRA_Kinematics_q.sto ...
Storage: file=../RRA/Results/GIL03_xfast2_RRA_Kinematics_q.sto (nr=634 nc=24)


Note- not filtering the desired kinematics.



Loading external loads kinematics from file ../IK/GIL03_xfast2_ik.mot ...
Storage: file=../IK/GIL03_xfast2_ik.mot (nr=81 nc=375)
Low-pass filtering external load kinematics with a cutoff frequency of 6...
Storage: file=../IK/GIL03_xfast2_ik.mot (nr=81 nc=375)
Padded kineticsStore to start time of 0.06667

Constructing function set for tracking...



 taskSet size = 19

Using the generalized coordinates specified in ../RRA/Results/GIL03_xfast2_RRA_Kinematics_q.sto to set the initial configuration.
Successfully linked to CFSQP library 'osimCFSQP.dll'
Using CFSQP optimizer algorithm.

Setting optimizer print level to 0.
Setting optimizer convergence criterion to 1e-006.
Setting optimizer maximum iterations to 2000.

Setting cmc controller to not use verbose printing.



================================================================
================================================================
Computing initial values for muscles states (activation, length)
Start time = Mon Oct 27 10:22:34 2008
================================================================

=============================================
rdCMC.computeInitialStates: ti=0.11667
=============================================
rdCMC.computeControls:  t = 0.11667
rdCMC.computeControls:  t = 0.11667

-----------------------------------------------------------------
Finished computing initial states:
-----------------------------------------------------------------
Array[230]= 0.682915 0.886315 -0.272366 -0.00347649 0.0797099 -0.113393 0.170078 -0.166761 -0.156795 -1.06474 -0.0719949 3.86521e-018 -2.23994e-017 0.166035 0.0844565 0.0125749 -0.283704 0.135145 1.0174e-016 -2.24109e-016 -0.213168 -0.107963 0.245941 1.89927 0.0480995 -0.187071 -1.33619 0.143758 1.08779 5.73394 -0.190038 0.109167 -1.13801 4.69687 1.7641e-016 -5.9456e-016 -1.97531 0.657958 0.987546 2.03363 0.976668 2.7793e-015 -5.52775e-015 0.966702 0.987739 -2.24614 0.02 0.0356652 0.02 0.0615787 0.02 0.0455621 0.02 0.0561773 0.02 0.04575 0.02 0.0259869 0.02 0.0302337 0.02 0.16447 0.02 0.0650474 0.334013 0.132446 0.279839 0.409678 0.100983 0.103918 0.02 0.112675 0.02 0.0613575 0.02 0.0805594 0.02 0.0978185 0.192007 0.0958302 0.070425 0.0654684 0.02 0.27853 0.02 0.0644671 0.02 0.074528 0.02 0.0914848 0.489399 0.0844493 0.504032 0.0773925 0.0816917 0.0379142 0.0930178 0.0179453 0.0661009 0.0114723 0.185684 0.128198 0.02 0.0852315 0.02 0.0855572 0.02 0.0822218 0.02 0.0339865 0.02 0.0365696 0.02 0.0387247 0.02 0.0298905 0.02 0.0275968 0.02 0.0342164 0.508186 0.0749126 0.02 0.0449481 0.02 0.0446297 0.10874 0.0754511 0.340134 0.0888884 0.160337 0.098141 0.27209 0.0401287 0.188609 0.0704985 0.112115 0.0560567 0.0602145 0.0605146 0.0521423 0.0521591 0.0502752 0.0341353 0.117994 0.0505053 0.0282942 0.192828 0.111462 0.0852029 0.02 0.154324 0.02 0.425883 0.02 0.090009 0.02 0.0992809 0.02 0.047616 0.02 0.0680009 0.055161 0.0904204 0.02 0.098746 0.02 0.0582893 0.02 0.291904 0.131149 0.071702 0.167862 0.0788749 0.0409457 0.0857767 0.02 0.0834903 0.02 0.0771755 0.02 0.0365375 0.02 0.021549 0.02 0.0204468 0.02 0.0997297 0.140944 0.0550825 0.171997 0.0594075 0.20038 0.051229 0.02 0.0552447 0.02 0.0593401 0.02 0.0462967 0.02 0.0318488 0.02 0.0297705 0.02 0.037296 0.255512 0.0669978 0.02 0.0458357 0.02 0.0463531 0.0344644 0.0705215 0.189689 0.0815366 0.05135 0.0907972 0.159268 0.108074 0.0803743 0.105829 0.253486 0.0879835 0.02 0.0566545 0.02 0.0938272 0.0349824 0.0995829
=================================================================
Start time   = Mon Oct 27 10:22:34 2008
Finish time  = Mon Oct 27 10:23:23 2008
Elapsed time = 49 seconds.
=================================================================



================================================================
================================================================
Using CMC to track the specified kinematics
Integrating from 0.14667 to 0.70967
Start time = Mon Oct 27 10:23:23 2008
================================================================
rdCMC.computeControls:  t = 0.14667
rdCMC.computeControls:  t = 0.15667
rdCMC.computeControls:  t = 0.16667
rdCMC.computeControls:  t = 0.17667
rdCMC.computeControls:  t = 0.18667
rdCMC.computeControls:  t = 0.19667
rdCMC.computeControls:  t = 0.20667
rdCMC.computeControls:  t = 0.21667
rdCMC.computeControls:  t = 0.22667
rdCMC.computeControls:  t = 0.23667
rdCMC.computeControls:  t = 0.24667
rdCMC.computeControls:  t = 0.25667
rdCMC.computeControls:  t = 0.26667
rdCMC.computeControls:  t = 0.27667
rdCMC.computeControls:  t = 0.28667
rdCMC.computeControls:  t = 0.29667
rdCMC.computeControls:  t = 0.30667
rdCMC.computeControls:  t = 0.31667
rdCMC.computeControls:  t = 0.32667
rdCMC.computeControls:  t = 0.33667
rdCMC.computeControls:  t = 0.34667
rdCMC.computeControls:  t = 0.35667
rdCMC.computeControls:  t = 0.36667
rdCMC.computeControls:  t = 0.37667
WARN- small force range for lat_gas_l (0.679828 to 0.682833)
rdCMC.computeControls:  t = 0.38667
rdCMC.computeControls:  t = 0.39667
rdCMC.computeControls:  t = 0.40667
rdCMC.computeControls:  t = 0.41667
rdCMC.computeControls:  t = 0.42667
rdCMC.computeControls:  t = 0.43667
rdCMC.computeControls:  t = 0.44667
rdCMC.computeControls:  t = 0.45667
rdCMC.computeControls:  t = 0.46667
rdCMC.computeControls:  t = 0.47667
rdCMC.computeControls:  t = 0.48667
rdCMC.computeControls:  t = 0.49667
rdCMC.computeControls:  t = 0.50667
rdCMC.computeControls:  t = 0.51667
rdCMC.computeControls:  t = 0.52667
rdCMC.computeControls:  t = 0.53667
rdCMC.computeControls:  t = 0.54667
rdCMC.computeControls:  t = 0.55667
rdCMC.computeControls:  t = 0.56667
rdCMC.computeControls:  t = 0.57667
rdCMC.computeControls:  t = 0.58667
rdCMC.computeControls:  t = 0.59667
rdCMC.computeControls:  t = 0.60667
rdCMC.computeControls:  t = 0.61667
rdCMC.computeControls:  t = 0.62667
WARN- small force range for vas_int_l (1.32547 to 1.35934)
WARN- small force range for vas_lat_l (1.8296 to 1.8672)
rdCMC.computeControls:  t = 0.63667
rdCMC.computeControls:  t = 0.64667
rdCMC.computeControls:  t = 0.65667
rdCMC.computeControls:  t = 0.66667
rdCMC.computeControls:  t = 0.67667
rdCMC.computeControls:  t = 0.68667
rdCMC.computeControls:  t = 0.69667
----------------------------------------------------------------
Finished tracking the specified kinematics
=================================================================
Start time   = Mon Oct 27 10:23:23 2008
Finish time  = Mon Oct 27 10:43:15 2008
Elapsed time = 1192 seconds.
================================================================


Printing results of investigation GIL03_xfast2_fixed_CMC_unconstr to Results.


Average residuals:
FX=-0.557333 FY=-5.95768 FZ=-0.293949
MX=-0.0302547 MY=-0.733916 MZ=2.27777


Deleted model default
