-------------------------------------------------------
This program includes software developed by the
Apache Software Foundation (http://www.apache.org/).
-------------------------------------------------------

Deleted model 
RegisterTypes_SdfastEngine

-------------------------------------------------------
Library SdfastEngine...
-------------------------------------------------------

RegisterTypes_SimbodyEngine

-------------------------------------------------------
Library SimbodyEngine...
-------------------------------------------------------

Constructing investigation from setup file GIL11_fast2_Setup_CMC_Unconstrained.xml.

AbstractTool GIL11_fast2_fixed_CMC_unconstr loading model '../../GIL11_gait2392_simbody_adjusted.osim'
Created model GIL11 from file ../../GIL11_gait2392_simbody_adjusted.osim
Adding actuator set from ../../GIL11_CMC_Actuators.xml
Handling locked coordinate.
Handling locked coordinate.
Handling locked coordinate.
Handling locked coordinate.
SimbodyCoordinate.setValue: WARN- coordinate subtalar_angle_r is locked. Unable to change its value.
SimbodyCoordinate.setValue: WARN- coordinate mtp_angle_r is locked. Unable to change its value.
SimbodyCoordinate.setValue: WARN- coordinate subtalar_angle_l is locked. Unable to change its value.
SimbodyCoordinate.setValue: WARN- coordinate mtp_angle_l is locked. Unable to change its value.
-----------------------------------------------------------------------
Loaded library
-----------------------------------------------------------------------
             MODEL: GIL11
         actuators: 111
          analyses: 3
          contacts: 0
-----------------------------------------------------------------------

Running tool GIL11_fast2_fixed_CMC_unconstr.
MODEL: GIL11

ANALYSES (3)
analysis[0] = Kinematics
analysis[1] = Actuation
analysis[2] = BodyKinematics

BODIES (13)
body[0] = ground (mass: 0) (inertia: 0 0 0 0 0 0 0 0 0)
body[1] = pelvis (mass: 9.86045) (inertia: 0.0728698 0 0 0 0.0617409 0 0 0 0.0410424)
body[2] = femur_r (mass: 7.78772) (inertia: 0.102324 0 0 0 0.0268228 0 0 0 0.107903)
body[3] = tibia_r (mass: 3.10415) (inertia: 0.0318432 0 0 0 0.00322223 0 0 0 0.0322855)
body[4] = talus_r (mass: 0.0837263) (inertia: 0.00063181 0 0 0 0.00063181 0 0 0 0.00063181)
body[5] = calcn_r (mass: 1.04658) (inertia: 0.00092502 0 0 0 0.00257684 0 0 0 0.00270898)
body[6] = toes_r (mass: 0.181351) (inertia: 6.607e-005 0 0 0 0.00013215 0 0 0 0.00066073)
body[7] = femur_l (mass: 7.78772) (inertia: 0.102324 0 0 0 0.0268228 0 0 0 0.107903)
body[8] = tibia_l (mass: 3.10415) (inertia: 0.0318432 0 0 0 0.00322223 0 0 0 0.0322855)
body[9] = talus_l (mass: 0.0837263) (inertia: 0.00063181 0 0 0 0.00063181 0 0 0 0.00063181)
body[10] = calcn_l (mass: 1.04658) (inertia: 0.00092502 0 0 0 0.00257684 0 0 0 0.00270898)
body[11] = toes_l (mass: 0.181351) (inertia: 6.607e-005 0 0 0 0.00013215 0 0 0 0.00066073)
body[12] = torso (mass: 28.4312) (inertia: 1.1329 0 0 0 0.580474 0 0 0 1.09979)

ACTUATORS (111)
actuator[0] = glut_med1_r (controls: glut_med1_r.excitation)
actuator[1] = glut_med2_r (controls: glut_med2_r.excitation)
actuator[2] = glut_med3_r (controls: glut_med3_r.excitation)
actuator[3] = glut_min1_r (controls: glut_min1_r.excitation)
actuator[4] = glut_min2_r (controls: glut_min2_r.excitation)
actuator[5] = glut_min3_r (controls: glut_min3_r.excitation)
actuator[6] = semimem_r (controls: semimem_r.excitation)
actuator[7] = semiten_r (controls: semiten_r.excitation)
actuator[8] = bifemlh_r (controls: bifemlh_r.excitation)
actuator[9] = bifemsh_r (controls: bifemsh_r.excitation)
actuator[10] = sar_r (controls: sar_r.excitation)
actuator[11] = add_long_r (controls: add_long_r.excitation)
actuator[12] = add_brev_r (controls: add_brev_r.excitation)
actuator[13] = add_mag1_r (controls: add_mag1_r.excitation)
actuator[14] = add_mag2_r (controls: add_mag2_r.excitation)
actuator[15] = add_mag3_r (controls: add_mag3_r.excitation)
actuator[16] = tfl_r (controls: tfl_r.excitation)
actuator[17] = pect_r (controls: pect_r.excitation)
actuator[18] = grac_r (controls: grac_r.excitation)
actuator[19] = glut_max1_r (controls: glut_max1_r.excitation)
actuator[20] = glut_max2_r (controls: glut_max2_r.excitation)
actuator[21] = glut_max3_r (controls: glut_max3_r.excitation)
actuator[22] = iliacus_r (controls: iliacus_r.excitation)
actuator[23] = psoas_r (controls: psoas_r.excitation)
actuator[24] = quad_fem_r (controls: quad_fem_r.excitation)
actuator[25] = gem_r (controls: gem_r.excitation)
actuator[26] = peri_r (controls: peri_r.excitation)
actuator[27] = rect_fem_r (controls: rect_fem_r.excitation)
actuator[28] = vas_med_r (controls: vas_med_r.excitation)
actuator[29] = vas_int_r (controls: vas_int_r.excitation)
actuator[30] = vas_lat_r (controls: vas_lat_r.excitation)
actuator[31] = med_gas_r (controls: med_gas_r.excitation)
actuator[32] = lat_gas_r (controls: lat_gas_r.excitation)
actuator[33] = soleus_r (controls: soleus_r.excitation)
actuator[34] = tib_post_r (controls: tib_post_r.excitation)
actuator[35] = flex_dig_r (controls: flex_dig_r.excitation)
actuator[36] = flex_hal_r (controls: flex_hal_r.excitation)
actuator[37] = tib_ant_r (controls: tib_ant_r.excitation)
actuator[38] = per_brev_r (controls: per_brev_r.excitation)
actuator[39] = per_long_r (controls: per_long_r.excitation)
actuator[40] = per_tert_r (controls: per_tert_r.excitation)
actuator[41] = ext_dig_r (controls: ext_dig_r.excitation)
actuator[42] = ext_hal_r (controls: ext_hal_r.excitation)
actuator[43] = glut_med1_l (controls: glut_med1_l.excitation)
actuator[44] = glut_med2_l (controls: glut_med2_l.excitation)
actuator[45] = glut_med3_l (controls: glut_med3_l.excitation)
actuator[46] = glut_min1_l (controls: glut_min1_l.excitation)
actuator[47] = glut_min2_l (controls: glut_min2_l.excitation)
actuator[48] = glut_min3_l (controls: glut_min3_l.excitation)
actuator[49] = semimem_l (controls: semimem_l.excitation)
actuator[50] = semiten_l (controls: semiten_l.excitation)
actuator[51] = bifemlh_l (controls: bifemlh_l.excitation)
actuator[52] = bifemsh_l (controls: bifemsh_l.excitation)
actuator[53] = sar_l (controls: sar_l.excitation)
actuator[54] = add_long_l (controls: add_long_l.excitation)
actuator[55] = add_brev_l (controls: add_brev_l.excitation)
actuator[56] = add_mag1_l (controls: add_mag1_l.excitation)
actuator[57] = add_mag2_l (controls: add_mag2_l.excitation)
actuator[58] = add_mag3_l (controls: add_mag3_l.excitation)
actuator[59] = tfl_l (controls: tfl_l.excitation)
actuator[60] = pect_l (controls: pect_l.excitation)
actuator[61] = grac_l (controls: grac_l.excitation)
actuator[62] = glut_max1_l (controls: glut_max1_l.excitation)
actuator[63] = glut_max2_l (controls: glut_max2_l.excitation)
actuator[64] = glut_max3_l (controls: glut_max3_l.excitation)
actuator[65] = iliacus_l (controls: iliacus_l.excitation)
actuator[66] = psoas_l (controls: psoas_l.excitation)
actuator[67] = quad_fem_l (controls: quad_fem_l.excitation)
actuator[68] = gem_l (controls: gem_l.excitation)
actuator[69] = peri_l (controls: peri_l.excitation)
actuator[70] = rect_fem_l (controls: rect_fem_l.excitation)
actuator[71] = vas_med_l (controls: vas_med_l.excitation)
actuator[72] = vas_int_l (controls: vas_int_l.excitation)
actuator[73] = vas_lat_l (controls: vas_lat_l.excitation)
actuator[74] = med_gas_l (controls: med_gas_l.excitation)
actuator[75] = lat_gas_l (controls: lat_gas_l.excitation)
actuator[76] = soleus_l (controls: soleus_l.excitation)
actuator[77] = tib_post_l (controls: tib_post_l.excitation)
actuator[78] = flex_dig_l (controls: flex_dig_l.excitation)
actuator[79] = flex_hal_l (controls: flex_hal_l.excitation)
actuator[80] = tib_ant_l (controls: tib_ant_l.excitation)
actuator[81] = per_brev_l (controls: per_brev_l.excitation)
actuator[82] = per_long_l (controls: per_long_l.excitation)
actuator[83] = per_tert_l (controls: per_tert_l.excitation)
actuator[84] = ext_dig_l (controls: ext_dig_l.excitation)
actuator[85] = ext_hal_l (controls: ext_hal_l.excitation)
actuator[86] = ercspn_r (controls: ercspn_r.excitation)
actuator[87] = ercspn_l (controls: ercspn_l.excitation)
actuator[88] = intobl_r (controls: intobl_r.excitation)
actuator[89] = intobl_l (controls: intobl_l.excitation)
actuator[90] = extobl_r (controls: extobl_r.excitation)
actuator[91] = extobl_l (controls: extobl_l.excitation)
actuator[92] = FX (controls: FX.excitation)
actuator[93] = FY (controls: FY.excitation)
actuator[94] = FZ (controls: FZ.excitation)
actuator[95] = MX (controls: MX.excitation)
actuator[96] = MY (controls: MY.excitation)
actuator[97] = MZ (controls: MZ.excitation)
actuator[98] = hip_flexion_r_reserve (controls: hip_flexion_r_reserve.excitation)
actuator[99] = hip_adduction_r_reserve (controls: hip_adduction_r_reserve.excitation)
actuator[100] = hip_rotation_r_reserve (controls: hip_rotation_r_reserve.excitation)
actuator[101] = knee_angle_r_reserve (controls: knee_angle_r_reserve.excitation)
actuator[102] = ankle_angle_r_reserve (controls: ankle_angle_r_reserve.excitation)
actuator[103] = hip_flexion_l_reserve (controls: hip_flexion_l_reserve.excitation)
actuator[104] = hip_adduction_l_reserve (controls: hip_adduction_l_reserve.excitation)
actuator[105] = hip_rotation_l_reserve (controls: hip_rotation_l_reserve.excitation)
actuator[106] = knee_angle_l_reserve (controls: knee_angle_l_reserve.excitation)
actuator[107] = ankle_angle_l_reserve (controls: ankle_angle_l_reserve.excitation)
actuator[108] = lumbar_extension_reserve (controls: lumbar_extension_reserve.excitation)
actuator[109] = lumbar_bending_reserve (controls: lumbar_bending_reserve.excitation)
actuator[110] = lumbar_rotation_reserve (controls: lumbar_rotation_reserve.excitation)

CONTACTS (0)
numControls = 111
numStates = 230
numCoordinates = 23
numSpeeds = 23
numActuators = 111
numBodies = 13

STATES (230)
y[0] = pelvis_tx
y[1] = pelvis_ty
y[2] = pelvis_tz
y[3] = pelvis_tilt
y[4] = pelvis_list
y[5] = pelvis_rotation
y[6] = hip_flexion_r
y[7] = hip_adduction_r
y[8] = hip_rotation_r
y[9] = knee_angle_r
y[10] = ankle_angle_r
y[11] = subtalar_angle_r
y[12] = mtp_angle_r
y[13] = hip_flexion_l
y[14] = hip_adduction_l
y[15] = hip_rotation_l
y[16] = knee_angle_l
y[17] = ankle_angle_l
y[18] = subtalar_angle_l
y[19] = mtp_angle_l
y[20] = lumbar_extension
y[21] = lumbar_bending
y[22] = lumbar_rotation
y[23] = pelvis_tx_u
y[24] = pelvis_ty_u
y[25] = pelvis_tz_u
y[26] = pelvis_tilt_u
y[27] = pelvis_list_u
y[28] = pelvis_rotation_u
y[29] = hip_flexion_r_u
y[30] = hip_adduction_r_u
y[31] = hip_rotation_r_u
y[32] = knee_angle_r_u
y[33] = ankle_angle_r_u
y[34] = subtalar_angle_r_u
y[35] = mtp_angle_r_u
y[36] = hip_flexion_l_u
y[37] = hip_adduction_l_u
y[38] = hip_rotation_l_u
y[39] = knee_angle_l_u
y[40] = ankle_angle_l_u
y[41] = subtalar_angle_l_u
y[42] = mtp_angle_l_u
y[43] = lumbar_extension_u
y[44] = lumbar_bending_u
y[45] = lumbar_rotation_u
y[46] = glut_med1_r.activation
y[47] = glut_med1_r.fiber_length
y[48] = glut_med2_r.activation
y[49] = glut_med2_r.fiber_length
y[50] = glut_med3_r.activation
y[51] = glut_med3_r.fiber_length
y[52] = glut_min1_r.activation
y[53] = glut_min1_r.fiber_length
y[54] = glut_min2_r.activation
y[55] = glut_min2_r.fiber_length
y[56] = glut_min3_r.activation
y[57] = glut_min3_r.fiber_length
y[58] = semimem_r.activation
y[59] = semimem_r.fiber_length
y[60] = semiten_r.activation
y[61] = semiten_r.fiber_length
y[62] = bifemlh_r.activation
y[63] = bifemlh_r.fiber_length
y[64] = bifemsh_r.activation
y[65] = bifemsh_r.fiber_length
y[66] = sar_r.activation
y[67] = sar_r.fiber_length
y[68] = add_long_r.activation
y[69] = add_long_r.fiber_length
y[70] = add_brev_r.activation
y[71] = add_brev_r.fiber_length
y[72] = add_mag1_r.activation
y[73] = add_mag1_r.fiber_length
y[74] = add_mag2_r.activation
y[75] = add_mag2_r.fiber_length
y[76] = add_mag3_r.activation
y[77] = add_mag3_r.fiber_length
y[78] = tfl_r.activation
y[79] = tfl_r.fiber_length
y[80] = pect_r.activation
y[81] = pect_r.fiber_length
y[82] = grac_r.activation
y[83] = grac_r.fiber_length
y[84] = glut_max1_r.activation
y[85] = glut_max1_r.fiber_length
y[86] = glut_max2_r.activation
y[87] = glut_max2_r.fiber_length
y[88] = glut_max3_r.activation
y[89] = glut_max3_r.fiber_length
y[90] = iliacus_r.activation
y[91] = iliacus_r.fiber_length
y[92] = psoas_r.activation
y[93] = psoas_r.fiber_length
y[94] = quad_fem_r.activation
y[95] = quad_fem_r.fiber_length
y[96] = gem_r.activation
y[97] = gem_r.fiber_length
y[98] = peri_r.activation
y[99] = peri_r.fiber_length
y[100] = rect_fem_r.activation
y[101] = rect_fem_r.fiber_length
y[102] = vas_med_r.activation
y[103] = vas_med_r.fiber_length
y[104] = vas_int_r.activation
y[105] = vas_int_r.fiber_length
y[106] = vas_lat_r.activation
y[107] = vas_lat_r.fiber_length
y[108] = med_gas_r.activation
y[109] = med_gas_r.fiber_length
y[110] = lat_gas_r.activation
y[111] = lat_gas_r.fiber_length
y[112] = soleus_r.activation
y[113] = soleus_r.fiber_length
y[114] = tib_post_r.activation
y[115] = tib_post_r.fiber_length
y[116] = flex_dig_r.activation
y[117] = flex_dig_r.fiber_length
y[118] = flex_hal_r.activation
y[119] = flex_hal_r.fiber_length
y[120] = tib_ant_r.activation
y[121] = tib_ant_r.fiber_length
y[122] = per_brev_r.activation
y[123] = per_brev_r.fiber_length
y[124] = per_long_r.activation
y[125] = per_long_r.fiber_length
y[126] = per_tert_r.activation
y[127] = per_tert_r.fiber_length
y[128] = ext_dig_r.activation
y[129] = ext_dig_r.fiber_length
y[130] = ext_hal_r.activation
y[131] = ext_hal_r.fiber_length
y[132] = glut_med1_l.activation
y[133] = glut_med1_l.fiber_length
y[134] = glut_med2_l.activation
y[135] = glut_med2_l.fiber_length
y[136] = glut_med3_l.activation
y[137] = glut_med3_l.fiber_length
y[138] = glut_min1_l.activation
y[139] = glut_min1_l.fiber_length
y[140] = glut_min2_l.activation
y[141] = glut_min2_l.fiber_length
y[142] = glut_min3_l.activation
y[143] = glut_min3_l.fiber_length
y[144] = semimem_l.activation
y[145] = semimem_l.fiber_length
y[146] = semiten_l.activation
y[147] = semiten_l.fiber_length
y[148] = bifemlh_l.activation
y[149] = bifemlh_l.fiber_length
y[150] = bifemsh_l.activation
y[151] = bifemsh_l.fiber_length
y[152] = sar_l.activation
y[153] = sar_l.fiber_length
y[154] = add_long_l.activation
y[155] = add_long_l.fiber_length
y[156] = add_brev_l.activation
y[157] = add_brev_l.fiber_length
y[158] = add_mag1_l.activation
y[159] = add_mag1_l.fiber_length
y[160] = add_mag2_l.activation
y[161] = add_mag2_l.fiber_length
y[162] = add_mag3_l.activation
y[163] = add_mag3_l.fiber_length
y[164] = tfl_l.activation
y[165] = tfl_l.fiber_length
y[166] = pect_l.activation
y[167] = pect_l.fiber_length
y[168] = grac_l.activation
y[169] = grac_l.fiber_length
y[170] = glut_max1_l.activation
y[171] = glut_max1_l.fiber_length
y[172] = glut_max2_l.activation
y[173] = glut_max2_l.fiber_length
y[174] = glut_max3_l.activation
y[175] = glut_max3_l.fiber_length
y[176] = iliacus_l.activation
y[177] = iliacus_l.fiber_length
y[178] = psoas_l.activation
y[179] = psoas_l.fiber_length
y[180] = quad_fem_l.activation
y[181] = quad_fem_l.fiber_length
y[182] = gem_l.activation
y[183] = gem_l.fiber_length
y[184] = peri_l.activation
y[185] = peri_l.fiber_length
y[186] = rect_fem_l.activation
y[187] = rect_fem_l.fiber_length
y[188] = vas_med_l.activation
y[189] = vas_med_l.fiber_length
y[190] = vas_int_l.activation
y[191] = vas_int_l.fiber_length
y[192] = vas_lat_l.activation
y[193] = vas_lat_l.fiber_length
y[194] = med_gas_l.activation
y[195] = med_gas_l.fiber_length
y[196] = lat_gas_l.activation
y[197] = lat_gas_l.fiber_length
y[198] = soleus_l.activation
y[199] = soleus_l.fiber_length
y[200] = tib_post_l.activation
y[201] = tib_post_l.fiber_length
y[202] = flex_dig_l.activation
y[203] = flex_dig_l.fiber_length
y[204] = flex_hal_l.activation
y[205] = flex_hal_l.fiber_length
y[206] = tib_ant_l.activation
y[207] = tib_ant_l.fiber_length
y[208] = per_brev_l.activation
y[209] = per_brev_l.fiber_length
y[210] = per_long_l.activation
y[211] = per_long_l.fiber_length
y[212] = per_tert_l.activation
y[213] = per_tert_l.fiber_length
y[214] = ext_dig_l.activation
y[215] = ext_dig_l.fiber_length
y[216] = ext_hal_l.activation
y[217] = ext_hal_l.fiber_length
y[218] = ercspn_r.activation
y[219] = ercspn_r.fiber_length
y[220] = ercspn_l.activation
y[221] = ercspn_l.fiber_length
y[222] = intobl_r.activation
y[223] = intobl_r.fiber_length
y[224] = intobl_l.activation
y[225] = intobl_l.fiber_length
y[226] = extobl_r.activation
y[227] = extobl_r.fiber_length
y[228] = extobl_l.activation
y[229] = extobl_l.fiber_length


Loading desired kinematics from file ../RRA/Results/GIL11_fast2_RRA_Kinematics_q.sto ...
Storage: file=../RRA/Results/GIL11_fast2_RRA_Kinematics_q.sto (nr=755 nc=24)


Note- not filtering the desired kinematics.



Loading external loads kinematics from file ../IK/GIL11_fast2_ik.mot ...
Storage: file=../IK/GIL11_fast2_ik.mot (nr=96 nc=375)
Low-pass filtering external load kinematics with a cutoff frequency of 6...
Storage: file=../IK/GIL11_fast2_ik.mot (nr=96 nc=375)
Padded kineticsStore to start time of 0.1

Constructing function set for tracking...



 taskSet size = 19

Using the generalized coordinates specified in ../RRA/Results/GIL11_fast2_RRA_Kinematics_q.sto to set the initial configuration.
Successfully linked to CFSQP library 'osimCFSQP.dll'
Using CFSQP optimizer algorithm.

Setting optimizer print level to 0.
Setting optimizer convergence criterion to 1e-006.
Setting optimizer maximum iterations to 2000.

Setting cmc controller to not use verbose printing.



================================================================
================================================================
Computing initial values for muscles states (activation, length)
Start time = Wed Oct 29 15:19:43 2008
================================================================

=============================================
rdCMC.computeInitialStates: ti=0.15
=============================================
rdCMC.computeControls:  t = 0.15
rdCMC.computeControls:  t = 0.15

-----------------------------------------------------------------
Finished computing initial states:
-----------------------------------------------------------------
Array[230]= 1.40397 0.85655 -0.239109 -0.0745224 -0.103817 0.0107107 0.328783 0.134203 0.0510052 -0.387834 0.128058 -1.74803e-016 -1.01983e-016 0.0970184 -0.20412 0.232347 -0.989038 -0.21028 2.68048e-018 2.3748e-017 -0.0759993 0.0561532 0.0546524 1.50937 0.300509 0.247197 0.108421 0.86906 -0.485894 -3.45621 -0.279435 2.47387 2.49445 0.535806 -4.2808e-015 -3.01829e-015 3.42526 1.12078 0.0714861 -1.79524 4.87646 -1.051e-016 5.17169e-016 -0.319128 -1.42561 1.20829 0.631059 0.0464213 0.512563 0.082983 0.408282 0.067559 0.260676 0.0659635 0.250935 0.0577392 0.233028 0.0395728 0.0505266 0.0570814 0.02 0.196138 0.02 0.094366 0.02 0.150785 0.02 0.424161 0.02 0.0817758 0.02 0.0984568 0.02 0.0471152 0.02 0.0689951 0.02 0.0985276 0.230987 0.0923227 0.02 0.0548773 0.02 0.282817 0.288998 0.086471 0.247109 0.0945235 0.02 0.1036 0.02 0.0861416 0.02 0.0805468 0.02 0.0414581 0.02 0.0248259 0.212882 0.0254646 0.0306015 0.0977844 0.163253 0.0593652 0.171652 0.0589217 0.177688 0.0557468 0.02 0.0489862 0.02 0.0526568 0.10825 0.0417593 0.02 0.029747 0.02 0.0279305 0.02 0.035003 0.02 0.0651934 0.02 0.042887 0.02 0.043426 0.02 0.066242 0.02 0.0793798 0.02 0.0862838 0.02 0.0266978 0.02 0.0651937 0.0288302 0.0553694 0.02 0.0503325 0.02 0.0425471 0.02 0.0265727 0.0544876 0.0321168 0.0596379 0.165475 0.0241066 0.0695509 0.206396 0.135175 0.0801945 0.421329 0.188348 0.108722 0.0804489 0.119134 0.0700748 0.0672689 0.02 0.0833153 0.02 0.096229 0.02 0.0965947 0.0634621 0.0701873 0.121827 0.282537 0.02 0.0714461 0.02 0.0835494 0.02 0.104283 0.225129 0.095377 0.247637 0.0892113 0.194804 0.0580495 0.02 0.0311864 0.0880569 0.0206288 0.02 0.128502 0.02 0.0818534 0.02 0.088649 0.02 0.0787677 0.02 0.0269433 0.02 0.0284562 0.02 0.0315376 0.02 0.0267444 0.02 0.0247008 0.02 0.0303133 0.445962 0.0752265 0.02 0.0415839 0.02 0.0408722 0.0663251 0.0738928 0.289555 0.0883458 0.130982 0.097101 0.0567661 0.113412 0.1581 0.118278 0.100934 0.0852622 0.02 0.0926625 0.02 0.11525 0.02 0.124841
=================================================================
Start time   = Wed Oct 29 15:19:43 2008
Finish time  = Wed Oct 29 15:20:27 2008
Elapsed time = 44 seconds.
=================================================================



================================================================
================================================================
Using CMC to track the specified kinematics
Integrating from 0.18 to 0.864
Start time = Wed Oct 29 15:20:27 2008
================================================================
rdCMC.computeControls:  t = 0.18
rdCMC.computeControls:  t = 0.19
rdCMC.computeControls:  t = 0.2
rdCMC.computeControls:  t = 0.21
rdCMC.computeControls:  t = 0.22
rdCMC.computeControls:  t = 0.23
rdCMC.computeControls:  t = 0.24
rdCMC.computeControls:  t = 0.25
rdCMC.computeControls:  t = 0.26
rdCMC.computeControls:  t = 0.27
rdCMC.computeControls:  t = 0.28
rdCMC.computeControls:  t = 0.29
rdCMC.computeControls:  t = 0.3
rdCMC.computeControls:  t = 0.31
rdCMC.computeControls:  t = 0.32
rdCMC.computeControls:  t = 0.33
rdCMC.computeControls:  t = 0.34
rdCMC.computeControls:  t = 0.35
rdCMC.computeControls:  t = 0.36
rdCMC.computeControls:  t = 0.37
rdCMC.computeControls:  t = 0.38
rdCMC.computeControls:  t = 0.39
rdCMC.computeControls:  t = 0.4
rdCMC.computeControls:  t = 0.41
rdCMC.computeControls:  t = 0.42
rdCMC.computeControls:  t = 0.43
rdCMC.computeControls:  t = 0.44
rdCMC.computeControls:  t = 0.45
rdCMC.computeControls:  t = 0.46
rdCMC.computeControls:  t = 0.47
rdCMC.computeControls:  t = 0.48
rdCMC.computeControls:  t = 0.49
rdCMC.computeControls:  t = 0.5
rdCMC.computeControls:  t = 0.51
rdCMC.computeControls:  t = 0.52
rdCMC.computeControls:  t = 0.53
rdCMC.computeControls:  t = 0.54
rdCMC.computeControls:  t = 0.55
rdCMC.computeControls:  t = 0.56
rdCMC.computeControls:  t = 0.57
rdCMC.computeControls:  t = 0.58
rdCMC.computeControls:  t = 0.59
rdCMC.computeControls:  t = 0.6
rdCMC.computeControls:  t = 0.61
rdCMC.computeControls:  t = 0.62
rdCMC.computeControls:  t = 0.63
rdCMC.computeControls:  t = 0.64
rdCMC.computeControls:  t = 0.65
rdCMC.computeControls:  t = 0.66
rdCMC.computeControls:  t = 0.67
rdCMC.computeControls:  t = 0.68
rdCMC.computeControls:  t = 0.69
rdCMC.computeControls:  t = 0.7
rdCMC.computeControls:  t = 0.71
rdCMC.computeControls:  t = 0.72
rdCMC.computeControls:  t = 0.73
rdCMC.computeControls:  t = 0.74
rdCMC.computeControls:  t = 0.75
rdCMC.computeControls:  t = 0.76
rdCMC.computeControls:  t = 0.77
rdCMC.computeControls:  t = 0.78
rdCMC.computeControls:  t = 0.79
rdCMC.computeControls:  t = 0.8
WARN- small force range for vas_med_r (1.25281 to 1.29132)
WARN- small force range for vas_int_r (1.32296 to 1.35954)
WARN- small force range for vas_lat_r (1.8226 to 1.8639)
rdCMC.computeControls:  t = 0.81
WARN- small force range for vas_med_r (1.23934 to 1.27828)
WARN- small force range for vas_int_r (1.30982 to 1.34678)
WARN- small force range for vas_lat_r (1.80558 to 1.84755)
rdCMC.computeControls:  t = 0.82
WARN- small force range for vas_med_r (1.22793 to 1.26723)
WARN- small force range for vas_int_r (1.29876 to 1.33605)
WARN- small force range for vas_lat_r (1.79105 to 1.83357)
rdCMC.computeControls:  t = 0.83
WARN- small force range for vas_med_r (1.22018 to 1.25979)
WARN- small force range for vas_int_r (1.29129 to 1.32886)
WARN- small force range for vas_lat_r (1.78107 to 1.82405)
rdCMC.computeControls:  t = 0.84
WARN- small force range for vas_med_r (1.21741 to 1.25728)
WARN- small force range for vas_int_r (1.28863 to 1.32644)
WARN- small force range for vas_lat_r (1.77718 to 1.82054)
rdCMC.computeControls:  t = 0.85
WARN- small force range for vas_med_r (1.22005 to 1.26015)
WARN- small force range for vas_int_r (1.29121 to 1.32923)
WARN- small force range for vas_lat_r (1.77976 to 1.82343)
----------------------------------------------------------------
Finished tracking the specified kinematics
=================================================================
Start time   = Wed Oct 29 15:20:27 2008
Finish time  = Wed Oct 29 15:40:52 2008
Elapsed time = 1225 seconds.
================================================================


Printing results of investigation GIL11_fast2_fixed_CMC_unconstr to Results.


Average residuals:
FX=1.02774 FY=0.783077 FZ=-1.62244
MX=0.648048 MY=0.28417 MZ=4.79053


Deleted model default
