-------------------------------------------------------
This program includes software developed by the
Apache Software Foundation (http://www.apache.org/).
-------------------------------------------------------

Deleted model 
RegisterTypes_SdfastEngine

-------------------------------------------------------
Library SdfastEngine...
-------------------------------------------------------

RegisterTypes_SimbodyEngine

-------------------------------------------------------
Library SimbodyEngine...
-------------------------------------------------------

Constructing investigation from setup file GIL12_free4_Setup_CMC_Unconstrained.xml.

AbstractTool GIL12_free4_fixed_CMC_unconstr loading model '../../GIL12_gait2392_simbody_adjusted.osim'
Created model GIL12 from file ../../GIL12_gait2392_simbody_adjusted.osim
Adding actuator set from ../../GIL12_CMC_Actuators.xml
Handling locked coordinate.
Handling locked coordinate.
Handling locked coordinate.
Handling locked coordinate.
SimbodyCoordinate.setValue: WARN- coordinate subtalar_angle_r is locked. Unable to change its value.
SimbodyCoordinate.setValue: WARN- coordinate mtp_angle_r is locked. Unable to change its value.
SimbodyCoordinate.setValue: WARN- coordinate subtalar_angle_l is locked. Unable to change its value.
SimbodyCoordinate.setValue: WARN- coordinate mtp_angle_l is locked. Unable to change its value.
-----------------------------------------------------------------------
Loaded library
-----------------------------------------------------------------------
             MODEL: GIL12
         actuators: 111
          analyses: 3
          contacts: 0
-----------------------------------------------------------------------

Running tool GIL12_free4_fixed_CMC_unconstr.
MODEL: GIL12

ANALYSES (3)
analysis[0] = Kinematics
analysis[1] = Actuation
analysis[2] = BodyKinematics

BODIES (13)
body[0] = ground (mass: 0) (inertia: 0 0 0 0 0 0 0 0 0)
body[1] = pelvis (mass: 4.07857) (inertia: 0.0165789 0 0 0 0.0140469 0 0 0 0.00933772)
body[2] = femur_r (mass: 3.22123) (inertia: 0.027099 0 0 0 0.00710362 0 0 0 0.0285764)
body[3] = tibia_r (mass: 1.28397) (inertia: 0.00788237 0 0 0 0.00079762 0 0 0 0.00799185)
body[4] = talus_r (mass: 0.0346316) (inertia: 0.0001564 0 0 0 0.0001564 0 0 0 0.0001564)
body[5] = calcn_r (mass: 0.432896) (inertia: 0.00027924 0 0 0 0.0007779 0 0 0 0.00081779)
body[6] = toes_r (mass: 0.0750121) (inertia: 1.995e-005 0 0 0 3.989e-005 0 0 0 0.00019946)
body[7] = femur_l (mass: 3.22123) (inertia: 0.027099 0 0 0 0.00710362 0 0 0 0.0285764)
body[8] = tibia_l (mass: 1.28397) (inertia: 0.00788237 0 0 0 0.00079762 0 0 0 0.00799185)
body[9] = talus_l (mass: 0.0346316) (inertia: 0.0001564 0 0 0 0.0001564 0 0 0 0.0001564)
body[10] = calcn_l (mass: 0.432896) (inertia: 0.00027924 0 0 0 0.0007779 0 0 0 0.00081779)
body[11] = toes_l (mass: 0.0750121) (inertia: 1.995e-005 0 0 0 3.989e-005 0 0 0 0.00019946)
body[12] = torso (mass: 12.0087) (inertia: 0.247313 0 0 0 0.126717 0 0 0 0.240084)

ACTUATORS (111)
actuator[0] = glut_med1_r (controls: glut_med1_r.excitation)
actuator[1] = glut_med2_r (controls: glut_med2_r.excitation)
actuator[2] = glut_med3_r (controls: glut_med3_r.excitation)
actuator[3] = glut_min1_r (controls: glut_min1_r.excitation)
actuator[4] = glut_min2_r (controls: glut_min2_r.excitation)
actuator[5] = glut_min3_r (controls: glut_min3_r.excitation)
actuator[6] = semimem_r (controls: semimem_r.excitation)
actuator[7] = semiten_r (controls: semiten_r.excitation)
actuator[8] = bifemlh_r (controls: bifemlh_r.excitation)
actuator[9] = bifemsh_r (controls: bifemsh_r.excitation)
actuator[10] = sar_r (controls: sar_r.excitation)
actuator[11] = add_long_r (controls: add_long_r.excitation)
actuator[12] = add_brev_r (controls: add_brev_r.excitation)
actuator[13] = add_mag1_r (controls: add_mag1_r.excitation)
actuator[14] = add_mag2_r (controls: add_mag2_r.excitation)
actuator[15] = add_mag3_r (controls: add_mag3_r.excitation)
actuator[16] = tfl_r (controls: tfl_r.excitation)
actuator[17] = pect_r (controls: pect_r.excitation)
actuator[18] = grac_r (controls: grac_r.excitation)
actuator[19] = glut_max1_r (controls: glut_max1_r.excitation)
actuator[20] = glut_max2_r (controls: glut_max2_r.excitation)
actuator[21] = glut_max3_r (controls: glut_max3_r.excitation)
actuator[22] = iliacus_r (controls: iliacus_r.excitation)
actuator[23] = psoas_r (controls: psoas_r.excitation)
actuator[24] = quad_fem_r (controls: quad_fem_r.excitation)
actuator[25] = gem_r (controls: gem_r.excitation)
actuator[26] = peri_r (controls: peri_r.excitation)
actuator[27] = rect_fem_r (controls: rect_fem_r.excitation)
actuator[28] = vas_med_r (controls: vas_med_r.excitation)
actuator[29] = vas_int_r (controls: vas_int_r.excitation)
actuator[30] = vas_lat_r (controls: vas_lat_r.excitation)
actuator[31] = med_gas_r (controls: med_gas_r.excitation)
actuator[32] = lat_gas_r (controls: lat_gas_r.excitation)
actuator[33] = soleus_r (controls: soleus_r.excitation)
actuator[34] = tib_post_r (controls: tib_post_r.excitation)
actuator[35] = flex_dig_r (controls: flex_dig_r.excitation)
actuator[36] = flex_hal_r (controls: flex_hal_r.excitation)
actuator[37] = tib_ant_r (controls: tib_ant_r.excitation)
actuator[38] = per_brev_r (controls: per_brev_r.excitation)
actuator[39] = per_long_r (controls: per_long_r.excitation)
actuator[40] = per_tert_r (controls: per_tert_r.excitation)
actuator[41] = ext_dig_r (controls: ext_dig_r.excitation)
actuator[42] = ext_hal_r (controls: ext_hal_r.excitation)
actuator[43] = glut_med1_l (controls: glut_med1_l.excitation)
actuator[44] = glut_med2_l (controls: glut_med2_l.excitation)
actuator[45] = glut_med3_l (controls: glut_med3_l.excitation)
actuator[46] = glut_min1_l (controls: glut_min1_l.excitation)
actuator[47] = glut_min2_l (controls: glut_min2_l.excitation)
actuator[48] = glut_min3_l (controls: glut_min3_l.excitation)
actuator[49] = semimem_l (controls: semimem_l.excitation)
actuator[50] = semiten_l (controls: semiten_l.excitation)
actuator[51] = bifemlh_l (controls: bifemlh_l.excitation)
actuator[52] = bifemsh_l (controls: bifemsh_l.excitation)
actuator[53] = sar_l (controls: sar_l.excitation)
actuator[54] = add_long_l (controls: add_long_l.excitation)
actuator[55] = add_brev_l (controls: add_brev_l.excitation)
actuator[56] = add_mag1_l (controls: add_mag1_l.excitation)
actuator[57] = add_mag2_l (controls: add_mag2_l.excitation)
actuator[58] = add_mag3_l (controls: add_mag3_l.excitation)
actuator[59] = tfl_l (controls: tfl_l.excitation)
actuator[60] = pect_l (controls: pect_l.excitation)
actuator[61] = grac_l (controls: grac_l.excitation)
actuator[62] = glut_max1_l (controls: glut_max1_l.excitation)
actuator[63] = glut_max2_l (controls: glut_max2_l.excitation)
actuator[64] = glut_max3_l (controls: glut_max3_l.excitation)
actuator[65] = iliacus_l (controls: iliacus_l.excitation)
actuator[66] = psoas_l (controls: psoas_l.excitation)
actuator[67] = quad_fem_l (controls: quad_fem_l.excitation)
actuator[68] = gem_l (controls: gem_l.excitation)
actuator[69] = peri_l (controls: peri_l.excitation)
actuator[70] = rect_fem_l (controls: rect_fem_l.excitation)
actuator[71] = vas_med_l (controls: vas_med_l.excitation)
actuator[72] = vas_int_l (controls: vas_int_l.excitation)
actuator[73] = vas_lat_l (controls: vas_lat_l.excitation)
actuator[74] = med_gas_l (controls: med_gas_l.excitation)
actuator[75] = lat_gas_l (controls: lat_gas_l.excitation)
actuator[76] = soleus_l (controls: soleus_l.excitation)
actuator[77] = tib_post_l (controls: tib_post_l.excitation)
actuator[78] = flex_dig_l (controls: flex_dig_l.excitation)
actuator[79] = flex_hal_l (controls: flex_hal_l.excitation)
actuator[80] = tib_ant_l (controls: tib_ant_l.excitation)
actuator[81] = per_brev_l (controls: per_brev_l.excitation)
actuator[82] = per_long_l (controls: per_long_l.excitation)
actuator[83] = per_tert_l (controls: per_tert_l.excitation)
actuator[84] = ext_dig_l (controls: ext_dig_l.excitation)
actuator[85] = ext_hal_l (controls: ext_hal_l.excitation)
actuator[86] = ercspn_r (controls: ercspn_r.excitation)
actuator[87] = ercspn_l (controls: ercspn_l.excitation)
actuator[88] = intobl_r (controls: intobl_r.excitation)
actuator[89] = intobl_l (controls: intobl_l.excitation)
actuator[90] = extobl_r (controls: extobl_r.excitation)
actuator[91] = extobl_l (controls: extobl_l.excitation)
actuator[92] = FX (controls: FX.excitation)
actuator[93] = FY (controls: FY.excitation)
actuator[94] = FZ (controls: FZ.excitation)
actuator[95] = MX (controls: MX.excitation)
actuator[96] = MY (controls: MY.excitation)
actuator[97] = MZ (controls: MZ.excitation)
actuator[98] = hip_flexion_r_reserve (controls: hip_flexion_r_reserve.excitation)
actuator[99] = hip_adduction_r_reserve (controls: hip_adduction_r_reserve.excitation)
actuator[100] = hip_rotation_r_reserve (controls: hip_rotation_r_reserve.excitation)
actuator[101] = knee_angle_r_reserve (controls: knee_angle_r_reserve.excitation)
actuator[102] = ankle_angle_r_reserve (controls: ankle_angle_r_reserve.excitation)
actuator[103] = hip_flexion_l_reserve (controls: hip_flexion_l_reserve.excitation)
actuator[104] = hip_adduction_l_reserve (controls: hip_adduction_l_reserve.excitation)
actuator[105] = hip_rotation_l_reserve (controls: hip_rotation_l_reserve.excitation)
actuator[106] = knee_angle_l_reserve (controls: knee_angle_l_reserve.excitation)
actuator[107] = ankle_angle_l_reserve (controls: ankle_angle_l_reserve.excitation)
actuator[108] = lumbar_extension_reserve (controls: lumbar_extension_reserve.excitation)
actuator[109] = lumbar_bending_reserve (controls: lumbar_bending_reserve.excitation)
actuator[110] = lumbar_rotation_reserve (controls: lumbar_rotation_reserve.excitation)

CONTACTS (0)
numControls = 111
numStates = 230
numCoordinates = 23
numSpeeds = 23
numActuators = 111
numBodies = 13

STATES (230)
y[0] = pelvis_tx
y[1] = pelvis_ty
y[2] = pelvis_tz
y[3] = pelvis_tilt
y[4] = pelvis_list
y[5] = pelvis_rotation
y[6] = hip_flexion_r
y[7] = hip_adduction_r
y[8] = hip_rotation_r
y[9] = knee_angle_r
y[10] = ankle_angle_r
y[11] = subtalar_angle_r
y[12] = mtp_angle_r
y[13] = hip_flexion_l
y[14] = hip_adduction_l
y[15] = hip_rotation_l
y[16] = knee_angle_l
y[17] = ankle_angle_l
y[18] = subtalar_angle_l
y[19] = mtp_angle_l
y[20] = lumbar_extension
y[21] = lumbar_bending
y[22] = lumbar_rotation
y[23] = pelvis_tx_u
y[24] = pelvis_ty_u
y[25] = pelvis_tz_u
y[26] = pelvis_tilt_u
y[27] = pelvis_list_u
y[28] = pelvis_rotation_u
y[29] = hip_flexion_r_u
y[30] = hip_adduction_r_u
y[31] = hip_rotation_r_u
y[32] = knee_angle_r_u
y[33] = ankle_angle_r_u
y[34] = subtalar_angle_r_u
y[35] = mtp_angle_r_u
y[36] = hip_flexion_l_u
y[37] = hip_adduction_l_u
y[38] = hip_rotation_l_u
y[39] = knee_angle_l_u
y[40] = ankle_angle_l_u
y[41] = subtalar_angle_l_u
y[42] = mtp_angle_l_u
y[43] = lumbar_extension_u
y[44] = lumbar_bending_u
y[45] = lumbar_rotation_u
y[46] = glut_med1_r.activation
y[47] = glut_med1_r.fiber_length
y[48] = glut_med2_r.activation
y[49] = glut_med2_r.fiber_length
y[50] = glut_med3_r.activation
y[51] = glut_med3_r.fiber_length
y[52] = glut_min1_r.activation
y[53] = glut_min1_r.fiber_length
y[54] = glut_min2_r.activation
y[55] = glut_min2_r.fiber_length
y[56] = glut_min3_r.activation
y[57] = glut_min3_r.fiber_length
y[58] = semimem_r.activation
y[59] = semimem_r.fiber_length
y[60] = semiten_r.activation
y[61] = semiten_r.fiber_length
y[62] = bifemlh_r.activation
y[63] = bifemlh_r.fiber_length
y[64] = bifemsh_r.activation
y[65] = bifemsh_r.fiber_length
y[66] = sar_r.activation
y[67] = sar_r.fiber_length
y[68] = add_long_r.activation
y[69] = add_long_r.fiber_length
y[70] = add_brev_r.activation
y[71] = add_brev_r.fiber_length
y[72] = add_mag1_r.activation
y[73] = add_mag1_r.fiber_length
y[74] = add_mag2_r.activation
y[75] = add_mag2_r.fiber_length
y[76] = add_mag3_r.activation
y[77] = add_mag3_r.fiber_length
y[78] = tfl_r.activation
y[79] = tfl_r.fiber_length
y[80] = pect_r.activation
y[81] = pect_r.fiber_length
y[82] = grac_r.activation
y[83] = grac_r.fiber_length
y[84] = glut_max1_r.activation
y[85] = glut_max1_r.fiber_length
y[86] = glut_max2_r.activation
y[87] = glut_max2_r.fiber_length
y[88] = glut_max3_r.activation
y[89] = glut_max3_r.fiber_length
y[90] = iliacus_r.activation
y[91] = iliacus_r.fiber_length
y[92] = psoas_r.activation
y[93] = psoas_r.fiber_length
y[94] = quad_fem_r.activation
y[95] = quad_fem_r.fiber_length
y[96] = gem_r.activation
y[97] = gem_r.fiber_length
y[98] = peri_r.activation
y[99] = peri_r.fiber_length
y[100] = rect_fem_r.activation
y[101] = rect_fem_r.fiber_length
y[102] = vas_med_r.activation
y[103] = vas_med_r.fiber_length
y[104] = vas_int_r.activation
y[105] = vas_int_r.fiber_length
y[106] = vas_lat_r.activation
y[107] = vas_lat_r.fiber_length
y[108] = med_gas_r.activation
y[109] = med_gas_r.fiber_length
y[110] = lat_gas_r.activation
y[111] = lat_gas_r.fiber_length
y[112] = soleus_r.activation
y[113] = soleus_r.fiber_length
y[114] = tib_post_r.activation
y[115] = tib_post_r.fiber_length
y[116] = flex_dig_r.activation
y[117] = flex_dig_r.fiber_length
y[118] = flex_hal_r.activation
y[119] = flex_hal_r.fiber_length
y[120] = tib_ant_r.activation
y[121] = tib_ant_r.fiber_length
y[122] = per_brev_r.activation
y[123] = per_brev_r.fiber_length
y[124] = per_long_r.activation
y[125] = per_long_r.fiber_length
y[126] = per_tert_r.activation
y[127] = per_tert_r.fiber_length
y[128] = ext_dig_r.activation
y[129] = ext_dig_r.fiber_length
y[130] = ext_hal_r.activation
y[131] = ext_hal_r.fiber_length
y[132] = glut_med1_l.activation
y[133] = glut_med1_l.fiber_length
y[134] = glut_med2_l.activation
y[135] = glut_med2_l.fiber_length
y[136] = glut_med3_l.activation
y[137] = glut_med3_l.fiber_length
y[138] = glut_min1_l.activation
y[139] = glut_min1_l.fiber_length
y[140] = glut_min2_l.activation
y[141] = glut_min2_l.fiber_length
y[142] = glut_min3_l.activation
y[143] = glut_min3_l.fiber_length
y[144] = semimem_l.activation
y[145] = semimem_l.fiber_length
y[146] = semiten_l.activation
y[147] = semiten_l.fiber_length
y[148] = bifemlh_l.activation
y[149] = bifemlh_l.fiber_length
y[150] = bifemsh_l.activation
y[151] = bifemsh_l.fiber_length
y[152] = sar_l.activation
y[153] = sar_l.fiber_length
y[154] = add_long_l.activation
y[155] = add_long_l.fiber_length
y[156] = add_brev_l.activation
y[157] = add_brev_l.fiber_length
y[158] = add_mag1_l.activation
y[159] = add_mag1_l.fiber_length
y[160] = add_mag2_l.activation
y[161] = add_mag2_l.fiber_length
y[162] = add_mag3_l.activation
y[163] = add_mag3_l.fiber_length
y[164] = tfl_l.activation
y[165] = tfl_l.fiber_length
y[166] = pect_l.activation
y[167] = pect_l.fiber_length
y[168] = grac_l.activation
y[169] = grac_l.fiber_length
y[170] = glut_max1_l.activation
y[171] = glut_max1_l.fiber_length
y[172] = glut_max2_l.activation
y[173] = glut_max2_l.fiber_length
y[174] = glut_max3_l.activation
y[175] = glut_max3_l.fiber_length
y[176] = iliacus_l.activation
y[177] = iliacus_l.fiber_length
y[178] = psoas_l.activation
y[179] = psoas_l.fiber_length
y[180] = quad_fem_l.activation
y[181] = quad_fem_l.fiber_length
y[182] = gem_l.activation
y[183] = gem_l.fiber_length
y[184] = peri_l.activation
y[185] = peri_l.fiber_length
y[186] = rect_fem_l.activation
y[187] = rect_fem_l.fiber_length
y[188] = vas_med_l.activation
y[189] = vas_med_l.fiber_length
y[190] = vas_int_l.activation
y[191] = vas_int_l.fiber_length
y[192] = vas_lat_l.activation
y[193] = vas_lat_l.fiber_length
y[194] = med_gas_l.activation
y[195] = med_gas_l.fiber_length
y[196] = lat_gas_l.activation
y[197] = lat_gas_l.fiber_length
y[198] = soleus_l.activation
y[199] = soleus_l.fiber_length
y[200] = tib_post_l.activation
y[201] = tib_post_l.fiber_length
y[202] = flex_dig_l.activation
y[203] = flex_dig_l.fiber_length
y[204] = flex_hal_l.activation
y[205] = flex_hal_l.fiber_length
y[206] = tib_ant_l.activation
y[207] = tib_ant_l.fiber_length
y[208] = per_brev_l.activation
y[209] = per_brev_l.fiber_length
y[210] = per_long_l.activation
y[211] = per_long_l.fiber_length
y[212] = per_tert_l.activation
y[213] = per_tert_l.fiber_length
y[214] = ext_dig_l.activation
y[215] = ext_dig_l.fiber_length
y[216] = ext_hal_l.activation
y[217] = ext_hal_l.fiber_length
y[218] = ercspn_r.activation
y[219] = ercspn_r.fiber_length
y[220] = ercspn_l.activation
y[221] = ercspn_l.fiber_length
y[222] = intobl_r.activation
y[223] = intobl_r.fiber_length
y[224] = intobl_l.activation
y[225] = intobl_l.fiber_length
y[226] = extobl_r.activation
y[227] = extobl_r.fiber_length
y[228] = extobl_l.activation
y[229] = extobl_l.fiber_length


Loading desired kinematics from file ../RRA/Results/GIL12_free4_RRA_Kinematics_q.sto ...
Storage: file=../RRA/Results/GIL12_free4_RRA_Kinematics_q.sto (nr=869 nc=24)


Note- not filtering the desired kinematics.



Loading external loads kinematics from file ../IK/GIL12_free4_ik.mot ...
Storage: file=../IK/GIL12_free4_ik.mot (nr=111 nc=375)
Low-pass filtering external load kinematics with a cutoff frequency of 6...
Storage: file=../IK/GIL12_free4_ik.mot (nr=111 nc=375)
Padded kineticsStore to start time of 0.09167

Constructing function set for tracking...



 taskSet size = 19

Using the generalized coordinates specified in ../RRA/Results/GIL12_free4_RRA_Kinematics_q.sto to set the initial configuration.
Successfully linked to CFSQP library 'osimCFSQP.dll'
Using CFSQP optimizer algorithm.

Setting optimizer print level to 0.
Setting optimizer convergence criterion to 1e-006.
Setting optimizer maximum iterations to 2000.

Setting cmc controller to not use verbose printing.



================================================================
================================================================
Computing initial values for muscles states (activation, length)
Start time = Thu Oct 30 15:52:02 2008
================================================================

=============================================
rdCMC.computeInitialStates: ti=0.14167
=============================================
rdCMC.computeControls:  t = 0.14167
rdCMC.computeControls:  t = 0.14167

-----------------------------------------------------------------
Finished computing initial states:
-----------------------------------------------------------------
Array[230]= 0.848602 0.672893 -0.306424 0.126651 0.13367 -0.100493 -0.0397252 -0.201364 -0.198443 -1.10846 -0.186186 1.41829e-017 -2.15255e-017 0.166706 0.231101 -0.104798 -0.379768 0.101704 2.18374e-016 -2.8716e-016 -0.389215 -0.227601 0.0946426 1.09135 0.247157 -0.0497395 -0.366601 -0.215324 -0.0265549 4.10785 -0.106354 4.44949 -2.20999 3.16459 2.12454e-016 -5.32493e-016 -1.98851 -0.331804 -4.03652 1.14743 1.39726 1.31831e-015 -7.25244e-015 0.622583 1.96684 -2.98976 0.283618 0.0258981 0.02 0.0464867 0.02 0.0329074 0.182483 0.0449784 0.0816578 0.0352564 0.02 0.0179978 0.157687 0.0203098 0.0795208 0.123611 0.02 0.0471901 0.391908 0.105607 0.161819 0.334655 0.0617048 0.0913095 0.02 0.0952712 0.02 0.051728 0.02 0.0646739 0.02 0.0738212 0.0937535 0.0808876 0.02 0.0577011 0.0506054 0.221962 0.02 0.0459129 0.02 0.0533389 0.02 0.0671217 0.311642 0.0773336 0.327428 0.0717283 0.02 0.0326962 0.02 0.0152024 0.02 0.00727078 0.02 0.108346 0.02 0.0680065 0.02 0.0681505 0.02 0.0654675 0.0563386 0.0189808 0.0340719 0.0203304 0.02 0.0247621 0.02 0.0215363 0.02 0.02092 0.02 0.0254159 0.321948 0.0589003 0.02 0.0335458 0.02 0.0332958 0.0362115 0.0580442 0.19501 0.0707321 0.0780842 0.0780542 0.194836 0.0402536 0.284978 0.063619 0.23231 0.0487441 0.0302677 0.0563226 0.0545766 0.0484258 0.0970491 0.0319419 0.02 0.0404575 0.02 0.148733 0.02 0.067102 0.02 0.120208 0.0356256 0.342186 0.02 0.0660985 0.02 0.074156 0.02 0.0303939 0.02 0.0482312 0.02 0.0711296 0.0513118 0.0848459 0.02 0.0440421 0.02 0.222835 0.21721 0.0613333 0.215623 0.0656274 0.02 0.0664535 0.02 0.070817 0.02 0.0658752 0.02 0.0248456 0.02 0.0157453 0.050778 0.017957 0.101245 0.0825405 0.0360498 0.047595 0.0425194 0.0513247 0.051286 0.044635 0.02 0.0369 0.02 0.0396719 0.02 0.0323343 0.02 0.0228151 0.02 0.0221822 0.02 0.0278468 0.063636 0.0518574 0.02 0.0337438 0.02 0.0343248 0.02 0.05271 0.0284734 0.0646289 0.02 0.0708407 0.239216 0.0971367 0.0494791 0.0873608 0.271727 0.0715375 0.02 0.0348166 0.02 0.0757175 0.0705088 0.0658189
=================================================================
Start time   = Thu Oct 30 15:52:02 2008
Finish time  = Thu Oct 30 15:53:12 2008
Elapsed time = 70 seconds.
=================================================================



================================================================
================================================================
Using CMC to track the specified kinematics
Integrating from 0.17167 to 0.96967
Start time = Thu Oct 30 15:53:12 2008
================================================================
rdCMC.computeControls:  t = 0.17167
WARN- small force range for quad_fem_l (0.311442 to 0.349262)
WARN- small force range for gem_l (0.153021 to 0.156914)
rdCMC.computeControls:  t = 0.18167
WARN- small force range for quad_fem_l (0.298939 to 0.336806)
WARN- small force range for gem_l (0.150232 to 0.15423)
rdCMC.computeControls:  t = 0.19167
WARN- small force range for quad_fem_l (0.294462 to 0.332372)
WARN- small force range for gem_l (0.148567 to 0.152648)
rdCMC.computeControls:  t = 0.20167
WARN- small force range for quad_fem_l (0.299206 to 0.337158)
WARN- small force range for gem_l (0.148349 to 0.152498)
rdCMC.computeControls:  t = 0.21167
WARN- small force range for quad_fem_l (0.316273 to 0.354268)
WARN- small force range for gem_l (0.15047 to 0.154675)
rdCMC.computeControls:  t = 0.22167
WARN- small force range for gem_l (0.154835 to 0.159089)
rdCMC.computeControls:  t = 0.23167
rdCMC.computeControls:  t = 0.24167
rdCMC.computeControls:  t = 0.25167
rdCMC.computeControls:  t = 0.26167
rdCMC.computeControls:  t = 0.27167
rdCMC.computeControls:  t = 0.28167
WARN- small force range for gem_r (0.16202 to 0.313709)
rdCMC.computeControls:  t = 0.29167
WARN- small force range for gem_r (0.159029 to 0.161417)
rdCMC.computeControls:  t = 0.30167
WARN- small force range for gem_r (0.155664 to 0.158407)
rdCMC.computeControls:  t = 0.31167
WARN- small force range for gem_r (0.152747 to 0.155797)
rdCMC.computeControls:  t = 0.32167
WARN- small force range for gem_r (0.151074 to 0.154389)
rdCMC.computeControls:  t = 0.33167
WARN- small force range for gem_r (0.156291 to 0.157955)
rdCMC.computeControls:  t = 0.34167
WARN- small force range for gem_r (0.161257 to 0.163049)
rdCMC.computeControls:  t = 0.35167
rdCMC.computeControls:  t = 0.36167
rdCMC.computeControls:  t = 0.37167
rdCMC.computeControls:  t = 0.38167
rdCMC.computeControls:  t = 0.39167
rdCMC.computeControls:  t = 0.40167
rdCMC.computeControls:  t = 0.41167
rdCMC.computeControls:  t = 0.42167
rdCMC.computeControls:  t = 0.43167
rdCMC.computeControls:  t = 0.44167
rdCMC.computeControls:  t = 0.45167
rdCMC.computeControls:  t = 0.46167
rdCMC.computeControls:  t = 0.47167
rdCMC.computeControls:  t = 0.48167
rdCMC.computeControls:  t = 0.49167
rdCMC.computeControls:  t = 0.50167
rdCMC.computeControls:  t = 0.51167
rdCMC.computeControls:  t = 0.52167
WARN- small force range for lat_gas_l (0.680742 to 0.874662)
rdCMC.computeControls:  t = 0.53167
WARN- small force range for med_gas_l (1.55081 to 1.55506)
WARN- small force range for lat_gas_l (0.679775 to 0.681472)
rdCMC.computeControls:  t = 0.54167
WARN- small force range for med_gas_l (1.54391 to 1.54858)
WARN- small force range for lat_gas_l (0.677169 to 0.679018)
rdCMC.computeControls:  t = 0.55167
WARN- small force range for med_gas_l (1.53769 to 1.54304)
WARN- small force range for lat_gas_l (0.675113 to 0.677128)
rdCMC.computeControls:  t = 0.56167
WARN- small force range for med_gas_l (1.53226 to 1.53829)
WARN- small force range for lat_gas_l (0.673323 to 0.675548)
rdCMC.computeControls:  t = 0.57167
WARN- small force range for med_gas_l (1.5294 to 1.53622)
WARN- small force range for lat_gas_l (0.672563 to 0.675084)
rdCMC.computeControls:  t = 0.58167
WARN- small force range for med_gas_l (1.53858 to 1.54321)
WARN- small force range for lat_gas_l (0.676076 to 0.677954)
rdCMC.computeControls:  t = 0.59167
rdCMC.computeControls:  t = 0.60167
rdCMC.computeControls:  t = 0.61167
rdCMC.computeControls:  t = 0.62167
rdCMC.computeControls:  t = 0.63167
rdCMC.computeControls:  t = 0.64167
rdCMC.computeControls:  t = 0.65167
rdCMC.computeControls:  t = 0.66167
rdCMC.computeControls:  t = 0.67167
rdCMC.computeControls:  t = 0.68167
rdCMC.computeControls:  t = 0.69167
rdCMC.computeControls:  t = 0.70167
rdCMC.computeControls:  t = 0.71167
rdCMC.computeControls:  t = 0.72167
rdCMC.computeControls:  t = 0.73167
rdCMC.computeControls:  t = 0.74167
rdCMC.computeControls:  t = 0.75167
rdCMC.computeControls:  t = 0.76167
rdCMC.computeControls:  t = 0.77167
rdCMC.computeControls:  t = 0.78167
rdCMC.computeControls:  t = 0.79167
rdCMC.computeControls:  t = 0.80167
rdCMC.computeControls:  t = 0.81167
rdCMC.computeControls:  t = 0.82167
rdCMC.computeControls:  t = 0.83167
rdCMC.computeControls:  t = 0.84167
rdCMC.computeControls:  t = 0.85167
rdCMC.computeControls:  t = 0.86167
rdCMC.computeControls:  t = 0.87167
rdCMC.computeControls:  t = 0.88167
rdCMC.computeControls:  t = 0.89167
rdCMC.computeControls:  t = 0.90167
rdCMC.computeControls:  t = 0.91167
rdCMC.computeControls:  t = 0.92167
rdCMC.computeControls:  t = 0.93167
rdCMC.computeControls:  t = 0.94167
rdCMC.computeControls:  t = 0.95167
----------------------------------------------------------------
Finished tracking the specified kinematics
=================================================================
Start time   = Thu Oct 30 15:53:12 2008
Finish time  = Thu Oct 30 16:17:48 2008
Elapsed time = 1476 seconds.
================================================================


Printing results of investigation GIL12_free4_fixed_CMC_unconstr to Results.


Average residuals:
FX=1.1504 FY=-1.53961 FZ=-2.42006
MX=0.387316 MY=0.0812878 MZ=1.15042


Deleted model default
