-------------------------------------------------------
This program includes software developed by the
Apache Software Foundation (http://www.apache.org/).
-------------------------------------------------------

Deleted model 
RegisterTypes_SdfastEngine

-------------------------------------------------------
Library SdfastEngine...
-------------------------------------------------------

RegisterTypes_SimbodyEngine

-------------------------------------------------------
Library SimbodyEngine...
-------------------------------------------------------

Constructing investigation from setup file GIL06_slow2_Setup_RRA.xml.

AbstractTool GIL06_slow2_RRA loading model '../../GIL06_gait2392_simbody_adjusted.osim'
Created model GIL06 from file ../../GIL06_gait2392_simbody_adjusted.osim
Adding actuator set from ../../GIL06_RRA_Actuators.xml
Handling locked coordinate.
Handling locked coordinate.
Handling locked coordinate.
Handling locked coordinate.
SimbodyCoordinate.setValue: WARN- coordinate subtalar_angle_r is locked. Unable to change its value.
SimbodyCoordinate.setValue: WARN- coordinate mtp_angle_r is locked. Unable to change its value.
SimbodyCoordinate.setValue: WARN- coordinate subtalar_angle_l is locked. Unable to change its value.
SimbodyCoordinate.setValue: WARN- coordinate mtp_angle_l is locked. Unable to change its value.
-----------------------------------------------------------------------
Loaded library
-----------------------------------------------------------------------
             MODEL: GIL06
         actuators: 19
          analyses: 0
          contacts: 0
-----------------------------------------------------------------------

Running tool GIL06_slow2_RRA.
MODEL: GIL06

ANALYSES (0)

BODIES (13)
body[0] = ground (mass: 0) (inertia: 0 0 0 0 0 0 0 0 0)
body[1] = pelvis (mass: 12.7983) (inertia: 0.103095 0 0 0 0.0873497 0 0 0 0.058066)
body[2] = femur_r (mass: 10.108) (inertia: 0.124709 0 0 0 0.0326907 0 0 0 0.131508)
body[3] = tibia_r (mass: 4.029) (inertia: 0.040192 0 0 0 0.00406705 0 0 0 0.0407502)
body[4] = talus_r (mass: 0.108672) (inertia: 0.00079746 0 0 0 0.00079746 0 0 0 0.00079746)
body[5] = calcn_r (mass: 1.3584) (inertia: 0.00126007 0 0 0 0.00351019 0 0 0 0.0036902)
body[6] = toes_r (mass: 0.235383) (inertia: 9e-005 0 0 0 0.00018001 0 0 0 0.00090005)
body[7] = femur_l (mass: 10.108) (inertia: 0.124709 0 0 0 0.0326907 0 0 0 0.131508)
body[8] = tibia_l (mass: 4.029) (inertia: 0.040192 0 0 0 0.00406705 0 0 0 0.0407502)
body[9] = talus_l (mass: 0.108672) (inertia: 0.00079746 0 0 0 0.00079746 0 0 0 0.00079746)
body[10] = calcn_l (mass: 1.3584) (inertia: 0.00126007 0 0 0 0.00351019 0 0 0 0.0036902)
body[11] = toes_l (mass: 0.235383) (inertia: 9e-005 0 0 0 0.00018001 0 0 0 0.00090005)
body[12] = torso (mass: 37.8843) (inertia: 1.58775 0 0 0 0.813525 0 0 0 1.54134)

ACTUATORS (19)
actuator[0] = FX (controls: FX.excitation)
actuator[1] = FY (controls: FY.excitation)
actuator[2] = FZ (controls: FZ.excitation)
actuator[3] = MX (controls: MX.excitation)
actuator[4] = MY (controls: MY.excitation)
actuator[5] = MZ (controls: MZ.excitation)
actuator[6] = hip_flexion_r (controls: hip_flexion_r.excitation)
actuator[7] = hip_adduction_r (controls: hip_adduction_r.excitation)
actuator[8] = hip_rotation_r (controls: hip_rotation_r.excitation)
actuator[9] = knee_angle_r (controls: knee_angle_r.excitation)
actuator[10] = ankle_angle_r (controls: ankle_angle_r.excitation)
actuator[11] = hip_flexion_l (controls: hip_flexion_l.excitation)
actuator[12] = hip_adduction_l (controls: hip_adduction_l.excitation)
actuator[13] = hip_rotation_l (controls: hip_rotation_l.excitation)
actuator[14] = knee_angle_l (controls: knee_angle_l.excitation)
actuator[15] = ankle_angle_l (controls: ankle_angle_l.excitation)
actuator[16] = lumbar_extension (controls: lumbar_extension.excitation)
actuator[17] = lumbar_bending (controls: lumbar_bending.excitation)
actuator[18] = lumbar_rotation (controls: lumbar_rotation.excitation)

CONTACTS (0)
numControls = 19
numStates = 46
numCoordinates = 23
numSpeeds = 23
numActuators = 19
numBodies = 13

STATES (46)
y[0] = pelvis_tx
y[1] = pelvis_ty
y[2] = pelvis_tz
y[3] = pelvis_tilt
y[4] = pelvis_list
y[5] = pelvis_rotation
y[6] = hip_flexion_r
y[7] = hip_adduction_r
y[8] = hip_rotation_r
y[9] = knee_angle_r
y[10] = ankle_angle_r
y[11] = subtalar_angle_r
y[12] = mtp_angle_r
y[13] = hip_flexion_l
y[14] = hip_adduction_l
y[15] = hip_rotation_l
y[16] = knee_angle_l
y[17] = ankle_angle_l
y[18] = subtalar_angle_l
y[19] = mtp_angle_l
y[20] = lumbar_extension
y[21] = lumbar_bending
y[22] = lumbar_rotation
y[23] = pelvis_tx_u
y[24] = pelvis_ty_u
y[25] = pelvis_tz_u
y[26] = pelvis_tilt_u
y[27] = pelvis_list_u
y[28] = pelvis_rotation_u
y[29] = hip_flexion_r_u
y[30] = hip_adduction_r_u
y[31] = hip_rotation_r_u
y[32] = knee_angle_r_u
y[33] = ankle_angle_r_u
y[34] = subtalar_angle_r_u
y[35] = mtp_angle_r_u
y[36] = hip_flexion_l_u
y[37] = hip_adduction_l_u
y[38] = hip_rotation_l_u
y[39] = knee_angle_l_u
y[40] = ankle_angle_l_u
y[41] = subtalar_angle_l_u
y[42] = mtp_angle_l_u
y[43] = lumbar_extension_u
y[44] = lumbar_bending_u
y[45] = lumbar_rotation_u


Loading desired kinematics from file ../IK/GIL06_slow2_ik.mot ...
Storage: file=../IK/GIL06_slow2_ik.mot (nr=136 nc=375)


Low-pass filtering desired kinematics with a cutoff frequency of 8...



Loading external loads kinematics from file ../IK/GIL06_slow2_ik.mot ...
Storage: file=../IK/GIL06_slow2_ik.mot (nr=136 nc=375)
Low-pass filtering external load kinematics with a cutoff frequency of 6...
Storage: file=../IK/GIL06_slow2_ik.mot (nr=136 nc=375)
Padded kineticsStore to start time of 0.23333

Constructing function set for tracking...

No Actuation analysis found in analysis set -- adding one
No Kinematics analysis found in analysis set -- adding one


 taskSet size = 19

Using the generalized coordinates specified in ../IK/GIL06_slow2_ik.mot to set the initial configuration.
Successfully linked to CFSQP library 'osimCFSQP.dll'
Using CFSQP optimizer algorithm.

Setting optimizer print level to 0.
Setting optimizer convergence criterion to 1e-006.
Setting optimizer maximum iterations to 2000.

Setting cmc controller to not use verbose printing.



================================================================
================================================================
Using CMC to track the specified kinematics
Integrating from 0.24333 to 1.335
Start time = Wed Oct 29 17:34:52 2008
================================================================
rdCMC.computeControls:  t = 0.24333
rdCMC.computeControls:  t = 0.24433
rdCMC.computeControls:  t = 0.24533
rdCMC.computeControls:  t = 0.24633
rdCMC.computeControls:  t = 0.24733
rdCMC.computeControls:  t = 0.24833
rdCMC.computeControls:  t = 0.24933
rdCMC.computeControls:  t = 0.25033
rdCMC.computeControls:  t = 0.25133
rdCMC.computeControls:  t = 0.25233
rdCMC.computeControls:  t = 0.25333
rdCMC.computeControls:  t = 0.25433
rdCMC.computeControls:  t = 0.25533
rdCMC.computeControls:  t = 0.25633
rdCMC.computeControls:  t = 0.25733
rdCMC.computeControls:  t = 0.25833
rdCMC.computeControls:  t = 0.25933
rdCMC.computeControls:  t = 0.26033
rdCMC.computeControls:  t = 0.26133
rdCMC.computeControls:  t = 0.26233
rdCMC.computeControls:  t = 0.26333
rdCMC.computeControls:  t = 0.26433
rdCMC.computeControls:  t = 0.26533
rdCMC.computeControls:  t = 0.26633
rdCMC.computeControls:  t = 0.26733
rdCMC.computeControls:  t = 0.26833
rdCMC.computeControls:  t = 0.26933
rdCMC.computeControls:  t = 0.27033
rdCMC.computeControls:  t = 0.27133
rdCMC.computeControls:  t = 0.27233
rdCMC.computeControls:  t = 0.27333
rdCMC.computeControls:  t = 0.27433
rdCMC.computeControls:  t = 0.27533
rdCMC.computeControls:  t = 0.27633
rdCMC.computeControls:  t = 0.27733
rdCMC.computeControls:  t = 0.27833
rdCMC.computeControls:  t = 0.27933
rdCMC.computeControls:  t = 0.28033
rdCMC.computeControls:  t = 0.28133
rdCMC.computeControls:  t = 0.28233
rdCMC.computeControls:  t = 0.28333
rdCMC.computeControls:  t = 0.28433
rdCMC.computeControls:  t = 0.28533
rdCMC.computeControls:  t = 0.28633
rdCMC.computeControls:  t = 0.28733
rdCMC.computeControls:  t = 0.28833
rdCMC.computeControls:  t = 0.28933
rdCMC.computeControls:  t = 0.29033
rdCMC.computeControls:  t = 0.29133
rdCMC.computeControls:  t = 0.29233
rdCMC.computeControls:  t = 0.29333
rdCMC.computeControls:  t = 0.29433
rdCMC.computeControls:  t = 0.29533
rdCMC.computeControls:  t = 0.29633
rdCMC.computeControls:  t = 0.29733
rdCMC.computeControls:  t = 0.29833
rdCMC.computeControls:  t = 0.29933
rdCMC.computeControls:  t = 0.30033
rdCMC.computeControls:  t = 0.30133
rdCMC.computeControls:  t = 0.30233
rdCMC.computeControls:  t = 0.30333
rdCMC.computeControls:  t = 0.30433
rdCMC.computeControls:  t = 0.30533
rdCMC.computeControls:  t = 0.30633
rdCMC.computeControls:  t = 0.30733
rdCMC.computeControls:  t = 0.30833
rdCMC.computeControls:  t = 0.30933
rdCMC.computeControls:  t = 0.31033
rdCMC.computeControls:  t = 0.31133
rdCMC.computeControls:  t = 0.31233
rdCMC.computeControls:  t = 0.31333
rdCMC.computeControls:  t = 0.31433
rdCMC.computeControls:  t = 0.31533
rdCMC.computeControls:  t = 0.31633
rdCMC.computeControls:  t = 0.31733
rdCMC.computeControls:  t = 0.31833
rdCMC.computeControls:  t = 0.31933
rdCMC.computeControls:  t = 0.32033
rdCMC.computeControls:  t = 0.32133
rdCMC.computeControls:  t = 0.32233
rdCMC.computeControls:  t = 0.32333
rdCMC.computeControls:  t = 0.32433
rdCMC.computeControls:  t = 0.32533
rdCMC.computeControls:  t = 0.32633
rdCMC.computeControls:  t = 0.32733
rdCMC.computeControls:  t = 0.32833
rdCMC.computeControls:  t = 0.32933
rdCMC.computeControls:  t = 0.33033
rdCMC.computeControls:  t = 0.33133
rdCMC.computeControls:  t = 0.33233
rdCMC.computeControls:  t = 0.33333
rdCMC.computeControls:  t = 0.33433
rdCMC.computeControls:  t = 0.33533
rdCMC.computeControls:  t = 0.33633
rdCMC.computeControls:  t = 0.33733
rdCMC.computeControls:  t = 0.33833
rdCMC.computeControls:  t = 0.33933
rdCMC.computeControls:  t = 0.34033
rdCMC.computeControls:  t = 0.34133
rdCMC.computeControls:  t = 0.34233
rdCMC.computeControls:  t = 0.34333
rdCMC.computeControls:  t = 0.34433
rdCMC.computeControls:  t = 0.34533
rdCMC.computeControls:  t = 0.34633
rdCMC.computeControls:  t = 0.34733
rdCMC.computeControls:  t = 0.34833
rdCMC.computeControls:  t = 0.34933
rdCMC.computeControls:  t = 0.35033
rdCMC.computeControls:  t = 0.35133
rdCMC.computeControls:  t = 0.35233
rdCMC.computeControls:  t = 0.35333
rdCMC.computeControls:  t = 0.35433
rdCMC.computeControls:  t = 0.35533
rdCMC.computeControls:  t = 0.35633
rdCMC.computeControls:  t = 0.35733
rdCMC.computeControls:  t = 0.35833
rdCMC.computeControls:  t = 0.35933
rdCMC.computeControls:  t = 0.36033
rdCMC.computeControls:  t = 0.36133
rdCMC.computeControls:  t = 0.36233
rdCMC.computeControls:  t = 0.36333
rdCMC.computeControls:  t = 0.36433
rdCMC.computeControls:  t = 0.36533
rdCMC.computeControls:  t = 0.36633
rdCMC.computeControls:  t = 0.36733
rdCMC.computeControls:  t = 0.36833
rdCMC.computeControls:  t = 0.36933
rdCMC.computeControls:  t = 0.37033
rdCMC.computeControls:  t = 0.37133
rdCMC.computeControls:  t = 0.37233
rdCMC.computeControls:  t = 0.37333
rdCMC.computeControls:  t = 0.37433
rdCMC.computeControls:  t = 0.37533
rdCMC.computeControls:  t = 0.37633
rdCMC.computeControls:  t = 0.37733
rdCMC.computeControls:  t = 0.37833
rdCMC.computeControls:  t = 0.37933
rdCMC.computeControls:  t = 0.38033
rdCMC.computeControls:  t = 0.38133
rdCMC.computeControls:  t = 0.38233
rdCMC.computeControls:  t = 0.38333
rdCMC.computeControls:  t = 0.38433
rdCMC.computeControls:  t = 0.38533
rdCMC.computeControls:  t = 0.38633
rdCMC.computeControls:  t = 0.38733
rdCMC.computeControls:  t = 0.38833
rdCMC.computeControls:  t = 0.38933
rdCMC.computeControls:  t = 0.39033
rdCMC.computeControls:  t = 0.39133
rdCMC.computeControls:  t = 0.39233
rdCMC.computeControls:  t = 0.39333
rdCMC.computeControls:  t = 0.39433
rdCMC.computeControls:  t = 0.39533
rdCMC.computeControls:  t = 0.39633
rdCMC.computeControls:  t = 0.39733
rdCMC.computeControls:  t = 0.39833
rdCMC.computeControls:  t = 0.39933
rdCMC.computeControls:  t = 0.40033
rdCMC.computeControls:  t = 0.40133
rdCMC.computeControls:  t = 0.40233
rdCMC.computeControls:  t = 0.40333
rdCMC.computeControls:  t = 0.40433
rdCMC.computeControls:  t = 0.40533
rdCMC.computeControls:  t = 0.40633
rdCMC.computeControls:  t = 0.40733
rdCMC.computeControls:  t = 0.40833
rdCMC.computeControls:  t = 0.40933
rdCMC.computeControls:  t = 0.41033
rdCMC.computeControls:  t = 0.41133
rdCMC.computeControls:  t = 0.41233
rdCMC.computeControls:  t = 0.41333
rdCMC.computeControls:  t = 0.41433
rdCMC.computeControls:  t = 0.41533
rdCMC.computeControls:  t = 0.41633
rdCMC.computeControls:  t = 0.41733
rdCMC.computeControls:  t = 0.41833
rdCMC.computeControls:  t = 0.41933
rdCMC.computeControls:  t = 0.42033
rdCMC.computeControls:  t = 0.42133
rdCMC.computeControls:  t = 0.42233
rdCMC.computeControls:  t = 0.42333
rdCMC.computeControls:  t = 0.42433
rdCMC.computeControls:  t = 0.42533
rdCMC.computeControls:  t = 0.42633
rdCMC.computeControls:  t = 0.42733
rdCMC.computeControls:  t = 0.42833
rdCMC.computeControls:  t = 0.42933
rdCMC.computeControls:  t = 0.43033
rdCMC.computeControls:  t = 0.43133
rdCMC.computeControls:  t = 0.43233
rdCMC.computeControls:  t = 0.43333
rdCMC.computeControls:  t = 0.43433
rdCMC.computeControls:  t = 0.43533
rdCMC.computeControls:  t = 0.43633
rdCMC.computeControls:  t = 0.43733
rdCMC.computeControls:  t = 0.43833
rdCMC.computeControls:  t = 0.43933
rdCMC.computeControls:  t = 0.44033
rdCMC.computeControls:  t = 0.44133
rdCMC.computeControls:  t = 0.44233
rdCMC.computeControls:  t = 0.44333
rdCMC.computeControls:  t = 0.44433
rdCMC.computeControls:  t = 0.44533
rdCMC.computeControls:  t = 0.44633
rdCMC.computeControls:  t = 0.44733
rdCMC.computeControls:  t = 0.44833
rdCMC.computeControls:  t = 0.44933
rdCMC.computeControls:  t = 0.45033
rdCMC.computeControls:  t = 0.45133
rdCMC.computeControls:  t = 0.45233
rdCMC.computeControls:  t = 0.45333
rdCMC.computeControls:  t = 0.45433
rdCMC.computeControls:  t = 0.45533
rdCMC.computeControls:  t = 0.45633
rdCMC.computeControls:  t = 0.45733
rdCMC.computeControls:  t = 0.45833
rdCMC.computeControls:  t = 0.45933
rdCMC.computeControls:  t = 0.46033
rdCMC.computeControls:  t = 0.46133
rdCMC.computeControls:  t = 0.46233
rdCMC.computeControls:  t = 0.46333
rdCMC.computeControls:  t = 0.46433
rdCMC.computeControls:  t = 0.46533
rdCMC.computeControls:  t = 0.46633
rdCMC.computeControls:  t = 0.46733
rdCMC.computeControls:  t = 0.46833
rdCMC.computeControls:  t = 0.46933
rdCMC.computeControls:  t = 0.47033
rdCMC.computeControls:  t = 0.47133
rdCMC.computeControls:  t = 0.47233
rdCMC.computeControls:  t = 0.47333
rdCMC.computeControls:  t = 0.47433
rdCMC.computeControls:  t = 0.47533
rdCMC.computeControls:  t = 0.47633
rdCMC.computeControls:  t = 0.47733
rdCMC.computeControls:  t = 0.47833
rdCMC.computeControls:  t = 0.47933
rdCMC.computeControls:  t = 0.48033
rdCMC.computeControls:  t = 0.48133
rdCMC.computeControls:  t = 0.48233
rdCMC.computeControls:  t = 0.48333
rdCMC.computeControls:  t = 0.48433
rdCMC.computeControls:  t = 0.48533
rdCMC.computeControls:  t = 0.48633
rdCMC.computeControls:  t = 0.48733
rdCMC.computeControls:  t = 0.48833
rdCMC.computeControls:  t = 0.48933
rdCMC.computeControls:  t = 0.49033
rdCMC.computeControls:  t = 0.49133
rdCMC.computeControls:  t = 0.49233
rdCMC.computeControls:  t = 0.49333
rdCMC.computeControls:  t = 0.49433
rdCMC.computeControls:  t = 0.49533
rdCMC.computeControls:  t = 0.49633
rdCMC.computeControls:  t = 0.49733
rdCMC.computeControls:  t = 0.49833
rdCMC.computeControls:  t = 0.49933
rdCMC.computeControls:  t = 0.50033
rdCMC.computeControls:  t = 0.50133
rdCMC.computeControls:  t = 0.50233
rdCMC.computeControls:  t = 0.50333
rdCMC.computeControls:  t = 0.50433
rdCMC.computeControls:  t = 0.50533
rdCMC.computeControls:  t = 0.50633
rdCMC.computeControls:  t = 0.50733
rdCMC.computeControls:  t = 0.50833
rdCMC.computeControls:  t = 0.50933
rdCMC.computeControls:  t = 0.51033
rdCMC.computeControls:  t = 0.51133
rdCMC.computeControls:  t = 0.51233
rdCMC.computeControls:  t = 0.51333
rdCMC.computeControls:  t = 0.51433
rdCMC.computeControls:  t = 0.51533
rdCMC.computeControls:  t = 0.51633
rdCMC.computeControls:  t = 0.51733
rdCMC.computeControls:  t = 0.51833
rdCMC.computeControls:  t = 0.51933
rdCMC.computeControls:  t = 0.52033
rdCMC.computeControls:  t = 0.52133
rdCMC.computeControls:  t = 0.52233
rdCMC.computeControls:  t = 0.52333
rdCMC.computeControls:  t = 0.52433
rdCMC.computeControls:  t = 0.52533
rdCMC.computeControls:  t = 0.52633
rdCMC.computeControls:  t = 0.52733
rdCMC.computeControls:  t = 0.52833
rdCMC.computeControls:  t = 0.52933
rdCMC.computeControls:  t = 0.53033
rdCMC.computeControls:  t = 0.53133
rdCMC.computeControls:  t = 0.53233
rdCMC.computeControls:  t = 0.53333
rdCMC.computeControls:  t = 0.53433
rdCMC.computeControls:  t = 0.53533
rdCMC.computeControls:  t = 0.53633
rdCMC.computeControls:  t = 0.53733
rdCMC.computeControls:  t = 0.53833
rdCMC.computeControls:  t = 0.53933
rdCMC.computeControls:  t = 0.54033
rdCMC.computeControls:  t = 0.54133
rdCMC.computeControls:  t = 0.54233
rdCMC.computeControls:  t = 0.54333
rdCMC.computeControls:  t = 0.54433
rdCMC.computeControls:  t = 0.54533
rdCMC.computeControls:  t = 0.54633
rdCMC.computeControls:  t = 0.54733
rdCMC.computeControls:  t = 0.54833
rdCMC.computeControls:  t = 0.54933
rdCMC.computeControls:  t = 0.55033
rdCMC.computeControls:  t = 0.55133
rdCMC.computeControls:  t = 0.55233
rdCMC.computeControls:  t = 0.55333
rdCMC.computeControls:  t = 0.55433
rdCMC.computeControls:  t = 0.55533
rdCMC.computeControls:  t = 0.55633
rdCMC.computeControls:  t = 0.55733
rdCMC.computeControls:  t = 0.55833
rdCMC.computeControls:  t = 0.55933
rdCMC.computeControls:  t = 0.56033
rdCMC.computeControls:  t = 0.56133
rdCMC.computeControls:  t = 0.56233
rdCMC.computeControls:  t = 0.56333
rdCMC.computeControls:  t = 0.56433
rdCMC.computeControls:  t = 0.56533
rdCMC.computeControls:  t = 0.56633
rdCMC.computeControls:  t = 0.56733
rdCMC.computeControls:  t = 0.56833
rdCMC.computeControls:  t = 0.56933
rdCMC.computeControls:  t = 0.57033
rdCMC.computeControls:  t = 0.57133
rdCMC.computeControls:  t = 0.57233
rdCMC.computeControls:  t = 0.57333
rdCMC.computeControls:  t = 0.57433
rdCMC.computeControls:  t = 0.57533
rdCMC.computeControls:  t = 0.57633
rdCMC.computeControls:  t = 0.57733
rdCMC.computeControls:  t = 0.57833
rdCMC.computeControls:  t = 0.57933
rdCMC.computeControls:  t = 0.58033
rdCMC.computeControls:  t = 0.58133
rdCMC.computeControls:  t = 0.58233
rdCMC.computeControls:  t = 0.58333
rdCMC.computeControls:  t = 0.58433
rdCMC.computeControls:  t = 0.58533
rdCMC.computeControls:  t = 0.58633
rdCMC.computeControls:  t = 0.58733
rdCMC.computeControls:  t = 0.58833
rdCMC.computeControls:  t = 0.58933
rdCMC.computeControls:  t = 0.59033
rdCMC.computeControls:  t = 0.59133
rdCMC.computeControls:  t = 0.59233
rdCMC.computeControls:  t = 0.59333
rdCMC.computeControls:  t = 0.59433
rdCMC.computeControls:  t = 0.59533
rdCMC.computeControls:  t = 0.59633
rdCMC.computeControls:  t = 0.59733
rdCMC.computeControls:  t = 0.59833
rdCMC.computeControls:  t = 0.59933
rdCMC.computeControls:  t = 0.60033
rdCMC.computeControls:  t = 0.60133
rdCMC.computeControls:  t = 0.60233
rdCMC.computeControls:  t = 0.60333
rdCMC.computeControls:  t = 0.60433
rdCMC.computeControls:  t = 0.60533
rdCMC.computeControls:  t = 0.60633
rdCMC.computeControls:  t = 0.60733
rdCMC.computeControls:  t = 0.60833
rdCMC.computeControls:  t = 0.60933
rdCMC.computeControls:  t = 0.61033
rdCMC.computeControls:  t = 0.61133
rdCMC.computeControls:  t = 0.61233
rdCMC.computeControls:  t = 0.61333
rdCMC.computeControls:  t = 0.61433
rdCMC.computeControls:  t = 0.61533
rdCMC.computeControls:  t = 0.61633
rdCMC.computeControls:  t = 0.61733
rdCMC.computeControls:  t = 0.61833
rdCMC.computeControls:  t = 0.61933
rdCMC.computeControls:  t = 0.62033
rdCMC.computeControls:  t = 0.62133
rdCMC.computeControls:  t = 0.62233
rdCMC.computeControls:  t = 0.62333
rdCMC.computeControls:  t = 0.62433
rdCMC.computeControls:  t = 0.62533
rdCMC.computeControls:  t = 0.62633
rdCMC.computeControls:  t = 0.62733
rdCMC.computeControls:  t = 0.62833
rdCMC.computeControls:  t = 0.62933
rdCMC.computeControls:  t = 0.63033
rdCMC.computeControls:  t = 0.63133
rdCMC.computeControls:  t = 0.63233
rdCMC.computeControls:  t = 0.63333
rdCMC.computeControls:  t = 0.63433
rdCMC.computeControls:  t = 0.63533
rdCMC.computeControls:  t = 0.63633
rdCMC.computeControls:  t = 0.63733
rdCMC.computeControls:  t = 0.63833
rdCMC.computeControls:  t = 0.63933
rdCMC.computeControls:  t = 0.64033
rdCMC.computeControls:  t = 0.64133
rdCMC.computeControls:  t = 0.64233
rdCMC.computeControls:  t = 0.64333
rdCMC.computeControls:  t = 0.64433
rdCMC.computeControls:  t = 0.64533
rdCMC.computeControls:  t = 0.64633
rdCMC.computeControls:  t = 0.64733
rdCMC.computeControls:  t = 0.64833
rdCMC.computeControls:  t = 0.64933
rdCMC.computeControls:  t = 0.65033
rdCMC.computeControls:  t = 0.65133
rdCMC.computeControls:  t = 0.65233
rdCMC.computeControls:  t = 0.65333
rdCMC.computeControls:  t = 0.65433
rdCMC.computeControls:  t = 0.65533
rdCMC.computeControls:  t = 0.65633
rdCMC.computeControls:  t = 0.65733
rdCMC.computeControls:  t = 0.65833
rdCMC.computeControls:  t = 0.65933
rdCMC.computeControls:  t = 0.66033
rdCMC.computeControls:  t = 0.66133
rdCMC.computeControls:  t = 0.66233
rdCMC.computeControls:  t = 0.66333
rdCMC.computeControls:  t = 0.66433
rdCMC.computeControls:  t = 0.66533
rdCMC.computeControls:  t = 0.66633
rdCMC.computeControls:  t = 0.66733
rdCMC.computeControls:  t = 0.66833
rdCMC.computeControls:  t = 0.66933
rdCMC.computeControls:  t = 0.67033
rdCMC.computeControls:  t = 0.67133
rdCMC.computeControls:  t = 0.67233
rdCMC.computeControls:  t = 0.67333
rdCMC.computeControls:  t = 0.67433
rdCMC.computeControls:  t = 0.67533
rdCMC.computeControls:  t = 0.67633
rdCMC.computeControls:  t = 0.67733
rdCMC.computeControls:  t = 0.67833
rdCMC.computeControls:  t = 0.67933
rdCMC.computeControls:  t = 0.68033
rdCMC.computeControls:  t = 0.68133
rdCMC.computeControls:  t = 0.68233
rdCMC.computeControls:  t = 0.68333
rdCMC.computeControls:  t = 0.68433
rdCMC.computeControls:  t = 0.68533
rdCMC.computeControls:  t = 0.68633
rdCMC.computeControls:  t = 0.68733
rdCMC.computeControls:  t = 0.68833
rdCMC.computeControls:  t = 0.68933
rdCMC.computeControls:  t = 0.69033
rdCMC.computeControls:  t = 0.69133
rdCMC.computeControls:  t = 0.69233
rdCMC.computeControls:  t = 0.69333
rdCMC.computeControls:  t = 0.69433
rdCMC.computeControls:  t = 0.69533
rdCMC.computeControls:  t = 0.69633
rdCMC.computeControls:  t = 0.69733
rdCMC.computeControls:  t = 0.69833
rdCMC.computeControls:  t = 0.69933
rdCMC.computeControls:  t = 0.70033
rdCMC.computeControls:  t = 0.70133
rdCMC.computeControls:  t = 0.70233
rdCMC.computeControls:  t = 0.70333
rdCMC.computeControls:  t = 0.70433
rdCMC.computeControls:  t = 0.70533
rdCMC.computeControls:  t = 0.70633
rdCMC.computeControls:  t = 0.70733
rdCMC.computeControls:  t = 0.70833
rdCMC.computeControls:  t = 0.70933
rdCMC.computeControls:  t = 0.71033
rdCMC.computeControls:  t = 0.71133
rdCMC.computeControls:  t = 0.71233
rdCMC.computeControls:  t = 0.71333
rdCMC.computeControls:  t = 0.71433
rdCMC.computeControls:  t = 0.71533
rdCMC.computeControls:  t = 0.71633
rdCMC.computeControls:  t = 0.71733
rdCMC.computeControls:  t = 0.71833
rdCMC.computeControls:  t = 0.71933
rdCMC.computeControls:  t = 0.72033
rdCMC.computeControls:  t = 0.72133
rdCMC.computeControls:  t = 0.72233
rdCMC.computeControls:  t = 0.72333
rdCMC.computeControls:  t = 0.72433
rdCMC.computeControls:  t = 0.72533
rdCMC.computeControls:  t = 0.72633
rdCMC.computeControls:  t = 0.72733
rdCMC.computeControls:  t = 0.72833
rdCMC.computeControls:  t = 0.72933
rdCMC.computeControls:  t = 0.73033
rdCMC.computeControls:  t = 0.73133
rdCMC.computeControls:  t = 0.73233
rdCMC.computeControls:  t = 0.73333
rdCMC.computeControls:  t = 0.73433
rdCMC.computeControls:  t = 0.73533
rdCMC.computeControls:  t = 0.73633
rdCMC.computeControls:  t = 0.73733
rdCMC.computeControls:  t = 0.73833
rdCMC.computeControls:  t = 0.73933
rdCMC.computeControls:  t = 0.74033
rdCMC.computeControls:  t = 0.74133
rdCMC.computeControls:  t = 0.74233
rdCMC.computeControls:  t = 0.74333
rdCMC.computeControls:  t = 0.74433
rdCMC.computeControls:  t = 0.74533
rdCMC.computeControls:  t = 0.74633
rdCMC.computeControls:  t = 0.74733
rdCMC.computeControls:  t = 0.74833
rdCMC.computeControls:  t = 0.74933
rdCMC.computeControls:  t = 0.75033
rdCMC.computeControls:  t = 0.75133
rdCMC.computeControls:  t = 0.75233
rdCMC.computeControls:  t = 0.75333
rdCMC.computeControls:  t = 0.75433
rdCMC.computeControls:  t = 0.75533
rdCMC.computeControls:  t = 0.75633
rdCMC.computeControls:  t = 0.75733
rdCMC.computeControls:  t = 0.75833
rdCMC.computeControls:  t = 0.75933
rdCMC.computeControls:  t = 0.76033
rdCMC.computeControls:  t = 0.76133
rdCMC.computeControls:  t = 0.76233
rdCMC.computeControls:  t = 0.76333
rdCMC.computeControls:  t = 0.76433
rdCMC.computeControls:  t = 0.76533
rdCMC.computeControls:  t = 0.76633
rdCMC.computeControls:  t = 0.76733
rdCMC.computeControls:  t = 0.76833
rdCMC.computeControls:  t = 0.76933
rdCMC.computeControls:  t = 0.77033
rdCMC.computeControls:  t = 0.77133
rdCMC.computeControls:  t = 0.77233
rdCMC.computeControls:  t = 0.77333
rdCMC.computeControls:  t = 0.77433
rdCMC.computeControls:  t = 0.77533
rdCMC.computeControls:  t = 0.77633
rdCMC.computeControls:  t = 0.77733
rdCMC.computeControls:  t = 0.77833
rdCMC.computeControls:  t = 0.77933
rdCMC.computeControls:  t = 0.78033
rdCMC.computeControls:  t = 0.78133
rdCMC.computeControls:  t = 0.78233
rdCMC.computeControls:  t = 0.78333
rdCMC.computeControls:  t = 0.78433
rdCMC.computeControls:  t = 0.78533
rdCMC.computeControls:  t = 0.78633
rdCMC.computeControls:  t = 0.78733
rdCMC.computeControls:  t = 0.78833
rdCMC.computeControls:  t = 0.78933
rdCMC.computeControls:  t = 0.79033
rdCMC.computeControls:  t = 0.79133
rdCMC.computeControls:  t = 0.79233
rdCMC.computeControls:  t = 0.79333
rdCMC.computeControls:  t = 0.79433
rdCMC.computeControls:  t = 0.79533
rdCMC.computeControls:  t = 0.79633
rdCMC.computeControls:  t = 0.79733
rdCMC.computeControls:  t = 0.79833
rdCMC.computeControls:  t = 0.79933
rdCMC.computeControls:  t = 0.80033
rdCMC.computeControls:  t = 0.80133
rdCMC.computeControls:  t = 0.80233
rdCMC.computeControls:  t = 0.80333
rdCMC.computeControls:  t = 0.80433
rdCMC.computeControls:  t = 0.80533
rdCMC.computeControls:  t = 0.80633
rdCMC.computeControls:  t = 0.80733
rdCMC.computeControls:  t = 0.80833
rdCMC.computeControls:  t = 0.80933
rdCMC.computeControls:  t = 0.81033
rdCMC.computeControls:  t = 0.81133
rdCMC.computeControls:  t = 0.81233
rdCMC.computeControls:  t = 0.81333
rdCMC.computeControls:  t = 0.81433
rdCMC.computeControls:  t = 0.81533
rdCMC.computeControls:  t = 0.81633
rdCMC.computeControls:  t = 0.81733
rdCMC.computeControls:  t = 0.81833
rdCMC.computeControls:  t = 0.81933
rdCMC.computeControls:  t = 0.82033
rdCMC.computeControls:  t = 0.82133
rdCMC.computeControls:  t = 0.82233
rdCMC.computeControls:  t = 0.82333
rdCMC.computeControls:  t = 0.82433
rdCMC.computeControls:  t = 0.82533
rdCMC.computeControls:  t = 0.82633
rdCMC.computeControls:  t = 0.82733
rdCMC.computeControls:  t = 0.82833
rdCMC.computeControls:  t = 0.82933
rdCMC.computeControls:  t = 0.83033
rdCMC.computeControls:  t = 0.83133
rdCMC.computeControls:  t = 0.83233
rdCMC.computeControls:  t = 0.83333
rdCMC.computeControls:  t = 0.83433
rdCMC.computeControls:  t = 0.83533
rdCMC.computeControls:  t = 0.83633
rdCMC.computeControls:  t = 0.83733
rdCMC.computeControls:  t = 0.83833
rdCMC.computeControls:  t = 0.83933
rdCMC.computeControls:  t = 0.84033
rdCMC.computeControls:  t = 0.84133
rdCMC.computeControls:  t = 0.84233
rdCMC.computeControls:  t = 0.84333
rdCMC.computeControls:  t = 0.84433
rdCMC.computeControls:  t = 0.84533
rdCMC.computeControls:  t = 0.84633
rdCMC.computeControls:  t = 0.84733
rdCMC.computeControls:  t = 0.84833
rdCMC.computeControls:  t = 0.84933
rdCMC.computeControls:  t = 0.85033
rdCMC.computeControls:  t = 0.85133
rdCMC.computeControls:  t = 0.85233
rdCMC.computeControls:  t = 0.85333
rdCMC.computeControls:  t = 0.85433
rdCMC.computeControls:  t = 0.85533
rdCMC.computeControls:  t = 0.85633
rdCMC.computeControls:  t = 0.85733
rdCMC.computeControls:  t = 0.85833
rdCMC.computeControls:  t = 0.85933
rdCMC.computeControls:  t = 0.86033
rdCMC.computeControls:  t = 0.86133
rdCMC.computeControls:  t = 0.86233
rdCMC.computeControls:  t = 0.86333
rdCMC.computeControls:  t = 0.86433
rdCMC.computeControls:  t = 0.86533
rdCMC.computeControls:  t = 0.86633
rdCMC.computeControls:  t = 0.86733
rdCMC.computeControls:  t = 0.86833
rdCMC.computeControls:  t = 0.86933
rdCMC.computeControls:  t = 0.87033
rdCMC.computeControls:  t = 0.87133
rdCMC.computeControls:  t = 0.87233
rdCMC.computeControls:  t = 0.87333
rdCMC.computeControls:  t = 0.87433
rdCMC.computeControls:  t = 0.87533
rdCMC.computeControls:  t = 0.87633
rdCMC.computeControls:  t = 0.87733
rdCMC.computeControls:  t = 0.87833
rdCMC.computeControls:  t = 0.87933
rdCMC.computeControls:  t = 0.88033
rdCMC.computeControls:  t = 0.88133
rdCMC.computeControls:  t = 0.88233
rdCMC.computeControls:  t = 0.88333
rdCMC.computeControls:  t = 0.88433
rdCMC.computeControls:  t = 0.88533
rdCMC.computeControls:  t = 0.88633
rdCMC.computeControls:  t = 0.88733
rdCMC.computeControls:  t = 0.88833
rdCMC.computeControls:  t = 0.88933
rdCMC.computeControls:  t = 0.89033
rdCMC.computeControls:  t = 0.89133
rdCMC.computeControls:  t = 0.89233
rdCMC.computeControls:  t = 0.89333
rdCMC.computeControls:  t = 0.89433
rdCMC.computeControls:  t = 0.89533
rdCMC.computeControls:  t = 0.89633
rdCMC.computeControls:  t = 0.89733
rdCMC.computeControls:  t = 0.89833
rdCMC.computeControls:  t = 0.89933
rdCMC.computeControls:  t = 0.90033
rdCMC.computeControls:  t = 0.90133
rdCMC.computeControls:  t = 0.90233
rdCMC.computeControls:  t = 0.90333
rdCMC.computeControls:  t = 0.90433
rdCMC.computeControls:  t = 0.90533
rdCMC.computeControls:  t = 0.90633
rdCMC.computeControls:  t = 0.90733
rdCMC.computeControls:  t = 0.90833
rdCMC.computeControls:  t = 0.90933
rdCMC.computeControls:  t = 0.91033
rdCMC.computeControls:  t = 0.91133
rdCMC.computeControls:  t = 0.91233
rdCMC.computeControls:  t = 0.91333
rdCMC.computeControls:  t = 0.91433
rdCMC.computeControls:  t = 0.91533
rdCMC.computeControls:  t = 0.91633
rdCMC.computeControls:  t = 0.91733
rdCMC.computeControls:  t = 0.91833
rdCMC.computeControls:  t = 0.91933
rdCMC.computeControls:  t = 0.92033
rdCMC.computeControls:  t = 0.92133
rdCMC.computeControls:  t = 0.92233
rdCMC.computeControls:  t = 0.92333
rdCMC.computeControls:  t = 0.92433
rdCMC.computeControls:  t = 0.92533
rdCMC.computeControls:  t = 0.92633
rdCMC.computeControls:  t = 0.92733
rdCMC.computeControls:  t = 0.92833
rdCMC.computeControls:  t = 0.92933
rdCMC.computeControls:  t = 0.93033
rdCMC.computeControls:  t = 0.93133
rdCMC.computeControls:  t = 0.93233
rdCMC.computeControls:  t = 0.93333
rdCMC.computeControls:  t = 0.93433
rdCMC.computeControls:  t = 0.93533
rdCMC.computeControls:  t = 0.93633
rdCMC.computeControls:  t = 0.93733
rdCMC.computeControls:  t = 0.93833
rdCMC.computeControls:  t = 0.93933
rdCMC.computeControls:  t = 0.94033
rdCMC.computeControls:  t = 0.94133
rdCMC.computeControls:  t = 0.94233
rdCMC.computeControls:  t = 0.94333
rdCMC.computeControls:  t = 0.94433
rdCMC.computeControls:  t = 0.94533
rdCMC.computeControls:  t = 0.94633
rdCMC.computeControls:  t = 0.94733
rdCMC.computeControls:  t = 0.94833
rdCMC.computeControls:  t = 0.94933
rdCMC.computeControls:  t = 0.95033
rdCMC.computeControls:  t = 0.95133
rdCMC.computeControls:  t = 0.95233
rdCMC.computeControls:  t = 0.95333
rdCMC.computeControls:  t = 0.95433
rdCMC.computeControls:  t = 0.95533
rdCMC.computeControls:  t = 0.95633
rdCMC.computeControls:  t = 0.95733
rdCMC.computeControls:  t = 0.95833
rdCMC.computeControls:  t = 0.95933
rdCMC.computeControls:  t = 0.96033
rdCMC.computeControls:  t = 0.96133
rdCMC.computeControls:  t = 0.96233
rdCMC.computeControls:  t = 0.96333
rdCMC.computeControls:  t = 0.96433
rdCMC.computeControls:  t = 0.96533
rdCMC.computeControls:  t = 0.96633
rdCMC.computeControls:  t = 0.96733
rdCMC.computeControls:  t = 0.96833
rdCMC.computeControls:  t = 0.96933
rdCMC.computeControls:  t = 0.97033
rdCMC.computeControls:  t = 0.97133
rdCMC.computeControls:  t = 0.97233
rdCMC.computeControls:  t = 0.97333
rdCMC.computeControls:  t = 0.97433
rdCMC.computeControls:  t = 0.97533
rdCMC.computeControls:  t = 0.97633
rdCMC.computeControls:  t = 0.97733
rdCMC.computeControls:  t = 0.97833
rdCMC.computeControls:  t = 0.97933
rdCMC.computeControls:  t = 0.98033
rdCMC.computeControls:  t = 0.98133
rdCMC.computeControls:  t = 0.98233
rdCMC.computeControls:  t = 0.98333
rdCMC.computeControls:  t = 0.98433
rdCMC.computeControls:  t = 0.98533
rdCMC.computeControls:  t = 0.98633
rdCMC.computeControls:  t = 0.98733
rdCMC.computeControls:  t = 0.98833
rdCMC.computeControls:  t = 0.98933
rdCMC.computeControls:  t = 0.99033
rdCMC.computeControls:  t = 0.99133
rdCMC.computeControls:  t = 0.99233
rdCMC.computeControls:  t = 0.99333
rdCMC.computeControls:  t = 0.99433
rdCMC.computeControls:  t = 0.99533
rdCMC.computeControls:  t = 0.99633
rdCMC.computeControls:  t = 0.99733
rdCMC.computeControls:  t = 0.99833
rdCMC.computeControls:  t = 0.99933
rdCMC.computeControls:  t = 1.00033
rdCMC.computeControls:  t = 1.00133
rdCMC.computeControls:  t = 1.00233
rdCMC.computeControls:  t = 1.00333
rdCMC.computeControls:  t = 1.00433
rdCMC.computeControls:  t = 1.00533
rdCMC.computeControls:  t = 1.00633
rdCMC.computeControls:  t = 1.00733
rdCMC.computeControls:  t = 1.00833
rdCMC.computeControls:  t = 1.00933
rdCMC.computeControls:  t = 1.01033
rdCMC.computeControls:  t = 1.01133
rdCMC.computeControls:  t = 1.01233
rdCMC.computeControls:  t = 1.01333
rdCMC.computeControls:  t = 1.01433
rdCMC.computeControls:  t = 1.01533
rdCMC.computeControls:  t = 1.01633
rdCMC.computeControls:  t = 1.01733
rdCMC.computeControls:  t = 1.01833
rdCMC.computeControls:  t = 1.01933
rdCMC.computeControls:  t = 1.02033
rdCMC.computeControls:  t = 1.02133
rdCMC.computeControls:  t = 1.02233
rdCMC.computeControls:  t = 1.02333
rdCMC.computeControls:  t = 1.02433
rdCMC.computeControls:  t = 1.02533
rdCMC.computeControls:  t = 1.02633
rdCMC.computeControls:  t = 1.02733
rdCMC.computeControls:  t = 1.02833
rdCMC.computeControls:  t = 1.02933
rdCMC.computeControls:  t = 1.03033
rdCMC.computeControls:  t = 1.03133
rdCMC.computeControls:  t = 1.03233
rdCMC.computeControls:  t = 1.03333
rdCMC.computeControls:  t = 1.03433
rdCMC.computeControls:  t = 1.03533
rdCMC.computeControls:  t = 1.03633
rdCMC.computeControls:  t = 1.03733
rdCMC.computeControls:  t = 1.03833
rdCMC.computeControls:  t = 1.03933
rdCMC.computeControls:  t = 1.04033
rdCMC.computeControls:  t = 1.04133
rdCMC.computeControls:  t = 1.04233
rdCMC.computeControls:  t = 1.04333
rdCMC.computeControls:  t = 1.04433
rdCMC.computeControls:  t = 1.04533
rdCMC.computeControls:  t = 1.04633
rdCMC.computeControls:  t = 1.04733
rdCMC.computeControls:  t = 1.04833
rdCMC.computeControls:  t = 1.04933
rdCMC.computeControls:  t = 1.05033
rdCMC.computeControls:  t = 1.05133
rdCMC.computeControls:  t = 1.05233
rdCMC.computeControls:  t = 1.05333
rdCMC.computeControls:  t = 1.05433
rdCMC.computeControls:  t = 1.05533
rdCMC.computeControls:  t = 1.05633
rdCMC.computeControls:  t = 1.05733
rdCMC.computeControls:  t = 1.05833
rdCMC.computeControls:  t = 1.05933
rdCMC.computeControls:  t = 1.06033
rdCMC.computeControls:  t = 1.06133
rdCMC.computeControls:  t = 1.06233
rdCMC.computeControls:  t = 1.06333
rdCMC.computeControls:  t = 1.06433
rdCMC.computeControls:  t = 1.06533
rdCMC.computeControls:  t = 1.06633
rdCMC.computeControls:  t = 1.06733
rdCMC.computeControls:  t = 1.06833
rdCMC.computeControls:  t = 1.06933
rdCMC.computeControls:  t = 1.07033
rdCMC.computeControls:  t = 1.07133
rdCMC.computeControls:  t = 1.07233
rdCMC.computeControls:  t = 1.07333
rdCMC.computeControls:  t = 1.07433
rdCMC.computeControls:  t = 1.07533
rdCMC.computeControls:  t = 1.07633
rdCMC.computeControls:  t = 1.07733
rdCMC.computeControls:  t = 1.07833
rdCMC.computeControls:  t = 1.07933
rdCMC.computeControls:  t = 1.08033
rdCMC.computeControls:  t = 1.08133
rdCMC.computeControls:  t = 1.08233
rdCMC.computeControls:  t = 1.08333
rdCMC.computeControls:  t = 1.08433
rdCMC.computeControls:  t = 1.08533
rdCMC.computeControls:  t = 1.08633
rdCMC.computeControls:  t = 1.08733
rdCMC.computeControls:  t = 1.08833
rdCMC.computeControls:  t = 1.08933
rdCMC.computeControls:  t = 1.09033
rdCMC.computeControls:  t = 1.09133
rdCMC.computeControls:  t = 1.09233
rdCMC.computeControls:  t = 1.09333
rdCMC.computeControls:  t = 1.09433
rdCMC.computeControls:  t = 1.09533
rdCMC.computeControls:  t = 1.09633
rdCMC.computeControls:  t = 1.09733
rdCMC.computeControls:  t = 1.09833
rdCMC.computeControls:  t = 1.09933
rdCMC.computeControls:  t = 1.10033
rdCMC.computeControls:  t = 1.10133
rdCMC.computeControls:  t = 1.10233
rdCMC.computeControls:  t = 1.10333
rdCMC.computeControls:  t = 1.10433
rdCMC.computeControls:  t = 1.10533
rdCMC.computeControls:  t = 1.10633
rdCMC.computeControls:  t = 1.10733
rdCMC.computeControls:  t = 1.10833
rdCMC.computeControls:  t = 1.10933
rdCMC.computeControls:  t = 1.11033
rdCMC.computeControls:  t = 1.11133
rdCMC.computeControls:  t = 1.11233
rdCMC.computeControls:  t = 1.11333
rdCMC.computeControls:  t = 1.11433
rdCMC.computeControls:  t = 1.11533
rdCMC.computeControls:  t = 1.11633
rdCMC.computeControls:  t = 1.11733
rdCMC.computeControls:  t = 1.11833
rdCMC.computeControls:  t = 1.11933
rdCMC.computeControls:  t = 1.12033
rdCMC.computeControls:  t = 1.12133
rdCMC.computeControls:  t = 1.12233
rdCMC.computeControls:  t = 1.12333
rdCMC.computeControls:  t = 1.12433
rdCMC.computeControls:  t = 1.12533
rdCMC.computeControls:  t = 1.12633
rdCMC.computeControls:  t = 1.12733
rdCMC.computeControls:  t = 1.12833
rdCMC.computeControls:  t = 1.12933
rdCMC.computeControls:  t = 1.13033
rdCMC.computeControls:  t = 1.13133
rdCMC.computeControls:  t = 1.13233
rdCMC.computeControls:  t = 1.13333
rdCMC.computeControls:  t = 1.13433
rdCMC.computeControls:  t = 1.13533
rdCMC.computeControls:  t = 1.13633
rdCMC.computeControls:  t = 1.13733
rdCMC.computeControls:  t = 1.13833
rdCMC.computeControls:  t = 1.13933
rdCMC.computeControls:  t = 1.14033
rdCMC.computeControls:  t = 1.14133
rdCMC.computeControls:  t = 1.14233
rdCMC.computeControls:  t = 1.14333
rdCMC.computeControls:  t = 1.14433
rdCMC.computeControls:  t = 1.14533
rdCMC.computeControls:  t = 1.14633
rdCMC.computeControls:  t = 1.14733
rdCMC.computeControls:  t = 1.14833
rdCMC.computeControls:  t = 1.14933
rdCMC.computeControls:  t = 1.15033
rdCMC.computeControls:  t = 1.15133
rdCMC.computeControls:  t = 1.15233
rdCMC.computeControls:  t = 1.15333
rdCMC.computeControls:  t = 1.15433
rdCMC.computeControls:  t = 1.15533
rdCMC.computeControls:  t = 1.15633
rdCMC.computeControls:  t = 1.15733
rdCMC.computeControls:  t = 1.15833
rdCMC.computeControls:  t = 1.15933
rdCMC.computeControls:  t = 1.16033
rdCMC.computeControls:  t = 1.16133
rdCMC.computeControls:  t = 1.16233
rdCMC.computeControls:  t = 1.16333
rdCMC.computeControls:  t = 1.16433
rdCMC.computeControls:  t = 1.16533
rdCMC.computeControls:  t = 1.16633
rdCMC.computeControls:  t = 1.16733
rdCMC.computeControls:  t = 1.16833
rdCMC.computeControls:  t = 1.16933
rdCMC.computeControls:  t = 1.17033
rdCMC.computeControls:  t = 1.17133
rdCMC.computeControls:  t = 1.17233
rdCMC.computeControls:  t = 1.17333
rdCMC.computeControls:  t = 1.17433
rdCMC.computeControls:  t = 1.17533
rdCMC.computeControls:  t = 1.17633
rdCMC.computeControls:  t = 1.17733
rdCMC.computeControls:  t = 1.17833
rdCMC.computeControls:  t = 1.17933
rdCMC.computeControls:  t = 1.18033
rdCMC.computeControls:  t = 1.18133
rdCMC.computeControls:  t = 1.18233
rdCMC.computeControls:  t = 1.18333
rdCMC.computeControls:  t = 1.18433
rdCMC.computeControls:  t = 1.18533
rdCMC.computeControls:  t = 1.18633
rdCMC.computeControls:  t = 1.18733
rdCMC.computeControls:  t = 1.18833
rdCMC.computeControls:  t = 1.18933
rdCMC.computeControls:  t = 1.19033
rdCMC.computeControls:  t = 1.19133
rdCMC.computeControls:  t = 1.19233
rdCMC.computeControls:  t = 1.19333
rdCMC.computeControls:  t = 1.19433
rdCMC.computeControls:  t = 1.19533
rdCMC.computeControls:  t = 1.19633
rdCMC.computeControls:  t = 1.19733
rdCMC.computeControls:  t = 1.19833
rdCMC.computeControls:  t = 1.19933
rdCMC.computeControls:  t = 1.20033
rdCMC.computeControls:  t = 1.20133
rdCMC.computeControls:  t = 1.20233
rdCMC.computeControls:  t = 1.20333
rdCMC.computeControls:  t = 1.20433
rdCMC.computeControls:  t = 1.20533
rdCMC.computeControls:  t = 1.20633
rdCMC.computeControls:  t = 1.20733
rdCMC.computeControls:  t = 1.20833
rdCMC.computeControls:  t = 1.20933
rdCMC.computeControls:  t = 1.21033
rdCMC.computeControls:  t = 1.21133
rdCMC.computeControls:  t = 1.21233
rdCMC.computeControls:  t = 1.21333
rdCMC.computeControls:  t = 1.21433
rdCMC.computeControls:  t = 1.21533
rdCMC.computeControls:  t = 1.21633
rdCMC.computeControls:  t = 1.21733
rdCMC.computeControls:  t = 1.21833
rdCMC.computeControls:  t = 1.21933
rdCMC.computeControls:  t = 1.22033
rdCMC.computeControls:  t = 1.22133
rdCMC.computeControls:  t = 1.22233
rdCMC.computeControls:  t = 1.22333
rdCMC.computeControls:  t = 1.22433
rdCMC.computeControls:  t = 1.22533
rdCMC.computeControls:  t = 1.22633
rdCMC.computeControls:  t = 1.22733
rdCMC.computeControls:  t = 1.22833
rdCMC.computeControls:  t = 1.22933
rdCMC.computeControls:  t = 1.23033
rdCMC.computeControls:  t = 1.23133
rdCMC.computeControls:  t = 1.23233
rdCMC.computeControls:  t = 1.23333
rdCMC.computeControls:  t = 1.23433
rdCMC.computeControls:  t = 1.23533
rdCMC.computeControls:  t = 1.23633
rdCMC.computeControls:  t = 1.23733
rdCMC.computeControls:  t = 1.23833
rdCMC.computeControls:  t = 1.23933
rdCMC.computeControls:  t = 1.24033
rdCMC.computeControls:  t = 1.24133
rdCMC.computeControls:  t = 1.24233
rdCMC.computeControls:  t = 1.24333
rdCMC.computeControls:  t = 1.24433
rdCMC.computeControls:  t = 1.24533
rdCMC.computeControls:  t = 1.24633
rdCMC.computeControls:  t = 1.24733
rdCMC.computeControls:  t = 1.24833
rdCMC.computeControls:  t = 1.24933
rdCMC.computeControls:  t = 1.25033
rdCMC.computeControls:  t = 1.25133
rdCMC.computeControls:  t = 1.25233
rdCMC.computeControls:  t = 1.25333
rdCMC.computeControls:  t = 1.25433
rdCMC.computeControls:  t = 1.25533
rdCMC.computeControls:  t = 1.25633
rdCMC.computeControls:  t = 1.25733
rdCMC.computeControls:  t = 1.25833
rdCMC.computeControls:  t = 1.25933
rdCMC.computeControls:  t = 1.26033
rdCMC.computeControls:  t = 1.26133
rdCMC.computeControls:  t = 1.26233
rdCMC.computeControls:  t = 1.26333
rdCMC.computeControls:  t = 1.26433
rdCMC.computeControls:  t = 1.26533
rdCMC.computeControls:  t = 1.26633
rdCMC.computeControls:  t = 1.26733
rdCMC.computeControls:  t = 1.26833
rdCMC.computeControls:  t = 1.26933
rdCMC.computeControls:  t = 1.27033
rdCMC.computeControls:  t = 1.27133
rdCMC.computeControls:  t = 1.27233
rdCMC.computeControls:  t = 1.27333
rdCMC.computeControls:  t = 1.27433
rdCMC.computeControls:  t = 1.27533
rdCMC.computeControls:  t = 1.27633
rdCMC.computeControls:  t = 1.27733
rdCMC.computeControls:  t = 1.27833
rdCMC.computeControls:  t = 1.27933
rdCMC.computeControls:  t = 1.28033
rdCMC.computeControls:  t = 1.28133
rdCMC.computeControls:  t = 1.28233
rdCMC.computeControls:  t = 1.28333
rdCMC.computeControls:  t = 1.28433
rdCMC.computeControls:  t = 1.28533
rdCMC.computeControls:  t = 1.28633
rdCMC.computeControls:  t = 1.28733
rdCMC.computeControls:  t = 1.28833
rdCMC.computeControls:  t = 1.28933
rdCMC.computeControls:  t = 1.29033
rdCMC.computeControls:  t = 1.29133
rdCMC.computeControls:  t = 1.29233
rdCMC.computeControls:  t = 1.29333
rdCMC.computeControls:  t = 1.29433
rdCMC.computeControls:  t = 1.29533
rdCMC.computeControls:  t = 1.29633
rdCMC.computeControls:  t = 1.29733
rdCMC.computeControls:  t = 1.29833
rdCMC.computeControls:  t = 1.29933
rdCMC.computeControls:  t = 1.30033
rdCMC.computeControls:  t = 1.30133
rdCMC.computeControls:  t = 1.30233
rdCMC.computeControls:  t = 1.30333
rdCMC.computeControls:  t = 1.30433
rdCMC.computeControls:  t = 1.30533
rdCMC.computeControls:  t = 1.30633
rdCMC.computeControls:  t = 1.30733
rdCMC.computeControls:  t = 1.30833
rdCMC.computeControls:  t = 1.30933
rdCMC.computeControls:  t = 1.31033
rdCMC.computeControls:  t = 1.31133
rdCMC.computeControls:  t = 1.31233
rdCMC.computeControls:  t = 1.31333
rdCMC.computeControls:  t = 1.31433
rdCMC.computeControls:  t = 1.31533
rdCMC.computeControls:  t = 1.31633
rdCMC.computeControls:  t = 1.31733
rdCMC.computeControls:  t = 1.31833
rdCMC.computeControls:  t = 1.31933
rdCMC.computeControls:  t = 1.32033
rdCMC.computeControls:  t = 1.32133
rdCMC.computeControls:  t = 1.32233
rdCMC.computeControls:  t = 1.32333
rdCMC.computeControls:  t = 1.32433
rdCMC.computeControls:  t = 1.32533
rdCMC.computeControls:  t = 1.32633
rdCMC.computeControls:  t = 1.32733
rdCMC.computeControls:  t = 1.32833
rdCMC.computeControls:  t = 1.32933
rdCMC.computeControls:  t = 1.33033
rdCMC.computeControls:  t = 1.33133
rdCMC.computeControls:  t = 1.33233
rdCMC.computeControls:  t = 1.33333
----------------------------------------------------------------
Finished tracking the specified kinematics
=================================================================
Start time   = Wed Oct 29 17:34:52 2008
Finish time  = Wed Oct 29 17:37:22 2008
Elapsed time = 150 seconds.
================================================================


Printing results of investigation GIL06_slow2_RRA to Results.


Average residuals:
FX=-3.863 FY=3.71934 FZ=0.086352
MX=4.09409 MY=-0.0203837 MZ=-25.0392


Deleted model default
