-------------------------------------------------------
This program includes software developed by the
Apache Software Foundation (http://www.apache.org/).
-------------------------------------------------------

Deleted model 
RegisterTypes_SdfastEngine

-------------------------------------------------------
Library SdfastEngine...
-------------------------------------------------------

RegisterTypes_SimbodyEngine

-------------------------------------------------------
Library SimbodyEngine...
-------------------------------------------------------

Constructing investigation from setup file GIL04_xslow1_Setup_RRA.xml.

AbstractTool GIL04_xslow1_RRA loading model '../../GIL04_gait2392_simbody_adjusted.osim'
Created model GIL04 from file ../../GIL04_gait2392_simbody_adjusted.osim
Adding actuator set from ../../GIL04_RRA_Actuators.xml
Handling locked coordinate.
Handling locked coordinate.
Handling locked coordinate.
Handling locked coordinate.
SimbodyCoordinate.setValue: WARN- coordinate subtalar_angle_r is locked. Unable to change its value.
SimbodyCoordinate.setValue: WARN- coordinate mtp_angle_r is locked. Unable to change its value.
SimbodyCoordinate.setValue: WARN- coordinate subtalar_angle_l is locked. Unable to change its value.
SimbodyCoordinate.setValue: WARN- coordinate mtp_angle_l is locked. Unable to change its value.
-----------------------------------------------------------------------
Loaded library
-----------------------------------------------------------------------
             MODEL: GIL04
         actuators: 19
          analyses: 0
          contacts: 0
-----------------------------------------------------------------------

Running tool GIL04_xslow1_RRA.
MODEL: GIL04

ANALYSES (0)

BODIES (13)
body[0] = ground (mass: 0) (inertia: 0 0 0 0 0 0 0 0 0)
body[1] = pelvis (mass: 5.06305) (inertia: 0.0235394 0 0 0 0.0199444 0 0 0 0.0132581)
body[2] = femur_r (mass: 3.99877) (inertia: 0.0391971 0 0 0 0.010275 0 0 0 0.0413341)
body[3] = tibia_r (mass: 1.59389) (inertia: 0.01197 0 0 0 0.00121125 0 0 0 0.0121363)
body[4] = talus_r (mass: 0.042991) (inertia: 0.0002375 0 0 0 0.0002375 0 0 0 0.0002375)
body[5] = calcn_r (mass: 0.537388) (inertia: 0.00041933 0 0 0 0.00116812 0 0 0 0.00122803)
body[6] = toes_r (mass: 0.0931185) (inertia: 2.995e-005 0 0 0 5.99e-005 0 0 0 0.00029952)
body[7] = femur_l (mass: 3.99877) (inertia: 0.0391971 0 0 0 0.010275 0 0 0 0.0413341)
body[8] = tibia_l (mass: 1.59389) (inertia: 0.01197 0 0 0 0.00121125 0 0 0 0.0121363)
body[9] = talus_l (mass: 0.042991) (inertia: 0.0002375 0 0 0 0.0002375 0 0 0 0.0002375)
body[10] = calcn_l (mass: 0.537388) (inertia: 0.00041933 0 0 0 0.00116812 0 0 0 0.00122803)
body[11] = toes_l (mass: 0.0931185) (inertia: 2.995e-005 0 0 0 5.99e-005 0 0 0 0.00029952)
body[12] = torso (mass: 14.769) (inertia: 0.37355 0 0 0 0.191399 0 0 0 0.362631)

ACTUATORS (19)
actuator[0] = FX (controls: FX.excitation)
actuator[1] = FY (controls: FY.excitation)
actuator[2] = FZ (controls: FZ.excitation)
actuator[3] = MX (controls: MX.excitation)
actuator[4] = MY (controls: MY.excitation)
actuator[5] = MZ (controls: MZ.excitation)
actuator[6] = hip_flexion_r (controls: hip_flexion_r.excitation)
actuator[7] = hip_adduction_r (controls: hip_adduction_r.excitation)
actuator[8] = hip_rotation_r (controls: hip_rotation_r.excitation)
actuator[9] = knee_angle_r (controls: knee_angle_r.excitation)
actuator[10] = ankle_angle_r (controls: ankle_angle_r.excitation)
actuator[11] = hip_flexion_l (controls: hip_flexion_l.excitation)
actuator[12] = hip_adduction_l (controls: hip_adduction_l.excitation)
actuator[13] = hip_rotation_l (controls: hip_rotation_l.excitation)
actuator[14] = knee_angle_l (controls: knee_angle_l.excitation)
actuator[15] = ankle_angle_l (controls: ankle_angle_l.excitation)
actuator[16] = lumbar_extension (controls: lumbar_extension.excitation)
actuator[17] = lumbar_bending (controls: lumbar_bending.excitation)
actuator[18] = lumbar_rotation (controls: lumbar_rotation.excitation)

CONTACTS (0)
numControls = 19
numStates = 46
numCoordinates = 23
numSpeeds = 23
numActuators = 19
numBodies = 13

STATES (46)
y[0] = pelvis_tx
y[1] = pelvis_ty
y[2] = pelvis_tz
y[3] = pelvis_tilt
y[4] = pelvis_list
y[5] = pelvis_rotation
y[6] = hip_flexion_r
y[7] = hip_adduction_r
y[8] = hip_rotation_r
y[9] = knee_angle_r
y[10] = ankle_angle_r
y[11] = subtalar_angle_r
y[12] = mtp_angle_r
y[13] = hip_flexion_l
y[14] = hip_adduction_l
y[15] = hip_rotation_l
y[16] = knee_angle_l
y[17] = ankle_angle_l
y[18] = subtalar_angle_l
y[19] = mtp_angle_l
y[20] = lumbar_extension
y[21] = lumbar_bending
y[22] = lumbar_rotation
y[23] = pelvis_tx_u
y[24] = pelvis_ty_u
y[25] = pelvis_tz_u
y[26] = pelvis_tilt_u
y[27] = pelvis_list_u
y[28] = pelvis_rotation_u
y[29] = hip_flexion_r_u
y[30] = hip_adduction_r_u
y[31] = hip_rotation_r_u
y[32] = knee_angle_r_u
y[33] = ankle_angle_r_u
y[34] = subtalar_angle_r_u
y[35] = mtp_angle_r_u
y[36] = hip_flexion_l_u
y[37] = hip_adduction_l_u
y[38] = hip_rotation_l_u
y[39] = knee_angle_l_u
y[40] = ankle_angle_l_u
y[41] = subtalar_angle_l_u
y[42] = mtp_angle_l_u
y[43] = lumbar_extension_u
y[44] = lumbar_bending_u
y[45] = lumbar_rotation_u


Loading desired kinematics from file ../IK/GIL04_xslow1_ik.mot ...
Storage: file=../IK/GIL04_xslow1_ik.mot (nr=194 nc=375)


Low-pass filtering desired kinematics with a cutoff frequency of 8...



Loading external loads kinematics from file ../IK/GIL04_xslow1_ik.mot ...
Storage: file=../IK/GIL04_xslow1_ik.mot (nr=194 nc=375)
Low-pass filtering external load kinematics with a cutoff frequency of 6...
Storage: file=../IK/GIL04_xslow1_ik.mot (nr=194 nc=375)
Padded kineticsStore to start time of 0.35

Constructing function set for tracking...

No Actuation analysis found in analysis set -- adding one
No Kinematics analysis found in analysis set -- adding one


 taskSet size = 19

Using the generalized coordinates specified in ../IK/GIL04_xslow1_ik.mot to set the initial configuration.
Successfully linked to CFSQP library 'osimCFSQP.dll'
Using CFSQP optimizer algorithm.

Setting optimizer print level to 0.
Setting optimizer convergence criterion to 1e-006.
Setting optimizer maximum iterations to 2000.

Setting cmc controller to not use verbose printing.



================================================================
================================================================
Using CMC to track the specified kinematics
Integrating from 0.36 to 1.87
Start time = Tue Oct 28 14:17:42 2008
================================================================
rdCMC.computeControls:  t = 0.36
rdCMC.computeControls:  t = 0.361
rdCMC.computeControls:  t = 0.362
rdCMC.computeControls:  t = 0.363
rdCMC.computeControls:  t = 0.364
rdCMC.computeControls:  t = 0.365
rdCMC.computeControls:  t = 0.366
rdCMC.computeControls:  t = 0.367
rdCMC.computeControls:  t = 0.368
rdCMC.computeControls:  t = 0.369
rdCMC.computeControls:  t = 0.37
rdCMC.computeControls:  t = 0.371
rdCMC.computeControls:  t = 0.372
rdCMC.computeControls:  t = 0.373
rdCMC.computeControls:  t = 0.374
rdCMC.computeControls:  t = 0.375
rdCMC.computeControls:  t = 0.376
rdCMC.computeControls:  t = 0.377
rdCMC.computeControls:  t = 0.378
rdCMC.computeControls:  t = 0.379
rdCMC.computeControls:  t = 0.38
rdCMC.computeControls:  t = 0.381
rdCMC.computeControls:  t = 0.382
rdCMC.computeControls:  t = 0.383
rdCMC.computeControls:  t = 0.384
rdCMC.computeControls:  t = 0.385
rdCMC.computeControls:  t = 0.386
rdCMC.computeControls:  t = 0.387
rdCMC.computeControls:  t = 0.388
rdCMC.computeControls:  t = 0.389
rdCMC.computeControls:  t = 0.39
rdCMC.computeControls:  t = 0.391
rdCMC.computeControls:  t = 0.392
rdCMC.computeControls:  t = 0.393
rdCMC.computeControls:  t = 0.394
rdCMC.computeControls:  t = 0.395
rdCMC.computeControls:  t = 0.396
rdCMC.computeControls:  t = 0.397
rdCMC.computeControls:  t = 0.398
rdCMC.computeControls:  t = 0.399
rdCMC.computeControls:  t = 0.4
rdCMC.computeControls:  t = 0.401
rdCMC.computeControls:  t = 0.402
rdCMC.computeControls:  t = 0.403
rdCMC.computeControls:  t = 0.404
rdCMC.computeControls:  t = 0.405
rdCMC.computeControls:  t = 0.406
rdCMC.computeControls:  t = 0.407
rdCMC.computeControls:  t = 0.408
rdCMC.computeControls:  t = 0.409
rdCMC.computeControls:  t = 0.41
rdCMC.computeControls:  t = 0.411
rdCMC.computeControls:  t = 0.412
rdCMC.computeControls:  t = 0.413
rdCMC.computeControls:  t = 0.414
rdCMC.computeControls:  t = 0.415
rdCMC.computeControls:  t = 0.416
rdCMC.computeControls:  t = 0.417
rdCMC.computeControls:  t = 0.418
rdCMC.computeControls:  t = 0.419
rdCMC.computeControls:  t = 0.42
rdCMC.computeControls:  t = 0.421
rdCMC.computeControls:  t = 0.422
rdCMC.computeControls:  t = 0.423
rdCMC.computeControls:  t = 0.424
rdCMC.computeControls:  t = 0.425
rdCMC.computeControls:  t = 0.426
rdCMC.computeControls:  t = 0.427
rdCMC.computeControls:  t = 0.428
rdCMC.computeControls:  t = 0.429
rdCMC.computeControls:  t = 0.43
rdCMC.computeControls:  t = 0.431
rdCMC.computeControls:  t = 0.432
rdCMC.computeControls:  t = 0.433
rdCMC.computeControls:  t = 0.434
rdCMC.computeControls:  t = 0.435
rdCMC.computeControls:  t = 0.436
rdCMC.computeControls:  t = 0.437
rdCMC.computeControls:  t = 0.438
rdCMC.computeControls:  t = 0.439
rdCMC.computeControls:  t = 0.44
rdCMC.computeControls:  t = 0.441
rdCMC.computeControls:  t = 0.442
rdCMC.computeControls:  t = 0.443
rdCMC.computeControls:  t = 0.444
rdCMC.computeControls:  t = 0.445
rdCMC.computeControls:  t = 0.446
rdCMC.computeControls:  t = 0.447
rdCMC.computeControls:  t = 0.448
rdCMC.computeControls:  t = 0.449
rdCMC.computeControls:  t = 0.45
rdCMC.computeControls:  t = 0.451
rdCMC.computeControls:  t = 0.452
rdCMC.computeControls:  t = 0.453
rdCMC.computeControls:  t = 0.454
rdCMC.computeControls:  t = 0.455
rdCMC.computeControls:  t = 0.456
rdCMC.computeControls:  t = 0.457
rdCMC.computeControls:  t = 0.458
rdCMC.computeControls:  t = 0.459
rdCMC.computeControls:  t = 0.46
rdCMC.computeControls:  t = 0.461
rdCMC.computeControls:  t = 0.462
rdCMC.computeControls:  t = 0.463
rdCMC.computeControls:  t = 0.464
rdCMC.computeControls:  t = 0.465
rdCMC.computeControls:  t = 0.466
rdCMC.computeControls:  t = 0.467
rdCMC.computeControls:  t = 0.468
rdCMC.computeControls:  t = 0.469
rdCMC.computeControls:  t = 0.47
rdCMC.computeControls:  t = 0.471
rdCMC.computeControls:  t = 0.472
rdCMC.computeControls:  t = 0.473
rdCMC.computeControls:  t = 0.474
rdCMC.computeControls:  t = 0.475
rdCMC.computeControls:  t = 0.476
rdCMC.computeControls:  t = 0.477
rdCMC.computeControls:  t = 0.478
rdCMC.computeControls:  t = 0.479
rdCMC.computeControls:  t = 0.48
rdCMC.computeControls:  t = 0.481
rdCMC.computeControls:  t = 0.482
rdCMC.computeControls:  t = 0.483
rdCMC.computeControls:  t = 0.484
rdCMC.computeControls:  t = 0.485
rdCMC.computeControls:  t = 0.486
rdCMC.computeControls:  t = 0.487
rdCMC.computeControls:  t = 0.488
rdCMC.computeControls:  t = 0.489
rdCMC.computeControls:  t = 0.49
rdCMC.computeControls:  t = 0.491
rdCMC.computeControls:  t = 0.492
rdCMC.computeControls:  t = 0.493
rdCMC.computeControls:  t = 0.494
rdCMC.computeControls:  t = 0.495
rdCMC.computeControls:  t = 0.496
rdCMC.computeControls:  t = 0.497
rdCMC.computeControls:  t = 0.498
rdCMC.computeControls:  t = 0.499
rdCMC.computeControls:  t = 0.5
rdCMC.computeControls:  t = 0.501
rdCMC.computeControls:  t = 0.502
rdCMC.computeControls:  t = 0.503
rdCMC.computeControls:  t = 0.504
rdCMC.computeControls:  t = 0.505
rdCMC.computeControls:  t = 0.506
rdCMC.computeControls:  t = 0.507
rdCMC.computeControls:  t = 0.508
rdCMC.computeControls:  t = 0.509
rdCMC.computeControls:  t = 0.51
rdCMC.computeControls:  t = 0.511
rdCMC.computeControls:  t = 0.512
rdCMC.computeControls:  t = 0.513
rdCMC.computeControls:  t = 0.514
rdCMC.computeControls:  t = 0.515
rdCMC.computeControls:  t = 0.516
rdCMC.computeControls:  t = 0.517
rdCMC.computeControls:  t = 0.518
rdCMC.computeControls:  t = 0.519
rdCMC.computeControls:  t = 0.52
rdCMC.computeControls:  t = 0.521
rdCMC.computeControls:  t = 0.522
rdCMC.computeControls:  t = 0.523
rdCMC.computeControls:  t = 0.524
rdCMC.computeControls:  t = 0.525
rdCMC.computeControls:  t = 0.526
rdCMC.computeControls:  t = 0.527
rdCMC.computeControls:  t = 0.528
rdCMC.computeControls:  t = 0.529
rdCMC.computeControls:  t = 0.53
rdCMC.computeControls:  t = 0.531
rdCMC.computeControls:  t = 0.532
rdCMC.computeControls:  t = 0.533
rdCMC.computeControls:  t = 0.534
rdCMC.computeControls:  t = 0.535
rdCMC.computeControls:  t = 0.536
rdCMC.computeControls:  t = 0.537
rdCMC.computeControls:  t = 0.538
rdCMC.computeControls:  t = 0.539
rdCMC.computeControls:  t = 0.54
rdCMC.computeControls:  t = 0.541
rdCMC.computeControls:  t = 0.542
rdCMC.computeControls:  t = 0.543
rdCMC.computeControls:  t = 0.544
rdCMC.computeControls:  t = 0.545
rdCMC.computeControls:  t = 0.546
rdCMC.computeControls:  t = 0.547
rdCMC.computeControls:  t = 0.548
rdCMC.computeControls:  t = 0.549
rdCMC.computeControls:  t = 0.55
rdCMC.computeControls:  t = 0.551
rdCMC.computeControls:  t = 0.552
rdCMC.computeControls:  t = 0.553
rdCMC.computeControls:  t = 0.554
rdCMC.computeControls:  t = 0.555
rdCMC.computeControls:  t = 0.556
rdCMC.computeControls:  t = 0.557
rdCMC.computeControls:  t = 0.558
rdCMC.computeControls:  t = 0.559
rdCMC.computeControls:  t = 0.56
rdCMC.computeControls:  t = 0.561
rdCMC.computeControls:  t = 0.562
rdCMC.computeControls:  t = 0.563
rdCMC.computeControls:  t = 0.564
rdCMC.computeControls:  t = 0.565
rdCMC.computeControls:  t = 0.566
rdCMC.computeControls:  t = 0.567
rdCMC.computeControls:  t = 0.568
rdCMC.computeControls:  t = 0.569
rdCMC.computeControls:  t = 0.57
rdCMC.computeControls:  t = 0.571
rdCMC.computeControls:  t = 0.572
rdCMC.computeControls:  t = 0.573
rdCMC.computeControls:  t = 0.574
rdCMC.computeControls:  t = 0.575
rdCMC.computeControls:  t = 0.576
rdCMC.computeControls:  t = 0.577
rdCMC.computeControls:  t = 0.578
rdCMC.computeControls:  t = 0.579
rdCMC.computeControls:  t = 0.58
rdCMC.computeControls:  t = 0.581
rdCMC.computeControls:  t = 0.582
rdCMC.computeControls:  t = 0.583
rdCMC.computeControls:  t = 0.584
rdCMC.computeControls:  t = 0.585
rdCMC.computeControls:  t = 0.586
rdCMC.computeControls:  t = 0.587
rdCMC.computeControls:  t = 0.588
rdCMC.computeControls:  t = 0.589
rdCMC.computeControls:  t = 0.59
rdCMC.computeControls:  t = 0.591
rdCMC.computeControls:  t = 0.592
rdCMC.computeControls:  t = 0.593
rdCMC.computeControls:  t = 0.594
rdCMC.computeControls:  t = 0.595
rdCMC.computeControls:  t = 0.596
rdCMC.computeControls:  t = 0.597
rdCMC.computeControls:  t = 0.598
rdCMC.computeControls:  t = 0.599
rdCMC.computeControls:  t = 0.6
rdCMC.computeControls:  t = 0.601
rdCMC.computeControls:  t = 0.602
rdCMC.computeControls:  t = 0.603
rdCMC.computeControls:  t = 0.604
rdCMC.computeControls:  t = 0.605
rdCMC.computeControls:  t = 0.606
rdCMC.computeControls:  t = 0.607
rdCMC.computeControls:  t = 0.608
rdCMC.computeControls:  t = 0.609
rdCMC.computeControls:  t = 0.61
rdCMC.computeControls:  t = 0.611
rdCMC.computeControls:  t = 0.612
rdCMC.computeControls:  t = 0.613
rdCMC.computeControls:  t = 0.614
rdCMC.computeControls:  t = 0.615
rdCMC.computeControls:  t = 0.616
rdCMC.computeControls:  t = 0.617
rdCMC.computeControls:  t = 0.618
rdCMC.computeControls:  t = 0.619
rdCMC.computeControls:  t = 0.62
rdCMC.computeControls:  t = 0.621
rdCMC.computeControls:  t = 0.622
rdCMC.computeControls:  t = 0.623
rdCMC.computeControls:  t = 0.624
rdCMC.computeControls:  t = 0.625
rdCMC.computeControls:  t = 0.626
rdCMC.computeControls:  t = 0.627
rdCMC.computeControls:  t = 0.628
rdCMC.computeControls:  t = 0.629
rdCMC.computeControls:  t = 0.63
rdCMC.computeControls:  t = 0.631
rdCMC.computeControls:  t = 0.632
rdCMC.computeControls:  t = 0.633
rdCMC.computeControls:  t = 0.634
rdCMC.computeControls:  t = 0.635
rdCMC.computeControls:  t = 0.636
rdCMC.computeControls:  t = 0.637
rdCMC.computeControls:  t = 0.638
rdCMC.computeControls:  t = 0.639
rdCMC.computeControls:  t = 0.64
rdCMC.computeControls:  t = 0.641
rdCMC.computeControls:  t = 0.642
rdCMC.computeControls:  t = 0.643
rdCMC.computeControls:  t = 0.644
rdCMC.computeControls:  t = 0.645
rdCMC.computeControls:  t = 0.646
rdCMC.computeControls:  t = 0.647
rdCMC.computeControls:  t = 0.648
rdCMC.computeControls:  t = 0.649
rdCMC.computeControls:  t = 0.65
rdCMC.computeControls:  t = 0.651
rdCMC.computeControls:  t = 0.652
rdCMC.computeControls:  t = 0.653
rdCMC.computeControls:  t = 0.654
rdCMC.computeControls:  t = 0.655
rdCMC.computeControls:  t = 0.656
rdCMC.computeControls:  t = 0.657
rdCMC.computeControls:  t = 0.658
rdCMC.computeControls:  t = 0.659
rdCMC.computeControls:  t = 0.66
rdCMC.computeControls:  t = 0.661
rdCMC.computeControls:  t = 0.662
rdCMC.computeControls:  t = 0.663
rdCMC.computeControls:  t = 0.664
rdCMC.computeControls:  t = 0.665
rdCMC.computeControls:  t = 0.666
rdCMC.computeControls:  t = 0.667
rdCMC.computeControls:  t = 0.668
rdCMC.computeControls:  t = 0.669
rdCMC.computeControls:  t = 0.67
rdCMC.computeControls:  t = 0.671
rdCMC.computeControls:  t = 0.672
rdCMC.computeControls:  t = 0.673
rdCMC.computeControls:  t = 0.674
rdCMC.computeControls:  t = 0.675
rdCMC.computeControls:  t = 0.676
rdCMC.computeControls:  t = 0.677
rdCMC.computeControls:  t = 0.678
rdCMC.computeControls:  t = 0.679
rdCMC.computeControls:  t = 0.68
rdCMC.computeControls:  t = 0.681
rdCMC.computeControls:  t = 0.682
rdCMC.computeControls:  t = 0.683
rdCMC.computeControls:  t = 0.684
rdCMC.computeControls:  t = 0.685
rdCMC.computeControls:  t = 0.686
rdCMC.computeControls:  t = 0.687
rdCMC.computeControls:  t = 0.688
rdCMC.computeControls:  t = 0.689
rdCMC.computeControls:  t = 0.69
rdCMC.computeControls:  t = 0.691
rdCMC.computeControls:  t = 0.692
rdCMC.computeControls:  t = 0.693
rdCMC.computeControls:  t = 0.694
rdCMC.computeControls:  t = 0.695
rdCMC.computeControls:  t = 0.696
rdCMC.computeControls:  t = 0.697
rdCMC.computeControls:  t = 0.698
rdCMC.computeControls:  t = 0.699
rdCMC.computeControls:  t = 0.7
rdCMC.computeControls:  t = 0.701
rdCMC.computeControls:  t = 0.702
rdCMC.computeControls:  t = 0.703
rdCMC.computeControls:  t = 0.704
rdCMC.computeControls:  t = 0.705
rdCMC.computeControls:  t = 0.706
rdCMC.computeControls:  t = 0.707
rdCMC.computeControls:  t = 0.708
rdCMC.computeControls:  t = 0.709
rdCMC.computeControls:  t = 0.71
rdCMC.computeControls:  t = 0.711
rdCMC.computeControls:  t = 0.712
rdCMC.computeControls:  t = 0.713
rdCMC.computeControls:  t = 0.714
rdCMC.computeControls:  t = 0.715
rdCMC.computeControls:  t = 0.716
rdCMC.computeControls:  t = 0.717
rdCMC.computeControls:  t = 0.718
rdCMC.computeControls:  t = 0.719
rdCMC.computeControls:  t = 0.72
rdCMC.computeControls:  t = 0.721
rdCMC.computeControls:  t = 0.722
rdCMC.computeControls:  t = 0.723
rdCMC.computeControls:  t = 0.724
rdCMC.computeControls:  t = 0.725
rdCMC.computeControls:  t = 0.726
rdCMC.computeControls:  t = 0.727
rdCMC.computeControls:  t = 0.728
rdCMC.computeControls:  t = 0.729
rdCMC.computeControls:  t = 0.73
rdCMC.computeControls:  t = 0.731
rdCMC.computeControls:  t = 0.732
rdCMC.computeControls:  t = 0.733
rdCMC.computeControls:  t = 0.734
rdCMC.computeControls:  t = 0.735
rdCMC.computeControls:  t = 0.736
rdCMC.computeControls:  t = 0.737
rdCMC.computeControls:  t = 0.738
rdCMC.computeControls:  t = 0.739
rdCMC.computeControls:  t = 0.74
rdCMC.computeControls:  t = 0.741
rdCMC.computeControls:  t = 0.742
rdCMC.computeControls:  t = 0.743
rdCMC.computeControls:  t = 0.744
rdCMC.computeControls:  t = 0.745
rdCMC.computeControls:  t = 0.746
rdCMC.computeControls:  t = 0.747
rdCMC.computeControls:  t = 0.748
rdCMC.computeControls:  t = 0.749
rdCMC.computeControls:  t = 0.75
rdCMC.computeControls:  t = 0.751
rdCMC.computeControls:  t = 0.752
rdCMC.computeControls:  t = 0.753
rdCMC.computeControls:  t = 0.754
rdCMC.computeControls:  t = 0.755
rdCMC.computeControls:  t = 0.756
rdCMC.computeControls:  t = 0.757
rdCMC.computeControls:  t = 0.758
rdCMC.computeControls:  t = 0.759
rdCMC.computeControls:  t = 0.76
rdCMC.computeControls:  t = 0.761
rdCMC.computeControls:  t = 0.762
rdCMC.computeControls:  t = 0.763
rdCMC.computeControls:  t = 0.764
rdCMC.computeControls:  t = 0.765
rdCMC.computeControls:  t = 0.766
rdCMC.computeControls:  t = 0.767
rdCMC.computeControls:  t = 0.768
rdCMC.computeControls:  t = 0.769
rdCMC.computeControls:  t = 0.77
rdCMC.computeControls:  t = 0.771
rdCMC.computeControls:  t = 0.772
rdCMC.computeControls:  t = 0.773
rdCMC.computeControls:  t = 0.774
rdCMC.computeControls:  t = 0.775
rdCMC.computeControls:  t = 0.776
rdCMC.computeControls:  t = 0.777
rdCMC.computeControls:  t = 0.778
rdCMC.computeControls:  t = 0.779
rdCMC.computeControls:  t = 0.78
rdCMC.computeControls:  t = 0.781
rdCMC.computeControls:  t = 0.782
rdCMC.computeControls:  t = 0.783
rdCMC.computeControls:  t = 0.784
rdCMC.computeControls:  t = 0.785
rdCMC.computeControls:  t = 0.786
rdCMC.computeControls:  t = 0.787
rdCMC.computeControls:  t = 0.788
rdCMC.computeControls:  t = 0.789
rdCMC.computeControls:  t = 0.79
rdCMC.computeControls:  t = 0.791
rdCMC.computeControls:  t = 0.792
rdCMC.computeControls:  t = 0.793
rdCMC.computeControls:  t = 0.794
rdCMC.computeControls:  t = 0.795
rdCMC.computeControls:  t = 0.796
rdCMC.computeControls:  t = 0.797
rdCMC.computeControls:  t = 0.798
rdCMC.computeControls:  t = 0.799
rdCMC.computeControls:  t = 0.8
rdCMC.computeControls:  t = 0.801
rdCMC.computeControls:  t = 0.802
rdCMC.computeControls:  t = 0.803
rdCMC.computeControls:  t = 0.804
rdCMC.computeControls:  t = 0.805
rdCMC.computeControls:  t = 0.806
rdCMC.computeControls:  t = 0.807
rdCMC.computeControls:  t = 0.808
rdCMC.computeControls:  t = 0.809
rdCMC.computeControls:  t = 0.81
rdCMC.computeControls:  t = 0.811
rdCMC.computeControls:  t = 0.812
rdCMC.computeControls:  t = 0.813
rdCMC.computeControls:  t = 0.814
rdCMC.computeControls:  t = 0.815
rdCMC.computeControls:  t = 0.816
rdCMC.computeControls:  t = 0.817
rdCMC.computeControls:  t = 0.818
rdCMC.computeControls:  t = 0.819
rdCMC.computeControls:  t = 0.82
rdCMC.computeControls:  t = 0.821
rdCMC.computeControls:  t = 0.822
rdCMC.computeControls:  t = 0.823
rdCMC.computeControls:  t = 0.824
rdCMC.computeControls:  t = 0.825
rdCMC.computeControls:  t = 0.826
rdCMC.computeControls:  t = 0.827
rdCMC.computeControls:  t = 0.828
rdCMC.computeControls:  t = 0.829
rdCMC.computeControls:  t = 0.83
rdCMC.computeControls:  t = 0.831
rdCMC.computeControls:  t = 0.832
rdCMC.computeControls:  t = 0.833
rdCMC.computeControls:  t = 0.834
rdCMC.computeControls:  t = 0.835
rdCMC.computeControls:  t = 0.836
rdCMC.computeControls:  t = 0.837
rdCMC.computeControls:  t = 0.838
rdCMC.computeControls:  t = 0.839
rdCMC.computeControls:  t = 0.84
rdCMC.computeControls:  t = 0.841
rdCMC.computeControls:  t = 0.842
rdCMC.computeControls:  t = 0.843
rdCMC.computeControls:  t = 0.844
rdCMC.computeControls:  t = 0.845
rdCMC.computeControls:  t = 0.846
rdCMC.computeControls:  t = 0.847
rdCMC.computeControls:  t = 0.848
rdCMC.computeControls:  t = 0.849
rdCMC.computeControls:  t = 0.85
rdCMC.computeControls:  t = 0.851
rdCMC.computeControls:  t = 0.852
rdCMC.computeControls:  t = 0.853
rdCMC.computeControls:  t = 0.854
rdCMC.computeControls:  t = 0.855
rdCMC.computeControls:  t = 0.856
rdCMC.computeControls:  t = 0.857
rdCMC.computeControls:  t = 0.858
rdCMC.computeControls:  t = 0.859
rdCMC.computeControls:  t = 0.86
rdCMC.computeControls:  t = 0.861
rdCMC.computeControls:  t = 0.862
rdCMC.computeControls:  t = 0.863
rdCMC.computeControls:  t = 0.864
rdCMC.computeControls:  t = 0.865
rdCMC.computeControls:  t = 0.866
rdCMC.computeControls:  t = 0.867
rdCMC.computeControls:  t = 0.868
rdCMC.computeControls:  t = 0.869
rdCMC.computeControls:  t = 0.87
rdCMC.computeControls:  t = 0.871
rdCMC.computeControls:  t = 0.872
rdCMC.computeControls:  t = 0.873
rdCMC.computeControls:  t = 0.874
rdCMC.computeControls:  t = 0.875
rdCMC.computeControls:  t = 0.876
rdCMC.computeControls:  t = 0.877
rdCMC.computeControls:  t = 0.878
rdCMC.computeControls:  t = 0.879
rdCMC.computeControls:  t = 0.88
rdCMC.computeControls:  t = 0.881
rdCMC.computeControls:  t = 0.882
rdCMC.computeControls:  t = 0.883
rdCMC.computeControls:  t = 0.884
rdCMC.computeControls:  t = 0.885
rdCMC.computeControls:  t = 0.886
rdCMC.computeControls:  t = 0.887
rdCMC.computeControls:  t = 0.888
rdCMC.computeControls:  t = 0.889
rdCMC.computeControls:  t = 0.89
rdCMC.computeControls:  t = 0.891
rdCMC.computeControls:  t = 0.892
rdCMC.computeControls:  t = 0.893
rdCMC.computeControls:  t = 0.894
rdCMC.computeControls:  t = 0.895
rdCMC.computeControls:  t = 0.896
rdCMC.computeControls:  t = 0.897
rdCMC.computeControls:  t = 0.898
rdCMC.computeControls:  t = 0.899
rdCMC.computeControls:  t = 0.9
rdCMC.computeControls:  t = 0.901
rdCMC.computeControls:  t = 0.902
rdCMC.computeControls:  t = 0.903
rdCMC.computeControls:  t = 0.904
rdCMC.computeControls:  t = 0.905
rdCMC.computeControls:  t = 0.906
rdCMC.computeControls:  t = 0.907
rdCMC.computeControls:  t = 0.908
rdCMC.computeControls:  t = 0.909
rdCMC.computeControls:  t = 0.91
rdCMC.computeControls:  t = 0.911
rdCMC.computeControls:  t = 0.912
rdCMC.computeControls:  t = 0.913
rdCMC.computeControls:  t = 0.914
rdCMC.computeControls:  t = 0.915
rdCMC.computeControls:  t = 0.916
rdCMC.computeControls:  t = 0.917
rdCMC.computeControls:  t = 0.918
rdCMC.computeControls:  t = 0.919
rdCMC.computeControls:  t = 0.92
rdCMC.computeControls:  t = 0.921
rdCMC.computeControls:  t = 0.922
rdCMC.computeControls:  t = 0.923
rdCMC.computeControls:  t = 0.924
rdCMC.computeControls:  t = 0.925
rdCMC.computeControls:  t = 0.926
rdCMC.computeControls:  t = 0.927
rdCMC.computeControls:  t = 0.928
rdCMC.computeControls:  t = 0.929
rdCMC.computeControls:  t = 0.93
rdCMC.computeControls:  t = 0.931
rdCMC.computeControls:  t = 0.932
rdCMC.computeControls:  t = 0.933
rdCMC.computeControls:  t = 0.934
rdCMC.computeControls:  t = 0.935
rdCMC.computeControls:  t = 0.936
rdCMC.computeControls:  t = 0.937
rdCMC.computeControls:  t = 0.938
rdCMC.computeControls:  t = 0.939
rdCMC.computeControls:  t = 0.94
rdCMC.computeControls:  t = 0.941
rdCMC.computeControls:  t = 0.942
rdCMC.computeControls:  t = 0.943
rdCMC.computeControls:  t = 0.944
rdCMC.computeControls:  t = 0.945
rdCMC.computeControls:  t = 0.946
rdCMC.computeControls:  t = 0.947
rdCMC.computeControls:  t = 0.948
rdCMC.computeControls:  t = 0.949
rdCMC.computeControls:  t = 0.95
rdCMC.computeControls:  t = 0.951
rdCMC.computeControls:  t = 0.952
rdCMC.computeControls:  t = 0.953
rdCMC.computeControls:  t = 0.954
rdCMC.computeControls:  t = 0.955
rdCMC.computeControls:  t = 0.956
rdCMC.computeControls:  t = 0.957
rdCMC.computeControls:  t = 0.958
rdCMC.computeControls:  t = 0.959
rdCMC.computeControls:  t = 0.96
rdCMC.computeControls:  t = 0.961
rdCMC.computeControls:  t = 0.962
rdCMC.computeControls:  t = 0.963
rdCMC.computeControls:  t = 0.964
rdCMC.computeControls:  t = 0.965
rdCMC.computeControls:  t = 0.966
rdCMC.computeControls:  t = 0.967
rdCMC.computeControls:  t = 0.968
rdCMC.computeControls:  t = 0.969
rdCMC.computeControls:  t = 0.97
rdCMC.computeControls:  t = 0.971
rdCMC.computeControls:  t = 0.972
rdCMC.computeControls:  t = 0.973
rdCMC.computeControls:  t = 0.974
rdCMC.computeControls:  t = 0.975
rdCMC.computeControls:  t = 0.976
rdCMC.computeControls:  t = 0.977
rdCMC.computeControls:  t = 0.978
rdCMC.computeControls:  t = 0.979
rdCMC.computeControls:  t = 0.98
rdCMC.computeControls:  t = 0.981
rdCMC.computeControls:  t = 0.982
rdCMC.computeControls:  t = 0.983
rdCMC.computeControls:  t = 0.984
rdCMC.computeControls:  t = 0.985
rdCMC.computeControls:  t = 0.986
rdCMC.computeControls:  t = 0.987
rdCMC.computeControls:  t = 0.988
rdCMC.computeControls:  t = 0.989
rdCMC.computeControls:  t = 0.99
rdCMC.computeControls:  t = 0.991
rdCMC.computeControls:  t = 0.992
rdCMC.computeControls:  t = 0.993
rdCMC.computeControls:  t = 0.994
rdCMC.computeControls:  t = 0.995
rdCMC.computeControls:  t = 0.996
rdCMC.computeControls:  t = 0.997
rdCMC.computeControls:  t = 0.998
rdCMC.computeControls:  t = 0.999
rdCMC.computeControls:  t = 1
rdCMC.computeControls:  t = 1.001
rdCMC.computeControls:  t = 1.002
rdCMC.computeControls:  t = 1.003
rdCMC.computeControls:  t = 1.004
rdCMC.computeControls:  t = 1.005
rdCMC.computeControls:  t = 1.006
rdCMC.computeControls:  t = 1.007
rdCMC.computeControls:  t = 1.008
rdCMC.computeControls:  t = 1.009
rdCMC.computeControls:  t = 1.01
rdCMC.computeControls:  t = 1.011
rdCMC.computeControls:  t = 1.012
rdCMC.computeControls:  t = 1.013
rdCMC.computeControls:  t = 1.014
rdCMC.computeControls:  t = 1.015
rdCMC.computeControls:  t = 1.016
rdCMC.computeControls:  t = 1.017
rdCMC.computeControls:  t = 1.018
rdCMC.computeControls:  t = 1.019
rdCMC.computeControls:  t = 1.02
rdCMC.computeControls:  t = 1.021
rdCMC.computeControls:  t = 1.022
rdCMC.computeControls:  t = 1.023
rdCMC.computeControls:  t = 1.024
rdCMC.computeControls:  t = 1.025
rdCMC.computeControls:  t = 1.026
rdCMC.computeControls:  t = 1.027
rdCMC.computeControls:  t = 1.028
rdCMC.computeControls:  t = 1.029
rdCMC.computeControls:  t = 1.03
rdCMC.computeControls:  t = 1.031
rdCMC.computeControls:  t = 1.032
rdCMC.computeControls:  t = 1.033
rdCMC.computeControls:  t = 1.034
rdCMC.computeControls:  t = 1.035
rdCMC.computeControls:  t = 1.036
rdCMC.computeControls:  t = 1.037
rdCMC.computeControls:  t = 1.038
rdCMC.computeControls:  t = 1.039
rdCMC.computeControls:  t = 1.04
rdCMC.computeControls:  t = 1.041
rdCMC.computeControls:  t = 1.042
rdCMC.computeControls:  t = 1.043
rdCMC.computeControls:  t = 1.044
rdCMC.computeControls:  t = 1.045
rdCMC.computeControls:  t = 1.046
rdCMC.computeControls:  t = 1.047
rdCMC.computeControls:  t = 1.048
rdCMC.computeControls:  t = 1.049
rdCMC.computeControls:  t = 1.05
rdCMC.computeControls:  t = 1.051
rdCMC.computeControls:  t = 1.052
rdCMC.computeControls:  t = 1.053
rdCMC.computeControls:  t = 1.054
rdCMC.computeControls:  t = 1.055
rdCMC.computeControls:  t = 1.056
rdCMC.computeControls:  t = 1.057
rdCMC.computeControls:  t = 1.058
rdCMC.computeControls:  t = 1.059
rdCMC.computeControls:  t = 1.06
rdCMC.computeControls:  t = 1.061
rdCMC.computeControls:  t = 1.062
rdCMC.computeControls:  t = 1.063
rdCMC.computeControls:  t = 1.064
rdCMC.computeControls:  t = 1.065
rdCMC.computeControls:  t = 1.066
rdCMC.computeControls:  t = 1.067
rdCMC.computeControls:  t = 1.068
rdCMC.computeControls:  t = 1.069
rdCMC.computeControls:  t = 1.07
rdCMC.computeControls:  t = 1.071
rdCMC.computeControls:  t = 1.072
rdCMC.computeControls:  t = 1.073
rdCMC.computeControls:  t = 1.074
rdCMC.computeControls:  t = 1.075
rdCMC.computeControls:  t = 1.076
rdCMC.computeControls:  t = 1.077
rdCMC.computeControls:  t = 1.078
rdCMC.computeControls:  t = 1.079
rdCMC.computeControls:  t = 1.08
rdCMC.computeControls:  t = 1.081
rdCMC.computeControls:  t = 1.082
rdCMC.computeControls:  t = 1.083
rdCMC.computeControls:  t = 1.084
rdCMC.computeControls:  t = 1.085
rdCMC.computeControls:  t = 1.086
rdCMC.computeControls:  t = 1.087
rdCMC.computeControls:  t = 1.088
rdCMC.computeControls:  t = 1.089
rdCMC.computeControls:  t = 1.09
rdCMC.computeControls:  t = 1.091
rdCMC.computeControls:  t = 1.092
rdCMC.computeControls:  t = 1.093
rdCMC.computeControls:  t = 1.094
rdCMC.computeControls:  t = 1.095
rdCMC.computeControls:  t = 1.096
rdCMC.computeControls:  t = 1.097
rdCMC.computeControls:  t = 1.098
rdCMC.computeControls:  t = 1.099
rdCMC.computeControls:  t = 1.1
rdCMC.computeControls:  t = 1.101
rdCMC.computeControls:  t = 1.102
rdCMC.computeControls:  t = 1.103
rdCMC.computeControls:  t = 1.104
rdCMC.computeControls:  t = 1.105
rdCMC.computeControls:  t = 1.106
rdCMC.computeControls:  t = 1.107
rdCMC.computeControls:  t = 1.108
rdCMC.computeControls:  t = 1.109
rdCMC.computeControls:  t = 1.11
rdCMC.computeControls:  t = 1.111
rdCMC.computeControls:  t = 1.112
rdCMC.computeControls:  t = 1.113
rdCMC.computeControls:  t = 1.114
rdCMC.computeControls:  t = 1.115
rdCMC.computeControls:  t = 1.116
rdCMC.computeControls:  t = 1.117
rdCMC.computeControls:  t = 1.118
rdCMC.computeControls:  t = 1.119
rdCMC.computeControls:  t = 1.12
rdCMC.computeControls:  t = 1.121
rdCMC.computeControls:  t = 1.122
rdCMC.computeControls:  t = 1.123
rdCMC.computeControls:  t = 1.124
rdCMC.computeControls:  t = 1.125
rdCMC.computeControls:  t = 1.126
rdCMC.computeControls:  t = 1.127
rdCMC.computeControls:  t = 1.128
rdCMC.computeControls:  t = 1.129
rdCMC.computeControls:  t = 1.13
rdCMC.computeControls:  t = 1.131
rdCMC.computeControls:  t = 1.132
rdCMC.computeControls:  t = 1.133
rdCMC.computeControls:  t = 1.134
rdCMC.computeControls:  t = 1.135
rdCMC.computeControls:  t = 1.136
rdCMC.computeControls:  t = 1.137
rdCMC.computeControls:  t = 1.138
rdCMC.computeControls:  t = 1.139
rdCMC.computeControls:  t = 1.14
rdCMC.computeControls:  t = 1.141
rdCMC.computeControls:  t = 1.142
rdCMC.computeControls:  t = 1.143
rdCMC.computeControls:  t = 1.144
rdCMC.computeControls:  t = 1.145
rdCMC.computeControls:  t = 1.146
rdCMC.computeControls:  t = 1.147
rdCMC.computeControls:  t = 1.148
rdCMC.computeControls:  t = 1.149
rdCMC.computeControls:  t = 1.15
rdCMC.computeControls:  t = 1.151
rdCMC.computeControls:  t = 1.152
rdCMC.computeControls:  t = 1.153
rdCMC.computeControls:  t = 1.154
rdCMC.computeControls:  t = 1.155
rdCMC.computeControls:  t = 1.156
rdCMC.computeControls:  t = 1.157
rdCMC.computeControls:  t = 1.158
rdCMC.computeControls:  t = 1.159
rdCMC.computeControls:  t = 1.16
rdCMC.computeControls:  t = 1.161
rdCMC.computeControls:  t = 1.162
rdCMC.computeControls:  t = 1.163
rdCMC.computeControls:  t = 1.164
rdCMC.computeControls:  t = 1.165
rdCMC.computeControls:  t = 1.166
rdCMC.computeControls:  t = 1.167
rdCMC.computeControls:  t = 1.168
rdCMC.computeControls:  t = 1.169
rdCMC.computeControls:  t = 1.17
rdCMC.computeControls:  t = 1.171
rdCMC.computeControls:  t = 1.172
rdCMC.computeControls:  t = 1.173
rdCMC.computeControls:  t = 1.174
rdCMC.computeControls:  t = 1.175
rdCMC.computeControls:  t = 1.176
rdCMC.computeControls:  t = 1.177
rdCMC.computeControls:  t = 1.178
rdCMC.computeControls:  t = 1.179
rdCMC.computeControls:  t = 1.18
rdCMC.computeControls:  t = 1.181
rdCMC.computeControls:  t = 1.182
rdCMC.computeControls:  t = 1.183
rdCMC.computeControls:  t = 1.184
rdCMC.computeControls:  t = 1.185
rdCMC.computeControls:  t = 1.186
rdCMC.computeControls:  t = 1.187
rdCMC.computeControls:  t = 1.188
rdCMC.computeControls:  t = 1.189
rdCMC.computeControls:  t = 1.19
rdCMC.computeControls:  t = 1.191
rdCMC.computeControls:  t = 1.192
rdCMC.computeControls:  t = 1.193
rdCMC.computeControls:  t = 1.194
rdCMC.computeControls:  t = 1.195
rdCMC.computeControls:  t = 1.196
rdCMC.computeControls:  t = 1.197
rdCMC.computeControls:  t = 1.198
rdCMC.computeControls:  t = 1.199
rdCMC.computeControls:  t = 1.2
rdCMC.computeControls:  t = 1.201
rdCMC.computeControls:  t = 1.202
rdCMC.computeControls:  t = 1.203
rdCMC.computeControls:  t = 1.204
rdCMC.computeControls:  t = 1.205
rdCMC.computeControls:  t = 1.206
rdCMC.computeControls:  t = 1.207
rdCMC.computeControls:  t = 1.208
rdCMC.computeControls:  t = 1.209
rdCMC.computeControls:  t = 1.21
rdCMC.computeControls:  t = 1.211
rdCMC.computeControls:  t = 1.212
rdCMC.computeControls:  t = 1.213
rdCMC.computeControls:  t = 1.214
rdCMC.computeControls:  t = 1.215
rdCMC.computeControls:  t = 1.216
rdCMC.computeControls:  t = 1.217
rdCMC.computeControls:  t = 1.218
rdCMC.computeControls:  t = 1.219
rdCMC.computeControls:  t = 1.22
rdCMC.computeControls:  t = 1.221
rdCMC.computeControls:  t = 1.222
rdCMC.computeControls:  t = 1.223
rdCMC.computeControls:  t = 1.224
rdCMC.computeControls:  t = 1.225
rdCMC.computeControls:  t = 1.226
rdCMC.computeControls:  t = 1.227
rdCMC.computeControls:  t = 1.228
rdCMC.computeControls:  t = 1.229
rdCMC.computeControls:  t = 1.23
rdCMC.computeControls:  t = 1.231
rdCMC.computeControls:  t = 1.232
rdCMC.computeControls:  t = 1.233
rdCMC.computeControls:  t = 1.234
rdCMC.computeControls:  t = 1.235
rdCMC.computeControls:  t = 1.236
rdCMC.computeControls:  t = 1.237
rdCMC.computeControls:  t = 1.238
rdCMC.computeControls:  t = 1.239
rdCMC.computeControls:  t = 1.24
rdCMC.computeControls:  t = 1.241
rdCMC.computeControls:  t = 1.242
rdCMC.computeControls:  t = 1.243
rdCMC.computeControls:  t = 1.244
rdCMC.computeControls:  t = 1.245
rdCMC.computeControls:  t = 1.246
rdCMC.computeControls:  t = 1.247
rdCMC.computeControls:  t = 1.248
rdCMC.computeControls:  t = 1.249
rdCMC.computeControls:  t = 1.25
rdCMC.computeControls:  t = 1.251
rdCMC.computeControls:  t = 1.252
rdCMC.computeControls:  t = 1.253
rdCMC.computeControls:  t = 1.254
rdCMC.computeControls:  t = 1.255
rdCMC.computeControls:  t = 1.256
rdCMC.computeControls:  t = 1.257
rdCMC.computeControls:  t = 1.258
rdCMC.computeControls:  t = 1.259
rdCMC.computeControls:  t = 1.26
rdCMC.computeControls:  t = 1.261
rdCMC.computeControls:  t = 1.262
rdCMC.computeControls:  t = 1.263
rdCMC.computeControls:  t = 1.264
rdCMC.computeControls:  t = 1.265
rdCMC.computeControls:  t = 1.266
rdCMC.computeControls:  t = 1.267
rdCMC.computeControls:  t = 1.268
rdCMC.computeControls:  t = 1.269
rdCMC.computeControls:  t = 1.27
rdCMC.computeControls:  t = 1.271
rdCMC.computeControls:  t = 1.272
rdCMC.computeControls:  t = 1.273
rdCMC.computeControls:  t = 1.274
rdCMC.computeControls:  t = 1.275
rdCMC.computeControls:  t = 1.276
rdCMC.computeControls:  t = 1.277
rdCMC.computeControls:  t = 1.278
rdCMC.computeControls:  t = 1.279
rdCMC.computeControls:  t = 1.28
rdCMC.computeControls:  t = 1.281
rdCMC.computeControls:  t = 1.282
rdCMC.computeControls:  t = 1.283
rdCMC.computeControls:  t = 1.284
rdCMC.computeControls:  t = 1.285
rdCMC.computeControls:  t = 1.286
rdCMC.computeControls:  t = 1.287
rdCMC.computeControls:  t = 1.288
rdCMC.computeControls:  t = 1.289
rdCMC.computeControls:  t = 1.29
rdCMC.computeControls:  t = 1.291
rdCMC.computeControls:  t = 1.292
rdCMC.computeControls:  t = 1.293
rdCMC.computeControls:  t = 1.294
rdCMC.computeControls:  t = 1.295
rdCMC.computeControls:  t = 1.296
rdCMC.computeControls:  t = 1.297
rdCMC.computeControls:  t = 1.298
rdCMC.computeControls:  t = 1.299
rdCMC.computeControls:  t = 1.3
rdCMC.computeControls:  t = 1.301
rdCMC.computeControls:  t = 1.302
rdCMC.computeControls:  t = 1.303
rdCMC.computeControls:  t = 1.304
rdCMC.computeControls:  t = 1.305
rdCMC.computeControls:  t = 1.306
rdCMC.computeControls:  t = 1.307
rdCMC.computeControls:  t = 1.308
rdCMC.computeControls:  t = 1.309
rdCMC.computeControls:  t = 1.31
rdCMC.computeControls:  t = 1.311
rdCMC.computeControls:  t = 1.312
rdCMC.computeControls:  t = 1.313
rdCMC.computeControls:  t = 1.314
rdCMC.computeControls:  t = 1.315
rdCMC.computeControls:  t = 1.316
rdCMC.computeControls:  t = 1.317
rdCMC.computeControls:  t = 1.318
rdCMC.computeControls:  t = 1.319
rdCMC.computeControls:  t = 1.32
rdCMC.computeControls:  t = 1.321
rdCMC.computeControls:  t = 1.322
rdCMC.computeControls:  t = 1.323
rdCMC.computeControls:  t = 1.324
rdCMC.computeControls:  t = 1.325
rdCMC.computeControls:  t = 1.326
rdCMC.computeControls:  t = 1.327
rdCMC.computeControls:  t = 1.328
rdCMC.computeControls:  t = 1.329
rdCMC.computeControls:  t = 1.33
rdCMC.computeControls:  t = 1.331
rdCMC.computeControls:  t = 1.332
rdCMC.computeControls:  t = 1.333
rdCMC.computeControls:  t = 1.334
rdCMC.computeControls:  t = 1.335
rdCMC.computeControls:  t = 1.336
rdCMC.computeControls:  t = 1.337
rdCMC.computeControls:  t = 1.338
rdCMC.computeControls:  t = 1.339
rdCMC.computeControls:  t = 1.34
rdCMC.computeControls:  t = 1.341
rdCMC.computeControls:  t = 1.342
rdCMC.computeControls:  t = 1.343
rdCMC.computeControls:  t = 1.344
rdCMC.computeControls:  t = 1.345
rdCMC.computeControls:  t = 1.346
rdCMC.computeControls:  t = 1.347
rdCMC.computeControls:  t = 1.348
rdCMC.computeControls:  t = 1.349
rdCMC.computeControls:  t = 1.35
rdCMC.computeControls:  t = 1.351
rdCMC.computeControls:  t = 1.352
rdCMC.computeControls:  t = 1.353
rdCMC.computeControls:  t = 1.354
rdCMC.computeControls:  t = 1.355
rdCMC.computeControls:  t = 1.356
rdCMC.computeControls:  t = 1.357
rdCMC.computeControls:  t = 1.358
rdCMC.computeControls:  t = 1.359
rdCMC.computeControls:  t = 1.36
rdCMC.computeControls:  t = 1.361
rdCMC.computeControls:  t = 1.362
rdCMC.computeControls:  t = 1.363
rdCMC.computeControls:  t = 1.364
rdCMC.computeControls:  t = 1.365
rdCMC.computeControls:  t = 1.366
rdCMC.computeControls:  t = 1.367
rdCMC.computeControls:  t = 1.368
rdCMC.computeControls:  t = 1.369
rdCMC.computeControls:  t = 1.37
rdCMC.computeControls:  t = 1.371
rdCMC.computeControls:  t = 1.372
rdCMC.computeControls:  t = 1.373
rdCMC.computeControls:  t = 1.374
rdCMC.computeControls:  t = 1.375
rdCMC.computeControls:  t = 1.376
rdCMC.computeControls:  t = 1.377
rdCMC.computeControls:  t = 1.378
rdCMC.computeControls:  t = 1.379
rdCMC.computeControls:  t = 1.38
rdCMC.computeControls:  t = 1.381
rdCMC.computeControls:  t = 1.382
rdCMC.computeControls:  t = 1.383
rdCMC.computeControls:  t = 1.384
rdCMC.computeControls:  t = 1.385
rdCMC.computeControls:  t = 1.386
rdCMC.computeControls:  t = 1.387
rdCMC.computeControls:  t = 1.388
rdCMC.computeControls:  t = 1.389
rdCMC.computeControls:  t = 1.39
rdCMC.computeControls:  t = 1.391
rdCMC.computeControls:  t = 1.392
rdCMC.computeControls:  t = 1.393
rdCMC.computeControls:  t = 1.394
rdCMC.computeControls:  t = 1.395
rdCMC.computeControls:  t = 1.396
rdCMC.computeControls:  t = 1.397
rdCMC.computeControls:  t = 1.398
rdCMC.computeControls:  t = 1.399
rdCMC.computeControls:  t = 1.4
rdCMC.computeControls:  t = 1.401
rdCMC.computeControls:  t = 1.402
rdCMC.computeControls:  t = 1.403
rdCMC.computeControls:  t = 1.404
rdCMC.computeControls:  t = 1.405
rdCMC.computeControls:  t = 1.406
rdCMC.computeControls:  t = 1.407
rdCMC.computeControls:  t = 1.408
rdCMC.computeControls:  t = 1.409
rdCMC.computeControls:  t = 1.41
rdCMC.computeControls:  t = 1.411
rdCMC.computeControls:  t = 1.412
rdCMC.computeControls:  t = 1.413
rdCMC.computeControls:  t = 1.414
rdCMC.computeControls:  t = 1.415
rdCMC.computeControls:  t = 1.416
rdCMC.computeControls:  t = 1.417
rdCMC.computeControls:  t = 1.418
rdCMC.computeControls:  t = 1.419
rdCMC.computeControls:  t = 1.42
rdCMC.computeControls:  t = 1.421
rdCMC.computeControls:  t = 1.422
rdCMC.computeControls:  t = 1.423
rdCMC.computeControls:  t = 1.424
rdCMC.computeControls:  t = 1.425
rdCMC.computeControls:  t = 1.426
rdCMC.computeControls:  t = 1.427
rdCMC.computeControls:  t = 1.428
rdCMC.computeControls:  t = 1.429
rdCMC.computeControls:  t = 1.43
rdCMC.computeControls:  t = 1.431
rdCMC.computeControls:  t = 1.432
rdCMC.computeControls:  t = 1.433
rdCMC.computeControls:  t = 1.434
rdCMC.computeControls:  t = 1.435
rdCMC.computeControls:  t = 1.436
rdCMC.computeControls:  t = 1.437
rdCMC.computeControls:  t = 1.438
rdCMC.computeControls:  t = 1.439
rdCMC.computeControls:  t = 1.44
rdCMC.computeControls:  t = 1.441
rdCMC.computeControls:  t = 1.442
rdCMC.computeControls:  t = 1.443
rdCMC.computeControls:  t = 1.444
rdCMC.computeControls:  t = 1.445
rdCMC.computeControls:  t = 1.446
rdCMC.computeControls:  t = 1.447
rdCMC.computeControls:  t = 1.448
rdCMC.computeControls:  t = 1.449
rdCMC.computeControls:  t = 1.45
rdCMC.computeControls:  t = 1.451
rdCMC.computeControls:  t = 1.452
rdCMC.computeControls:  t = 1.453
rdCMC.computeControls:  t = 1.454
rdCMC.computeControls:  t = 1.455
rdCMC.computeControls:  t = 1.456
rdCMC.computeControls:  t = 1.457
rdCMC.computeControls:  t = 1.458
rdCMC.computeControls:  t = 1.459
rdCMC.computeControls:  t = 1.46
rdCMC.computeControls:  t = 1.461
rdCMC.computeControls:  t = 1.462
rdCMC.computeControls:  t = 1.463
rdCMC.computeControls:  t = 1.464
rdCMC.computeControls:  t = 1.465
rdCMC.computeControls:  t = 1.466
rdCMC.computeControls:  t = 1.467
rdCMC.computeControls:  t = 1.468
rdCMC.computeControls:  t = 1.469
rdCMC.computeControls:  t = 1.47
rdCMC.computeControls:  t = 1.471
rdCMC.computeControls:  t = 1.472
rdCMC.computeControls:  t = 1.473
rdCMC.computeControls:  t = 1.474
rdCMC.computeControls:  t = 1.475
rdCMC.computeControls:  t = 1.476
rdCMC.computeControls:  t = 1.477
rdCMC.computeControls:  t = 1.478
rdCMC.computeControls:  t = 1.479
rdCMC.computeControls:  t = 1.48
rdCMC.computeControls:  t = 1.481
rdCMC.computeControls:  t = 1.482
rdCMC.computeControls:  t = 1.483
rdCMC.computeControls:  t = 1.484
rdCMC.computeControls:  t = 1.485
rdCMC.computeControls:  t = 1.486
rdCMC.computeControls:  t = 1.487
rdCMC.computeControls:  t = 1.488
rdCMC.computeControls:  t = 1.489
rdCMC.computeControls:  t = 1.49
rdCMC.computeControls:  t = 1.491
rdCMC.computeControls:  t = 1.492
rdCMC.computeControls:  t = 1.493
rdCMC.computeControls:  t = 1.494
rdCMC.computeControls:  t = 1.495
rdCMC.computeControls:  t = 1.496
rdCMC.computeControls:  t = 1.497
rdCMC.computeControls:  t = 1.498
rdCMC.computeControls:  t = 1.499
rdCMC.computeControls:  t = 1.5
rdCMC.computeControls:  t = 1.501
rdCMC.computeControls:  t = 1.502
rdCMC.computeControls:  t = 1.503
rdCMC.computeControls:  t = 1.504
rdCMC.computeControls:  t = 1.505
rdCMC.computeControls:  t = 1.506
rdCMC.computeControls:  t = 1.507
rdCMC.computeControls:  t = 1.508
rdCMC.computeControls:  t = 1.509
rdCMC.computeControls:  t = 1.51
rdCMC.computeControls:  t = 1.511
rdCMC.computeControls:  t = 1.512
rdCMC.computeControls:  t = 1.513
rdCMC.computeControls:  t = 1.514
rdCMC.computeControls:  t = 1.515
rdCMC.computeControls:  t = 1.516
rdCMC.computeControls:  t = 1.517
rdCMC.computeControls:  t = 1.518
rdCMC.computeControls:  t = 1.519
rdCMC.computeControls:  t = 1.52
rdCMC.computeControls:  t = 1.521
rdCMC.computeControls:  t = 1.522
rdCMC.computeControls:  t = 1.523
rdCMC.computeControls:  t = 1.524
rdCMC.computeControls:  t = 1.525
rdCMC.computeControls:  t = 1.526
rdCMC.computeControls:  t = 1.527
rdCMC.computeControls:  t = 1.528
rdCMC.computeControls:  t = 1.529
rdCMC.computeControls:  t = 1.53
rdCMC.computeControls:  t = 1.531
rdCMC.computeControls:  t = 1.532
rdCMC.computeControls:  t = 1.533
rdCMC.computeControls:  t = 1.534
rdCMC.computeControls:  t = 1.535
rdCMC.computeControls:  t = 1.536
rdCMC.computeControls:  t = 1.537
rdCMC.computeControls:  t = 1.538
rdCMC.computeControls:  t = 1.539
rdCMC.computeControls:  t = 1.54
rdCMC.computeControls:  t = 1.541
rdCMC.computeControls:  t = 1.542
rdCMC.computeControls:  t = 1.543
rdCMC.computeControls:  t = 1.544
rdCMC.computeControls:  t = 1.545
rdCMC.computeControls:  t = 1.546
rdCMC.computeControls:  t = 1.547
rdCMC.computeControls:  t = 1.548
rdCMC.computeControls:  t = 1.549
rdCMC.computeControls:  t = 1.55
rdCMC.computeControls:  t = 1.551
rdCMC.computeControls:  t = 1.552
rdCMC.computeControls:  t = 1.553
rdCMC.computeControls:  t = 1.554
rdCMC.computeControls:  t = 1.555
rdCMC.computeControls:  t = 1.556
rdCMC.computeControls:  t = 1.557
rdCMC.computeControls:  t = 1.558
rdCMC.computeControls:  t = 1.559
rdCMC.computeControls:  t = 1.56
rdCMC.computeControls:  t = 1.561
rdCMC.computeControls:  t = 1.562
rdCMC.computeControls:  t = 1.563
rdCMC.computeControls:  t = 1.564
rdCMC.computeControls:  t = 1.565
rdCMC.computeControls:  t = 1.566
rdCMC.computeControls:  t = 1.567
rdCMC.computeControls:  t = 1.568
rdCMC.computeControls:  t = 1.569
rdCMC.computeControls:  t = 1.57
rdCMC.computeControls:  t = 1.571
rdCMC.computeControls:  t = 1.572
rdCMC.computeControls:  t = 1.573
rdCMC.computeControls:  t = 1.574
rdCMC.computeControls:  t = 1.575
rdCMC.computeControls:  t = 1.576
rdCMC.computeControls:  t = 1.577
rdCMC.computeControls:  t = 1.578
rdCMC.computeControls:  t = 1.579
rdCMC.computeControls:  t = 1.58
rdCMC.computeControls:  t = 1.581
rdCMC.computeControls:  t = 1.582
rdCMC.computeControls:  t = 1.583
rdCMC.computeControls:  t = 1.584
rdCMC.computeControls:  t = 1.585
rdCMC.computeControls:  t = 1.586
rdCMC.computeControls:  t = 1.587
rdCMC.computeControls:  t = 1.588
rdCMC.computeControls:  t = 1.589
rdCMC.computeControls:  t = 1.59
rdCMC.computeControls:  t = 1.591
rdCMC.computeControls:  t = 1.592
rdCMC.computeControls:  t = 1.593
rdCMC.computeControls:  t = 1.594
rdCMC.computeControls:  t = 1.595
rdCMC.computeControls:  t = 1.596
rdCMC.computeControls:  t = 1.597
rdCMC.computeControls:  t = 1.598
rdCMC.computeControls:  t = 1.599
rdCMC.computeControls:  t = 1.6
rdCMC.computeControls:  t = 1.601
rdCMC.computeControls:  t = 1.602
rdCMC.computeControls:  t = 1.603
rdCMC.computeControls:  t = 1.604
rdCMC.computeControls:  t = 1.605
rdCMC.computeControls:  t = 1.606
rdCMC.computeControls:  t = 1.607
rdCMC.computeControls:  t = 1.608
rdCMC.computeControls:  t = 1.609
rdCMC.computeControls:  t = 1.61
rdCMC.computeControls:  t = 1.611
rdCMC.computeControls:  t = 1.612
rdCMC.computeControls:  t = 1.613
rdCMC.computeControls:  t = 1.614
rdCMC.computeControls:  t = 1.615
rdCMC.computeControls:  t = 1.616
rdCMC.computeControls:  t = 1.617
rdCMC.computeControls:  t = 1.618
rdCMC.computeControls:  t = 1.619
rdCMC.computeControls:  t = 1.62
rdCMC.computeControls:  t = 1.621
rdCMC.computeControls:  t = 1.622
rdCMC.computeControls:  t = 1.623
rdCMC.computeControls:  t = 1.624
rdCMC.computeControls:  t = 1.625
rdCMC.computeControls:  t = 1.626
rdCMC.computeControls:  t = 1.627
rdCMC.computeControls:  t = 1.628
rdCMC.computeControls:  t = 1.629
rdCMC.computeControls:  t = 1.63
rdCMC.computeControls:  t = 1.631
rdCMC.computeControls:  t = 1.632
rdCMC.computeControls:  t = 1.633
rdCMC.computeControls:  t = 1.634
rdCMC.computeControls:  t = 1.635
rdCMC.computeControls:  t = 1.636
rdCMC.computeControls:  t = 1.637
rdCMC.computeControls:  t = 1.638
rdCMC.computeControls:  t = 1.639
rdCMC.computeControls:  t = 1.64
rdCMC.computeControls:  t = 1.641
rdCMC.computeControls:  t = 1.642
rdCMC.computeControls:  t = 1.643
rdCMC.computeControls:  t = 1.644
rdCMC.computeControls:  t = 1.645
rdCMC.computeControls:  t = 1.646
rdCMC.computeControls:  t = 1.647
rdCMC.computeControls:  t = 1.648
rdCMC.computeControls:  t = 1.649
rdCMC.computeControls:  t = 1.65
rdCMC.computeControls:  t = 1.651
rdCMC.computeControls:  t = 1.652
rdCMC.computeControls:  t = 1.653
rdCMC.computeControls:  t = 1.654
rdCMC.computeControls:  t = 1.655
rdCMC.computeControls:  t = 1.656
rdCMC.computeControls:  t = 1.657
rdCMC.computeControls:  t = 1.658
rdCMC.computeControls:  t = 1.659
rdCMC.computeControls:  t = 1.66
rdCMC.computeControls:  t = 1.661
rdCMC.computeControls:  t = 1.662
rdCMC.computeControls:  t = 1.663
rdCMC.computeControls:  t = 1.664
rdCMC.computeControls:  t = 1.665
rdCMC.computeControls:  t = 1.666
rdCMC.computeControls:  t = 1.667
rdCMC.computeControls:  t = 1.668
rdCMC.computeControls:  t = 1.669
rdCMC.computeControls:  t = 1.67
rdCMC.computeControls:  t = 1.671
rdCMC.computeControls:  t = 1.672
rdCMC.computeControls:  t = 1.673
rdCMC.computeControls:  t = 1.674
rdCMC.computeControls:  t = 1.675
rdCMC.computeControls:  t = 1.676
rdCMC.computeControls:  t = 1.677
rdCMC.computeControls:  t = 1.678
rdCMC.computeControls:  t = 1.679
rdCMC.computeControls:  t = 1.68
rdCMC.computeControls:  t = 1.681
rdCMC.computeControls:  t = 1.682
rdCMC.computeControls:  t = 1.683
rdCMC.computeControls:  t = 1.684
rdCMC.computeControls:  t = 1.685
rdCMC.computeControls:  t = 1.686
rdCMC.computeControls:  t = 1.687
rdCMC.computeControls:  t = 1.688
rdCMC.computeControls:  t = 1.689
rdCMC.computeControls:  t = 1.69
rdCMC.computeControls:  t = 1.691
rdCMC.computeControls:  t = 1.692
rdCMC.computeControls:  t = 1.693
rdCMC.computeControls:  t = 1.694
rdCMC.computeControls:  t = 1.695
rdCMC.computeControls:  t = 1.696
rdCMC.computeControls:  t = 1.697
rdCMC.computeControls:  t = 1.698
rdCMC.computeControls:  t = 1.699
rdCMC.computeControls:  t = 1.7
rdCMC.computeControls:  t = 1.701
rdCMC.computeControls:  t = 1.702
rdCMC.computeControls:  t = 1.703
rdCMC.computeControls:  t = 1.704
rdCMC.computeControls:  t = 1.705
rdCMC.computeControls:  t = 1.706
rdCMC.computeControls:  t = 1.707
rdCMC.computeControls:  t = 1.708
rdCMC.computeControls:  t = 1.709
rdCMC.computeControls:  t = 1.71
rdCMC.computeControls:  t = 1.711
rdCMC.computeControls:  t = 1.712
rdCMC.computeControls:  t = 1.713
rdCMC.computeControls:  t = 1.714
rdCMC.computeControls:  t = 1.715
rdCMC.computeControls:  t = 1.716
rdCMC.computeControls:  t = 1.717
rdCMC.computeControls:  t = 1.718
rdCMC.computeControls:  t = 1.719
rdCMC.computeControls:  t = 1.72
rdCMC.computeControls:  t = 1.721
rdCMC.computeControls:  t = 1.722
rdCMC.computeControls:  t = 1.723
rdCMC.computeControls:  t = 1.724
rdCMC.computeControls:  t = 1.725
rdCMC.computeControls:  t = 1.726
rdCMC.computeControls:  t = 1.727
rdCMC.computeControls:  t = 1.728
rdCMC.computeControls:  t = 1.729
rdCMC.computeControls:  t = 1.73
rdCMC.computeControls:  t = 1.731
rdCMC.computeControls:  t = 1.732
rdCMC.computeControls:  t = 1.733
rdCMC.computeControls:  t = 1.734
rdCMC.computeControls:  t = 1.735
rdCMC.computeControls:  t = 1.736
rdCMC.computeControls:  t = 1.737
rdCMC.computeControls:  t = 1.738
rdCMC.computeControls:  t = 1.739
rdCMC.computeControls:  t = 1.74
rdCMC.computeControls:  t = 1.741
rdCMC.computeControls:  t = 1.742
rdCMC.computeControls:  t = 1.743
rdCMC.computeControls:  t = 1.744
rdCMC.computeControls:  t = 1.745
rdCMC.computeControls:  t = 1.746
rdCMC.computeControls:  t = 1.747
rdCMC.computeControls:  t = 1.748
rdCMC.computeControls:  t = 1.749
rdCMC.computeControls:  t = 1.75
rdCMC.computeControls:  t = 1.751
rdCMC.computeControls:  t = 1.752
rdCMC.computeControls:  t = 1.753
rdCMC.computeControls:  t = 1.754
rdCMC.computeControls:  t = 1.755
rdCMC.computeControls:  t = 1.756
rdCMC.computeControls:  t = 1.757
rdCMC.computeControls:  t = 1.758
rdCMC.computeControls:  t = 1.759
rdCMC.computeControls:  t = 1.76
rdCMC.computeControls:  t = 1.761
rdCMC.computeControls:  t = 1.762
rdCMC.computeControls:  t = 1.763
rdCMC.computeControls:  t = 1.764
rdCMC.computeControls:  t = 1.765
rdCMC.computeControls:  t = 1.766
rdCMC.computeControls:  t = 1.767
rdCMC.computeControls:  t = 1.768
rdCMC.computeControls:  t = 1.769
rdCMC.computeControls:  t = 1.77
rdCMC.computeControls:  t = 1.771
rdCMC.computeControls:  t = 1.772
rdCMC.computeControls:  t = 1.773
rdCMC.computeControls:  t = 1.774
rdCMC.computeControls:  t = 1.775
rdCMC.computeControls:  t = 1.776
rdCMC.computeControls:  t = 1.777
rdCMC.computeControls:  t = 1.778
rdCMC.computeControls:  t = 1.779
rdCMC.computeControls:  t = 1.78
rdCMC.computeControls:  t = 1.781
rdCMC.computeControls:  t = 1.782
rdCMC.computeControls:  t = 1.783
rdCMC.computeControls:  t = 1.784
rdCMC.computeControls:  t = 1.785
rdCMC.computeControls:  t = 1.786
rdCMC.computeControls:  t = 1.787
rdCMC.computeControls:  t = 1.788
rdCMC.computeControls:  t = 1.789
rdCMC.computeControls:  t = 1.79
rdCMC.computeControls:  t = 1.791
rdCMC.computeControls:  t = 1.792
rdCMC.computeControls:  t = 1.793
rdCMC.computeControls:  t = 1.794
rdCMC.computeControls:  t = 1.795
rdCMC.computeControls:  t = 1.796
rdCMC.computeControls:  t = 1.797
rdCMC.computeControls:  t = 1.798
rdCMC.computeControls:  t = 1.799
rdCMC.computeControls:  t = 1.8
rdCMC.computeControls:  t = 1.801
rdCMC.computeControls:  t = 1.802
rdCMC.computeControls:  t = 1.803
rdCMC.computeControls:  t = 1.804
rdCMC.computeControls:  t = 1.805
rdCMC.computeControls:  t = 1.806
rdCMC.computeControls:  t = 1.807
rdCMC.computeControls:  t = 1.808
rdCMC.computeControls:  t = 1.809
rdCMC.computeControls:  t = 1.81
rdCMC.computeControls:  t = 1.811
rdCMC.computeControls:  t = 1.812
rdCMC.computeControls:  t = 1.813
rdCMC.computeControls:  t = 1.814
rdCMC.computeControls:  t = 1.815
rdCMC.computeControls:  t = 1.816
rdCMC.computeControls:  t = 1.817
rdCMC.computeControls:  t = 1.818
rdCMC.computeControls:  t = 1.819
rdCMC.computeControls:  t = 1.82
rdCMC.computeControls:  t = 1.821
rdCMC.computeControls:  t = 1.822
rdCMC.computeControls:  t = 1.823
rdCMC.computeControls:  t = 1.824
rdCMC.computeControls:  t = 1.825
rdCMC.computeControls:  t = 1.826
rdCMC.computeControls:  t = 1.827
rdCMC.computeControls:  t = 1.828
rdCMC.computeControls:  t = 1.829
rdCMC.computeControls:  t = 1.83
rdCMC.computeControls:  t = 1.831
rdCMC.computeControls:  t = 1.832
rdCMC.computeControls:  t = 1.833
rdCMC.computeControls:  t = 1.834
rdCMC.computeControls:  t = 1.835
rdCMC.computeControls:  t = 1.836
rdCMC.computeControls:  t = 1.837
rdCMC.computeControls:  t = 1.838
rdCMC.computeControls:  t = 1.839
rdCMC.computeControls:  t = 1.84
rdCMC.computeControls:  t = 1.841
rdCMC.computeControls:  t = 1.842
rdCMC.computeControls:  t = 1.843
rdCMC.computeControls:  t = 1.844
rdCMC.computeControls:  t = 1.845
rdCMC.computeControls:  t = 1.846
rdCMC.computeControls:  t = 1.847
rdCMC.computeControls:  t = 1.848
rdCMC.computeControls:  t = 1.849
rdCMC.computeControls:  t = 1.85
rdCMC.computeControls:  t = 1.851
rdCMC.computeControls:  t = 1.852
rdCMC.computeControls:  t = 1.853
rdCMC.computeControls:  t = 1.854
rdCMC.computeControls:  t = 1.855
rdCMC.computeControls:  t = 1.856
rdCMC.computeControls:  t = 1.857
rdCMC.computeControls:  t = 1.858
rdCMC.computeControls:  t = 1.859
rdCMC.computeControls:  t = 1.86
rdCMC.computeControls:  t = 1.861
rdCMC.computeControls:  t = 1.862
rdCMC.computeControls:  t = 1.863
rdCMC.computeControls:  t = 1.864
rdCMC.computeControls:  t = 1.865
rdCMC.computeControls:  t = 1.866
rdCMC.computeControls:  t = 1.867
rdCMC.computeControls:  t = 1.868
rdCMC.computeControls:  t = 1.869
----------------------------------------------------------------
Finished tracking the specified kinematics
=================================================================
Start time   = Tue Oct 28 14:17:42 2008
Finish time  = Tue Oct 28 14:21:14 2008
Elapsed time = 212 seconds.
================================================================


Printing results of investigation GIL04_xslow1_RRA to Results.


Average residuals:
FX=0.152392 FY=-1.59469 FZ=-0.0196781
MX=-0.107475 MY=-0.162654 MZ=-1.33016


Deleted model default
