-------------------------------------------------------
This program includes software developed by the
Apache Software Foundation (http://www.apache.org/).
-------------------------------------------------------

Deleted model 
RegisterTypes_SdfastEngine

-------------------------------------------------------
Library SdfastEngine...
-------------------------------------------------------

RegisterTypes_SimbodyEngine

-------------------------------------------------------
Library SimbodyEngine...
-------------------------------------------------------

Constructing investigation from setup file GIL06_free2_Setup_CMC_Constrained.xml.

AbstractTool GIL06_free2_fixed_CMC_Constr loading model '../../GIL06_gait2392_simbody_adjusted.osim'
Created model GIL06 from file ../../GIL06_gait2392_simbody_adjusted.osim
Adding actuator set from ../../GIL06_CMC_Actuators.xml
Handling locked coordinate.
Handling locked coordinate.
Handling locked coordinate.
Handling locked coordinate.
SimbodyCoordinate.setValue: WARN- coordinate subtalar_angle_r is locked. Unable to change its value.
SimbodyCoordinate.setValue: WARN- coordinate mtp_angle_r is locked. Unable to change its value.
SimbodyCoordinate.setValue: WARN- coordinate subtalar_angle_l is locked. Unable to change its value.
SimbodyCoordinate.setValue: WARN- coordinate mtp_angle_l is locked. Unable to change its value.
-----------------------------------------------------------------------
Loaded library
-----------------------------------------------------------------------
             MODEL: GIL06
         actuators: 111
          analyses: 3
          contacts: 0
-----------------------------------------------------------------------

Running tool GIL06_free2_fixed_CMC_Constr.
MODEL: GIL06

ANALYSES (3)
analysis[0] = Kinematics
analysis[1] = Actuation
analysis[2] = BodyKinematics

BODIES (13)
body[0] = ground (mass: 0) (inertia: 0 0 0 0 0 0 0 0 0)
body[1] = pelvis (mass: 12.7983) (inertia: 0.103095 0 0 0 0.0873497 0 0 0 0.058066)
body[2] = femur_r (mass: 10.108) (inertia: 0.124709 0 0 0 0.0326907 0 0 0 0.131508)
body[3] = tibia_r (mass: 4.029) (inertia: 0.040192 0 0 0 0.00406705 0 0 0 0.0407502)
body[4] = talus_r (mass: 0.108672) (inertia: 0.00079746 0 0 0 0.00079746 0 0 0 0.00079746)
body[5] = calcn_r (mass: 1.3584) (inertia: 0.00126007 0 0 0 0.00351019 0 0 0 0.0036902)
body[6] = toes_r (mass: 0.235383) (inertia: 9e-005 0 0 0 0.00018001 0 0 0 0.00090005)
body[7] = femur_l (mass: 10.108) (inertia: 0.124709 0 0 0 0.0326907 0 0 0 0.131508)
body[8] = tibia_l (mass: 4.029) (inertia: 0.040192 0 0 0 0.00406705 0 0 0 0.0407502)
body[9] = talus_l (mass: 0.108672) (inertia: 0.00079746 0 0 0 0.00079746 0 0 0 0.00079746)
body[10] = calcn_l (mass: 1.3584) (inertia: 0.00126007 0 0 0 0.00351019 0 0 0 0.0036902)
body[11] = toes_l (mass: 0.235383) (inertia: 9e-005 0 0 0 0.00018001 0 0 0 0.00090005)
body[12] = torso (mass: 37.8843) (inertia: 1.58775 0 0 0 0.813525 0 0 0 1.54134)

ACTUATORS (111)
actuator[0] = glut_med1_r (controls: glut_med1_r.excitation)
actuator[1] = glut_med2_r (controls: glut_med2_r.excitation)
actuator[2] = glut_med3_r (controls: glut_med3_r.excitation)
actuator[3] = glut_min1_r (controls: glut_min1_r.excitation)
actuator[4] = glut_min2_r (controls: glut_min2_r.excitation)
actuator[5] = glut_min3_r (controls: glut_min3_r.excitation)
actuator[6] = semimem_r (controls: semimem_r.excitation)
actuator[7] = semiten_r (controls: semiten_r.excitation)
actuator[8] = bifemlh_r (controls: bifemlh_r.excitation)
actuator[9] = bifemsh_r (controls: bifemsh_r.excitation)
actuator[10] = sar_r (controls: sar_r.excitation)
actuator[11] = add_long_r (controls: add_long_r.excitation)
actuator[12] = add_brev_r (controls: add_brev_r.excitation)
actuator[13] = add_mag1_r (controls: add_mag1_r.excitation)
actuator[14] = add_mag2_r (controls: add_mag2_r.excitation)
actuator[15] = add_mag3_r (controls: add_mag3_r.excitation)
actuator[16] = tfl_r (controls: tfl_r.excitation)
actuator[17] = pect_r (controls: pect_r.excitation)
actuator[18] = grac_r (controls: grac_r.excitation)
actuator[19] = glut_max1_r (controls: glut_max1_r.excitation)
actuator[20] = glut_max2_r (controls: glut_max2_r.excitation)
actuator[21] = glut_max3_r (controls: glut_max3_r.excitation)
actuator[22] = iliacus_r (controls: iliacus_r.excitation)
actuator[23] = psoas_r (controls: psoas_r.excitation)
actuator[24] = quad_fem_r (controls: quad_fem_r.excitation)
actuator[25] = gem_r (controls: gem_r.excitation)
actuator[26] = peri_r (controls: peri_r.excitation)
actuator[27] = rect_fem_r (controls: rect_fem_r.excitation)
actuator[28] = vas_med_r (controls: vas_med_r.excitation)
actuator[29] = vas_int_r (controls: vas_int_r.excitation)
actuator[30] = vas_lat_r (controls: vas_lat_r.excitation)
actuator[31] = med_gas_r (controls: med_gas_r.excitation)
actuator[32] = lat_gas_r (controls: lat_gas_r.excitation)
actuator[33] = soleus_r (controls: soleus_r.excitation)
actuator[34] = tib_post_r (controls: tib_post_r.excitation)
actuator[35] = flex_dig_r (controls: flex_dig_r.excitation)
actuator[36] = flex_hal_r (controls: flex_hal_r.excitation)
actuator[37] = tib_ant_r (controls: tib_ant_r.excitation)
actuator[38] = per_brev_r (controls: per_brev_r.excitation)
actuator[39] = per_long_r (controls: per_long_r.excitation)
actuator[40] = per_tert_r (controls: per_tert_r.excitation)
actuator[41] = ext_dig_r (controls: ext_dig_r.excitation)
actuator[42] = ext_hal_r (controls: ext_hal_r.excitation)
actuator[43] = glut_med1_l (controls: glut_med1_l.excitation)
actuator[44] = glut_med2_l (controls: glut_med2_l.excitation)
actuator[45] = glut_med3_l (controls: glut_med3_l.excitation)
actuator[46] = glut_min1_l (controls: glut_min1_l.excitation)
actuator[47] = glut_min2_l (controls: glut_min2_l.excitation)
actuator[48] = glut_min3_l (controls: glut_min3_l.excitation)
actuator[49] = semimem_l (controls: semimem_l.excitation)
actuator[50] = semiten_l (controls: semiten_l.excitation)
actuator[51] = bifemlh_l (controls: bifemlh_l.excitation)
actuator[52] = bifemsh_l (controls: bifemsh_l.excitation)
actuator[53] = sar_l (controls: sar_l.excitation)
actuator[54] = add_long_l (controls: add_long_l.excitation)
actuator[55] = add_brev_l (controls: add_brev_l.excitation)
actuator[56] = add_mag1_l (controls: add_mag1_l.excitation)
actuator[57] = add_mag2_l (controls: add_mag2_l.excitation)
actuator[58] = add_mag3_l (controls: add_mag3_l.excitation)
actuator[59] = tfl_l (controls: tfl_l.excitation)
actuator[60] = pect_l (controls: pect_l.excitation)
actuator[61] = grac_l (controls: grac_l.excitation)
actuator[62] = glut_max1_l (controls: glut_max1_l.excitation)
actuator[63] = glut_max2_l (controls: glut_max2_l.excitation)
actuator[64] = glut_max3_l (controls: glut_max3_l.excitation)
actuator[65] = iliacus_l (controls: iliacus_l.excitation)
actuator[66] = psoas_l (controls: psoas_l.excitation)
actuator[67] = quad_fem_l (controls: quad_fem_l.excitation)
actuator[68] = gem_l (controls: gem_l.excitation)
actuator[69] = peri_l (controls: peri_l.excitation)
actuator[70] = rect_fem_l (controls: rect_fem_l.excitation)
actuator[71] = vas_med_l (controls: vas_med_l.excitation)
actuator[72] = vas_int_l (controls: vas_int_l.excitation)
actuator[73] = vas_lat_l (controls: vas_lat_l.excitation)
actuator[74] = med_gas_l (controls: med_gas_l.excitation)
actuator[75] = lat_gas_l (controls: lat_gas_l.excitation)
actuator[76] = soleus_l (controls: soleus_l.excitation)
actuator[77] = tib_post_l (controls: tib_post_l.excitation)
actuator[78] = flex_dig_l (controls: flex_dig_l.excitation)
actuator[79] = flex_hal_l (controls: flex_hal_l.excitation)
actuator[80] = tib_ant_l (controls: tib_ant_l.excitation)
actuator[81] = per_brev_l (controls: per_brev_l.excitation)
actuator[82] = per_long_l (controls: per_long_l.excitation)
actuator[83] = per_tert_l (controls: per_tert_l.excitation)
actuator[84] = ext_dig_l (controls: ext_dig_l.excitation)
actuator[85] = ext_hal_l (controls: ext_hal_l.excitation)
actuator[86] = ercspn_r (controls: ercspn_r.excitation)
actuator[87] = ercspn_l (controls: ercspn_l.excitation)
actuator[88] = intobl_r (controls: intobl_r.excitation)
actuator[89] = intobl_l (controls: intobl_l.excitation)
actuator[90] = extobl_r (controls: extobl_r.excitation)
actuator[91] = extobl_l (controls: extobl_l.excitation)
actuator[92] = FX (controls: FX.excitation)
actuator[93] = FY (controls: FY.excitation)
actuator[94] = FZ (controls: FZ.excitation)
actuator[95] = MX (controls: MX.excitation)
actuator[96] = MY (controls: MY.excitation)
actuator[97] = MZ (controls: MZ.excitation)
actuator[98] = hip_flexion_r_reserve (controls: hip_flexion_r_reserve.excitation)
actuator[99] = hip_adduction_r_reserve (controls: hip_adduction_r_reserve.excitation)
actuator[100] = hip_rotation_r_reserve (controls: hip_rotation_r_reserve.excitation)
actuator[101] = knee_angle_r_reserve (controls: knee_angle_r_reserve.excitation)
actuator[102] = ankle_angle_r_reserve (controls: ankle_angle_r_reserve.excitation)
actuator[103] = hip_flexion_l_reserve (controls: hip_flexion_l_reserve.excitation)
actuator[104] = hip_adduction_l_reserve (controls: hip_adduction_l_reserve.excitation)
actuator[105] = hip_rotation_l_reserve (controls: hip_rotation_l_reserve.excitation)
actuator[106] = knee_angle_l_reserve (controls: knee_angle_l_reserve.excitation)
actuator[107] = ankle_angle_l_reserve (controls: ankle_angle_l_reserve.excitation)
actuator[108] = lumbar_extension_reserve (controls: lumbar_extension_reserve.excitation)
actuator[109] = lumbar_bending_reserve (controls: lumbar_bending_reserve.excitation)
actuator[110] = lumbar_rotation_reserve (controls: lumbar_rotation_reserve.excitation)

CONTACTS (0)
numControls = 111
numStates = 230
numCoordinates = 23
numSpeeds = 23
numActuators = 111
numBodies = 13

STATES (230)
y[0] = pelvis_tx
y[1] = pelvis_ty
y[2] = pelvis_tz
y[3] = pelvis_tilt
y[4] = pelvis_list
y[5] = pelvis_rotation
y[6] = hip_flexion_r
y[7] = hip_adduction_r
y[8] = hip_rotation_r
y[9] = knee_angle_r
y[10] = ankle_angle_r
y[11] = subtalar_angle_r
y[12] = mtp_angle_r
y[13] = hip_flexion_l
y[14] = hip_adduction_l
y[15] = hip_rotation_l
y[16] = knee_angle_l
y[17] = ankle_angle_l
y[18] = subtalar_angle_l
y[19] = mtp_angle_l
y[20] = lumbar_extension
y[21] = lumbar_bending
y[22] = lumbar_rotation
y[23] = pelvis_tx_u
y[24] = pelvis_ty_u
y[25] = pelvis_tz_u
y[26] = pelvis_tilt_u
y[27] = pelvis_list_u
y[28] = pelvis_rotation_u
y[29] = hip_flexion_r_u
y[30] = hip_adduction_r_u
y[31] = hip_rotation_r_u
y[32] = knee_angle_r_u
y[33] = ankle_angle_r_u
y[34] = subtalar_angle_r_u
y[35] = mtp_angle_r_u
y[36] = hip_flexion_l_u
y[37] = hip_adduction_l_u
y[38] = hip_rotation_l_u
y[39] = knee_angle_l_u
y[40] = ankle_angle_l_u
y[41] = subtalar_angle_l_u
y[42] = mtp_angle_l_u
y[43] = lumbar_extension_u
y[44] = lumbar_bending_u
y[45] = lumbar_rotation_u
y[46] = glut_med1_r.activation
y[47] = glut_med1_r.fiber_length
y[48] = glut_med2_r.activation
y[49] = glut_med2_r.fiber_length
y[50] = glut_med3_r.activation
y[51] = glut_med3_r.fiber_length
y[52] = glut_min1_r.activation
y[53] = glut_min1_r.fiber_length
y[54] = glut_min2_r.activation
y[55] = glut_min2_r.fiber_length
y[56] = glut_min3_r.activation
y[57] = glut_min3_r.fiber_length
y[58] = semimem_r.activation
y[59] = semimem_r.fiber_length
y[60] = semiten_r.activation
y[61] = semiten_r.fiber_length
y[62] = bifemlh_r.activation
y[63] = bifemlh_r.fiber_length
y[64] = bifemsh_r.activation
y[65] = bifemsh_r.fiber_length
y[66] = sar_r.activation
y[67] = sar_r.fiber_length
y[68] = add_long_r.activation
y[69] = add_long_r.fiber_length
y[70] = add_brev_r.activation
y[71] = add_brev_r.fiber_length
y[72] = add_mag1_r.activation
y[73] = add_mag1_r.fiber_length
y[74] = add_mag2_r.activation
y[75] = add_mag2_r.fiber_length
y[76] = add_mag3_r.activation
y[77] = add_mag3_r.fiber_length
y[78] = tfl_r.activation
y[79] = tfl_r.fiber_length
y[80] = pect_r.activation
y[81] = pect_r.fiber_length
y[82] = grac_r.activation
y[83] = grac_r.fiber_length
y[84] = glut_max1_r.activation
y[85] = glut_max1_r.fiber_length
y[86] = glut_max2_r.activation
y[87] = glut_max2_r.fiber_length
y[88] = glut_max3_r.activation
y[89] = glut_max3_r.fiber_length
y[90] = iliacus_r.activation
y[91] = iliacus_r.fiber_length
y[92] = psoas_r.activation
y[93] = psoas_r.fiber_length
y[94] = quad_fem_r.activation
y[95] = quad_fem_r.fiber_length
y[96] = gem_r.activation
y[97] = gem_r.fiber_length
y[98] = peri_r.activation
y[99] = peri_r.fiber_length
y[100] = rect_fem_r.activation
y[101] = rect_fem_r.fiber_length
y[102] = vas_med_r.activation
y[103] = vas_med_r.fiber_length
y[104] = vas_int_r.activation
y[105] = vas_int_r.fiber_length
y[106] = vas_lat_r.activation
y[107] = vas_lat_r.fiber_length
y[108] = med_gas_r.activation
y[109] = med_gas_r.fiber_length
y[110] = lat_gas_r.activation
y[111] = lat_gas_r.fiber_length
y[112] = soleus_r.activation
y[113] = soleus_r.fiber_length
y[114] = tib_post_r.activation
y[115] = tib_post_r.fiber_length
y[116] = flex_dig_r.activation
y[117] = flex_dig_r.fiber_length
y[118] = flex_hal_r.activation
y[119] = flex_hal_r.fiber_length
y[120] = tib_ant_r.activation
y[121] = tib_ant_r.fiber_length
y[122] = per_brev_r.activation
y[123] = per_brev_r.fiber_length
y[124] = per_long_r.activation
y[125] = per_long_r.fiber_length
y[126] = per_tert_r.activation
y[127] = per_tert_r.fiber_length
y[128] = ext_dig_r.activation
y[129] = ext_dig_r.fiber_length
y[130] = ext_hal_r.activation
y[131] = ext_hal_r.fiber_length
y[132] = glut_med1_l.activation
y[133] = glut_med1_l.fiber_length
y[134] = glut_med2_l.activation
y[135] = glut_med2_l.fiber_length
y[136] = glut_med3_l.activation
y[137] = glut_med3_l.fiber_length
y[138] = glut_min1_l.activation
y[139] = glut_min1_l.fiber_length
y[140] = glut_min2_l.activation
y[141] = glut_min2_l.fiber_length
y[142] = glut_min3_l.activation
y[143] = glut_min3_l.fiber_length
y[144] = semimem_l.activation
y[145] = semimem_l.fiber_length
y[146] = semiten_l.activation
y[147] = semiten_l.fiber_length
y[148] = bifemlh_l.activation
y[149] = bifemlh_l.fiber_length
y[150] = bifemsh_l.activation
y[151] = bifemsh_l.fiber_length
y[152] = sar_l.activation
y[153] = sar_l.fiber_length
y[154] = add_long_l.activation
y[155] = add_long_l.fiber_length
y[156] = add_brev_l.activation
y[157] = add_brev_l.fiber_length
y[158] = add_mag1_l.activation
y[159] = add_mag1_l.fiber_length
y[160] = add_mag2_l.activation
y[161] = add_mag2_l.fiber_length
y[162] = add_mag3_l.activation
y[163] = add_mag3_l.fiber_length
y[164] = tfl_l.activation
y[165] = tfl_l.fiber_length
y[166] = pect_l.activation
y[167] = pect_l.fiber_length
y[168] = grac_l.activation
y[169] = grac_l.fiber_length
y[170] = glut_max1_l.activation
y[171] = glut_max1_l.fiber_length
y[172] = glut_max2_l.activation
y[173] = glut_max2_l.fiber_length
y[174] = glut_max3_l.activation
y[175] = glut_max3_l.fiber_length
y[176] = iliacus_l.activation
y[177] = iliacus_l.fiber_length
y[178] = psoas_l.activation
y[179] = psoas_l.fiber_length
y[180] = quad_fem_l.activation
y[181] = quad_fem_l.fiber_length
y[182] = gem_l.activation
y[183] = gem_l.fiber_length
y[184] = peri_l.activation
y[185] = peri_l.fiber_length
y[186] = rect_fem_l.activation
y[187] = rect_fem_l.fiber_length
y[188] = vas_med_l.activation
y[189] = vas_med_l.fiber_length
y[190] = vas_int_l.activation
y[191] = vas_int_l.fiber_length
y[192] = vas_lat_l.activation
y[193] = vas_lat_l.fiber_length
y[194] = med_gas_l.activation
y[195] = med_gas_l.fiber_length
y[196] = lat_gas_l.activation
y[197] = lat_gas_l.fiber_length
y[198] = soleus_l.activation
y[199] = soleus_l.fiber_length
y[200] = tib_post_l.activation
y[201] = tib_post_l.fiber_length
y[202] = flex_dig_l.activation
y[203] = flex_dig_l.fiber_length
y[204] = flex_hal_l.activation
y[205] = flex_hal_l.fiber_length
y[206] = tib_ant_l.activation
y[207] = tib_ant_l.fiber_length
y[208] = per_brev_l.activation
y[209] = per_brev_l.fiber_length
y[210] = per_long_l.activation
y[211] = per_long_l.fiber_length
y[212] = per_tert_l.activation
y[213] = per_tert_l.fiber_length
y[214] = ext_dig_l.activation
y[215] = ext_dig_l.fiber_length
y[216] = ext_hal_l.activation
y[217] = ext_hal_l.fiber_length
y[218] = ercspn_r.activation
y[219] = ercspn_r.fiber_length
y[220] = ercspn_l.activation
y[221] = ercspn_l.fiber_length
y[222] = intobl_r.activation
y[223] = intobl_r.fiber_length
y[224] = intobl_l.activation
y[225] = intobl_l.fiber_length
y[226] = extobl_r.activation
y[227] = extobl_r.fiber_length
y[228] = extobl_l.activation
y[229] = extobl_l.fiber_length


Loading desired kinematics from file ../RRA/Results/GIL06_free2_RRA_Kinematics_q.sto ...
Storage: file=../RRA/Results/GIL06_free2_RRA_Kinematics_q.sto (nr=995 nc=24)


Note- not filtering the desired kinematics.



Loading external loads kinematics from file ../IK/GIL06_free2_ik.mot ...
Storage: file=../IK/GIL06_free2_ik.mot (nr=125 nc=375)
Low-pass filtering external load kinematics with a cutoff frequency of 6...
Storage: file=../IK/GIL06_free2_ik.mot (nr=125 nc=375)
Padded kineticsStore to start time of 0.125

Constructing function set for tracking...



 taskSet size = 19

Using the generalized coordinates specified in ../RRA/Results/GIL06_free2_RRA_Kinematics_q.sto to set the initial configuration.
Successfully linked to CFSQP library 'osimCFSQP.dll'
Using CFSQP optimizer algorithm.

Setting optimizer print level to 0.
Setting optimizer convergence criterion to 1e-006.
Setting optimizer maximum iterations to 2000.

Setting cmc controller to not use verbose printing.



================================================================
================================================================
Computing initial values for muscles states (activation, length)
Start time = Wed Oct 29 17:05:04 2008
================================================================

=============================================
rdCMC.computeInitialStates: ti=0.175
=============================================
rdCMC.computeControls:  t = 0.175
rdCMC.computeControls:  t = 0.175

-----------------------------------------------------------------
Finished computing initial states:
-----------------------------------------------------------------
Array[230]= 0.203215 0.837519 -0.280013 -0.0674678 0.0946361 -0.0842023 0.255666 -0.176477 -0.00489262 -1.18517 -0.137027 -7.80441e-018 -1.37994e-017 0.191283 0.146653 -0.0243292 -0.0289804 -0.12099 1.10262e-016 -1.50447e-016 0.131525 -0.132386 0.190119 0.972472 0.0330776 -0.0710819 -0.326504 -0.114299 0.216117 3.72462 0.363733 0.883711 -2.556 3.22706 -2.44924e-016 -4.41199e-016 -1.21916 0.190658 -0.499304 0.485606 0.930459 2.8734e-015 -6.81736e-015 0.234855 0.196346 -0.732588 0.0667388 0.0371741 0.02 0.0719945 0.02 0.056156 0.0506025 0.0580786 0.0400631 0.0477441 0.0249051 0.0286559 0.02 0.0325294 0.02 0.161511 0.02 0.0696557 0.230264 0.126688 0.165825 0.402066 0.0440481 0.102159 0.02 0.116523 0.02 0.0655939 0.02 0.0829924 0.02 0.101081 0.186318 0.0900584 0.0306177 0.0664573 0.02 0.265452 0.02 0.0765798 0.02 0.0872793 0.02 0.108744 0.377299 0.0922606 0.385417 0.0862472 0.02 0.0488524 0.02 0.0239543 0.02 0.0179234 0.0225685 0.125269 0.02 0.0857562 0.02 0.0861269 0.02 0.082661 0.02 0.0267723 0.02 0.0284712 0.02 0.0334591 0.02 0.0273156 0.02 0.025781 0.02 0.03169 0.35403 0.0722801 0.02 0.0418909 0.02 0.0415669 0.0451711 0.0718225 0.218839 0.0861851 0.0853473 0.095074 0.538239 0.0485642 0.490194 0.0828987 0.576629 0.0646004 0.167405 0.0695143 0.169016 0.0596092 0.25017 0.0392411 0.02 0.0602084 0.02 0.194456 0.02 0.0927774 0.204467 0.153663 0.154013 0.423932 0.02 0.0827669 0.02 0.0966908 0.02 0.0423592 0.02 0.060984 0.02 0.0879776 0.238903 0.0944376 0.02 0.0567115 0.02 0.277774 0.245428 0.0815766 0.184492 0.0875501 0.02 0.0925371 0.173672 0.092995 0.16638 0.0871066 0.02 0.0369255 0.0365803 0.0220067 0.316645 0.023141 0.02 0.086519 0.02 0.0445129 0.02 0.0485209 0.02 0.0413928 0.02 0.0463079 0.02 0.0496689 0.02 0.0341473 0.02 0.0276111 0.02 0.0262186 0.02 0.0322071 0.147575 0.0721793 0.02 0.0420003 0.02 0.0418577 0.0831525 0.0711103 0.348272 0.083989 0.135038 0.093359 0.14705 0.115785 0.02 0.109552 0.02 0.120623 0.0825117 0.0842211 0.199365 0.139886 0.02 0.13146
=================================================================
Start time   = Wed Oct 29 17:05:04 2008
Finish time  = Wed Oct 29 17:05:45 2008
Elapsed time = 41 seconds.
=================================================================



================================================================
================================================================
Using CMC to track the specified kinematics
Integrating from 0.205 to 1.129
Start time = Wed Oct 29 17:05:45 2008
================================================================
rdCMC.computeControls:  t = 0.205
rdCMC.computeControls:  t = 0.215
rdCMC.computeControls:  t = 0.225
rdCMC.computeControls:  t = 0.235
rdCMC.computeControls:  t = 0.245
rdCMC.computeControls:  t = 0.255
rdCMC.computeControls:  t = 0.265
rdCMC.computeControls:  t = 0.275
rdCMC.computeControls:  t = 0.285
rdCMC.computeControls:  t = 0.295
rdCMC.computeControls:  t = 0.305
WARN- small force range for semimem_l (28.6657 to 28.7086)
WARN- small force range for semiten_l (14.0093 to 14.1577)
WARN- small force range for bifemlh_l (12.5066 to 12.6615)
rdCMC.computeControls:  t = 0.315
WARN- small force range for semimem_l (24.0635 to 24.1062)
WARN- small force range for semiten_l (13.8203 to 13.9686)
WARN- small force range for bifemlh_l (12.3016 to 12.4557)
rdCMC.computeControls:  t = 0.325
WARN- small force range for semimem_l (20.5783 to 20.6209)
WARN- small force range for semiten_l (13.6596 to 13.8082)
WARN- small force range for bifemlh_l (12.1794 to 12.333)
rdCMC.computeControls:  t = 0.335
WARN- small force range for semimem_l (18.0141 to 18.0567)
WARN- small force range for semiten_l (13.5243 to 13.6733)
WARN- small force range for bifemlh_l (12.1317 to 12.2851)
rdCMC.computeControls:  t = 0.345
WARN- small force range for semimem_l (16.2146 to 16.2574)
WARN- small force range for semiten_l (13.4102 to 13.5596)
WARN- small force range for bifemlh_l (12.1716 to 12.3251)
rdCMC.computeControls:  t = 0.355
WARN- small force range for semimem_l (14.7989 to 14.8417)
WARN- small force range for semiten_l (13.2953 to 13.4451)
WARN- small force range for bifemlh_l (12.1975 to 12.351)
rdCMC.computeControls:  t = 0.365
WARN- small force range for semimem_l (13.6697 to 13.7125)
WARN- small force range for semiten_l (13.1741 to 13.3241)
WARN- small force range for bifemlh_l (12.19 to 12.3434)
rdCMC.computeControls:  t = 0.375
WARN- small force range for semimem_l (12.7969 to 12.8397)
WARN- small force range for semiten_l (13.044 to 13.194)
WARN- small force range for bifemlh_l (12.1768 to 12.3298)
rdCMC.computeControls:  t = 0.385
WARN- small force range for vas_lat_r (1.82716 to 1.86886)
WARN- small force range for semimem_l (11.9772 to 12.0198)
WARN- small force range for semiten_l (12.8909 to 13.0407)
WARN- small force range for bifemlh_l (12.0796 to 12.232)
rdCMC.computeControls:  t = 0.395
WARN- small force range for vas_med_r (1.2516 to 1.29045)
WARN- small force range for vas_int_r (1.3241 to 1.3608)
WARN- small force range for vas_lat_r (1.81579 to 1.85802)
WARN- small force range for semimem_l (11.221 to 11.2632)
WARN- small force range for semiten_l (12.7186 to 12.8679)
WARN- small force range for bifemlh_l (11.8976 to 12.0489)
rdCMC.computeControls:  t = 0.405
WARN- small force range for vas_med_r (1.24426 to 1.28347)
WARN- small force range for vas_int_r (1.31702 to 1.3541)
WARN- small force range for vas_lat_r (1.80585 to 1.84852)
WARN- small force range for semimem_l (10.5374 to 10.5793)
WARN- small force range for semiten_l (12.5302 to 12.6789)
WARN- small force range for bifemlh_l (11.6641 to 11.8142)
rdCMC.computeControls:  t = 0.415
WARN- small force range for vas_med_r (1.23852 to 1.27804)
WARN- small force range for vas_int_r (1.31151 to 1.3489)
WARN- small force range for vas_lat_r (1.79791 to 1.84096)
WARN- small force range for semimem_l (9.84464 to 9.88606)
WARN- small force range for semiten_l (12.325 to 12.4728)
WARN- small force range for bifemlh_l (11.3661 to 11.5146)
rdCMC.computeControls:  t = 0.425
WARN- small force range for vas_med_r (1.23483 to 1.27461)
WARN- small force range for vas_int_r (1.30798 to 1.34564)
WARN- small force range for vas_lat_r (1.79257 to 1.83593)
WARN- small force range for semimem_l (9.18058 to 9.22147)
WARN- small force range for semiten_l (12.1117 to 12.2585)
WARN- small force range for bifemlh_l (11.0145 to 11.1611)
rdCMC.computeControls:  t = 0.435
WARN- small force range for vas_med_r (1.23346 to 1.27346)
WARN- small force range for vas_int_r (1.30667 to 1.34456)
WARN- small force range for vas_lat_r (1.79014 to 1.83378)
WARN- small force range for semimem_l (8.54405 to 8.58437)
WARN- small force range for semiten_l (11.8954 to 12.0413)
WARN- small force range for bifemlh_l (10.6363 to 10.781)
rdCMC.computeControls:  t = 0.445
WARN- small force range for vas_med_r (1.23443 to 1.27463)
WARN- small force range for vas_int_r (1.30762 to 1.3457)
WARN- small force range for vas_lat_r (1.79063 to 1.83452)
WARN- small force range for semimem_l (7.95462 to 8.00992)
WARN- small force range for semiten_l (11.6827 to 11.8276)
WARN- small force range for bifemlh_l (10.2566 to 10.3993)
rdCMC.computeControls:  t = 0.455
WARN- small force range for vas_med_r (1.23769 to 1.27807)
WARN- small force range for vas_int_r (1.31076 to 1.34902)
WARN- small force range for vas_lat_r (1.79392 to 1.83802)
WARN- small force range for semimem_l (7.40494 to 7.47456)
WARN- small force range for semiten_l (11.4749 to 11.6189)
WARN- small force range for bifemlh_l (9.89144 to 10.0323)
rdCMC.computeControls:  t = 0.465
WARN- small force range for vas_med_r (1.24311 to 1.28363)
WARN- small force range for vas_int_r (1.31597 to 1.35437)
WARN- small force range for vas_lat_r (1.79978 to 1.84406)
WARN- small force range for semimem_l (6.88621 to 6.96637)
WARN- small force range for semiten_l (11.2716 to 11.4146)
WARN- small force range for bifemlh_l (9.53734 to 9.67628)
rdCMC.computeControls:  t = 0.475
WARN- small force range for vas_med_r (1.25051 to 1.29117)
WARN- small force range for vas_int_r (1.3231 to 1.36163)
WARN- small force range for vas_lat_r (1.80797 to 1.8524)
WARN- small force range for semimem_l (6.42717 to 6.51504)
WARN- small force range for semiten_l (11.075 to 11.2173)
WARN- small force range for bifemlh_l (9.23016 to 9.36742)
rdCMC.computeControls:  t = 0.485
WARN- small force range for vas_lat_r (1.81821 to 1.86277)
WARN- small force range for semimem_l (6.05438 to 6.1479)
WARN- small force range for semiten_l (10.8865 to 11.0279)
WARN- small force range for bifemlh_l (8.97552 to 9.1113)
rdCMC.computeControls:  t = 0.495
WARN- small force range for semimem_l (5.711 to 5.80851)
WARN- small force range for semiten_l (10.6968 to 10.8374)
WARN- small force range for bifemlh_l (8.76295 to 8.89743)
rdCMC.computeControls:  t = 0.505
WARN- small force range for semimem_l (5.36819 to 5.46836)
WARN- small force range for semiten_l (10.5006 to 10.6403)
WARN- small force range for bifemlh_l (8.56788 to 8.70111)
rdCMC.computeControls:  t = 0.515
WARN- small force range for semimem_l (5.00306 to 5.1048)
WARN- small force range for semiten_l (10.2931 to 10.4318)
WARN- small force range for bifemlh_l (8.38201 to 8.51403)
rdCMC.computeControls:  t = 0.525
WARN- small force range for semimem_l (4.60577 to 4.70817)
WARN- small force range for semiten_l (10.0711 to 10.2086)
WARN- small force range for bifemlh_l (8.18726 to 8.31802)
rdCMC.computeControls:  t = 0.535
WARN- small force range for semimem_l (4.12415 to 4.22632)
WARN- small force range for semiten_l (9.82897 to 9.96512)
WARN- small force range for bifemlh_l (7.95481 to 8.08413)
rdCMC.computeControls:  t = 0.545
WARN- small force range for semimem_l (3.60539 to 3.7067)
WARN- small force range for semiten_l (9.57364 to 9.70827)
WARN- small force range for bifemlh_l (7.73789 to 7.86579)
rdCMC.computeControls:  t = 0.555
WARN- small force range for semimem_l (3.1012 to 3.20128)
WARN- small force range for semiten_l (9.327 to 9.46018)
WARN- small force range for bifemlh_l (7.55782 to 7.68445)
rdCMC.computeControls:  t = 0.565
WARN- small force range for semimem_l (2.58697 to 2.68548)
WARN- small force range for semiten_l (9.09543 to 9.22729)
WARN- small force range for bifemlh_l (7.37146 to 7.49681)
rdCMC.computeControls:  t = 0.575
WARN- small force range for semimem_l (2.06162 to 2.15827)
WARN- small force range for semiten_l (8.87551 to 9.00615)
WARN- small force range for bifemlh_l (7.16184 to 7.28581)
rdCMC.computeControls:  t = 0.585
WARN- small force range for semimem_l (1.5801 to 1.67485)
WARN- small force range for semiten_l (8.67302 to 8.80258)
WARN- small force range for bifemlh_l (7.02497 to 7.14783)
rdCMC.computeControls:  t = 0.595
WARN- small force range for semimem_l (1.28798 to 1.29595)
WARN- small force range for semiten_l (8.63985 to 8.71379)
WARN- small force range for bifemlh_l (7.09994 to 7.16916)
rdCMC.computeControls:  t = 0.605
WARN- small force range for semimem_l (1.28774 to 1.28777)
WARN- small force range for semiten_l (8.39443 to 8.4796)
WARN- small force range for bifemlh_l (7.0186 to 7.09896)
rdCMC.computeControls:  t = 0.615
WARN- small force range for semimem_l (1.28746 to 1.28748)
WARN- small force range for semiten_l (8.25998 to 8.31711)
WARN- small force range for bifemlh_l (7.10095 to 7.15461)
WARN- small force range for lat_gas_l (7.15685 to 7.96365)
rdCMC.computeControls:  t = 0.625
WARN- small force range for semimem_l (1.2871 to 1.28712)
WARN- small force range for semiten_l (8.12386 to 8.17066)
WARN- small force range for bifemlh_l (7.27929 to 7.32329)
WARN- small force range for lat_gas_l (2.08389 to 2.62258)
rdCMC.computeControls:  t = 0.635
WARN- small force range for semimem_l (1.2869 to 1.28692)
WARN- small force range for semiten_l (8.03882 to 8.08187)
WARN- small force range for bifemlh_l (7.72562 to 7.76646)
WARN- small force range for lat_gas_l (0.681725 to 0.681969)
rdCMC.computeControls:  t = 0.645
WARN- small force range for semimem_l (1.28684 to 1.28686)
WARN- small force range for semiten_l (8.00922 to 8.05103)
WARN- small force range for bifemlh_l (8.34486 to 8.38498)
WARN- small force range for med_gas_l (1.55594 to 1.55647)
WARN- small force range for lat_gas_l (0.680085 to 0.680356)
rdCMC.computeControls:  t = 0.655
WARN- small force range for semimem_l (1.28672 to 1.28674)
WARN- small force range for semiten_l (8.03536 to 8.07694)
WARN- small force range for bifemlh_l (8.98102 to 9.0213)
WARN- small force range for med_gas_l (1.55329 to 1.55329)
WARN- small force range for lat_gas_l (0.679064 to 0.679065)
rdCMC.computeControls:  t = 0.665
WARN- small force range for semimem_l (1.28664 to 1.28666)
WARN- small force range for semiten_l (8.15938 to 8.20132)
WARN- small force range for bifemlh_l (9.88075 to 9.92179)
WARN- small force range for med_gas_l (1.55067 to 1.55068)
WARN- small force range for lat_gas_l (0.67805 to 0.678052)
rdCMC.computeControls:  t = 0.675
WARN- small force range for rect_fem_r (47.863 to 48.1862)
WARN- small force range for semimem_l (1.28691 to 1.28693)
WARN- small force range for semiten_l (8.43974 to 8.48255)
WARN- small force range for bifemlh_l (11.4292 to 11.4717)
WARN- small force range for med_gas_l (1.54879 to 1.54879)
WARN- small force range for lat_gas_l (0.677252 to 0.677254)
rdCMC.computeControls:  t = 0.685
WARN- small force range for rect_fem_r (47.0093 to 47.3198)
WARN- small force range for semimem_l (1.2879 to 1.28792)
WARN- small force range for semiten_l (8.93948 to 8.98372)
WARN- small force range for bifemlh_l (14.0604 to 14.1052)
WARN- small force range for med_gas_l (1.54617 to 1.54618)
WARN- small force range for lat_gas_l (0.676825 to 0.676827)
rdCMC.computeControls:  t = 0.695
WARN- small force range for rect_fem_r (46.036 to 46.3282)
WARN- small force range for semimem_l (3.96667 to 3.99705)
WARN- small force range for semiten_l (9.63878 to 9.68489)
WARN- small force range for bifemlh_l (17.4488 to 17.49)
WARN- small force range for med_gas_l (1.54663 to 1.54664)
WARN- small force range for lat_gas_l (0.676988 to 0.676991)
rdCMC.computeControls:  t = 0.705
WARN- small force range for rect_fem_r (44.9006 to 45.1685)
WARN- small force range for semimem_l (6.56185 to 6.59403)
WARN- small force range for semiten_l (10.5834 to 10.6319)
WARN- small force range for bifemlh_l (21.652 to 21.7276)
WARN- small force range for med_gas_l (1.54879 to 1.5488)
WARN- small force range for lat_gas_l (0.677912 to 0.677915)
rdCMC.computeControls:  t = 0.715
WARN- small force range for rect_fem_r (43.5583 to 43.8263)
WARN- small force range for semimem_l (9.68667 to 9.72071)
WARN- small force range for semiten_l (11.8827 to 11.9289)
WARN- small force range for bifemlh_l (24.9455 to 25.0923)
WARN- small force range for med_gas_l (1.55232 to 1.55233)
WARN- small force range for lat_gas_l (0.679445 to 0.679448)
rdCMC.computeControls:  t = 0.725
WARN- small force range for rect_fem_r (42.0451 to 42.3643)
WARN- small force range for semimem_l (13.8964 to 13.9304)
WARN- small force range for semiten_l (13.731 to 13.7931)
WARN- small force range for bifemlh_l (26.5796 to 26.7675)
WARN- small force range for med_gas_l (1.55653 to 1.55654)
WARN- small force range for lat_gas_l (0.681278 to 0.681282)
rdCMC.computeControls:  t = 0.735
WARN- small force range for rect_fem_r (40.538 to 40.8694)
WARN- small force range for semimem_l (18.4082 to 18.4894)
WARN- small force range for semiten_l (15.0906 to 15.1774)
WARN- small force range for bifemlh_l (27.8274 to 28.0214)
WARN- small force range for med_gas_l (12.0745 to 12.1024)
WARN- small force range for lat_gas_l (2.87421 to 2.88447)
rdCMC.computeControls:  t = 0.745
WARN- small force range for rect_fem_r (39.1429 to 39.464)
WARN- small force range for semimem_l (20.9206 to 21.0464)
WARN- small force range for semiten_l (15.975 to 16.0772)
WARN- small force range for bifemlh_l (28.8721 to 29.1554)
WARN- small force range for med_gas_l (31.5902 to 31.6308)
WARN- small force range for lat_gas_l (13.1581 to 13.1726)
rdCMC.computeControls:  t = 0.755
WARN- small force range for rect_fem_r (38.0111 to 38.3154)
WARN- small force range for semimem_l (22.6434 to 22.83)
WARN- small force range for semiten_l (16.5458 to 16.7057)
WARN- small force range for bifemlh_l (29.9409 to 30.2975)
WARN- small force range for med_gas_l (40.7113 to 40.8732)
WARN- small force range for lat_gas_l (22.7581 to 22.8359)
rdCMC.computeControls:  t = 0.765
WARN- small force range for rect_fem_r (37.3955 to 37.6923)
WARN- small force range for semimem_l (24.4345 to 24.6725)
WARN- small force range for semiten_l (17.0273 to 17.2352)
WARN- small force range for bifemlh_l (30.988 to 31.4062)
WARN- small force range for med_gas_l (41.9437 to 42.1085)
WARN- small force range for lat_gas_l (23.6917 to 23.7743)
rdCMC.computeControls:  t = 0.775
WARN- small force range for rect_fem_r (37.3307 to 37.6328)
WARN- small force range for semimem_l (26.2601 to 26.5439)
WARN- small force range for semiten_l (17.461 to 17.7077)
WARN- small force range for bifemlh_l (31.9754 to 32.4458)
WARN- small force range for med_gas_l (43.87 to 44.0423)
WARN- small force range for lat_gas_l (24.2448 to 24.3306)
rdCMC.computeControls:  t = 0.785
WARN- small force range for rect_fem_r (37.8511 to 38.1765)
WARN- small force range for semimem_l (28.1199 to 28.4462)
WARN- small force range for semiten_l (17.8801 to 18.158)
WARN- small force range for bifemlh_l (32.9085 to 33.424)
WARN- small force range for med_gas_l (45.7004 to 45.8827)
WARN- small force range for lat_gas_l (24.6413 to 24.7318)
rdCMC.computeControls:  t = 0.795
WARN- small force range for rect_fem_r (38.7246 to 39.0865)
WARN- small force range for semimem_l (29.9935 to 30.361)
WARN- small force range for semiten_l (18.3034 to 18.6064)
WARN- small force range for bifemlh_l (33.7969 to 34.3518)
WARN- small force range for med_gas_l (47.0619 to 47.2543)
WARN- small force range for lat_gas_l (24.8344 to 24.9297)
rdCMC.computeControls:  t = 0.805
WARN- small force range for rect_fem_r (39.7943 to 40.2042)
WARN- small force range for med_gas_l (48.3158 to 48.5194)
WARN- small force range for lat_gas_l (25.0048 to 25.1053)
rdCMC.computeControls:  t = 0.815
WARN- small force range for rect_fem_r (40.981 to 41.4522)
WARN- small force range for med_gas_l (49.4549 to 49.6705)
WARN- small force range for lat_gas_l (25.1553 to 25.2614)
rdCMC.computeControls:  t = 0.825
WARN- small force range for rect_fem_r (42.0197 to 42.5482)
WARN- small force range for med_gas_l (50.416 to 50.6436)
WARN- small force range for lat_gas_l (25.2757 to 25.3873)
rdCMC.computeControls:  t = 0.835
WARN- small force range for rect_fem_r (42.8476 to 43.4211)
WARN- small force range for med_gas_l (51.3901 to 51.6295)
WARN- small force range for lat_gas_l (25.4531 to 25.57)
rdCMC.computeControls:  t = 0.845
WARN- small force range for rect_fem_r (43.474 to 44.0776)
WARN- small force range for med_gas_l (52.4471 to 52.6983)
WARN- small force range for lat_gas_l (25.7111 to 25.8333)
rdCMC.computeControls:  t = 0.855
WARN- small force range for rect_fem_r (43.9391 to 44.5603)
WARN- small force range for med_gas_l (53.4976 to 53.7602)
WARN- small force range for lat_gas_l (26.0086 to 26.1359)
rdCMC.computeControls:  t = 0.865
WARN- small force range for rect_fem_r (44.2719 to 44.9002)
WARN- small force range for med_gas_l (54.5495 to 54.8874)
WARN- small force range for lat_gas_l (26.345 to 26.477)
rdCMC.computeControls:  t = 0.875
WARN- small force range for rect_fem_r (44.5321 to 45.1622)
WARN- small force range for med_gas_l (55.5697 to 56.0342)
WARN- small force range for lat_gas_l (26.6998 to 26.8852)
rdCMC.computeControls:  t = 0.885
WARN- small force range for rect_fem_r (44.7381 to 45.3645)
WARN- small force range for med_gas_l (56.4547 to 57.027)
WARN- small force range for lat_gas_l (27.0249 to 27.2686)
rdCMC.computeControls:  t = 0.895
WARN- small force range for rect_fem_r (44.945 to 45.567)
WARN- small force range for med_gas_l (57.1576 to 57.8211)
WARN- small force range for lat_gas_l (27.2971 to 27.5896)
rdCMC.computeControls:  t = 0.905
WARN- small force range for rect_fem_r (45.1906 to 45.8097)
WARN- small force range for med_gas_l (60.3757 to 61.1001)
WARN- small force range for lat_gas_l (27.6483 to 27.9807)
rdCMC.computeControls:  t = 0.915
WARN- small force range for rect_fem_r (45.5057 to 46.1251)
WARN- small force range for med_gas_l (59.3611 to 60.1715)
WARN- small force range for lat_gas_l (27.8306 to 28.1978)
rdCMC.computeControls:  t = 0.925
WARN- small force range for rect_fem_r (45.9118 to 46.5365)
WARN- small force range for med_gas_l (60.8924 to 61.4074)
WARN- small force range for lat_gas_l (28.4739 to 28.7105)
rdCMC.computeControls:  t = 0.935
WARN- small force range for rect_fem_r (46.41 to 47.0451)
WARN- small force range for med_gas_l (61.4053 to 62.0383)
WARN- small force range for lat_gas_l (28.6464 to 28.9391)
rdCMC.computeControls:  t = 0.945
WARN- small force range for rect_fem_r (46.9846 to 47.6341)
WARN- small force range for med_gas_l (61.9473 to 62.676)
WARN- small force range for lat_gas_l (28.839 to 29.1771)
rdCMC.computeControls:  t = 0.955
WARN- small force range for rect_fem_r (47.6181 to 48.2852)
WARN- small force range for med_gas_l (62.5952 to 63.4015)
WARN- small force range for lat_gas_l (29.0842 to 29.4588)
rdCMC.computeControls:  t = 0.965
WARN- small force range for rect_fem_r (48.2876 to 48.9736)
WARN- small force range for vas_lat_l (1.81972 to 1.86236)
WARN- small force range for med_gas_l (63.2654 to 64.1347)
WARN- small force range for lat_gas_l (29.3448 to 29.7488)
rdCMC.computeControls:  t = 0.975
WARN- small force range for rect_fem_r (48.9755 to 49.6801)
WARN- small force range for vas_med_l (1.24612 to 1.28561)
WARN- small force range for vas_lat_l (1.80721 to 1.85022)
WARN- small force range for med_gas_l (63.951 to 64.8705)
WARN- small force range for lat_gas_l (29.6169 to 30.0424)
rdCMC.computeControls:  t = 0.985
WARN- small force range for rect_fem_r (49.6668 to 50.3884)
WARN- small force range for vas_med_l (1.23719 to 1.27694)
WARN- small force range for vas_int_l (1.32069 to 1.35742)
WARN- small force range for vas_lat_l (1.79555 to 1.83889)
WARN- small force range for med_gas_l (64.5043 to 65.4329)
WARN- small force range for lat_gas_l (29.8282 to 30.2533)
rdCMC.computeControls:  t = 0.995
WARN- small force range for rect_fem_r (50.3725 to 51.1105)
WARN- small force range for vas_med_l (1.22939 to 1.26938)
WARN- small force range for vas_int_l (1.31347 to 1.35057)
WARN- small force range for vas_lat_l (1.78553 to 1.82915)
WARN- small force range for med_gas_l (64.7719 to 65.669)
WARN- small force range for lat_gas_l (29.9063 to 30.3161)
rdCMC.computeControls:  t = 1.005
WARN- small force range for rect_fem_r (51.0984 to 51.852)
WARN- small force range for vas_med_l (1.22316 to 1.26334)
WARN- small force range for vas_int_l (1.30795 to 1.34537)
WARN- small force range for vas_lat_l (1.77772 to 1.82158)
WARN- small force range for med_gas_l (65.789 to 66.2822)
WARN- small force range for lat_gas_l (29.8727 to 30.2569)
rdCMC.computeControls:  t = 1.015
WARN- small force range for rect_fem_r (51.8657 to 52.6351)
WARN- small force range for vas_med_l (1.21872 to 1.25907)
WARN- small force range for vas_int_l (1.30438 to 1.34206)
WARN- small force range for vas_lat_l (1.77238 to 1.81645)
WARN- small force range for med_gas_l (66.0111 to 66.347)
WARN- small force range for lat_gas_l (30.2123 to 30.4178)
rdCMC.computeControls:  t = 1.025
WARN- small force range for rect_fem_r (52.691 to 53.4773)
WARN- small force range for vas_med_l (1.2161 to 1.2566)
WARN- small force range for vas_int_l (1.30273 to 1.34063)
WARN- small force range for vas_lat_l (1.76944 to 1.81369)
WARN- small force range for med_gas_l (65.8782 to 66.1432)
WARN- small force range for lat_gas_l (30.2322 to 30.3702)
rdCMC.computeControls:  t = 1.035
WARN- small force range for rect_fem_r (54.4439 to 54.9105)
WARN- small force range for vas_med_l (1.21532 to 1.25595)
WARN- small force range for vas_int_l (1.30294 to 1.34104)
WARN- small force range for vas_lat_l (1.76876 to 1.81317)
WARN- small force range for med_gas_l (65.4376 to 65.6612)
WARN- small force range for lat_gas_l (30.0486 to 30.156)
rdCMC.computeControls:  t = 1.045
WARN- small force range for rect_fem_r (55.7837 to 56.135)
WARN- small force range for vas_med_l (1.21643 to 1.25717)
WARN- small force range for vas_int_l (1.30502 to 1.34329)
WARN- small force range for vas_lat_l (1.7703 to 1.81484)
WARN- small force range for med_gas_l (64.5054 to 64.6942)
WARN- small force range for lat_gas_l (29.6156 to 29.7033)
rdCMC.computeControls:  t = 1.055
WARN- small force range for rect_fem_r (57.0515 to 57.3653)
WARN- small force range for vas_med_l (1.21948 to 1.26032)
WARN- small force range for vas_int_l (1.30897 to 1.34738)
WARN- small force range for vas_lat_l (1.77402 to 1.81868)
WARN- small force range for med_gas_l (62.7978 to 62.9503)
WARN- small force range for lat_gas_l (28.8156 to 28.8855)
rdCMC.computeControls:  t = 1.065
WARN- small force range for rect_fem_r (58.3773 to 58.6836)
WARN- small force range for vas_med_l (1.22443 to 1.26535)
WARN- small force range for vas_int_l (1.31472 to 1.35325)
WARN- small force range for vas_lat_l (1.7798 to 1.82457)
WARN- small force range for med_gas_l (59.8186 to 59.9305)
WARN- small force range for lat_gas_l (27.4215 to 27.4724)
rdCMC.computeControls:  t = 1.075
WARN- small force range for rect_fem_r (59.7993 to 60.1095)
WARN- small force range for vas_med_l (1.23116 to 1.27216)
WARN- small force range for vas_int_l (1.32213 to 1.36077)
WARN- small force range for vas_lat_l (1.78752 to 1.83237)
WARN- small force range for med_gas_l (55.2541 to 55.327)
WARN- small force range for lat_gas_l (25.2888 to 25.3218)
rdCMC.computeControls:  t = 1.085
WARN- small force range for rect_fem_r (61.3323 to 61.6504)
WARN- small force range for vas_med_l (1.23953 to 1.28059)
WARN- small force range for vas_lat_l (1.79697 to 1.8419)
WARN- small force range for med_gas_l (48.8234 to 48.8803)
WARN- small force range for lat_gas_l (22.3108 to 22.3386)
rdCMC.computeControls:  t = 1.095
WARN- small force range for rect_fem_r (62.9793 to 63.306)
WARN- small force range for vas_med_l (1.24937 to 1.29048)
WARN- small force range for vas_lat_l (1.80798 to 1.85297)
WARN- small force range for med_gas_l (41.5609 to 41.6518)
WARN- small force range for lat_gas_l (19.0148 to 19.0577)
rdCMC.computeControls:  t = 1.105
WARN- small force range for rect_fem_r (64.7317 to 65.0661)
WARN- small force range for vas_lat_l (1.82046 to 1.8655)
WARN- small force range for med_gas_l (34.6008 to 34.7086)
WARN- small force range for lat_gas_l (15.8824 to 15.9332)
rdCMC.computeControls:  t = 1.115
WARN- small force range for rect_fem_r (66.5793 to 66.9199)
WARN- small force range for med_gas_l (28.6137 to 28.6852)
WARN- small force range for lat_gas_l (13.1999 to 13.2335)
----------------------------------------------------------------
Finished tracking the specified kinematics
=================================================================
Start time   = Wed Oct 29 17:05:45 2008
Finish time  = Wed Oct 29 17:30:58 2008
Elapsed time = 1513 seconds.
================================================================


Printing results of investigation GIL06_free2_fixed_CMC_Constr to Results.


Average residuals:
FX=-5.93848 FY=3.52818 FZ=-2.00851
MX=14.8074 MY=-0.666276 MZ=-32.6811


Deleted model default
