-------------------------------------------------------
This program includes software developed by the
Apache Software Foundation (http://www.apache.org/).
-------------------------------------------------------

Deleted model 
RegisterTypes_SdfastEngine

-------------------------------------------------------
Library SdfastEngine...
-------------------------------------------------------

RegisterTypes_SimbodyEngine

-------------------------------------------------------
Library SimbodyEngine...
-------------------------------------------------------

Constructing investigation from setup file GIL01_free4_Setup_CMC_Unconstrained.xml.

AbstractTool GIL01_free4_fixed_CMC_unconstr loading model '../../GIL01_gait2392_simbody_adjusted.osim'
Created model GIL01 from file ../../GIL01_gait2392_simbody_adjusted.osim
Adding actuator set from ../../GIL01_CMC_Actuators.xml
Handling locked coordinate.
Handling locked coordinate.
Handling locked coordinate.
Handling locked coordinate.
SimbodyCoordinate.setValue: WARN- coordinate subtalar_angle_r is locked. Unable to change its value.
SimbodyCoordinate.setValue: WARN- coordinate mtp_angle_r is locked. Unable to change its value.
SimbodyCoordinate.setValue: WARN- coordinate subtalar_angle_l is locked. Unable to change its value.
SimbodyCoordinate.setValue: WARN- coordinate mtp_angle_l is locked. Unable to change its value.
-----------------------------------------------------------------------
Loaded library
-----------------------------------------------------------------------
             MODEL: GIL01
         actuators: 111
          analyses: 3
          contacts: 0
-----------------------------------------------------------------------

Running tool GIL01_free4_fixed_CMC_unconstr.
MODEL: GIL01

ANALYSES (3)
analysis[0] = Kinematics
analysis[1] = Actuation
analysis[2] = BodyKinematics

BODIES (13)
body[0] = ground (mass: 0) (inertia: 0 0 0 0 0 0 0 0 0)
body[1] = pelvis (mass: 6.42257) (inertia: 0.0376679 0 0 0 0.0319152 0 0 0 0.0212157)
body[2] = femur_r (mass: 5.07251) (inertia: 0.0523792 0 0 0 0.0137305 0 0 0 0.0552348)
body[3] = tibia_r (mass: 2.02188) (inertia: 0.0182084 0 0 0 0.00184251 0 0 0 0.0184613)
body[4] = talus_r (mass: 0.0545349) (inertia: 0.00036128 0 0 0 0.00036128 0 0 0 0.00036128)
body[5] = calcn_r (mass: 0.681686) (inertia: 0.00054596 0 0 0 0.0015209 0 0 0 0.00159889)
body[6] = toes_r (mass: 0.118123) (inertia: 3.9e-005 0 0 0 7.799e-005 0 0 0 0.00038997)
body[7] = femur_l (mass: 5.07251) (inertia: 0.0523792 0 0 0 0.0137305 0 0 0 0.0552348)
body[8] = tibia_l (mass: 2.02188) (inertia: 0.0182084 0 0 0 0.00184251 0 0 0 0.0184613)
body[9] = talus_l (mass: 0.0545349) (inertia: 0.00036128 0 0 0 0.00036128 0 0 0 0.00036128)
body[10] = calcn_l (mass: 0.681686) (inertia: 0.00054596 0 0 0 0.0015209 0 0 0 0.00159889)
body[11] = toes_l (mass: 0.118123) (inertia: 3.9e-005 0 0 0 7.799e-005 0 0 0 0.00038997)
body[12] = torso (mass: 19.1207) (inertia: 0.533455 0 0 0 0.27333 0 0 0 0.517862)

ACTUATORS (111)
actuator[0] = glut_med1_r (controls: glut_med1_r.excitation)
actuator[1] = glut_med2_r (controls: glut_med2_r.excitation)
actuator[2] = glut_med3_r (controls: glut_med3_r.excitation)
actuator[3] = glut_min1_r (controls: glut_min1_r.excitation)
actuator[4] = glut_min2_r (controls: glut_min2_r.excitation)
actuator[5] = glut_min3_r (controls: glut_min3_r.excitation)
actuator[6] = semimem_r (controls: semimem_r.excitation)
actuator[7] = semiten_r (controls: semiten_r.excitation)
actuator[8] = bifemlh_r (controls: bifemlh_r.excitation)
actuator[9] = bifemsh_r (controls: bifemsh_r.excitation)
actuator[10] = sar_r (controls: sar_r.excitation)
actuator[11] = add_long_r (controls: add_long_r.excitation)
actuator[12] = add_brev_r (controls: add_brev_r.excitation)
actuator[13] = add_mag1_r (controls: add_mag1_r.excitation)
actuator[14] = add_mag2_r (controls: add_mag2_r.excitation)
actuator[15] = add_mag3_r (controls: add_mag3_r.excitation)
actuator[16] = tfl_r (controls: tfl_r.excitation)
actuator[17] = pect_r (controls: pect_r.excitation)
actuator[18] = grac_r (controls: grac_r.excitation)
actuator[19] = glut_max1_r (controls: glut_max1_r.excitation)
actuator[20] = glut_max2_r (controls: glut_max2_r.excitation)
actuator[21] = glut_max3_r (controls: glut_max3_r.excitation)
actuator[22] = iliacus_r (controls: iliacus_r.excitation)
actuator[23] = psoas_r (controls: psoas_r.excitation)
actuator[24] = quad_fem_r (controls: quad_fem_r.excitation)
actuator[25] = gem_r (controls: gem_r.excitation)
actuator[26] = peri_r (controls: peri_r.excitation)
actuator[27] = rect_fem_r (controls: rect_fem_r.excitation)
actuator[28] = vas_med_r (controls: vas_med_r.excitation)
actuator[29] = vas_int_r (controls: vas_int_r.excitation)
actuator[30] = vas_lat_r (controls: vas_lat_r.excitation)
actuator[31] = med_gas_r (controls: med_gas_r.excitation)
actuator[32] = lat_gas_r (controls: lat_gas_r.excitation)
actuator[33] = soleus_r (controls: soleus_r.excitation)
actuator[34] = tib_post_r (controls: tib_post_r.excitation)
actuator[35] = flex_dig_r (controls: flex_dig_r.excitation)
actuator[36] = flex_hal_r (controls: flex_hal_r.excitation)
actuator[37] = tib_ant_r (controls: tib_ant_r.excitation)
actuator[38] = per_brev_r (controls: per_brev_r.excitation)
actuator[39] = per_long_r (controls: per_long_r.excitation)
actuator[40] = per_tert_r (controls: per_tert_r.excitation)
actuator[41] = ext_dig_r (controls: ext_dig_r.excitation)
actuator[42] = ext_hal_r (controls: ext_hal_r.excitation)
actuator[43] = glut_med1_l (controls: glut_med1_l.excitation)
actuator[44] = glut_med2_l (controls: glut_med2_l.excitation)
actuator[45] = glut_med3_l (controls: glut_med3_l.excitation)
actuator[46] = glut_min1_l (controls: glut_min1_l.excitation)
actuator[47] = glut_min2_l (controls: glut_min2_l.excitation)
actuator[48] = glut_min3_l (controls: glut_min3_l.excitation)
actuator[49] = semimem_l (controls: semimem_l.excitation)
actuator[50] = semiten_l (controls: semiten_l.excitation)
actuator[51] = bifemlh_l (controls: bifemlh_l.excitation)
actuator[52] = bifemsh_l (controls: bifemsh_l.excitation)
actuator[53] = sar_l (controls: sar_l.excitation)
actuator[54] = add_long_l (controls: add_long_l.excitation)
actuator[55] = add_brev_l (controls: add_brev_l.excitation)
actuator[56] = add_mag1_l (controls: add_mag1_l.excitation)
actuator[57] = add_mag2_l (controls: add_mag2_l.excitation)
actuator[58] = add_mag3_l (controls: add_mag3_l.excitation)
actuator[59] = tfl_l (controls: tfl_l.excitation)
actuator[60] = pect_l (controls: pect_l.excitation)
actuator[61] = grac_l (controls: grac_l.excitation)
actuator[62] = glut_max1_l (controls: glut_max1_l.excitation)
actuator[63] = glut_max2_l (controls: glut_max2_l.excitation)
actuator[64] = glut_max3_l (controls: glut_max3_l.excitation)
actuator[65] = iliacus_l (controls: iliacus_l.excitation)
actuator[66] = psoas_l (controls: psoas_l.excitation)
actuator[67] = quad_fem_l (controls: quad_fem_l.excitation)
actuator[68] = gem_l (controls: gem_l.excitation)
actuator[69] = peri_l (controls: peri_l.excitation)
actuator[70] = rect_fem_l (controls: rect_fem_l.excitation)
actuator[71] = vas_med_l (controls: vas_med_l.excitation)
actuator[72] = vas_int_l (controls: vas_int_l.excitation)
actuator[73] = vas_lat_l (controls: vas_lat_l.excitation)
actuator[74] = med_gas_l (controls: med_gas_l.excitation)
actuator[75] = lat_gas_l (controls: lat_gas_l.excitation)
actuator[76] = soleus_l (controls: soleus_l.excitation)
actuator[77] = tib_post_l (controls: tib_post_l.excitation)
actuator[78] = flex_dig_l (controls: flex_dig_l.excitation)
actuator[79] = flex_hal_l (controls: flex_hal_l.excitation)
actuator[80] = tib_ant_l (controls: tib_ant_l.excitation)
actuator[81] = per_brev_l (controls: per_brev_l.excitation)
actuator[82] = per_long_l (controls: per_long_l.excitation)
actuator[83] = per_tert_l (controls: per_tert_l.excitation)
actuator[84] = ext_dig_l (controls: ext_dig_l.excitation)
actuator[85] = ext_hal_l (controls: ext_hal_l.excitation)
actuator[86] = ercspn_r (controls: ercspn_r.excitation)
actuator[87] = ercspn_l (controls: ercspn_l.excitation)
actuator[88] = intobl_r (controls: intobl_r.excitation)
actuator[89] = intobl_l (controls: intobl_l.excitation)
actuator[90] = extobl_r (controls: extobl_r.excitation)
actuator[91] = extobl_l (controls: extobl_l.excitation)
actuator[92] = FX (controls: FX.excitation)
actuator[93] = FY (controls: FY.excitation)
actuator[94] = FZ (controls: FZ.excitation)
actuator[95] = MX (controls: MX.excitation)
actuator[96] = MY (controls: MY.excitation)
actuator[97] = MZ (controls: MZ.excitation)
actuator[98] = hip_flexion_r_reserve (controls: hip_flexion_r_reserve.excitation)
actuator[99] = hip_adduction_r_reserve (controls: hip_adduction_r_reserve.excitation)
actuator[100] = hip_rotation_r_reserve (controls: hip_rotation_r_reserve.excitation)
actuator[101] = knee_angle_r_reserve (controls: knee_angle_r_reserve.excitation)
actuator[102] = ankle_angle_r_reserve (controls: ankle_angle_r_reserve.excitation)
actuator[103] = hip_flexion_l_reserve (controls: hip_flexion_l_reserve.excitation)
actuator[104] = hip_adduction_l_reserve (controls: hip_adduction_l_reserve.excitation)
actuator[105] = hip_rotation_l_reserve (controls: hip_rotation_l_reserve.excitation)
actuator[106] = knee_angle_l_reserve (controls: knee_angle_l_reserve.excitation)
actuator[107] = ankle_angle_l_reserve (controls: ankle_angle_l_reserve.excitation)
actuator[108] = lumbar_extension_reserve (controls: lumbar_extension_reserve.excitation)
actuator[109] = lumbar_bending_reserve (controls: lumbar_bending_reserve.excitation)
actuator[110] = lumbar_rotation_reserve (controls: lumbar_rotation_reserve.excitation)

CONTACTS (0)
numControls = 111
numStates = 230
numCoordinates = 23
numSpeeds = 23
numActuators = 111
numBodies = 13

STATES (230)
y[0] = pelvis_tx
y[1] = pelvis_ty
y[2] = pelvis_tz
y[3] = pelvis_tilt
y[4] = pelvis_list
y[5] = pelvis_rotation
y[6] = hip_flexion_r
y[7] = hip_adduction_r
y[8] = hip_rotation_r
y[9] = knee_angle_r
y[10] = ankle_angle_r
y[11] = subtalar_angle_r
y[12] = mtp_angle_r
y[13] = hip_flexion_l
y[14] = hip_adduction_l
y[15] = hip_rotation_l
y[16] = knee_angle_l
y[17] = ankle_angle_l
y[18] = subtalar_angle_l
y[19] = mtp_angle_l
y[20] = lumbar_extension
y[21] = lumbar_bending
y[22] = lumbar_rotation
y[23] = pelvis_tx_u
y[24] = pelvis_ty_u
y[25] = pelvis_tz_u
y[26] = pelvis_tilt_u
y[27] = pelvis_list_u
y[28] = pelvis_rotation_u
y[29] = hip_flexion_r_u
y[30] = hip_adduction_r_u
y[31] = hip_rotation_r_u
y[32] = knee_angle_r_u
y[33] = ankle_angle_r_u
y[34] = subtalar_angle_r_u
y[35] = mtp_angle_r_u
y[36] = hip_flexion_l_u
y[37] = hip_adduction_l_u
y[38] = hip_rotation_l_u
y[39] = knee_angle_l_u
y[40] = ankle_angle_l_u
y[41] = subtalar_angle_l_u
y[42] = mtp_angle_l_u
y[43] = lumbar_extension_u
y[44] = lumbar_bending_u
y[45] = lumbar_rotation_u
y[46] = glut_med1_r.activation
y[47] = glut_med1_r.fiber_length
y[48] = glut_med2_r.activation
y[49] = glut_med2_r.fiber_length
y[50] = glut_med3_r.activation
y[51] = glut_med3_r.fiber_length
y[52] = glut_min1_r.activation
y[53] = glut_min1_r.fiber_length
y[54] = glut_min2_r.activation
y[55] = glut_min2_r.fiber_length
y[56] = glut_min3_r.activation
y[57] = glut_min3_r.fiber_length
y[58] = semimem_r.activation
y[59] = semimem_r.fiber_length
y[60] = semiten_r.activation
y[61] = semiten_r.fiber_length
y[62] = bifemlh_r.activation
y[63] = bifemlh_r.fiber_length
y[64] = bifemsh_r.activation
y[65] = bifemsh_r.fiber_length
y[66] = sar_r.activation
y[67] = sar_r.fiber_length
y[68] = add_long_r.activation
y[69] = add_long_r.fiber_length
y[70] = add_brev_r.activation
y[71] = add_brev_r.fiber_length
y[72] = add_mag1_r.activation
y[73] = add_mag1_r.fiber_length
y[74] = add_mag2_r.activation
y[75] = add_mag2_r.fiber_length
y[76] = add_mag3_r.activation
y[77] = add_mag3_r.fiber_length
y[78] = tfl_r.activation
y[79] = tfl_r.fiber_length
y[80] = pect_r.activation
y[81] = pect_r.fiber_length
y[82] = grac_r.activation
y[83] = grac_r.fiber_length
y[84] = glut_max1_r.activation
y[85] = glut_max1_r.fiber_length
y[86] = glut_max2_r.activation
y[87] = glut_max2_r.fiber_length
y[88] = glut_max3_r.activation
y[89] = glut_max3_r.fiber_length
y[90] = iliacus_r.activation
y[91] = iliacus_r.fiber_length
y[92] = psoas_r.activation
y[93] = psoas_r.fiber_length
y[94] = quad_fem_r.activation
y[95] = quad_fem_r.fiber_length
y[96] = gem_r.activation
y[97] = gem_r.fiber_length
y[98] = peri_r.activation
y[99] = peri_r.fiber_length
y[100] = rect_fem_r.activation
y[101] = rect_fem_r.fiber_length
y[102] = vas_med_r.activation
y[103] = vas_med_r.fiber_length
y[104] = vas_int_r.activation
y[105] = vas_int_r.fiber_length
y[106] = vas_lat_r.activation
y[107] = vas_lat_r.fiber_length
y[108] = med_gas_r.activation
y[109] = med_gas_r.fiber_length
y[110] = lat_gas_r.activation
y[111] = lat_gas_r.fiber_length
y[112] = soleus_r.activation
y[113] = soleus_r.fiber_length
y[114] = tib_post_r.activation
y[115] = tib_post_r.fiber_length
y[116] = flex_dig_r.activation
y[117] = flex_dig_r.fiber_length
y[118] = flex_hal_r.activation
y[119] = flex_hal_r.fiber_length
y[120] = tib_ant_r.activation
y[121] = tib_ant_r.fiber_length
y[122] = per_brev_r.activation
y[123] = per_brev_r.fiber_length
y[124] = per_long_r.activation
y[125] = per_long_r.fiber_length
y[126] = per_tert_r.activation
y[127] = per_tert_r.fiber_length
y[128] = ext_dig_r.activation
y[129] = ext_dig_r.fiber_length
y[130] = ext_hal_r.activation
y[131] = ext_hal_r.fiber_length
y[132] = glut_med1_l.activation
y[133] = glut_med1_l.fiber_length
y[134] = glut_med2_l.activation
y[135] = glut_med2_l.fiber_length
y[136] = glut_med3_l.activation
y[137] = glut_med3_l.fiber_length
y[138] = glut_min1_l.activation
y[139] = glut_min1_l.fiber_length
y[140] = glut_min2_l.activation
y[141] = glut_min2_l.fiber_length
y[142] = glut_min3_l.activation
y[143] = glut_min3_l.fiber_length
y[144] = semimem_l.activation
y[145] = semimem_l.fiber_length
y[146] = semiten_l.activation
y[147] = semiten_l.fiber_length
y[148] = bifemlh_l.activation
y[149] = bifemlh_l.fiber_length
y[150] = bifemsh_l.activation
y[151] = bifemsh_l.fiber_length
y[152] = sar_l.activation
y[153] = sar_l.fiber_length
y[154] = add_long_l.activation
y[155] = add_long_l.fiber_length
y[156] = add_brev_l.activation
y[157] = add_brev_l.fiber_length
y[158] = add_mag1_l.activation
y[159] = add_mag1_l.fiber_length
y[160] = add_mag2_l.activation
y[161] = add_mag2_l.fiber_length
y[162] = add_mag3_l.activation
y[163] = add_mag3_l.fiber_length
y[164] = tfl_l.activation
y[165] = tfl_l.fiber_length
y[166] = pect_l.activation
y[167] = pect_l.fiber_length
y[168] = grac_l.activation
y[169] = grac_l.fiber_length
y[170] = glut_max1_l.activation
y[171] = glut_max1_l.fiber_length
y[172] = glut_max2_l.activation
y[173] = glut_max2_l.fiber_length
y[174] = glut_max3_l.activation
y[175] = glut_max3_l.fiber_length
y[176] = iliacus_l.activation
y[177] = iliacus_l.fiber_length
y[178] = psoas_l.activation
y[179] = psoas_l.fiber_length
y[180] = quad_fem_l.activation
y[181] = quad_fem_l.fiber_length
y[182] = gem_l.activation
y[183] = gem_l.fiber_length
y[184] = peri_l.activation
y[185] = peri_l.fiber_length
y[186] = rect_fem_l.activation
y[187] = rect_fem_l.fiber_length
y[188] = vas_med_l.activation
y[189] = vas_med_l.fiber_length
y[190] = vas_int_l.activation
y[191] = vas_int_l.fiber_length
y[192] = vas_lat_l.activation
y[193] = vas_lat_l.fiber_length
y[194] = med_gas_l.activation
y[195] = med_gas_l.fiber_length
y[196] = lat_gas_l.activation
y[197] = lat_gas_l.fiber_length
y[198] = soleus_l.activation
y[199] = soleus_l.fiber_length
y[200] = tib_post_l.activation
y[201] = tib_post_l.fiber_length
y[202] = flex_dig_l.activation
y[203] = flex_dig_l.fiber_length
y[204] = flex_hal_l.activation
y[205] = flex_hal_l.fiber_length
y[206] = tib_ant_l.activation
y[207] = tib_ant_l.fiber_length
y[208] = per_brev_l.activation
y[209] = per_brev_l.fiber_length
y[210] = per_long_l.activation
y[211] = per_long_l.fiber_length
y[212] = per_tert_l.activation
y[213] = per_tert_l.fiber_length
y[214] = ext_dig_l.activation
y[215] = ext_dig_l.fiber_length
y[216] = ext_hal_l.activation
y[217] = ext_hal_l.fiber_length
y[218] = ercspn_r.activation
y[219] = ercspn_r.fiber_length
y[220] = ercspn_l.activation
y[221] = ercspn_l.fiber_length
y[222] = intobl_r.activation
y[223] = intobl_r.fiber_length
y[224] = intobl_l.activation
y[225] = intobl_l.fiber_length
y[226] = extobl_r.activation
y[227] = extobl_r.fiber_length
y[228] = extobl_l.activation
y[229] = extobl_l.fiber_length


Loading desired kinematics from file ../RRA/Results/GIL01_free4_RRA_Kinematics_q.sto ...
Storage: file=../RRA/Results/GIL01_free4_RRA_Kinematics_q.sto (nr=992 nc=24)


WARN- The final time set for the cmc run is past the last time stamp
in the desired kinematics file ../RRA/Results/GIL01_free4_RRA_Kinematics_q.sto.
Resetting the final time from 1.14967 to 1.14933.



Note- not filtering the desired kinematics.



Loading external loads kinematics from file ../IK/GIL01_free4_ik.mot ...
Storage: file=../IK/GIL01_free4_ik.mot (nr=124 nc=375)
Low-pass filtering external load kinematics with a cutoff frequency of 6...
Storage: file=../IK/GIL01_free4_ik.mot (nr=124 nc=375)
Padded kineticsStore to start time of 0.15833

Constructing function set for tracking...



 taskSet size = 19

Using the generalized coordinates specified in ../RRA/Results/GIL01_free4_RRA_Kinematics_q.sto to set the initial configuration.
Successfully linked to CFSQP library 'osimCFSQP.dll'
Using CFSQP optimizer algorithm.

Setting optimizer print level to 0.
Setting optimizer convergence criterion to 1e-006.
Setting optimizer maximum iterations to 2000.

Setting cmc controller to not use verbose printing.



================================================================
================================================================
Computing initial values for muscles states (activation, length)
Start time = Thu Oct 16 12:59:41 2008
================================================================

=============================================
rdCMC.computeInitialStates: ti=0.19167
=============================================
rdCMC.computeControls:  t = 0.19167
rdCMC.computeControls:  t = 0.19167

-----------------------------------------------------------------
Finished computing initial states:
-----------------------------------------------------------------
Array[230]= 0.0811677 0.801748 -0.288096 -0.033905 0.0766968 -0.0953302 0.105229 -0.113952 -0.0663973 -0.915901 -0.358188 5.31233e-018 4.04641e-018 0.255636 0.0879812 -0.0432591 -0.206622 -0.0102243 -5.00546e-017 -2.41258e-017 -0.00871004 -0.122763 0.0944867 0.832538 0.174401 -0.0842424 -0.0264701 -0.353981 -0.0809697 3.17481 0.500171 0.315804 -2.89881 2.22656 1.62823e-016 -1.48249e-016 -1.6804 -0.0705612 0.140549 0.862249 0.765338 -1.80299e-015 -5.18901e-016 -0.320704 0.566025 -0.757787 0.0759024 0.0337628 0.02 0.0618341 0.02 0.0469204 0.0345952 0.0536223 0.0280549 0.0440153 0.0214892 0.0259546 0.0751817 0.0283481 0.0690904 0.147143 0.02 0.0597757 0.330133 0.121977 0.138599 0.378395 0.0256362 0.09356 0.02 0.102065 0.02 0.053885 0.02 0.0687078 0.02 0.083536 0.0535532 0.0895506 0.02 0.0605101 0.0557211 0.247729 0.02 0.0626715 0.02 0.0705101 0.02 0.0841163 0.260236 0.0850502 0.273011 0.0793141 0.02 0.0387981 0.02 0.0197627 0.02 0.0145675 0.02 0.113139 0.02 0.0713759 0.02 0.0714331 0.02 0.0686883 0.0445507 0.0221852 0.043536 0.0229254 0.02 0.0253174 0.02 0.0240619 0.02 0.0224706 0.02 0.0270478 0.226893 0.0755407 0.02 0.0387014 0.02 0.0377384 0.02 0.0725603 0.116553 0.08819 0.0295373 0.0966467 0.266833 0.0417775 0.184152 0.0716154 0.17689 0.0561014 0.0719886 0.0596764 0.0784103 0.0511791 0.101368 0.0336355 0.02 0.0534813 0.02 0.178165 0.02 0.0845022 0.02 0.139145 0.02 0.382533 0.02 0.0775523 0.02 0.0903095 0.02 0.0429223 0.02 0.0611586 0.02 0.0850788 0.0644734 0.0855914 0.02 0.0516886 0.02 0.257903 0.141753 0.072638 0.131469 0.079333 0.02 0.0872028 0.02 0.0796158 0.02 0.0744936 0.02 0.0338031 0.02 0.0193499 0.0885606 0.0200178 0.104851 0.0809081 0.0591621 0.0466498 0.0732234 0.0503236 0.0926863 0.0432232 0.02 0.04482 0.02 0.0481496 0.02 0.0359936 0.02 0.0269108 0.02 0.0253633 0.02 0.0314666 0.385923 0.0633668 0.02 0.0399109 0.02 0.040054 0.0532401 0.0649395 0.235788 0.0761765 0.0899413 0.0846349 0.122709 0.100581 0.02 0.0946189 0.154747 0.091091 0.02 0.0672145 0.0676174 0.111028 0.02 0.103187
=================================================================
Start time   = Thu Oct 16 12:59:41 2008
Finish time  = Thu Oct 16 13:00:19 2008
Elapsed time = 38 seconds.
=================================================================



================================================================
================================================================
Using CMC to track the specified kinematics
Integrating from 0.22167 to 1.14933
Start time = Thu Oct 16 13:00:19 2008
================================================================
rdCMC.computeControls:  t = 0.22167
rdCMC.computeControls:  t = 0.23167
rdCMC.computeControls:  t = 0.24167
rdCMC.computeControls:  t = 0.25167
rdCMC.computeControls:  t = 0.26167
rdCMC.computeControls:  t = 0.27167
rdCMC.computeControls:  t = 0.28167
rdCMC.computeControls:  t = 0.29167
rdCMC.computeControls:  t = 0.30167
rdCMC.computeControls:  t = 0.31167
rdCMC.computeControls:  t = 0.32167
rdCMC.computeControls:  t = 0.33167
rdCMC.computeControls:  t = 0.34167
rdCMC.computeControls:  t = 0.35167
rdCMC.computeControls:  t = 0.36167
rdCMC.computeControls:  t = 0.37167
rdCMC.computeControls:  t = 0.38167
rdCMC.computeControls:  t = 0.39167
rdCMC.computeControls:  t = 0.40167
rdCMC.computeControls:  t = 0.41167
rdCMC.computeControls:  t = 0.42167
rdCMC.computeControls:  t = 0.43167
rdCMC.computeControls:  t = 0.44167
rdCMC.computeControls:  t = 0.45167
rdCMC.computeControls:  t = 0.46167
rdCMC.computeControls:  t = 0.47167
rdCMC.computeControls:  t = 0.48167
rdCMC.computeControls:  t = 0.49167
rdCMC.computeControls:  t = 0.50167
rdCMC.computeControls:  t = 0.51167
rdCMC.computeControls:  t = 0.52167
rdCMC.computeControls:  t = 0.53167
rdCMC.computeControls:  t = 0.54167
rdCMC.computeControls:  t = 0.55167
rdCMC.computeControls:  t = 0.56167
rdCMC.computeControls:  t = 0.57167
rdCMC.computeControls:  t = 0.58167
rdCMC.computeControls:  t = 0.59167
rdCMC.computeControls:  t = 0.60167
rdCMC.computeControls:  t = 0.61167
rdCMC.computeControls:  t = 0.62167
rdCMC.computeControls:  t = 0.63167
rdCMC.computeControls:  t = 0.64167
rdCMC.computeControls:  t = 0.65167
rdCMC.computeControls:  t = 0.66167
rdCMC.computeControls:  t = 0.67167
rdCMC.computeControls:  t = 0.68167
rdCMC.computeControls:  t = 0.69167
rdCMC.computeControls:  t = 0.70167
WARN- small force range for med_gas_l (1.55326 to 1.721)
WARN- small force range for lat_gas_l (0.681217 to 1.22371)
rdCMC.computeControls:  t = 0.71167
WARN- small force range for med_gas_l (1.54592 to 1.55116)
WARN- small force range for lat_gas_l (0.678204 to 0.680359)
rdCMC.computeControls:  t = 0.72167
WARN- small force range for med_gas_l (1.53685 to 1.54282)
WARN- small force range for lat_gas_l (0.674297 to 0.676737)
rdCMC.computeControls:  t = 0.73167
WARN- small force range for med_gas_l (1.5273 to 1.53396)
WARN- small force range for lat_gas_l (0.670104 to 0.672811)
WARN- small force range for soleus_l (3.52479 to 3.54433)
rdCMC.computeControls:  t = 0.74167
WARN- small force range for med_gas_l (1.51803 to 1.52549)
WARN- small force range for lat_gas_l (0.665976 to 0.668993)
WARN- small force range for soleus_l (3.5122 to 3.53547)
rdCMC.computeControls:  t = 0.75167
WARN- small force range for med_gas_l (1.51026 to 1.51853)
WARN- small force range for lat_gas_l (0.66248 to 0.665811)
rdCMC.computeControls:  t = 0.76167
WARN- small force range for med_gas_l (1.50498 to 1.51405)
WARN- small force range for lat_gas_l (0.660088 to 0.663724)
rdCMC.computeControls:  t = 0.77167
WARN- small force range for med_gas_l (1.51447 to 1.51961)
WARN- small force range for lat_gas_l (0.664201 to 0.666283)
rdCMC.computeControls:  t = 0.78167
WARN- small force range for med_gas_l (1.53525 to 1.5385)
WARN- small force range for lat_gas_l (0.671792 to 0.672973)
rdCMC.computeControls:  t = 0.79167
WARN- small force range for lat_gas_l (0.682164 to 1.24966)
rdCMC.computeControls:  t = 0.80167
rdCMC.computeControls:  t = 0.81167
rdCMC.computeControls:  t = 0.82167
rdCMC.computeControls:  t = 0.83167
rdCMC.computeControls:  t = 0.84167
rdCMC.computeControls:  t = 0.85167
rdCMC.computeControls:  t = 0.86167
rdCMC.computeControls:  t = 0.87167
rdCMC.computeControls:  t = 0.88167
rdCMC.computeControls:  t = 0.89167
rdCMC.computeControls:  t = 0.90167
rdCMC.computeControls:  t = 0.91167
rdCMC.computeControls:  t = 0.92167
rdCMC.computeControls:  t = 0.93167
rdCMC.computeControls:  t = 0.94167
rdCMC.computeControls:  t = 0.95167
rdCMC.computeControls:  t = 0.96167
rdCMC.computeControls:  t = 0.97167
rdCMC.computeControls:  t = 0.98167
rdCMC.computeControls:  t = 0.99167
rdCMC.computeControls:  t = 1.00167
rdCMC.computeControls:  t = 1.01167
rdCMC.computeControls:  t = 1.02167
rdCMC.computeControls:  t = 1.03167
rdCMC.computeControls:  t = 1.04167
rdCMC.computeControls:  t = 1.05167
WARN- small force range for vas_int_l (1.3233 to 1.35912)
WARN- small force range for vas_lat_l (1.82526 to 1.86593)
rdCMC.computeControls:  t = 1.06167
WARN- small force range for vas_med_l (1.24705 to 1.28555)
WARN- small force range for vas_int_l (1.31208 to 1.3485)
WARN- small force range for vas_lat_l (1.81171 to 1.85331)
rdCMC.computeControls:  t = 1.07167
WARN- small force range for vas_med_l (1.23751 to 1.27657)
WARN- small force range for vas_int_l (1.30284 to 1.33973)
WARN- small force range for vas_lat_l (1.80034 to 1.84269)
rdCMC.computeControls:  t = 1.08167
WARN- small force range for vas_med_l (1.2303 to 1.26982)
WARN- small force range for vas_int_l (1.29637 to 1.33365)
WARN- small force range for vas_lat_l (1.79216 to 1.8351)
rdCMC.computeControls:  t = 1.09167
WARN- small force range for vas_med_l (1.22582 to 1.26572)
WARN- small force range for vas_int_l (1.29294 to 1.33054)
WARN- small force range for vas_lat_l (1.7874 to 1.83082)
rdCMC.computeControls:  t = 1.10167
WARN- small force range for vas_med_l (1.2247 to 1.26489)
WARN- small force range for vas_int_l (1.29298 to 1.33085)
WARN- small force range for vas_lat_l (1.7865 to 1.83031)
rdCMC.computeControls:  t = 1.11167
WARN- small force range for vas_med_l (1.22748 to 1.2679)
WARN- small force range for vas_int_l (1.29691 to 1.33501)
WARN- small force range for vas_lat_l (1.78991 to 1.83402)
rdCMC.computeControls:  t = 1.12167
WARN- small force range for vas_med_l (1.23445 to 1.27506)
WARN- small force range for vas_int_l (1.30492 to 1.3432)
WARN- small force range for vas_lat_l (1.79783 to 1.84218)
rdCMC.computeControls:  t = 1.13167
WARN- small force range for vas_med_l (1.24552 to 1.28628)
WARN- small force range for vas_int_l (1.31685 to 1.35529)
WARN- small force range for vas_lat_l (1.81009 to 1.85465)
----------------------------------------------------------------
Finished tracking the specified kinematics
=================================================================
Start time   = Thu Oct 16 13:00:19 2008
Finish time  = Thu Oct 16 13:25:30 2008
Elapsed time = 1511 seconds.
================================================================


Printing results of investigation GIL01_free4_fixed_CMC_unconstr to Results.


Average residuals:
FX=1.14244 FY=-4.49657 FZ=-0.185555
MX=0.334919 MY=-0.109032 MZ=-0.555756


Deleted model default
