-------------------------------------------------------
This program includes software developed by the
Apache Software Foundation (http://www.apache.org/).
-------------------------------------------------------

Deleted model 
RegisterTypes_SimbodyEngine

-------------------------------------------------------
Library SimbodyEngine...
-------------------------------------------------------

Processing subject GIL02

Step 1: Loading generic model
Created model 3DGaitModel2392 from file ../../gait2392_simbody.osim
Handling locked coordinate.
Handling locked coordinate.
Handling locked coordinate.
Handling locked coordinate.
SimbodyCoordinate.setValue: WARN- coordinate subtalar_angle_r is locked. Unable to change its value.
SimbodyCoordinate.setValue: WARN- coordinate mtp_angle_r is locked. Unable to change its value.
SimbodyCoordinate.setValue: WARN- coordinate subtalar_angle_l is locked. Unable to change its value.
SimbodyCoordinate.setValue: WARN- coordinate mtp_angle_l is locked. Unable to change its value.
Loading marker set from '../../gait2392_GIL_Scale_MarkerSet.xml'
Updated markers in model 3DGaitModel2392

Step 2: Scaling generic model
Loaded marker file GIL02_static.trc (39 markers, 104 frames)
Measurement 'torso'
	pair 0 (midasis, neck): model = 0.538518, experimental = 0.513199
	overall scale factor = 0.952983
Measurement 'pelvis'
	pair 0 (asis_r, asis_l): model = 0.256, experimental = 0.238163
	overall scale factor = 0.930324
Measurement 'thigh'
	pair 0 (hip_r, knee_r): model = 0.395846, experimental = 0.412799
	pair 1 (hip_l, knee_l): model = 0.395846, experimental = 0.425271
	overall scale factor = 1.05858
Measurement 'shank'
	pair 0 (knee_r, ankle_r): model = 0.43, experimental = 0.402436
	pair 1 (knee_l, ankle_l): model = 0.43, experimental = 0.392905
	overall scale factor = 0.924815
Measurement 'foot'
	pair 0 (heel_r, toe_r): model = 0.181, experimental = 0.188324
	pair 1 (heel_l, toe_l): model = 0.181, experimental = 0.189591
	overall scale factor = 1.04396
Handling locked coordinate.
Handling locked coordinate.
Handling locked coordinate.
Handling locked coordinate.
SimbodyCoordinate.setValue: WARN- coordinate subtalar_angle_r is locked. Unable to change its value.
SimbodyCoordinate.setValue: WARN- coordinate mtp_angle_r is locked. Unable to change its value.
SimbodyCoordinate.setValue: WARN- coordinate subtalar_angle_l is locked. Unable to change its value.
SimbodyCoordinate.setValue: WARN- coordinate mtp_angle_l is locked. Unable to change its value.
Wrote scale file GIL02_gait2392_simbody_ScaleSet_Applied.xml for model GIL02

Step 3: Placing markers on model
Loaded marker file GIL02_static.trc (39 markers, 104 frames)
Averaged frames from time 0.133333 to 0.866667 in GIL02_static.trc (frames 16 to 104)
Deleted 0 unused markers from model GIL02
Storage: file=GIL02_static.mot (nr=104 nc=141)
Marker Tasks:
	asis_r: weight 16410 from file (columns 24-26)
	asis_l: weight 16410 from file (columns 27-29)
	midasis: weight 16410 from file (columns 21-23)
	psis_r: weight 16410 from file (columns 30-32)
	psis_l: weight 16410 from file (columns 33-35)
	hip_r: weight 1 from file (columns 3-5)
	hip_l: weight 1 from file (columns 6-8)
	midhip: weight 16410 from file (columns 0-2)
	epicondLat_r: weight 1 from file (columns 36-38)
	epicondMed_r: weight 1 from file (columns 42-44)
	thighwand_r: weight 1 from file (columns 87-89)
	upperleg1_r: weight 1 from file (columns 93-95)
	upperleg2_r: weight 1 from file (columns 99-101)
	malleolusLat_r: weight 1 from file (columns 48-50)
	malleolusMedv_r: weight 1 from file (columns 54-56)
	shankwand_r: weight 1 from file (columns 105-107)
	lowerleg1_r: weight 1 from file (columns 111-113)
	knee_r: weight 3282 from file (columns 9-11)
	ankle_r: weight 16410 from file (columns 15-17)
	toe_r: weight 1 from file (columns 81-83)
	heel_r: weight 1 from file (columns 60-62)
	epicondLat_l: weight 1 from file (columns 39-41)
	epicondMed_l: weight 1 from file (columns 45-47)
	thighwand_l: weight 1 from file (columns 90-92)
	upperleg1_l: weight 1 from file (columns 96-98)
	upperleg2_l: weight 1 from file (columns 102-104)
	malleolusLat_l: weight 1 from file (columns 51-53)
	malleolusMedv_l: weight 1 from file (columns 57-59)
	shankwand_l: weight 1 from file (columns 108-110)
	lowerleg1_l: weight 1 from file (columns 114-116)
	knee_l: weight 3282 from file (columns 12-14)
	ankle_l: weight 16410 from file (columns 18-20)
	toe_l: weight 1 from file (columns 84-86)
	heel_l: weight 1 from file (columns 63-65)
	subclavicle_r: weight 1 from file (columns 75-77)
	subclavicle_l: weight 1 from file (columns 78-80)
	neck: weight 3282 from file (columns 72-74)
	sternalnotch: weight 3282 from file (columns 66-68)
	xyphoidprocess: weight 3282 from file (columns 69-71)
Unprescribed Coordinate Tasks (with nonzero weight):
	pelvis_tx: weight 1641 constant target value of 0
	pelvis_ty: weight 1641 constant target value of 0.93
	pelvis_tz: weight 1641 constant target value of 0
	pelvis_tilt: weight 3282 constant target value of 0
	pelvis_list: weight 1641 constant target value of 0
	pelvis_rotation: weight 1641 constant target value of 0
	hip_flexion_r: weight 1641 constant target value of 0
	hip_adduction_r: weight 1641 constant target value of 0
	hip_rotation_r: weight 1641 constant target value of 0
	knee_angle_r: weight 1641 constant target value of 0
	ankle_angle_r: weight 1641 constant target value of 0
	hip_flexion_l: weight 1641 constant target value of 0
	hip_adduction_l: weight 1641 constant target value of 0
	hip_rotation_l: weight 1641 constant target value of 0
	knee_angle_l: weight 1641 constant target value of 0
	ankle_angle_l: weight 1641 constant target value of 0
Prescribed Coordinate Tasks:
	subtalar_angle_r: constant target value of 0
	mtp_angle_r: constant target value of 0
	subtalar_angle_l: constant target value of 0
	mtp_angle_l: constant target value of 0

Solving IK trial: 
Successfully linked to CFSQP library 'osimCFSQP.dll'
Using CFSQP optimizer algorithm.
Handling locked coordinate.
Handling locked coordinate.
Handling locked coordinate.
Handling locked coordinate.
Handling locked coordinate.
Handling locked coordinate.
Handling locked coordinate.
Handling locked coordinate.
Handling locked coordinate.
Handling locked coordinate.
Handling locked coordinate.
Handling locked coordinate.
Handling locked coordinate.
Handling locked coordinate.
Handling locked coordinate.
Handling locked coordinate.
Handling locked coordinate.
Handling locked coordinate.
Handling locked coordinate.
Handling locked coordinate.
Handling locked coordinate.
Handling locked coordinate.
Handling locked coordinate.
Handling locked coordinate.
Handling locked coordinate.
Handling locked coordinate.
Handling locked coordinate.
Handling locked coordinate.
Frame 1 (t=0.13333):	total weighted squared error = 4018.69, marker error: RMS=0.0769667, max=0.237123 (thighwand_l), coord error: RMS=0.385166, max=1.5179 (pelvis_tx)
Moved markers in model GIL02 to match locations in marker file GIL02_static.trc
Wrote model file ../GIL02_gait2392_simbody.osim from model GIL02
Deleted model GIL02
Deleted model default
