-------------------------------------------------------
This program includes software developed by the
Apache Software Foundation (http://www.apache.org/).
-------------------------------------------------------

Deleted model 
RegisterTypes_SdfastEngine

-------------------------------------------------------
Library SdfastEngine...
-------------------------------------------------------

RegisterTypes_SimbodyEngine

-------------------------------------------------------
Library SimbodyEngine...
-------------------------------------------------------

Constructing investigation from setup file GIL02_fast3_Setup_CMC_Unconstrained.xml.

AbstractTool GIL02_fast3_fixed_CMC_unconstr loading model '../../GIL02_gait2392_simbody_adjusted.osim'
Created model GIL02 from file ../../GIL02_gait2392_simbody_adjusted.osim
Adding actuator set from ../../GIL02_CMC_Actuators.xml
Handling locked coordinate.
Handling locked coordinate.
Handling locked coordinate.
Handling locked coordinate.
SimbodyCoordinate.setValue: WARN- coordinate subtalar_angle_r is locked. Unable to change its value.
SimbodyCoordinate.setValue: WARN- coordinate mtp_angle_r is locked. Unable to change its value.
SimbodyCoordinate.setValue: WARN- coordinate subtalar_angle_l is locked. Unable to change its value.
SimbodyCoordinate.setValue: WARN- coordinate mtp_angle_l is locked. Unable to change its value.
-----------------------------------------------------------------------
Loaded library
-----------------------------------------------------------------------
             MODEL: GIL02
         actuators: 112
          analyses: 3
          contacts: 0
-----------------------------------------------------------------------

Running tool GIL02_fast3_fixed_CMC_unconstr.
MODEL: GIL02

ANALYSES (3)
analysis[0] = Kinematics
analysis[1] = Actuation
analysis[2] = BodyKinematics

BODIES (13)
body[0] = ground (mass: 0) (inertia: 0 0 0 0 0 0 0 0 0)
body[1] = pelvis (mass: 10.3136) (inertia: 0.0781253 0 0 0 0.0661937 0 0 0 0.0440025)
body[2] = femur_r (mass: 8.14563) (inertia: 0.131752 0 0 0 0.034537 0 0 0 0.138935)
body[3] = tibia_r (mass: 3.24682) (inertia: 0.0378505 0 0 0 0.00383011 0 0 0 0.0383762)
body[4] = talus_r (mass: 0.0875743) (inertia: 0.000751 0 0 0 0.000751 0 0 0 0.000751)
body[5] = calcn_r (mass: 1.09468) (inertia: 0.00133977 0 0 0 0.00373221 0 0 0 0.00392361)
body[6] = toes_r (mass: 0.189686) (inertia: 9.57e-005 0 0 0 0.0001914 0 0 0 0.00095698)
body[7] = femur_l (mass: 8.14563) (inertia: 0.131752 0 0 0 0.034537 0 0 0 0.138935)
body[8] = tibia_l (mass: 3.24682) (inertia: 0.0378505 0 0 0 0.00383011 0 0 0 0.0383762)
body[9] = talus_l (mass: 0.0875743) (inertia: 0.000751 0 0 0 0.000751 0 0 0 0.000751)
body[10] = calcn_l (mass: 1.09468) (inertia: 0.00133977 0 0 0 0.00373221 0 0 0 0.00392361)
body[11] = toes_l (mass: 0.189686) (inertia: 9.57e-005 0 0 0 0.0001914 0 0 0 0.00095698)
body[12] = torso (mass: 30.6049) (inertia: 1.17583 0 0 0 0.60247 0 0 0 1.14146)

ACTUATORS (112)
actuator[0] = glut_med1_r (controls: glut_med1_r.excitation)
actuator[1] = glut_med2_r (controls: glut_med2_r.excitation)
actuator[2] = glut_med3_r (controls: glut_med3_r.excitation)
actuator[3] = glut_min1_r (controls: glut_min1_r.excitation)
actuator[4] = glut_min2_r (controls: glut_min2_r.excitation)
actuator[5] = glut_min3_r (controls: glut_min3_r.excitation)
actuator[6] = semimem_r (controls: semimem_r.excitation)
actuator[7] = semiten_r (controls: semiten_r.excitation)
actuator[8] = bifemlh_r (controls: bifemlh_r.excitation)
actuator[9] = bifemsh_r (controls: bifemsh_r.excitation)
actuator[10] = sar_r (controls: sar_r.excitation)
actuator[11] = add_long_r (controls: add_long_r.excitation)
actuator[12] = add_brev_r (controls: add_brev_r.excitation)
actuator[13] = add_mag1_r (controls: add_mag1_r.excitation)
actuator[14] = add_mag2_r (controls: add_mag2_r.excitation)
actuator[15] = add_mag3_r (controls: add_mag3_r.excitation)
actuator[16] = tfl_r (controls: tfl_r.excitation)
actuator[17] = pect_r (controls: pect_r.excitation)
actuator[18] = grac_r (controls: grac_r.excitation)
actuator[19] = glut_max1_r (controls: glut_max1_r.excitation)
actuator[20] = glut_max2_r (controls: glut_max2_r.excitation)
actuator[21] = glut_max3_r (controls: glut_max3_r.excitation)
actuator[22] = iliacus_r (controls: iliacus_r.excitation)
actuator[23] = psoas_r (controls: psoas_r.excitation)
actuator[24] = quad_fem_r (controls: quad_fem_r.excitation)
actuator[25] = gem_r (controls: gem_r.excitation)
actuator[26] = peri_r (controls: peri_r.excitation)
actuator[27] = rect_fem_r (controls: rect_fem_r.excitation)
actuator[28] = vas_med_r (controls: vas_med_r.excitation)
actuator[29] = vas_int_r (controls: vas_int_r.excitation)
actuator[30] = vas_lat_r (controls: vas_lat_r.excitation)
actuator[31] = med_gas_r (controls: med_gas_r.excitation)
actuator[32] = lat_gas_r (controls: lat_gas_r.excitation)
actuator[33] = soleus_r (controls: soleus_r.excitation)
actuator[34] = tib_post_r (controls: tib_post_r.excitation)
actuator[35] = flex_dig_r (controls: flex_dig_r.excitation)
actuator[36] = flex_hal_r (controls: flex_hal_r.excitation)
actuator[37] = tib_ant_r (controls: tib_ant_r.excitation)
actuator[38] = per_brev_r (controls: per_brev_r.excitation)
actuator[39] = per_long_r (controls: per_long_r.excitation)
actuator[40] = per_tert_r (controls: per_tert_r.excitation)
actuator[41] = ext_dig_r (controls: ext_dig_r.excitation)
actuator[42] = ext_hal_r (controls: ext_hal_r.excitation)
actuator[43] = glut_med1_l (controls: glut_med1_l.excitation)
actuator[44] = glut_med2_l (controls: glut_med2_l.excitation)
actuator[45] = glut_med3_l (controls: glut_med3_l.excitation)
actuator[46] = glut_min1_l (controls: glut_min1_l.excitation)
actuator[47] = glut_min2_l (controls: glut_min2_l.excitation)
actuator[48] = glut_min3_l (controls: glut_min3_l.excitation)
actuator[49] = semimem_l (controls: semimem_l.excitation)
actuator[50] = semiten_l (controls: semiten_l.excitation)
actuator[51] = bifemlh_l (controls: bifemlh_l.excitation)
actuator[52] = bifemsh_l (controls: bifemsh_l.excitation)
actuator[53] = sar_l (controls: sar_l.excitation)
actuator[54] = add_long_l (controls: add_long_l.excitation)
actuator[55] = add_brev_l (controls: add_brev_l.excitation)
actuator[56] = add_mag1_l (controls: add_mag1_l.excitation)
actuator[57] = add_mag2_l (controls: add_mag2_l.excitation)
actuator[58] = add_mag3_l (controls: add_mag3_l.excitation)
actuator[59] = tfl_l (controls: tfl_l.excitation)
actuator[60] = pect_l (controls: pect_l.excitation)
actuator[61] = grac_l (controls: grac_l.excitation)
actuator[62] = glut_max1_l (controls: glut_max1_l.excitation)
actuator[63] = glut_max2_l (controls: glut_max2_l.excitation)
actuator[64] = glut_max3_l (controls: glut_max3_l.excitation)
actuator[65] = iliacus_l (controls: iliacus_l.excitation)
actuator[66] = psoas_l (controls: psoas_l.excitation)
actuator[67] = quad_fem_l (controls: quad_fem_l.excitation)
actuator[68] = gem_l (controls: gem_l.excitation)
actuator[69] = peri_l (controls: peri_l.excitation)
actuator[70] = rect_fem_l (controls: rect_fem_l.excitation)
actuator[71] = vas_med_l (controls: vas_med_l.excitation)
actuator[72] = vas_int_l (controls: vas_int_l.excitation)
actuator[73] = vas_lat_l (controls: vas_lat_l.excitation)
actuator[74] = med_gas_l (controls: med_gas_l.excitation)
actuator[75] = lat_gas_l (controls: lat_gas_l.excitation)
actuator[76] = soleus_l (controls: soleus_l.excitation)
actuator[77] = tib_post_l (controls: tib_post_l.excitation)
actuator[78] = flex_dig_l (controls: flex_dig_l.excitation)
actuator[79] = flex_hal_l (controls: flex_hal_l.excitation)
actuator[80] = tib_ant_l (controls: tib_ant_l.excitation)
actuator[81] = per_brev_l (controls: per_brev_l.excitation)
actuator[82] = per_long_l (controls: per_long_l.excitation)
actuator[83] = per_tert_l (controls: per_tert_l.excitation)
actuator[84] = ext_dig_l (controls: ext_dig_l.excitation)
actuator[85] = ext_hal_l (controls: ext_hal_l.excitation)
actuator[86] = ercspn_r (controls: ercspn_r.excitation)
actuator[87] = ercspn_l (controls: ercspn_l.excitation)
actuator[88] = intobl_r (controls: intobl_r.excitation)
actuator[89] = intobl_l (controls: intobl_l.excitation)
actuator[90] = extobl_r (controls: extobl_r.excitation)
actuator[91] = extobl_l (controls: extobl_l.excitation)
actuator[92] = FX (controls: FX.excitation)
actuator[93] = FY (controls: FY.excitation)
actuator[94] = FZ (controls: FZ.excitation)
actuator[95] = MX (controls: MX.excitation)
actuator[96] = MY (controls: MY.excitation)
actuator[97] = MZ (controls: MZ.excitation)
actuator[98] = hip_flexion_r_reserve (controls: hip_flexion_r_reserve.excitation)
actuator[99] = hip_adduction_r_reserve (controls: hip_adduction_r_reserve.excitation)
actuator[100] = hip_rotation_r_reserve (controls: hip_rotation_r_reserve.excitation)
actuator[101] = knee_angle_r_reserve (controls: knee_angle_r_reserve.excitation)
actuator[102] = ankle_angle_r_reserve (controls: ankle_angle_r_reserve.excitation)
actuator[103] = hip_flexion_l_reserve (controls: hip_flexion_l_reserve.excitation)
actuator[104] = hip_adduction_l_reserve (controls: hip_adduction_l_reserve.excitation)
actuator[105] = hip_rotation_l_reserve (controls: hip_rotation_l_reserve.excitation)
actuator[106] = knee_angle_l_reserve (controls: knee_angle_l_reserve.excitation)
actuator[107] = knee_angle_l_reserve2 (controls: knee_angle_l_reserve2.excitation)
actuator[108] = ankle_angle_l_reserve (controls: ankle_angle_l_reserve.excitation)
actuator[109] = lumbar_extension_reserve (controls: lumbar_extension_reserve.excitation)
actuator[110] = lumbar_bending_reserve (controls: lumbar_bending_reserve.excitation)
actuator[111] = lumbar_rotation_reserve (controls: lumbar_rotation_reserve.excitation)

CONTACTS (0)
numControls = 112
numStates = 230
numCoordinates = 23
numSpeeds = 23
numActuators = 112
numBodies = 13

STATES (230)
y[0] = pelvis_tx
y[1] = pelvis_ty
y[2] = pelvis_tz
y[3] = pelvis_tilt
y[4] = pelvis_list
y[5] = pelvis_rotation
y[6] = hip_flexion_r
y[7] = hip_adduction_r
y[8] = hip_rotation_r
y[9] = knee_angle_r
y[10] = ankle_angle_r
y[11] = subtalar_angle_r
y[12] = mtp_angle_r
y[13] = hip_flexion_l
y[14] = hip_adduction_l
y[15] = hip_rotation_l
y[16] = knee_angle_l
y[17] = ankle_angle_l
y[18] = subtalar_angle_l
y[19] = mtp_angle_l
y[20] = lumbar_extension
y[21] = lumbar_bending
y[22] = lumbar_rotation
y[23] = pelvis_tx_u
y[24] = pelvis_ty_u
y[25] = pelvis_tz_u
y[26] = pelvis_tilt_u
y[27] = pelvis_list_u
y[28] = pelvis_rotation_u
y[29] = hip_flexion_r_u
y[30] = hip_adduction_r_u
y[31] = hip_rotation_r_u
y[32] = knee_angle_r_u
y[33] = ankle_angle_r_u
y[34] = subtalar_angle_r_u
y[35] = mtp_angle_r_u
y[36] = hip_flexion_l_u
y[37] = hip_adduction_l_u
y[38] = hip_rotation_l_u
y[39] = knee_angle_l_u
y[40] = ankle_angle_l_u
y[41] = subtalar_angle_l_u
y[42] = mtp_angle_l_u
y[43] = lumbar_extension_u
y[44] = lumbar_bending_u
y[45] = lumbar_rotation_u
y[46] = glut_med1_r.activation
y[47] = glut_med1_r.fiber_length
y[48] = glut_med2_r.activation
y[49] = glut_med2_r.fiber_length
y[50] = glut_med3_r.activation
y[51] = glut_med3_r.fiber_length
y[52] = glut_min1_r.activation
y[53] = glut_min1_r.fiber_length
y[54] = glut_min2_r.activation
y[55] = glut_min2_r.fiber_length
y[56] = glut_min3_r.activation
y[57] = glut_min3_r.fiber_length
y[58] = semimem_r.activation
y[59] = semimem_r.fiber_length
y[60] = semiten_r.activation
y[61] = semiten_r.fiber_length
y[62] = bifemlh_r.activation
y[63] = bifemlh_r.fiber_length
y[64] = bifemsh_r.activation
y[65] = bifemsh_r.fiber_length
y[66] = sar_r.activation
y[67] = sar_r.fiber_length
y[68] = add_long_r.activation
y[69] = add_long_r.fiber_length
y[70] = add_brev_r.activation
y[71] = add_brev_r.fiber_length
y[72] = add_mag1_r.activation
y[73] = add_mag1_r.fiber_length
y[74] = add_mag2_r.activation
y[75] = add_mag2_r.fiber_length
y[76] = add_mag3_r.activation
y[77] = add_mag3_r.fiber_length
y[78] = tfl_r.activation
y[79] = tfl_r.fiber_length
y[80] = pect_r.activation
y[81] = pect_r.fiber_length
y[82] = grac_r.activation
y[83] = grac_r.fiber_length
y[84] = glut_max1_r.activation
y[85] = glut_max1_r.fiber_length
y[86] = glut_max2_r.activation
y[87] = glut_max2_r.fiber_length
y[88] = glut_max3_r.activation
y[89] = glut_max3_r.fiber_length
y[90] = iliacus_r.activation
y[91] = iliacus_r.fiber_length
y[92] = psoas_r.activation
y[93] = psoas_r.fiber_length
y[94] = quad_fem_r.activation
y[95] = quad_fem_r.fiber_length
y[96] = gem_r.activation
y[97] = gem_r.fiber_length
y[98] = peri_r.activation
y[99] = peri_r.fiber_length
y[100] = rect_fem_r.activation
y[101] = rect_fem_r.fiber_length
y[102] = vas_med_r.activation
y[103] = vas_med_r.fiber_length
y[104] = vas_int_r.activation
y[105] = vas_int_r.fiber_length
y[106] = vas_lat_r.activation
y[107] = vas_lat_r.fiber_length
y[108] = med_gas_r.activation
y[109] = med_gas_r.fiber_length
y[110] = lat_gas_r.activation
y[111] = lat_gas_r.fiber_length
y[112] = soleus_r.activation
y[113] = soleus_r.fiber_length
y[114] = tib_post_r.activation
y[115] = tib_post_r.fiber_length
y[116] = flex_dig_r.activation
y[117] = flex_dig_r.fiber_length
y[118] = flex_hal_r.activation
y[119] = flex_hal_r.fiber_length
y[120] = tib_ant_r.activation
y[121] = tib_ant_r.fiber_length
y[122] = per_brev_r.activation
y[123] = per_brev_r.fiber_length
y[124] = per_long_r.activation
y[125] = per_long_r.fiber_length
y[126] = per_tert_r.activation
y[127] = per_tert_r.fiber_length
y[128] = ext_dig_r.activation
y[129] = ext_dig_r.fiber_length
y[130] = ext_hal_r.activation
y[131] = ext_hal_r.fiber_length
y[132] = glut_med1_l.activation
y[133] = glut_med1_l.fiber_length
y[134] = glut_med2_l.activation
y[135] = glut_med2_l.fiber_length
y[136] = glut_med3_l.activation
y[137] = glut_med3_l.fiber_length
y[138] = glut_min1_l.activation
y[139] = glut_min1_l.fiber_length
y[140] = glut_min2_l.activation
y[141] = glut_min2_l.fiber_length
y[142] = glut_min3_l.activation
y[143] = glut_min3_l.fiber_length
y[144] = semimem_l.activation
y[145] = semimem_l.fiber_length
y[146] = semiten_l.activation
y[147] = semiten_l.fiber_length
y[148] = bifemlh_l.activation
y[149] = bifemlh_l.fiber_length
y[150] = bifemsh_l.activation
y[151] = bifemsh_l.fiber_length
y[152] = sar_l.activation
y[153] = sar_l.fiber_length
y[154] = add_long_l.activation
y[155] = add_long_l.fiber_length
y[156] = add_brev_l.activation
y[157] = add_brev_l.fiber_length
y[158] = add_mag1_l.activation
y[159] = add_mag1_l.fiber_length
y[160] = add_mag2_l.activation
y[161] = add_mag2_l.fiber_length
y[162] = add_mag3_l.activation
y[163] = add_mag3_l.fiber_length
y[164] = tfl_l.activation
y[165] = tfl_l.fiber_length
y[166] = pect_l.activation
y[167] = pect_l.fiber_length
y[168] = grac_l.activation
y[169] = grac_l.fiber_length
y[170] = glut_max1_l.activation
y[171] = glut_max1_l.fiber_length
y[172] = glut_max2_l.activation
y[173] = glut_max2_l.fiber_length
y[174] = glut_max3_l.activation
y[175] = glut_max3_l.fiber_length
y[176] = iliacus_l.activation
y[177] = iliacus_l.fiber_length
y[178] = psoas_l.activation
y[179] = psoas_l.fiber_length
y[180] = quad_fem_l.activation
y[181] = quad_fem_l.fiber_length
y[182] = gem_l.activation
y[183] = gem_l.fiber_length
y[184] = peri_l.activation
y[185] = peri_l.fiber_length
y[186] = rect_fem_l.activation
y[187] = rect_fem_l.fiber_length
y[188] = vas_med_l.activation
y[189] = vas_med_l.fiber_length
y[190] = vas_int_l.activation
y[191] = vas_int_l.fiber_length
y[192] = vas_lat_l.activation
y[193] = vas_lat_l.fiber_length
y[194] = med_gas_l.activation
y[195] = med_gas_l.fiber_length
y[196] = lat_gas_l.activation
y[197] = lat_gas_l.fiber_length
y[198] = soleus_l.activation
y[199] = soleus_l.fiber_length
y[200] = tib_post_l.activation
y[201] = tib_post_l.fiber_length
y[202] = flex_dig_l.activation
y[203] = flex_dig_l.fiber_length
y[204] = flex_hal_l.activation
y[205] = flex_hal_l.fiber_length
y[206] = tib_ant_l.activation
y[207] = tib_ant_l.fiber_length
y[208] = per_brev_l.activation
y[209] = per_brev_l.fiber_length
y[210] = per_long_l.activation
y[211] = per_long_l.fiber_length
y[212] = per_tert_l.activation
y[213] = per_tert_l.fiber_length
y[214] = ext_dig_l.activation
y[215] = ext_dig_l.fiber_length
y[216] = ext_hal_l.activation
y[217] = ext_hal_l.fiber_length
y[218] = ercspn_r.activation
y[219] = ercspn_r.fiber_length
y[220] = ercspn_l.activation
y[221] = ercspn_l.fiber_length
y[222] = intobl_r.activation
y[223] = intobl_r.fiber_length
y[224] = intobl_l.activation
y[225] = intobl_l.fiber_length
y[226] = extobl_r.activation
y[227] = extobl_r.fiber_length
y[228] = extobl_l.activation
y[229] = extobl_l.fiber_length


Loading desired kinematics from file ../RRA/Results/GIL02_fast3_RRA_Kinematics_q.sto ...
Storage: file=../RRA/Results/GIL02_fast3_RRA_Kinematics_q.sto (nr=829 nc=24)


Note- not filtering the desired kinematics.



Loading external loads kinematics from file ../IK/GIL02_fast3_ik.mot ...
Storage: file=../IK/GIL02_fast3_ik.mot (nr=108 nc=375)
Low-pass filtering external load kinematics with a cutoff frequency of 6...
Storage: file=../IK/GIL02_fast3_ik.mot (nr=108 nc=375)
Padded kineticsStore to start time of 0.09167

Constructing function set for tracking...



 taskSet size = 19

Using the generalized coordinates specified in ../RRA/Results/GIL02_fast3_RRA_Kinematics_q.sto to set the initial configuration.
Successfully linked to CFSQP library 'osimCFSQP.dll'
Using CFSQP optimizer algorithm.

Setting optimizer print level to 0.
Setting optimizer convergence criterion to 1e-006.
Setting optimizer maximum iterations to 2000.

Setting cmc controller to not use verbose printing.



================================================================
================================================================
Computing initial values for muscles states (activation, length)
Start time = Tue Oct 14 19:12:13 2008
================================================================

=============================================
rdCMC.computeInitialStates: ti=0.14167
=============================================
rdCMC.computeControls:  t = 0.14167
rdCMC.computeControls:  t = 0.14167

-----------------------------------------------------------------
Finished computing initial states:
-----------------------------------------------------------------
Array[230]= 0.648381 0.942618 -0.194421 0.00051607 -0.0436934 0.0707345 0.231596 0.0817461 0.0820612 -0.29615 0.0678568 -1.8006e-016 3.07309e-017 0.153468 -0.0701374 -0.0025213 -1.07528 -0.308821 1.48772e-018 -1.3905e-017 -0.0362564 0.115334 -0.019744 1.3928 0.186875 0.0588768 -0.0433111 0.642029 0.285789 -2.05308 -0.361316 0.559979 0.563419 1.30292 -4.07692e-015 -1.72524e-015 3.4623 1.34451 1.71808 -2.08774 4.679 -4.14038e-017 -2.77169e-017 -0.0841994 -0.923719 0.921412 0.591887 0.0447544 0.434271 0.0827134 0.355911 0.0675153 0.184821 0.0675532 0.188792 0.0588349 0.185946 0.0394824 0.02 0.0626031 0.02 0.215093 0.02 0.101506 0.02 0.168395 0.02 0.468078 0.02 0.0981708 0.02 0.111606 0.02 0.0544381 0.02 0.0773274 0.02 0.104933 0.116672 0.10397 0.02 0.0642585 0.02 0.318874 0.237647 0.0862384 0.197077 0.0951956 0.02 0.105082 0.02 0.0938552 0.02 0.0871336 0.02 0.0456909 0.02 0.0271307 0.0881076 0.0255245 0.0998629 0.106173 0.0760932 0.0616863 0.0790933 0.0611893 0.109345 0.0572375 0.02 0.0513452 0.02 0.0551638 0.0825684 0.0420988 0.02 0.0312301 0.02 0.0303716 0.02 0.0379941 0.02 0.073543 0.02 0.0464244 0.02 0.0471041 0.02 0.0733763 0.02 0.0904062 0.02 0.0987074 0.02 0.0406344 0.02 0.0750963 0.02 0.0589567 0.02 0.0640805 0.02 0.0538728 0.02 0.0333483 0.103326 0.0340437 0.0715614 0.179776 0.02 0.074871 0.461359 0.146925 0.170363 0.458996 0.0974994 0.110904 0.02 0.121883 0.02 0.0638894 0.02 0.0843814 0.02 0.105093 0.042436 0.111243 0.0452713 0.0714273 0.094322 0.301931 0.02 0.078062 0.02 0.0882836 0.02 0.103086 0.381227 0.0972051 0.395677 0.0896916 0.0403016 0.0470501 0.024062 0.0251774 0.0642868 0.0192292 0.02 0.143552 0.02 0.0928916 0.02 0.100506 0.02 0.0893923 0.02 0.0234664 0.02 0.0236929 0.02 0.0298254 0.02 0.0287259 0.02 0.0276955 0.02 0.0333149 0.460605 0.0855473 0.02 0.0458805 0.02 0.0449867 0.02 0.0831003 0.274056 0.101727 0.0745671 0.112339 0.02 0.110524 0.25212 0.118059 0.02 0.0799621 0.0811871 0.101543 0.02 0.116291 0.0909908 0.127992
=================================================================
Start time   = Tue Oct 14 19:12:13 2008
Finish time  = Tue Oct 14 19:13:01 2008
Elapsed time = 48 seconds.
=================================================================



================================================================
================================================================
Using CMC to track the specified kinematics
Integrating from 0.17167 to 0.92967
Start time = Tue Oct 14 19:13:01 2008
================================================================
rdCMC.computeControls:  t = 0.17167
rdCMC.computeControls:  t = 0.17867
rdCMC.computeControls:  t = 0.18567
rdCMC.computeControls:  t = 0.19267
rdCMC.computeControls:  t = 0.19967
rdCMC.computeControls:  t = 0.20667
rdCMC.computeControls:  t = 0.21367
rdCMC.computeControls:  t = 0.22067
rdCMC.computeControls:  t = 0.22767
rdCMC.computeControls:  t = 0.23467
rdCMC.computeControls:  t = 0.24167
rdCMC.computeControls:  t = 0.24867
rdCMC.computeControls:  t = 0.25567
rdCMC.computeControls:  t = 0.26267
rdCMC.computeControls:  t = 0.26967
rdCMC.computeControls:  t = 0.27667
rdCMC.computeControls:  t = 0.28367
rdCMC.computeControls:  t = 0.29067
rdCMC.computeControls:  t = 0.29767
rdCMC.computeControls:  t = 0.30467
rdCMC.computeControls:  t = 0.31167
rdCMC.computeControls:  t = 0.31867
rdCMC.computeControls:  t = 0.32567
rdCMC.computeControls:  t = 0.33267
WARN- small force range for vas_lat_l (1.84257 to 1.86788)
rdCMC.computeControls:  t = 0.33967
WARN- small force range for vas_med_l (1.2641 to 1.28772)
WARN- small force range for vas_lat_l (1.83317 to 1.85873)
rdCMC.computeControls:  t = 0.34667
WARN- small force range for vas_med_l (1.25644 to 1.28022)
WARN- small force range for vas_int_l (1.33851 to 1.36018)
WARN- small force range for vas_lat_l (1.82322 to 1.84899)
rdCMC.computeControls:  t = 0.35367
WARN- small force range for vas_med_l (1.24867 to 1.27258)
WARN- small force range for vas_int_l (1.33109 to 1.353)
WARN- small force range for vas_lat_l (1.8131 to 1.83905)
rdCMC.computeControls:  t = 0.36067
WARN- small force range for vas_lat_l (1.86391 to 1.87095)
rdCMC.computeControls:  t = 0.36767
rdCMC.computeControls:  t = 0.37467
rdCMC.computeControls:  t = 0.38167
rdCMC.computeControls:  t = 0.38867
rdCMC.computeControls:  t = 0.39567
WARN- small force range for soleus_l (3.52724 to 3.54768)
rdCMC.computeControls:  t = 0.40267
WARN- small force range for soleus_l (3.5213 to 3.54256)
rdCMC.computeControls:  t = 0.40967
rdCMC.computeControls:  t = 0.41667
rdCMC.computeControls:  t = 0.42367
rdCMC.computeControls:  t = 0.43067
rdCMC.computeControls:  t = 0.43767
rdCMC.computeControls:  t = 0.44467
rdCMC.computeControls:  t = 0.45167
rdCMC.computeControls:  t = 0.45867
rdCMC.computeControls:  t = 0.46567
rdCMC.computeControls:  t = 0.47267
rdCMC.computeControls:  t = 0.47967
rdCMC.computeControls:  t = 0.48667
rdCMC.computeControls:  t = 0.49367
rdCMC.computeControls:  t = 0.50067
rdCMC.computeControls:  t = 0.50767
rdCMC.computeControls:  t = 0.51467
rdCMC.computeControls:  t = 0.52167
rdCMC.computeControls:  t = 0.52867
rdCMC.computeControls:  t = 0.53567
rdCMC.computeControls:  t = 0.54267
WARN- small force range for lat_gas_r (0.682292 to 0.743945)
rdCMC.computeControls:  t = 0.54967
WARN- small force range for med_gas_r (1.55588 to 1.5675)
WARN- small force range for lat_gas_r (0.680558 to 0.681435)
rdCMC.computeControls:  t = 0.55667
WARN- small force range for med_gas_r (1.55462 to 1.55714)
WARN- small force range for lat_gas_r (0.679318 to 0.680322)
rdCMC.computeControls:  t = 0.56367
WARN- small force range for med_gas_r (1.55513 to 1.89769)
WARN- small force range for lat_gas_r (0.678775 to 0.679911)
rdCMC.computeControls:  t = 0.57067
WARN- small force range for lat_gas_r (0.679053 to 0.680328)
rdCMC.computeControls:  t = 0.57767
WARN- small force range for lat_gas_r (0.680218 to 0.681641)
rdCMC.computeControls:  t = 0.58467
rdCMC.computeControls:  t = 0.59167
rdCMC.computeControls:  t = 0.59867
rdCMC.computeControls:  t = 0.60567
rdCMC.computeControls:  t = 0.61267
rdCMC.computeControls:  t = 0.61967
rdCMC.computeControls:  t = 0.62667
rdCMC.computeControls:  t = 0.63367
rdCMC.computeControls:  t = 0.64067
rdCMC.computeControls:  t = 0.64767
rdCMC.computeControls:  t = 0.65467
rdCMC.computeControls:  t = 0.66167
rdCMC.computeControls:  t = 0.66867
rdCMC.computeControls:  t = 0.67567
rdCMC.computeControls:  t = 0.68267
rdCMC.computeControls:  t = 0.68967
rdCMC.computeControls:  t = 0.69667
rdCMC.computeControls:  t = 0.70367
rdCMC.computeControls:  t = 0.71067
rdCMC.computeControls:  t = 0.71767
rdCMC.computeControls:  t = 0.72467
rdCMC.computeControls:  t = 0.73167
rdCMC.computeControls:  t = 0.73867
rdCMC.computeControls:  t = 0.74567
rdCMC.computeControls:  t = 0.75267
rdCMC.computeControls:  t = 0.75967
rdCMC.computeControls:  t = 0.76667
rdCMC.computeControls:  t = 0.77367
rdCMC.computeControls:  t = 0.78067
rdCMC.computeControls:  t = 0.78767
rdCMC.computeControls:  t = 0.79467
rdCMC.computeControls:  t = 0.80167
rdCMC.computeControls:  t = 0.80867
WARN- small force range for vas_lat_r (1.84319 to 1.86887)
rdCMC.computeControls:  t = 0.81567
WARN- small force range for vas_med_r (1.2679 to 1.29169)
WARN- small force range for vas_int_r (1.33967 to 1.36218)
WARN- small force range for vas_lat_r (1.83535 to 1.86123)
rdCMC.computeControls:  t = 0.82267
WARN- small force range for vas_med_r (1.26181 to 1.28574)
WARN- small force range for vas_int_r (1.33378 to 1.35643)
WARN- small force range for vas_lat_r (1.82721 to 1.85325)
rdCMC.computeControls:  t = 0.82967
WARN- small force range for vas_med_r (1.25569 to 1.27974)
WARN- small force range for vas_int_r (1.32788 to 1.35065)
WARN- small force range for vas_lat_r (1.81903 to 1.84523)
rdCMC.computeControls:  t = 0.83667
WARN- small force range for vas_med_r (1.24974 to 1.2739)
WARN- small force range for vas_int_r (1.32215 to 1.34504)
WARN- small force range for vas_lat_r (1.8111 to 1.83743)
rdCMC.computeControls:  t = 0.84367
WARN- small force range for vas_med_r (1.2442 to 1.26846)
WARN- small force range for vas_int_r (1.31684 to 1.33982)
WARN- small force range for vas_lat_r (1.80374 to 1.83019)
rdCMC.computeControls:  t = 0.85067
WARN- small force range for vas_med_r (1.23938 to 1.26372)
WARN- small force range for vas_int_r (1.31222 to 1.33528)
WARN- small force range for vas_lat_r (1.79735 to 1.82391)
rdCMC.computeControls:  t = 0.85767
WARN- small force range for vas_med_r (1.23554 to 1.25995)
WARN- small force range for vas_int_r (1.30853 to 1.33168)
WARN- small force range for vas_lat_r (1.79226 to 1.81891)
rdCMC.computeControls:  t = 0.86467
WARN- small force range for vas_med_r (1.23289 to 1.25737)
WARN- small force range for vas_int_r (1.30599 to 1.32921)
WARN- small force range for vas_lat_r (1.78873 to 1.81547)
rdCMC.computeControls:  t = 0.87167
WARN- small force range for vas_med_r (1.2316 to 1.25615)
WARN- small force range for vas_int_r (1.30476 to 1.32803)
WARN- small force range for vas_lat_r (1.78693 to 1.81374)
rdCMC.computeControls:  t = 0.87867
WARN- small force range for vas_med_r (1.23182 to 1.25642)
WARN- small force range for vas_int_r (1.30495 to 1.32828)
WARN- small force range for vas_lat_r (1.78697 to 1.81386)
rdCMC.computeControls:  t = 0.88567
WARN- small force range for vas_med_r (1.2336 to 1.25826)
WARN- small force range for vas_int_r (1.30666 to 1.33004)
WARN- small force range for vas_lat_r (1.78888 to 1.81583)
rdCMC.computeControls:  t = 0.89267
WARN- small force range for vas_med_r (1.23699 to 1.26169)
WARN- small force range for vas_int_r (1.30991 to 1.33333)
WARN- small force range for vas_lat_r (1.79265 to 1.81966)
rdCMC.computeControls:  t = 0.89967
WARN- small force range for vas_med_r (1.24198 to 1.26672)
WARN- small force range for vas_int_r (1.31471 to 1.33817)
WARN- small force range for vas_lat_r (1.79823 to 1.82529)
rdCMC.computeControls:  t = 0.90667
WARN- small force range for vas_med_r (1.24851 to 1.27328)
WARN- small force range for vas_int_r (1.321 to 1.34449)
WARN- small force range for vas_lat_r (1.80554 to 1.83263)
rdCMC.computeControls:  t = 0.91367
WARN- small force range for vas_med_r (1.25646 to 1.28126)
WARN- small force range for vas_int_r (1.32867 to 1.35219)
WARN- small force range for vas_lat_r (1.81443 to 1.84156)
rdCMC.computeControls:  t = 0.92067
WARN- small force range for vas_med_r (1.26567 to 1.2905)
WARN- small force range for vas_int_r (1.33757 to 1.36112)
WARN- small force range for vas_lat_r (1.82472 to 1.85189)
----------------------------------------------------------------
Finished tracking the specified kinematics
=================================================================
Start time   = Tue Oct 14 19:13:01 2008
Finish time  = Tue Oct 14 19:42:12 2008
Elapsed time = 1751 seconds.
================================================================


Printing results of investigation GIL02_fast3_fixed_CMC_unconstr to Results.


Average residuals:
FX=1.17825 FY=-7.48494 FZ=-0.0691917
MX=1.91779 MY=0.368315 MZ=4.4606


Deleted model default
