-------------------------------------------------------
This program includes software developed by the
Apache Software Foundation (http://www.apache.org/).
-------------------------------------------------------

Deleted model 
RegisterTypes_SdfastEngine

-------------------------------------------------------
Library SdfastEngine...
-------------------------------------------------------

RegisterTypes_SimbodyEngine

-------------------------------------------------------
Library SimbodyEngine...
-------------------------------------------------------

Constructing investigation from setup file GIL08_xslow2_Setup_CMC_Unconstrained.xml.

AbstractTool GIL08_xslow2_fixed_CMC_unconstr loading model '../../GIL08_gait2392_simbody_adjusted.osim'
Created model GIL08 from file ../../GIL08_gait2392_simbody_adjusted.osim
Adding actuator set from ../../GIL08_CMC_Actuators.xml
Handling locked coordinate.
Handling locked coordinate.
Handling locked coordinate.
Handling locked coordinate.
SimbodyCoordinate.setValue: WARN- coordinate subtalar_angle_r is locked. Unable to change its value.
SimbodyCoordinate.setValue: WARN- coordinate mtp_angle_r is locked. Unable to change its value.
SimbodyCoordinate.setValue: WARN- coordinate subtalar_angle_l is locked. Unable to change its value.
SimbodyCoordinate.setValue: WARN- coordinate mtp_angle_l is locked. Unable to change its value.
-----------------------------------------------------------------------
Loaded library
-----------------------------------------------------------------------
             MODEL: GIL08
         actuators: 111
          analyses: 3
          contacts: 0
-----------------------------------------------------------------------

Running tool GIL08_xslow2_fixed_CMC_unconstr.
MODEL: GIL08

ANALYSES (3)
analysis[0] = Kinematics
analysis[1] = Actuation
analysis[2] = BodyKinematics

BODIES (13)
body[0] = ground (mass: 0) (inertia: 0 0 0 0 0 0 0 0 0)
body[1] = pelvis (mass: 9.67293) (inertia: 0.0586058 0 0 0 0.0496553 0 0 0 0.0330085)
body[2] = femur_r (mass: 7.63962) (inertia: 0.120107 0 0 0 0.0314844 0 0 0 0.126655)
body[3] = tibia_r (mass: 3.04512) (inertia: 0.0389982 0 0 0 0.00394625 0 0 0 0.0395399)
body[4] = talus_r (mass: 0.0821341) (inertia: 0.00077377 0 0 0 0.00077377 0 0 0 0.00077377)
body[5] = calcn_r (mass: 1.02668) (inertia: 0.00101728 0 0 0 0.00283385 0 0 0 0.00297918)
body[6] = toes_r (mass: 0.177902) (inertia: 7.266e-005 0 0 0 0.00014533 0 0 0 0.00072663)
body[7] = femur_l (mass: 7.63962) (inertia: 0.120107 0 0 0 0.0314844 0 0 0 0.126655)
body[8] = tibia_l (mass: 3.04512) (inertia: 0.0389982 0 0 0 0.00394625 0 0 0 0.0395399)
body[9] = talus_l (mass: 0.0821341) (inertia: 0.00077377 0 0 0 0.00077377 0 0 0 0.00077377)
body[10] = calcn_l (mass: 1.02668) (inertia: 0.00101728 0 0 0 0.00283385 0 0 0 0.00297918)
body[11] = toes_l (mass: 0.177902) (inertia: 7.266e-005 0 0 0 0.00014533 0 0 0 0.00072663)
body[12] = torso (mass: 27.2481) (inertia: 1.03153 0 0 0 0.528531 0 0 0 1.00138)

ACTUATORS (111)
actuator[0] = glut_med1_r (controls: glut_med1_r.excitation)
actuator[1] = glut_med2_r (controls: glut_med2_r.excitation)
actuator[2] = glut_med3_r (controls: glut_med3_r.excitation)
actuator[3] = glut_min1_r (controls: glut_min1_r.excitation)
actuator[4] = glut_min2_r (controls: glut_min2_r.excitation)
actuator[5] = glut_min3_r (controls: glut_min3_r.excitation)
actuator[6] = semimem_r (controls: semimem_r.excitation)
actuator[7] = semiten_r (controls: semiten_r.excitation)
actuator[8] = bifemlh_r (controls: bifemlh_r.excitation)
actuator[9] = bifemsh_r (controls: bifemsh_r.excitation)
actuator[10] = sar_r (controls: sar_r.excitation)
actuator[11] = add_long_r (controls: add_long_r.excitation)
actuator[12] = add_brev_r (controls: add_brev_r.excitation)
actuator[13] = add_mag1_r (controls: add_mag1_r.excitation)
actuator[14] = add_mag2_r (controls: add_mag2_r.excitation)
actuator[15] = add_mag3_r (controls: add_mag3_r.excitation)
actuator[16] = tfl_r (controls: tfl_r.excitation)
actuator[17] = pect_r (controls: pect_r.excitation)
actuator[18] = grac_r (controls: grac_r.excitation)
actuator[19] = glut_max1_r (controls: glut_max1_r.excitation)
actuator[20] = glut_max2_r (controls: glut_max2_r.excitation)
actuator[21] = glut_max3_r (controls: glut_max3_r.excitation)
actuator[22] = iliacus_r (controls: iliacus_r.excitation)
actuator[23] = psoas_r (controls: psoas_r.excitation)
actuator[24] = quad_fem_r (controls: quad_fem_r.excitation)
actuator[25] = gem_r (controls: gem_r.excitation)
actuator[26] = peri_r (controls: peri_r.excitation)
actuator[27] = rect_fem_r (controls: rect_fem_r.excitation)
actuator[28] = vas_med_r (controls: vas_med_r.excitation)
actuator[29] = vas_int_r (controls: vas_int_r.excitation)
actuator[30] = vas_lat_r (controls: vas_lat_r.excitation)
actuator[31] = med_gas_r (controls: med_gas_r.excitation)
actuator[32] = lat_gas_r (controls: lat_gas_r.excitation)
actuator[33] = soleus_r (controls: soleus_r.excitation)
actuator[34] = tib_post_r (controls: tib_post_r.excitation)
actuator[35] = flex_dig_r (controls: flex_dig_r.excitation)
actuator[36] = flex_hal_r (controls: flex_hal_r.excitation)
actuator[37] = tib_ant_r (controls: tib_ant_r.excitation)
actuator[38] = per_brev_r (controls: per_brev_r.excitation)
actuator[39] = per_long_r (controls: per_long_r.excitation)
actuator[40] = per_tert_r (controls: per_tert_r.excitation)
actuator[41] = ext_dig_r (controls: ext_dig_r.excitation)
actuator[42] = ext_hal_r (controls: ext_hal_r.excitation)
actuator[43] = glut_med1_l (controls: glut_med1_l.excitation)
actuator[44] = glut_med2_l (controls: glut_med2_l.excitation)
actuator[45] = glut_med3_l (controls: glut_med3_l.excitation)
actuator[46] = glut_min1_l (controls: glut_min1_l.excitation)
actuator[47] = glut_min2_l (controls: glut_min2_l.excitation)
actuator[48] = glut_min3_l (controls: glut_min3_l.excitation)
actuator[49] = semimem_l (controls: semimem_l.excitation)
actuator[50] = semiten_l (controls: semiten_l.excitation)
actuator[51] = bifemlh_l (controls: bifemlh_l.excitation)
actuator[52] = bifemsh_l (controls: bifemsh_l.excitation)
actuator[53] = sar_l (controls: sar_l.excitation)
actuator[54] = add_long_l (controls: add_long_l.excitation)
actuator[55] = add_brev_l (controls: add_brev_l.excitation)
actuator[56] = add_mag1_l (controls: add_mag1_l.excitation)
actuator[57] = add_mag2_l (controls: add_mag2_l.excitation)
actuator[58] = add_mag3_l (controls: add_mag3_l.excitation)
actuator[59] = tfl_l (controls: tfl_l.excitation)
actuator[60] = pect_l (controls: pect_l.excitation)
actuator[61] = grac_l (controls: grac_l.excitation)
actuator[62] = glut_max1_l (controls: glut_max1_l.excitation)
actuator[63] = glut_max2_l (controls: glut_max2_l.excitation)
actuator[64] = glut_max3_l (controls: glut_max3_l.excitation)
actuator[65] = iliacus_l (controls: iliacus_l.excitation)
actuator[66] = psoas_l (controls: psoas_l.excitation)
actuator[67] = quad_fem_l (controls: quad_fem_l.excitation)
actuator[68] = gem_l (controls: gem_l.excitation)
actuator[69] = peri_l (controls: peri_l.excitation)
actuator[70] = rect_fem_l (controls: rect_fem_l.excitation)
actuator[71] = vas_med_l (controls: vas_med_l.excitation)
actuator[72] = vas_int_l (controls: vas_int_l.excitation)
actuator[73] = vas_lat_l (controls: vas_lat_l.excitation)
actuator[74] = med_gas_l (controls: med_gas_l.excitation)
actuator[75] = lat_gas_l (controls: lat_gas_l.excitation)
actuator[76] = soleus_l (controls: soleus_l.excitation)
actuator[77] = tib_post_l (controls: tib_post_l.excitation)
actuator[78] = flex_dig_l (controls: flex_dig_l.excitation)
actuator[79] = flex_hal_l (controls: flex_hal_l.excitation)
actuator[80] = tib_ant_l (controls: tib_ant_l.excitation)
actuator[81] = per_brev_l (controls: per_brev_l.excitation)
actuator[82] = per_long_l (controls: per_long_l.excitation)
actuator[83] = per_tert_l (controls: per_tert_l.excitation)
actuator[84] = ext_dig_l (controls: ext_dig_l.excitation)
actuator[85] = ext_hal_l (controls: ext_hal_l.excitation)
actuator[86] = ercspn_r (controls: ercspn_r.excitation)
actuator[87] = ercspn_l (controls: ercspn_l.excitation)
actuator[88] = intobl_r (controls: intobl_r.excitation)
actuator[89] = intobl_l (controls: intobl_l.excitation)
actuator[90] = extobl_r (controls: extobl_r.excitation)
actuator[91] = extobl_l (controls: extobl_l.excitation)
actuator[92] = FX (controls: FX.excitation)
actuator[93] = FY (controls: FY.excitation)
actuator[94] = FZ (controls: FZ.excitation)
actuator[95] = MX (controls: MX.excitation)
actuator[96] = MY (controls: MY.excitation)
actuator[97] = MZ (controls: MZ.excitation)
actuator[98] = hip_flexion_r_reserve (controls: hip_flexion_r_reserve.excitation)
actuator[99] = hip_adduction_r_reserve (controls: hip_adduction_r_reserve.excitation)
actuator[100] = hip_rotation_r_reserve (controls: hip_rotation_r_reserve.excitation)
actuator[101] = knee_angle_r_reserve (controls: knee_angle_r_reserve.excitation)
actuator[102] = ankle_angle_r_reserve (controls: ankle_angle_r_reserve.excitation)
actuator[103] = hip_flexion_l_reserve (controls: hip_flexion_l_reserve.excitation)
actuator[104] = hip_adduction_l_reserve (controls: hip_adduction_l_reserve.excitation)
actuator[105] = hip_rotation_l_reserve (controls: hip_rotation_l_reserve.excitation)
actuator[106] = knee_angle_l_reserve (controls: knee_angle_l_reserve.excitation)
actuator[107] = ankle_angle_l_reserve (controls: ankle_angle_l_reserve.excitation)
actuator[108] = lumbar_extension_reserve (controls: lumbar_extension_reserve.excitation)
actuator[109] = lumbar_bending_reserve (controls: lumbar_bending_reserve.excitation)
actuator[110] = lumbar_rotation_reserve (controls: lumbar_rotation_reserve.excitation)

CONTACTS (0)
numControls = 111
numStates = 230
numCoordinates = 23
numSpeeds = 23
numActuators = 111
numBodies = 13

STATES (230)
y[0] = pelvis_tx
y[1] = pelvis_ty
y[2] = pelvis_tz
y[3] = pelvis_tilt
y[4] = pelvis_list
y[5] = pelvis_rotation
y[6] = hip_flexion_r
y[7] = hip_adduction_r
y[8] = hip_rotation_r
y[9] = knee_angle_r
y[10] = ankle_angle_r
y[11] = subtalar_angle_r
y[12] = mtp_angle_r
y[13] = hip_flexion_l
y[14] = hip_adduction_l
y[15] = hip_rotation_l
y[16] = knee_angle_l
y[17] = ankle_angle_l
y[18] = subtalar_angle_l
y[19] = mtp_angle_l
y[20] = lumbar_extension
y[21] = lumbar_bending
y[22] = lumbar_rotation
y[23] = pelvis_tx_u
y[24] = pelvis_ty_u
y[25] = pelvis_tz_u
y[26] = pelvis_tilt_u
y[27] = pelvis_list_u
y[28] = pelvis_rotation_u
y[29] = hip_flexion_r_u
y[30] = hip_adduction_r_u
y[31] = hip_rotation_r_u
y[32] = knee_angle_r_u
y[33] = ankle_angle_r_u
y[34] = subtalar_angle_r_u
y[35] = mtp_angle_r_u
y[36] = hip_flexion_l_u
y[37] = hip_adduction_l_u
y[38] = hip_rotation_l_u
y[39] = knee_angle_l_u
y[40] = ankle_angle_l_u
y[41] = subtalar_angle_l_u
y[42] = mtp_angle_l_u
y[43] = lumbar_extension_u
y[44] = lumbar_bending_u
y[45] = lumbar_rotation_u
y[46] = glut_med1_r.activation
y[47] = glut_med1_r.fiber_length
y[48] = glut_med2_r.activation
y[49] = glut_med2_r.fiber_length
y[50] = glut_med3_r.activation
y[51] = glut_med3_r.fiber_length
y[52] = glut_min1_r.activation
y[53] = glut_min1_r.fiber_length
y[54] = glut_min2_r.activation
y[55] = glut_min2_r.fiber_length
y[56] = glut_min3_r.activation
y[57] = glut_min3_r.fiber_length
y[58] = semimem_r.activation
y[59] = semimem_r.fiber_length
y[60] = semiten_r.activation
y[61] = semiten_r.fiber_length
y[62] = bifemlh_r.activation
y[63] = bifemlh_r.fiber_length
y[64] = bifemsh_r.activation
y[65] = bifemsh_r.fiber_length
y[66] = sar_r.activation
y[67] = sar_r.fiber_length
y[68] = add_long_r.activation
y[69] = add_long_r.fiber_length
y[70] = add_brev_r.activation
y[71] = add_brev_r.fiber_length
y[72] = add_mag1_r.activation
y[73] = add_mag1_r.fiber_length
y[74] = add_mag2_r.activation
y[75] = add_mag2_r.fiber_length
y[76] = add_mag3_r.activation
y[77] = add_mag3_r.fiber_length
y[78] = tfl_r.activation
y[79] = tfl_r.fiber_length
y[80] = pect_r.activation
y[81] = pect_r.fiber_length
y[82] = grac_r.activation
y[83] = grac_r.fiber_length
y[84] = glut_max1_r.activation
y[85] = glut_max1_r.fiber_length
y[86] = glut_max2_r.activation
y[87] = glut_max2_r.fiber_length
y[88] = glut_max3_r.activation
y[89] = glut_max3_r.fiber_length
y[90] = iliacus_r.activation
y[91] = iliacus_r.fiber_length
y[92] = psoas_r.activation
y[93] = psoas_r.fiber_length
y[94] = quad_fem_r.activation
y[95] = quad_fem_r.fiber_length
y[96] = gem_r.activation
y[97] = gem_r.fiber_length
y[98] = peri_r.activation
y[99] = peri_r.fiber_length
y[100] = rect_fem_r.activation
y[101] = rect_fem_r.fiber_length
y[102] = vas_med_r.activation
y[103] = vas_med_r.fiber_length
y[104] = vas_int_r.activation
y[105] = vas_int_r.fiber_length
y[106] = vas_lat_r.activation
y[107] = vas_lat_r.fiber_length
y[108] = med_gas_r.activation
y[109] = med_gas_r.fiber_length
y[110] = lat_gas_r.activation
y[111] = lat_gas_r.fiber_length
y[112] = soleus_r.activation
y[113] = soleus_r.fiber_length
y[114] = tib_post_r.activation
y[115] = tib_post_r.fiber_length
y[116] = flex_dig_r.activation
y[117] = flex_dig_r.fiber_length
y[118] = flex_hal_r.activation
y[119] = flex_hal_r.fiber_length
y[120] = tib_ant_r.activation
y[121] = tib_ant_r.fiber_length
y[122] = per_brev_r.activation
y[123] = per_brev_r.fiber_length
y[124] = per_long_r.activation
y[125] = per_long_r.fiber_length
y[126] = per_tert_r.activation
y[127] = per_tert_r.fiber_length
y[128] = ext_dig_r.activation
y[129] = ext_dig_r.fiber_length
y[130] = ext_hal_r.activation
y[131] = ext_hal_r.fiber_length
y[132] = glut_med1_l.activation
y[133] = glut_med1_l.fiber_length
y[134] = glut_med2_l.activation
y[135] = glut_med2_l.fiber_length
y[136] = glut_med3_l.activation
y[137] = glut_med3_l.fiber_length
y[138] = glut_min1_l.activation
y[139] = glut_min1_l.fiber_length
y[140] = glut_min2_l.activation
y[141] = glut_min2_l.fiber_length
y[142] = glut_min3_l.activation
y[143] = glut_min3_l.fiber_length
y[144] = semimem_l.activation
y[145] = semimem_l.fiber_length
y[146] = semiten_l.activation
y[147] = semiten_l.fiber_length
y[148] = bifemlh_l.activation
y[149] = bifemlh_l.fiber_length
y[150] = bifemsh_l.activation
y[151] = bifemsh_l.fiber_length
y[152] = sar_l.activation
y[153] = sar_l.fiber_length
y[154] = add_long_l.activation
y[155] = add_long_l.fiber_length
y[156] = add_brev_l.activation
y[157] = add_brev_l.fiber_length
y[158] = add_mag1_l.activation
y[159] = add_mag1_l.fiber_length
y[160] = add_mag2_l.activation
y[161] = add_mag2_l.fiber_length
y[162] = add_mag3_l.activation
y[163] = add_mag3_l.fiber_length
y[164] = tfl_l.activation
y[165] = tfl_l.fiber_length
y[166] = pect_l.activation
y[167] = pect_l.fiber_length
y[168] = grac_l.activation
y[169] = grac_l.fiber_length
y[170] = glut_max1_l.activation
y[171] = glut_max1_l.fiber_length
y[172] = glut_max2_l.activation
y[173] = glut_max2_l.fiber_length
y[174] = glut_max3_l.activation
y[175] = glut_max3_l.fiber_length
y[176] = iliacus_l.activation
y[177] = iliacus_l.fiber_length
y[178] = psoas_l.activation
y[179] = psoas_l.fiber_length
y[180] = quad_fem_l.activation
y[181] = quad_fem_l.fiber_length
y[182] = gem_l.activation
y[183] = gem_l.fiber_length
y[184] = peri_l.activation
y[185] = peri_l.fiber_length
y[186] = rect_fem_l.activation
y[187] = rect_fem_l.fiber_length
y[188] = vas_med_l.activation
y[189] = vas_med_l.fiber_length
y[190] = vas_int_l.activation
y[191] = vas_int_l.fiber_length
y[192] = vas_lat_l.activation
y[193] = vas_lat_l.fiber_length
y[194] = med_gas_l.activation
y[195] = med_gas_l.fiber_length
y[196] = lat_gas_l.activation
y[197] = lat_gas_l.fiber_length
y[198] = soleus_l.activation
y[199] = soleus_l.fiber_length
y[200] = tib_post_l.activation
y[201] = tib_post_l.fiber_length
y[202] = flex_dig_l.activation
y[203] = flex_dig_l.fiber_length
y[204] = flex_hal_l.activation
y[205] = flex_hal_l.fiber_length
y[206] = tib_ant_l.activation
y[207] = tib_ant_l.fiber_length
y[208] = per_brev_l.activation
y[209] = per_brev_l.fiber_length
y[210] = per_long_l.activation
y[211] = per_long_l.fiber_length
y[212] = per_tert_l.activation
y[213] = per_tert_l.fiber_length
y[214] = ext_dig_l.activation
y[215] = ext_dig_l.fiber_length
y[216] = ext_hal_l.activation
y[217] = ext_hal_l.fiber_length
y[218] = ercspn_r.activation
y[219] = ercspn_r.fiber_length
y[220] = ercspn_l.activation
y[221] = ercspn_l.fiber_length
y[222] = intobl_r.activation
y[223] = intobl_r.fiber_length
y[224] = intobl_l.activation
y[225] = intobl_l.fiber_length
y[226] = extobl_r.activation
y[227] = extobl_r.fiber_length
y[228] = extobl_l.activation
y[229] = extobl_l.fiber_length


Loading desired kinematics from file ../RRA/Results/GIL08_xslow2_RRA_Kinematics_q.sto ...
Storage: file=../RRA/Results/GIL08_xslow2_RRA_Kinematics_q.sto (nr=1407 nc=24)


Note- not filtering the desired kinematics.



Loading external loads kinematics from file ../IK/GIL08_xslow2_ik.mot ...
Storage: file=../IK/GIL08_xslow2_ik.mot (nr=181 nc=375)
Low-pass filtering external load kinematics with a cutoff frequency of 6...
Storage: file=../IK/GIL08_xslow2_ik.mot (nr=181 nc=375)
Padded kineticsStore to start time of 0.25833

Constructing function set for tracking...



 taskSet size = 19

Using the generalized coordinates specified in ../RRA/Results/GIL08_xslow2_RRA_Kinematics_q.sto to set the initial configuration.
Successfully linked to CFSQP library 'osimCFSQP.dll'
Using CFSQP optimizer algorithm.

Setting optimizer print level to 0.
Setting optimizer convergence criterion to 1e-006.
Setting optimizer maximum iterations to 2000.

Setting cmc controller to not use verbose printing.



================================================================
================================================================
Computing initial values for muscles states (activation, length)
Start time = Wed Oct 29 11:31:35 2008
================================================================

=============================================
rdCMC.computeInitialStates: ti=0.30833
=============================================
rdCMC.computeControls:  t = 0.30833
rdCMC.computeControls:  t = 0.30833

-----------------------------------------------------------------
Finished computing initial states:
-----------------------------------------------------------------
Array[230]= -0.79842 0.966598 0.273297 0.0519327 0.0289281 -0.0395067 0.00717274 -0.0816744 0.142459 -0.764448 0.00105609 -5.98177e-018 6.10185e-018 0.0994066 0.042276 0.114505 -0.184618 0.0340596 -8.39381e-018 7.08491e-016 -0.199463 -0.0907058 0.126324 0.486996 0.0562098 -0.0242889 0.126931 -0.230656 -0.0231065 1.179 0.465061 0.412646 -0.382713 2.76036 -2.13462e-016 4.39806e-017 -0.7737 -0.127187 -0.00475024 0.0677568 0.614107 8.90574e-016 1.73763e-014 -0.209043 0.114333 0.135035 0.0822627 0.0313548 0.02 0.0662885 0.02 0.0549262 0.0301044 0.056921 0.02 0.0486503 0.02 0.0307132 0.0942263 0.0365841 0.101035 0.184839 0.0391954 0.0744014 0.155964 0.154521 0.02 0.463283 0.185777 0.112271 0.0843832 0.119105 0.0370471 0.0624246 0.02 0.0816478 0.02 0.0979655 0.02 0.111005 0.0438323 0.0717804 0.0469661 0.314199 0.02 0.0692102 0.02 0.0792524 0.02 0.0917656 0.198655 0.0947269 0.195241 0.087202 0.02 0.0504861 0.02 0.0283028 0.02 0.0206321 0.02 0.135915 0.02 0.0815707 0.02 0.0814083 0.02 0.0781984 0.02 0.0428629 0.02 0.0460695 0.02 0.0435052 0.02 0.0319079 0.02 0.0290978 0.02 0.0362004 0.400094 0.0748236 0.02 0.0469545 0.02 0.0467251 0.0648041 0.0766939 0.245616 0.0890471 0.104903 0.0983171 0.409364 0.0381579 0.220694 0.0728507 0.148029 0.0597919 0.127618 0.061973 0.116078 0.0537218 0.101502 0.0352907 0.145249 0.0561308 0.032249 0.212594 0.113591 0.0943843 0.02 0.170933 0.02 0.466994 0.02 0.103503 0.02 0.111652 0.02 0.0550273 0.02 0.0762942 0.02 0.0985064 0.02 0.107143 0.02 0.0664192 0.02 0.325025 0.149238 0.0751275 0.147774 0.0835951 0.02 0.0921615 0.02 0.0917906 0.02 0.0847104 0.02 0.0448744 0.02 0.026516 0.02 0.0230006 0.02 0.107111 0.0340055 0.0566409 0.0434576 0.061104 0.0509919 0.052427 0.02 0.0560014 0.02 0.060107 0.02312 0.0448064 0.02 0.0324383 0.02 0.0298387 0.02 0.0370772 0.0449174 0.0755117 0.02 0.0472323 0.02 0.0472545 0.02 0.0760377 0.02 0.0906204 0.02 0.0981285 0.141478 0.115961 0.0403544 0.112586 0.0668238 0.0900805 0.02 0.0672644 0.02 0.105082 0.02 0.104411
=================================================================
Start time   = Wed Oct 29 11:31:35 2008
Finish time  = Wed Oct 29 11:32:19 2008
Elapsed time = 44 seconds.
=================================================================



================================================================
================================================================
Using CMC to track the specified kinematics
Integrating from 0.33833 to 1.67433
Start time = Wed Oct 29 11:32:19 2008
================================================================
rdCMC.computeControls:  t = 0.33833
rdCMC.computeControls:  t = 0.34833
rdCMC.computeControls:  t = 0.35833
rdCMC.computeControls:  t = 0.36833
rdCMC.computeControls:  t = 0.37833
rdCMC.computeControls:  t = 0.38833
rdCMC.computeControls:  t = 0.39833
rdCMC.computeControls:  t = 0.40833
rdCMC.computeControls:  t = 0.41833
rdCMC.computeControls:  t = 0.42833
rdCMC.computeControls:  t = 0.43833
rdCMC.computeControls:  t = 0.44833
rdCMC.computeControls:  t = 0.45833
rdCMC.computeControls:  t = 0.46833
rdCMC.computeControls:  t = 0.47833
rdCMC.computeControls:  t = 0.48833
rdCMC.computeControls:  t = 0.49833
rdCMC.computeControls:  t = 0.50833
rdCMC.computeControls:  t = 0.51833
rdCMC.computeControls:  t = 0.52833
rdCMC.computeControls:  t = 0.53833
rdCMC.computeControls:  t = 0.54833
rdCMC.computeControls:  t = 0.55833
rdCMC.computeControls:  t = 0.56833
rdCMC.computeControls:  t = 0.57833
rdCMC.computeControls:  t = 0.58833
rdCMC.computeControls:  t = 0.59833
rdCMC.computeControls:  t = 0.60833
rdCMC.computeControls:  t = 0.61833
rdCMC.computeControls:  t = 0.62833
rdCMC.computeControls:  t = 0.63833
rdCMC.computeControls:  t = 0.64833
rdCMC.computeControls:  t = 0.65833
rdCMC.computeControls:  t = 0.66833
rdCMC.computeControls:  t = 0.67833
rdCMC.computeControls:  t = 0.68833
rdCMC.computeControls:  t = 0.69833
rdCMC.computeControls:  t = 0.70833
rdCMC.computeControls:  t = 0.71833
rdCMC.computeControls:  t = 0.72833
rdCMC.computeControls:  t = 0.73833
rdCMC.computeControls:  t = 0.74833
rdCMC.computeControls:  t = 0.75833
rdCMC.computeControls:  t = 0.76833
rdCMC.computeControls:  t = 0.77833
rdCMC.computeControls:  t = 0.78833
rdCMC.computeControls:  t = 0.79833
rdCMC.computeControls:  t = 0.80833
rdCMC.computeControls:  t = 0.81833
rdCMC.computeControls:  t = 0.82833
rdCMC.computeControls:  t = 0.83833
rdCMC.computeControls:  t = 0.84833
rdCMC.computeControls:  t = 0.85833
rdCMC.computeControls:  t = 0.86833
rdCMC.computeControls:  t = 0.87833
rdCMC.computeControls:  t = 0.88833
rdCMC.computeControls:  t = 0.89833
rdCMC.computeControls:  t = 0.90833
rdCMC.computeControls:  t = 0.91833
rdCMC.computeControls:  t = 0.92833
rdCMC.computeControls:  t = 0.93833
rdCMC.computeControls:  t = 0.94833
rdCMC.computeControls:  t = 0.95833
rdCMC.computeControls:  t = 0.96833
rdCMC.computeControls:  t = 0.97833
rdCMC.computeControls:  t = 0.98833
rdCMC.computeControls:  t = 0.99833
rdCMC.computeControls:  t = 1.00833
rdCMC.computeControls:  t = 1.01833
rdCMC.computeControls:  t = 1.02833
rdCMC.computeControls:  t = 1.03833
rdCMC.computeControls:  t = 1.04833
rdCMC.computeControls:  t = 1.05833
rdCMC.computeControls:  t = 1.06833
rdCMC.computeControls:  t = 1.07833
rdCMC.computeControls:  t = 1.08833
rdCMC.computeControls:  t = 1.09833
rdCMC.computeControls:  t = 1.10833
rdCMC.computeControls:  t = 1.11833
rdCMC.computeControls:  t = 1.12833
rdCMC.computeControls:  t = 1.13833
rdCMC.computeControls:  t = 1.14833
rdCMC.computeControls:  t = 1.15833
rdCMC.computeControls:  t = 1.16833
rdCMC.computeControls:  t = 1.17833
rdCMC.computeControls:  t = 1.18833
rdCMC.computeControls:  t = 1.19833
rdCMC.computeControls:  t = 1.20833
rdCMC.computeControls:  t = 1.21833
rdCMC.computeControls:  t = 1.22833
rdCMC.computeControls:  t = 1.23833
rdCMC.computeControls:  t = 1.24833
rdCMC.computeControls:  t = 1.25833
rdCMC.computeControls:  t = 1.26833
rdCMC.computeControls:  t = 1.27833
rdCMC.computeControls:  t = 1.28833
rdCMC.computeControls:  t = 1.29833
rdCMC.computeControls:  t = 1.30833
rdCMC.computeControls:  t = 1.31833
rdCMC.computeControls:  t = 1.32833
rdCMC.computeControls:  t = 1.33833
rdCMC.computeControls:  t = 1.34833
rdCMC.computeControls:  t = 1.35833
rdCMC.computeControls:  t = 1.36833
rdCMC.computeControls:  t = 1.37833
rdCMC.computeControls:  t = 1.38833
rdCMC.computeControls:  t = 1.39833
rdCMC.computeControls:  t = 1.40833
rdCMC.computeControls:  t = 1.41833
rdCMC.computeControls:  t = 1.42833
rdCMC.computeControls:  t = 1.43833
rdCMC.computeControls:  t = 1.44833
rdCMC.computeControls:  t = 1.45833
rdCMC.computeControls:  t = 1.46833
rdCMC.computeControls:  t = 1.47833
rdCMC.computeControls:  t = 1.48833
rdCMC.computeControls:  t = 1.49833
rdCMC.computeControls:  t = 1.50833
rdCMC.computeControls:  t = 1.51833
rdCMC.computeControls:  t = 1.52833
rdCMC.computeControls:  t = 1.53833
rdCMC.computeControls:  t = 1.54833
rdCMC.computeControls:  t = 1.55833
rdCMC.computeControls:  t = 1.56833
rdCMC.computeControls:  t = 1.57833
rdCMC.computeControls:  t = 1.58833
rdCMC.computeControls:  t = 1.59833
rdCMC.computeControls:  t = 1.60833
rdCMC.computeControls:  t = 1.61833
rdCMC.computeControls:  t = 1.62833
rdCMC.computeControls:  t = 1.63833
rdCMC.computeControls:  t = 1.64833
rdCMC.computeControls:  t = 1.65833
----------------------------------------------------------------
Finished tracking the specified kinematics
=================================================================
Start time   = Wed Oct 29 11:32:19 2008
Finish time  = Wed Oct 29 12:04:06 2008
Elapsed time = 1907 seconds.
================================================================


Printing results of investigation GIL08_xslow2_fixed_CMC_unconstr to Results.


Average residuals:
FX=-0.290106 FY=-3.98312 FZ=-0.0982616
MX=-3.90329 MY=-0.21262 MZ=-12.5948


Deleted model default
