-------------------------------------------------------
This program includes software developed by the
Apache Software Foundation (http://www.apache.org/).
-------------------------------------------------------

Deleted model 
RegisterTypes_SdfastEngine

-------------------------------------------------------
Library SdfastEngine...
-------------------------------------------------------

RegisterTypes_SimbodyEngine

-------------------------------------------------------
Library SimbodyEngine...
-------------------------------------------------------

Constructing investigation from setup file GIL06_fast3_Setup_CMC_Unconstrained.xml.

AbstractTool GIL06_fast3_fixed_CMC_unconstr loading model '../../GIL06_gait2392_simbody_adjusted.osim'
Created model GIL06 from file ../../GIL06_gait2392_simbody_adjusted.osim
Adding actuator set from ../../GIL06_CMC_Actuators.xml
Handling locked coordinate.
Handling locked coordinate.
Handling locked coordinate.
Handling locked coordinate.
SimbodyCoordinate.setValue: WARN- coordinate subtalar_angle_r is locked. Unable to change its value.
SimbodyCoordinate.setValue: WARN- coordinate mtp_angle_r is locked. Unable to change its value.
SimbodyCoordinate.setValue: WARN- coordinate subtalar_angle_l is locked. Unable to change its value.
SimbodyCoordinate.setValue: WARN- coordinate mtp_angle_l is locked. Unable to change its value.
-----------------------------------------------------------------------
Loaded library
-----------------------------------------------------------------------
             MODEL: GIL06
         actuators: 111
          analyses: 3
          contacts: 0
-----------------------------------------------------------------------

Running tool GIL06_fast3_fixed_CMC_unconstr.
MODEL: GIL06

ANALYSES (3)
analysis[0] = Kinematics
analysis[1] = Actuation
analysis[2] = BodyKinematics

BODIES (13)
body[0] = ground (mass: 0) (inertia: 0 0 0 0 0 0 0 0 0)
body[1] = pelvis (mass: 12.7983) (inertia: 0.103095 0 0 0 0.0873497 0 0 0 0.058066)
body[2] = femur_r (mass: 10.108) (inertia: 0.124709 0 0 0 0.0326907 0 0 0 0.131508)
body[3] = tibia_r (mass: 4.029) (inertia: 0.040192 0 0 0 0.00406705 0 0 0 0.0407502)
body[4] = talus_r (mass: 0.108672) (inertia: 0.00079746 0 0 0 0.00079746 0 0 0 0.00079746)
body[5] = calcn_r (mass: 1.3584) (inertia: 0.00126007 0 0 0 0.00351019 0 0 0 0.0036902)
body[6] = toes_r (mass: 0.235383) (inertia: 9e-005 0 0 0 0.00018001 0 0 0 0.00090005)
body[7] = femur_l (mass: 10.108) (inertia: 0.124709 0 0 0 0.0326907 0 0 0 0.131508)
body[8] = tibia_l (mass: 4.029) (inertia: 0.040192 0 0 0 0.00406705 0 0 0 0.0407502)
body[9] = talus_l (mass: 0.108672) (inertia: 0.00079746 0 0 0 0.00079746 0 0 0 0.00079746)
body[10] = calcn_l (mass: 1.3584) (inertia: 0.00126007 0 0 0 0.00351019 0 0 0 0.0036902)
body[11] = toes_l (mass: 0.235383) (inertia: 9e-005 0 0 0 0.00018001 0 0 0 0.00090005)
body[12] = torso (mass: 37.8843) (inertia: 1.58775 0 0 0 0.813525 0 0 0 1.54134)

ACTUATORS (111)
actuator[0] = glut_med1_r (controls: glut_med1_r.excitation)
actuator[1] = glut_med2_r (controls: glut_med2_r.excitation)
actuator[2] = glut_med3_r (controls: glut_med3_r.excitation)
actuator[3] = glut_min1_r (controls: glut_min1_r.excitation)
actuator[4] = glut_min2_r (controls: glut_min2_r.excitation)
actuator[5] = glut_min3_r (controls: glut_min3_r.excitation)
actuator[6] = semimem_r (controls: semimem_r.excitation)
actuator[7] = semiten_r (controls: semiten_r.excitation)
actuator[8] = bifemlh_r (controls: bifemlh_r.excitation)
actuator[9] = bifemsh_r (controls: bifemsh_r.excitation)
actuator[10] = sar_r (controls: sar_r.excitation)
actuator[11] = add_long_r (controls: add_long_r.excitation)
actuator[12] = add_brev_r (controls: add_brev_r.excitation)
actuator[13] = add_mag1_r (controls: add_mag1_r.excitation)
actuator[14] = add_mag2_r (controls: add_mag2_r.excitation)
actuator[15] = add_mag3_r (controls: add_mag3_r.excitation)
actuator[16] = tfl_r (controls: tfl_r.excitation)
actuator[17] = pect_r (controls: pect_r.excitation)
actuator[18] = grac_r (controls: grac_r.excitation)
actuator[19] = glut_max1_r (controls: glut_max1_r.excitation)
actuator[20] = glut_max2_r (controls: glut_max2_r.excitation)
actuator[21] = glut_max3_r (controls: glut_max3_r.excitation)
actuator[22] = iliacus_r (controls: iliacus_r.excitation)
actuator[23] = psoas_r (controls: psoas_r.excitation)
actuator[24] = quad_fem_r (controls: quad_fem_r.excitation)
actuator[25] = gem_r (controls: gem_r.excitation)
actuator[26] = peri_r (controls: peri_r.excitation)
actuator[27] = rect_fem_r (controls: rect_fem_r.excitation)
actuator[28] = vas_med_r (controls: vas_med_r.excitation)
actuator[29] = vas_int_r (controls: vas_int_r.excitation)
actuator[30] = vas_lat_r (controls: vas_lat_r.excitation)
actuator[31] = med_gas_r (controls: med_gas_r.excitation)
actuator[32] = lat_gas_r (controls: lat_gas_r.excitation)
actuator[33] = soleus_r (controls: soleus_r.excitation)
actuator[34] = tib_post_r (controls: tib_post_r.excitation)
actuator[35] = flex_dig_r (controls: flex_dig_r.excitation)
actuator[36] = flex_hal_r (controls: flex_hal_r.excitation)
actuator[37] = tib_ant_r (controls: tib_ant_r.excitation)
actuator[38] = per_brev_r (controls: per_brev_r.excitation)
actuator[39] = per_long_r (controls: per_long_r.excitation)
actuator[40] = per_tert_r (controls: per_tert_r.excitation)
actuator[41] = ext_dig_r (controls: ext_dig_r.excitation)
actuator[42] = ext_hal_r (controls: ext_hal_r.excitation)
actuator[43] = glut_med1_l (controls: glut_med1_l.excitation)
actuator[44] = glut_med2_l (controls: glut_med2_l.excitation)
actuator[45] = glut_med3_l (controls: glut_med3_l.excitation)
actuator[46] = glut_min1_l (controls: glut_min1_l.excitation)
actuator[47] = glut_min2_l (controls: glut_min2_l.excitation)
actuator[48] = glut_min3_l (controls: glut_min3_l.excitation)
actuator[49] = semimem_l (controls: semimem_l.excitation)
actuator[50] = semiten_l (controls: semiten_l.excitation)
actuator[51] = bifemlh_l (controls: bifemlh_l.excitation)
actuator[52] = bifemsh_l (controls: bifemsh_l.excitation)
actuator[53] = sar_l (controls: sar_l.excitation)
actuator[54] = add_long_l (controls: add_long_l.excitation)
actuator[55] = add_brev_l (controls: add_brev_l.excitation)
actuator[56] = add_mag1_l (controls: add_mag1_l.excitation)
actuator[57] = add_mag2_l (controls: add_mag2_l.excitation)
actuator[58] = add_mag3_l (controls: add_mag3_l.excitation)
actuator[59] = tfl_l (controls: tfl_l.excitation)
actuator[60] = pect_l (controls: pect_l.excitation)
actuator[61] = grac_l (controls: grac_l.excitation)
actuator[62] = glut_max1_l (controls: glut_max1_l.excitation)
actuator[63] = glut_max2_l (controls: glut_max2_l.excitation)
actuator[64] = glut_max3_l (controls: glut_max3_l.excitation)
actuator[65] = iliacus_l (controls: iliacus_l.excitation)
actuator[66] = psoas_l (controls: psoas_l.excitation)
actuator[67] = quad_fem_l (controls: quad_fem_l.excitation)
actuator[68] = gem_l (controls: gem_l.excitation)
actuator[69] = peri_l (controls: peri_l.excitation)
actuator[70] = rect_fem_l (controls: rect_fem_l.excitation)
actuator[71] = vas_med_l (controls: vas_med_l.excitation)
actuator[72] = vas_int_l (controls: vas_int_l.excitation)
actuator[73] = vas_lat_l (controls: vas_lat_l.excitation)
actuator[74] = med_gas_l (controls: med_gas_l.excitation)
actuator[75] = lat_gas_l (controls: lat_gas_l.excitation)
actuator[76] = soleus_l (controls: soleus_l.excitation)
actuator[77] = tib_post_l (controls: tib_post_l.excitation)
actuator[78] = flex_dig_l (controls: flex_dig_l.excitation)
actuator[79] = flex_hal_l (controls: flex_hal_l.excitation)
actuator[80] = tib_ant_l (controls: tib_ant_l.excitation)
actuator[81] = per_brev_l (controls: per_brev_l.excitation)
actuator[82] = per_long_l (controls: per_long_l.excitation)
actuator[83] = per_tert_l (controls: per_tert_l.excitation)
actuator[84] = ext_dig_l (controls: ext_dig_l.excitation)
actuator[85] = ext_hal_l (controls: ext_hal_l.excitation)
actuator[86] = ercspn_r (controls: ercspn_r.excitation)
actuator[87] = ercspn_l (controls: ercspn_l.excitation)
actuator[88] = intobl_r (controls: intobl_r.excitation)
actuator[89] = intobl_l (controls: intobl_l.excitation)
actuator[90] = extobl_r (controls: extobl_r.excitation)
actuator[91] = extobl_l (controls: extobl_l.excitation)
actuator[92] = FX (controls: FX.excitation)
actuator[93] = FY (controls: FY.excitation)
actuator[94] = FZ (controls: FZ.excitation)
actuator[95] = MX (controls: MX.excitation)
actuator[96] = MY (controls: MY.excitation)
actuator[97] = MZ (controls: MZ.excitation)
actuator[98] = hip_flexion_r_reserve (controls: hip_flexion_r_reserve.excitation)
actuator[99] = hip_adduction_r_reserve (controls: hip_adduction_r_reserve.excitation)
actuator[100] = hip_rotation_r_reserve (controls: hip_rotation_r_reserve.excitation)
actuator[101] = knee_angle_r_reserve (controls: knee_angle_r_reserve.excitation)
actuator[102] = ankle_angle_r_reserve (controls: ankle_angle_r_reserve.excitation)
actuator[103] = hip_flexion_l_reserve (controls: hip_flexion_l_reserve.excitation)
actuator[104] = hip_adduction_l_reserve (controls: hip_adduction_l_reserve.excitation)
actuator[105] = hip_rotation_l_reserve (controls: hip_rotation_l_reserve.excitation)
actuator[106] = knee_angle_l_reserve (controls: knee_angle_l_reserve.excitation)
actuator[107] = ankle_angle_l_reserve (controls: ankle_angle_l_reserve.excitation)
actuator[108] = lumbar_extension_reserve (controls: lumbar_extension_reserve.excitation)
actuator[109] = lumbar_bending_reserve (controls: lumbar_bending_reserve.excitation)
actuator[110] = lumbar_rotation_reserve (controls: lumbar_rotation_reserve.excitation)

CONTACTS (0)
numControls = 111
numStates = 230
numCoordinates = 23
numSpeeds = 23
numActuators = 111
numBodies = 13

STATES (230)
y[0] = pelvis_tx
y[1] = pelvis_ty
y[2] = pelvis_tz
y[3] = pelvis_tilt
y[4] = pelvis_list
y[5] = pelvis_rotation
y[6] = hip_flexion_r
y[7] = hip_adduction_r
y[8] = hip_rotation_r
y[9] = knee_angle_r
y[10] = ankle_angle_r
y[11] = subtalar_angle_r
y[12] = mtp_angle_r
y[13] = hip_flexion_l
y[14] = hip_adduction_l
y[15] = hip_rotation_l
y[16] = knee_angle_l
y[17] = ankle_angle_l
y[18] = subtalar_angle_l
y[19] = mtp_angle_l
y[20] = lumbar_extension
y[21] = lumbar_bending
y[22] = lumbar_rotation
y[23] = pelvis_tx_u
y[24] = pelvis_ty_u
y[25] = pelvis_tz_u
y[26] = pelvis_tilt_u
y[27] = pelvis_list_u
y[28] = pelvis_rotation_u
y[29] = hip_flexion_r_u
y[30] = hip_adduction_r_u
y[31] = hip_rotation_r_u
y[32] = knee_angle_r_u
y[33] = ankle_angle_r_u
y[34] = subtalar_angle_r_u
y[35] = mtp_angle_r_u
y[36] = hip_flexion_l_u
y[37] = hip_adduction_l_u
y[38] = hip_rotation_l_u
y[39] = knee_angle_l_u
y[40] = ankle_angle_l_u
y[41] = subtalar_angle_l_u
y[42] = mtp_angle_l_u
y[43] = lumbar_extension_u
y[44] = lumbar_bending_u
y[45] = lumbar_rotation_u
y[46] = glut_med1_r.activation
y[47] = glut_med1_r.fiber_length
y[48] = glut_med2_r.activation
y[49] = glut_med2_r.fiber_length
y[50] = glut_med3_r.activation
y[51] = glut_med3_r.fiber_length
y[52] = glut_min1_r.activation
y[53] = glut_min1_r.fiber_length
y[54] = glut_min2_r.activation
y[55] = glut_min2_r.fiber_length
y[56] = glut_min3_r.activation
y[57] = glut_min3_r.fiber_length
y[58] = semimem_r.activation
y[59] = semimem_r.fiber_length
y[60] = semiten_r.activation
y[61] = semiten_r.fiber_length
y[62] = bifemlh_r.activation
y[63] = bifemlh_r.fiber_length
y[64] = bifemsh_r.activation
y[65] = bifemsh_r.fiber_length
y[66] = sar_r.activation
y[67] = sar_r.fiber_length
y[68] = add_long_r.activation
y[69] = add_long_r.fiber_length
y[70] = add_brev_r.activation
y[71] = add_brev_r.fiber_length
y[72] = add_mag1_r.activation
y[73] = add_mag1_r.fiber_length
y[74] = add_mag2_r.activation
y[75] = add_mag2_r.fiber_length
y[76] = add_mag3_r.activation
y[77] = add_mag3_r.fiber_length
y[78] = tfl_r.activation
y[79] = tfl_r.fiber_length
y[80] = pect_r.activation
y[81] = pect_r.fiber_length
y[82] = grac_r.activation
y[83] = grac_r.fiber_length
y[84] = glut_max1_r.activation
y[85] = glut_max1_r.fiber_length
y[86] = glut_max2_r.activation
y[87] = glut_max2_r.fiber_length
y[88] = glut_max3_r.activation
y[89] = glut_max3_r.fiber_length
y[90] = iliacus_r.activation
y[91] = iliacus_r.fiber_length
y[92] = psoas_r.activation
y[93] = psoas_r.fiber_length
y[94] = quad_fem_r.activation
y[95] = quad_fem_r.fiber_length
y[96] = gem_r.activation
y[97] = gem_r.fiber_length
y[98] = peri_r.activation
y[99] = peri_r.fiber_length
y[100] = rect_fem_r.activation
y[101] = rect_fem_r.fiber_length
y[102] = vas_med_r.activation
y[103] = vas_med_r.fiber_length
y[104] = vas_int_r.activation
y[105] = vas_int_r.fiber_length
y[106] = vas_lat_r.activation
y[107] = vas_lat_r.fiber_length
y[108] = med_gas_r.activation
y[109] = med_gas_r.fiber_length
y[110] = lat_gas_r.activation
y[111] = lat_gas_r.fiber_length
y[112] = soleus_r.activation
y[113] = soleus_r.fiber_length
y[114] = tib_post_r.activation
y[115] = tib_post_r.fiber_length
y[116] = flex_dig_r.activation
y[117] = flex_dig_r.fiber_length
y[118] = flex_hal_r.activation
y[119] = flex_hal_r.fiber_length
y[120] = tib_ant_r.activation
y[121] = tib_ant_r.fiber_length
y[122] = per_brev_r.activation
y[123] = per_brev_r.fiber_length
y[124] = per_long_r.activation
y[125] = per_long_r.fiber_length
y[126] = per_tert_r.activation
y[127] = per_tert_r.fiber_length
y[128] = ext_dig_r.activation
y[129] = ext_dig_r.fiber_length
y[130] = ext_hal_r.activation
y[131] = ext_hal_r.fiber_length
y[132] = glut_med1_l.activation
y[133] = glut_med1_l.fiber_length
y[134] = glut_med2_l.activation
y[135] = glut_med2_l.fiber_length
y[136] = glut_med3_l.activation
y[137] = glut_med3_l.fiber_length
y[138] = glut_min1_l.activation
y[139] = glut_min1_l.fiber_length
y[140] = glut_min2_l.activation
y[141] = glut_min2_l.fiber_length
y[142] = glut_min3_l.activation
y[143] = glut_min3_l.fiber_length
y[144] = semimem_l.activation
y[145] = semimem_l.fiber_length
y[146] = semiten_l.activation
y[147] = semiten_l.fiber_length
y[148] = bifemlh_l.activation
y[149] = bifemlh_l.fiber_length
y[150] = bifemsh_l.activation
y[151] = bifemsh_l.fiber_length
y[152] = sar_l.activation
y[153] = sar_l.fiber_length
y[154] = add_long_l.activation
y[155] = add_long_l.fiber_length
y[156] = add_brev_l.activation
y[157] = add_brev_l.fiber_length
y[158] = add_mag1_l.activation
y[159] = add_mag1_l.fiber_length
y[160] = add_mag2_l.activation
y[161] = add_mag2_l.fiber_length
y[162] = add_mag3_l.activation
y[163] = add_mag3_l.fiber_length
y[164] = tfl_l.activation
y[165] = tfl_l.fiber_length
y[166] = pect_l.activation
y[167] = pect_l.fiber_length
y[168] = grac_l.activation
y[169] = grac_l.fiber_length
y[170] = glut_max1_l.activation
y[171] = glut_max1_l.fiber_length
y[172] = glut_max2_l.activation
y[173] = glut_max2_l.fiber_length
y[174] = glut_max3_l.activation
y[175] = glut_max3_l.fiber_length
y[176] = iliacus_l.activation
y[177] = iliacus_l.fiber_length
y[178] = psoas_l.activation
y[179] = psoas_l.fiber_length
y[180] = quad_fem_l.activation
y[181] = quad_fem_l.fiber_length
y[182] = gem_l.activation
y[183] = gem_l.fiber_length
y[184] = peri_l.activation
y[185] = peri_l.fiber_length
y[186] = rect_fem_l.activation
y[187] = rect_fem_l.fiber_length
y[188] = vas_med_l.activation
y[189] = vas_med_l.fiber_length
y[190] = vas_int_l.activation
y[191] = vas_int_l.fiber_length
y[192] = vas_lat_l.activation
y[193] = vas_lat_l.fiber_length
y[194] = med_gas_l.activation
y[195] = med_gas_l.fiber_length
y[196] = lat_gas_l.activation
y[197] = lat_gas_l.fiber_length
y[198] = soleus_l.activation
y[199] = soleus_l.fiber_length
y[200] = tib_post_l.activation
y[201] = tib_post_l.fiber_length
y[202] = flex_dig_l.activation
y[203] = flex_dig_l.fiber_length
y[204] = flex_hal_l.activation
y[205] = flex_hal_l.fiber_length
y[206] = tib_ant_l.activation
y[207] = tib_ant_l.fiber_length
y[208] = per_brev_l.activation
y[209] = per_brev_l.fiber_length
y[210] = per_long_l.activation
y[211] = per_long_l.fiber_length
y[212] = per_tert_l.activation
y[213] = per_tert_l.fiber_length
y[214] = ext_dig_l.activation
y[215] = ext_dig_l.fiber_length
y[216] = ext_hal_l.activation
y[217] = ext_hal_l.fiber_length
y[218] = ercspn_r.activation
y[219] = ercspn_r.fiber_length
y[220] = ercspn_l.activation
y[221] = ercspn_l.fiber_length
y[222] = intobl_r.activation
y[223] = intobl_r.fiber_length
y[224] = intobl_l.activation
y[225] = intobl_l.fiber_length
y[226] = extobl_r.activation
y[227] = extobl_r.fiber_length
y[228] = extobl_l.activation
y[229] = extobl_l.fiber_length


Loading desired kinematics from file ../RRA/Results/GIL06_fast3_RRA_Kinematics_q.sto ...
Storage: file=../RRA/Results/GIL06_fast3_RRA_Kinematics_q.sto (nr=899 nc=24)


Note- not filtering the desired kinematics.



Loading external loads kinematics from file ../IK/GIL06_fast3_ik.mot ...
Storage: file=../IK/GIL06_fast3_ik.mot (nr=114 nc=375)
Low-pass filtering external load kinematics with a cutoff frequency of 6...
Storage: file=../IK/GIL06_fast3_ik.mot (nr=114 nc=375)
Padded kineticsStore to start time of 0.11667

Constructing function set for tracking...



 taskSet size = 19

Using the generalized coordinates specified in ../RRA/Results/GIL06_fast3_RRA_Kinematics_q.sto to set the initial configuration.
Successfully linked to CFSQP library 'osimCFSQP.dll'
Using CFSQP optimizer algorithm.

Setting optimizer print level to 0.
Setting optimizer convergence criterion to 1e-006.
Setting optimizer maximum iterations to 2000.

Setting cmc controller to not use verbose printing.



================================================================
================================================================
Computing initial values for muscles states (activation, length)
Start time = Wed Oct 29 16:29:04 2008
================================================================

=============================================
rdCMC.computeInitialStates: ti=0.16667
=============================================
rdCMC.computeControls:  t = 0.16667
rdCMC.computeControls:  t = 0.16667

-----------------------------------------------------------------
Finished computing initial states:
-----------------------------------------------------------------
Array[230]= 0.137896 0.833188 -0.274899 -0.0631847 0.104707 -0.0586941 0.184747 -0.190074 -0.0297415 -1.16799 -0.230667 3.93694e-018 5.93237e-018 0.295336 0.152941 0.0475162 -0.258233 -0.00323996 -5.39288e-017 1.0093e-016 0.114481 -0.158275 0.238945 1.25351 0.168089 -0.10282 -0.487412 -0.044502 0.503502 4.27324 0.45924 0.854861 -2.77589 4.89537 2.56924e-016 9.58728e-018 -1.9688 0.0977348 -0.625951 1.36428 0.871231 -5.33562e-017 3.15429e-015 0.367235 -0.0553307 -0.830839 0.0585734 0.0363829 0.02 0.0700192 0.02 0.0538214 0.0410739 0.0579221 0.0439571 0.0470968 0.0414146 0.0273577 0.0390427 0.0297919 0.02 0.158231 0.02 0.0660755 0.362094 0.126882 0.171509 0.405614 0.02 0.105531 0.02 0.117671 0.02 0.0657356 0.02 0.0821214 0.02 0.0980838 0.142038 0.0926919 0.02 0.0683053 0.03822 0.265813 0.02 0.0732122 0.02 0.0833827 0.02 0.104359 0.301717 0.0952739 0.315681 0.0892665 0.02 0.0482022 0.02 0.0235701 0.02 0.0166084 0.02 0.127484 0.02 0.085254 0.02 0.0855995 0.02 0.0821739 0.02 0.0239117 0.02 0.0248566 0.02 0.030317 0.02 0.0265245 0.02 0.0249121 0.02 0.0304195 0.420262 0.0756594 0.02 0.0415743 0.02 0.0408899 0.0539751 0.0739936 0.271583 0.0893975 0.118434 0.0982486 0.464261 0.0477241 0.436322 0.0849542 0.499055 0.0685709 0.133506 0.0676818 0.177855 0.0589624 0.200907 0.0402621 0.02 0.0589228 0.02 0.192832 0.02 0.0934664 0.02 0.149853 0.0886447 0.418781 0.02 0.078427 0.02 0.0956222 0.02 0.043918 0.02 0.0639787 0.02 0.0931908 0.209183 0.0919128 0.02 0.0539121 0.02 0.274157 0.298103 0.0868198 0.27892 0.0938428 0.02 0.101421 0.02 0.0894609 0.02 0.0843578 0.02 0.0410154 0.02 0.0247909 0.236901 0.0261541 0.253821 0.087934 0.031692 0.0533958 0.0379812 0.0576114 0.0446772 0.0498107 0.02 0.0462698 0.02 0.0497169 0.0415687 0.0375231 0.02 0.0284667 0.02 0.0270712 0.02 0.0336139 0.02 0.0696101 0.02 0.0422941 0.02 0.0425483 0.02 0.0687607 0.02 0.0838699 0.02 0.0911766 0.0845363 0.117429 0.185458 0.109828 0.308116 0.122714 0.02 0.0799019 0.02 0.139831 0.02 0.12978
=================================================================
Start time   = Wed Oct 29 16:29:04 2008
Finish time  = Wed Oct 29 16:29:46 2008
Elapsed time = 42 seconds.
=================================================================



================================================================
================================================================
Using CMC to track the specified kinematics
Integrating from 0.19667 to 1.02467
Start time = Wed Oct 29 16:29:46 2008
================================================================
rdCMC.computeControls:  t = 0.19667
rdCMC.computeControls:  t = 0.20667
rdCMC.computeControls:  t = 0.21667
rdCMC.computeControls:  t = 0.22667
rdCMC.computeControls:  t = 0.23667
rdCMC.computeControls:  t = 0.24667
rdCMC.computeControls:  t = 0.25667
rdCMC.computeControls:  t = 0.26667
rdCMC.computeControls:  t = 0.27667
rdCMC.computeControls:  t = 0.28667
rdCMC.computeControls:  t = 0.29667
rdCMC.computeControls:  t = 0.30667
rdCMC.computeControls:  t = 0.31667
rdCMC.computeControls:  t = 0.32667
rdCMC.computeControls:  t = 0.33667
rdCMC.computeControls:  t = 0.34667
rdCMC.computeControls:  t = 0.35667
rdCMC.computeControls:  t = 0.36667
rdCMC.computeControls:  t = 0.37667
rdCMC.computeControls:  t = 0.38667
rdCMC.computeControls:  t = 0.39667
WARN- small force range for vas_med_r (1.25429 to 1.29313)
WARN- small force range for vas_int_r (1.32669 to 1.36339)
WARN- small force range for vas_lat_r (1.81903 to 1.86125)
rdCMC.computeControls:  t = 0.40667
WARN- small force range for vas_med_r (1.24599 to 1.28519)
WARN- small force range for vas_int_r (1.31867 to 1.35574)
WARN- small force range for vas_lat_r (1.80793 to 1.85059)
rdCMC.computeControls:  t = 0.41667
WARN- small force range for vas_med_r (1.23891 to 1.27842)
WARN- small force range for vas_int_r (1.31185 to 1.34924)
WARN- small force range for vas_lat_r (1.79838 to 1.84142)
rdCMC.computeControls:  t = 0.42667
WARN- small force range for vas_med_r (1.23377 to 1.27355)
WARN- small force range for vas_int_r (1.30691 to 1.34457)
WARN- small force range for vas_lat_r (1.79131 to 1.83467)
rdCMC.computeControls:  t = 0.43667
WARN- small force range for vas_med_r (1.23116 to 1.27116)
WARN- small force range for vas_int_r (1.3044 to 1.34229)
WARN- small force range for vas_lat_r (1.78743 to 1.83107)
rdCMC.computeControls:  t = 0.44667
WARN- small force range for vas_med_r (1.23138 to 1.27158)
WARN- small force range for vas_int_r (1.30462 to 1.34271)
WARN- small force range for vas_lat_r (1.78709 to 1.83097)
rdCMC.computeControls:  t = 0.45667
WARN- small force range for vas_med_r (1.23449 to 1.27487)
WARN- small force range for vas_int_r (1.30761 to 1.34587)
WARN- small force range for vas_lat_r (1.79024 to 1.83433)
rdCMC.computeControls:  t = 0.46667
WARN- small force range for vas_med_r (1.2404 to 1.28092)
WARN- small force range for vas_int_r (1.3133 to 1.3517)
WARN- small force range for vas_lat_r (1.79669 to 1.84096)
rdCMC.computeControls:  t = 0.47667
WARN- small force range for vas_med_r (1.24888 to 1.28953)
WARN- small force range for vas_int_r (1.32148 to 1.36001)
WARN- small force range for vas_lat_r (1.80611 to 1.85053)
rdCMC.computeControls:  t = 0.48667
WARN- small force range for vas_lat_r (1.81808 to 1.86265)
rdCMC.computeControls:  t = 0.49667
rdCMC.computeControls:  t = 0.50667
rdCMC.computeControls:  t = 0.51667
rdCMC.computeControls:  t = 0.52667
rdCMC.computeControls:  t = 0.53667
rdCMC.computeControls:  t = 0.54667
rdCMC.computeControls:  t = 0.55667
rdCMC.computeControls:  t = 0.56667
rdCMC.computeControls:  t = 0.57667
rdCMC.computeControls:  t = 0.58667
rdCMC.computeControls:  t = 0.59667
rdCMC.computeControls:  t = 0.60667
rdCMC.computeControls:  t = 0.61667
rdCMC.computeControls:  t = 0.62667
rdCMC.computeControls:  t = 0.63667
rdCMC.computeControls:  t = 0.64667
rdCMC.computeControls:  t = 0.65667
rdCMC.computeControls:  t = 0.66667
rdCMC.computeControls:  t = 0.67667
rdCMC.computeControls:  t = 0.68667
rdCMC.computeControls:  t = 0.69667
rdCMC.computeControls:  t = 0.70667
rdCMC.computeControls:  t = 0.71667
rdCMC.computeControls:  t = 0.72667
rdCMC.computeControls:  t = 0.73667
rdCMC.computeControls:  t = 0.74667
rdCMC.computeControls:  t = 0.75667
rdCMC.computeControls:  t = 0.76667
rdCMC.computeControls:  t = 0.77667
rdCMC.computeControls:  t = 0.78667
rdCMC.computeControls:  t = 0.79667
rdCMC.computeControls:  t = 0.80667
rdCMC.computeControls:  t = 0.81667
rdCMC.computeControls:  t = 0.82667
rdCMC.computeControls:  t = 0.83667
rdCMC.computeControls:  t = 0.84667
rdCMC.computeControls:  t = 0.85667
rdCMC.computeControls:  t = 0.86667
rdCMC.computeControls:  t = 0.87667
WARN- small force range for vas_med_l (1.2556 to 1.29363)
WARN- small force range for vas_lat_l (1.82264 to 1.86384)
rdCMC.computeControls:  t = 0.88667
WARN- small force range for vas_med_l (1.24191 to 1.28043)
WARN- small force range for vas_int_l (1.32729 to 1.36212)
WARN- small force range for vas_lat_l (1.80506 to 1.84687)
rdCMC.computeControls:  t = 0.89667
WARN- small force range for vas_med_l (1.22841 to 1.26734)
WARN- small force range for vas_int_l (1.31422 to 1.34974)
WARN- small force range for vas_lat_l (1.78771 to 1.83003)
rdCMC.computeControls:  t = 0.90667
WARN- small force range for vas_med_l (1.21589 to 1.25515)
WARN- small force range for vas_int_l (1.30209 to 1.33819)
WARN- small force range for vas_lat_l (1.77169 to 1.81444)
rdCMC.computeControls:  t = 0.91667
WARN- small force range for vas_med_l (1.20518 to 1.24474)
WARN- small force range for vas_int_l (1.29193 to 1.3285)
WARN- small force range for vas_lat_l (1.75819 to 1.8013)
rdCMC.computeControls:  t = 0.92667
WARN- small force range for vas_med_l (1.19704 to 1.23685)
WARN- small force range for vas_int_l (1.28457 to 1.32153)
WARN- small force range for vas_lat_l (1.7482 to 1.79162)
rdCMC.computeControls:  t = 0.93667
WARN- small force range for vas_med_l (1.19182 to 1.23185)
WARN- small force range for vas_int_l (1.28032 to 1.31761)
WARN- small force range for vas_lat_l (1.74208 to 1.78576)
rdCMC.computeControls:  t = 0.94667
WARN- small force range for vas_med_l (1.18959 to 1.22981)
WARN- small force range for vas_int_l (1.27915 to 1.31673)
WARN- small force range for vas_lat_l (1.73968 to 1.7836)
rdCMC.computeControls:  t = 0.95667
WARN- small force range for vas_med_l (1.1905 to 1.23089)
WARN- small force range for vas_int_l (1.28111 to 1.31892)
WARN- small force range for vas_lat_l (1.74096 to 1.78508)
rdCMC.computeControls:  t = 0.96667
WARN- small force range for vas_med_l (1.19469 to 1.23522)
WARN- small force range for vas_int_l (1.28623 to 1.32425)
WARN- small force range for vas_lat_l (1.74591 to 1.79021)
rdCMC.computeControls:  t = 0.97667
WARN- small force range for vas_med_l (1.20219 to 1.24285)
WARN- small force range for vas_int_l (1.2945 to 1.3327)
WARN- small force range for vas_lat_l (1.75448 to 1.79892)
rdCMC.computeControls:  t = 0.98667
WARN- small force range for vas_med_l (1.21273 to 1.25351)
WARN- small force range for vas_int_l (1.30564 to 1.344)
WARN- small force range for vas_lat_l (1.76632 to 1.8109)
rdCMC.computeControls:  t = 0.99667
WARN- small force range for vas_med_l (1.22592 to 1.26679)
WARN- small force range for vas_int_l (1.31926 to 1.35775)
WARN- small force range for vas_lat_l (1.78099 to 1.82568)
rdCMC.computeControls:  t = 1.00667
WARN- small force range for vas_med_l (1.24141 to 1.28236)
WARN- small force range for vas_lat_l (1.79814 to 1.84294)
----------------------------------------------------------------
Finished tracking the specified kinematics
=================================================================
Start time   = Wed Oct 29 16:29:46 2008
Finish time  = Wed Oct 29 16:53:13 2008
Elapsed time = 1407 seconds.
================================================================


Printing results of investigation GIL06_fast3_fixed_CMC_unconstr to Results.


Average residuals:
FX=-3.34886 FY=-4.19159 FZ=-0.339294
MX=8.53485 MY=-1.03125 MZ=-23.586


Deleted model default
