-------------------------------------------------------
This program includes software developed by the
Apache Software Foundation (http://www.apache.org/).
-------------------------------------------------------

Deleted model 
RegisterTypes_SdfastEngine

-------------------------------------------------------
Library SdfastEngine...
-------------------------------------------------------

RegisterTypes_SimbodyEngine

-------------------------------------------------------
Library SimbodyEngine...
-------------------------------------------------------

Constructing investigation from setup file GIL11_xslow1_Setup_CMC_Unconstrained.xml.

AbstractTool GIL11_xslow1_fixed_CMC_unconstr loading model '../../GIL11_gait2392_simbody_adjusted.osim'
Created model GIL11 from file ../../GIL11_gait2392_simbody_adjusted.osim
Adding actuator set from ../../GIL11_CMC_Actuators.xml
Handling locked coordinate.
Handling locked coordinate.
Handling locked coordinate.
Handling locked coordinate.
SimbodyCoordinate.setValue: WARN- coordinate subtalar_angle_r is locked. Unable to change its value.
SimbodyCoordinate.setValue: WARN- coordinate mtp_angle_r is locked. Unable to change its value.
SimbodyCoordinate.setValue: WARN- coordinate subtalar_angle_l is locked. Unable to change its value.
SimbodyCoordinate.setValue: WARN- coordinate mtp_angle_l is locked. Unable to change its value.
-----------------------------------------------------------------------
Loaded library
-----------------------------------------------------------------------
             MODEL: GIL11
         actuators: 111
          analyses: 3
          contacts: 0
-----------------------------------------------------------------------

Running tool GIL11_xslow1_fixed_CMC_unconstr.
MODEL: GIL11

ANALYSES (3)
analysis[0] = Kinematics
analysis[1] = Actuation
analysis[2] = BodyKinematics

BODIES (13)
body[0] = ground (mass: 0) (inertia: 0 0 0 0 0 0 0 0 0)
body[1] = pelvis (mass: 9.86045) (inertia: 0.0728698 0 0 0 0.0617409 0 0 0 0.0410424)
body[2] = femur_r (mass: 7.78772) (inertia: 0.102324 0 0 0 0.0268228 0 0 0 0.107903)
body[3] = tibia_r (mass: 3.10415) (inertia: 0.0318432 0 0 0 0.00322223 0 0 0 0.0322855)
body[4] = talus_r (mass: 0.0837263) (inertia: 0.00063181 0 0 0 0.00063181 0 0 0 0.00063181)
body[5] = calcn_r (mass: 1.04658) (inertia: 0.00092502 0 0 0 0.00257684 0 0 0 0.00270898)
body[6] = toes_r (mass: 0.181351) (inertia: 6.607e-005 0 0 0 0.00013215 0 0 0 0.00066073)
body[7] = femur_l (mass: 7.78772) (inertia: 0.102324 0 0 0 0.0268228 0 0 0 0.107903)
body[8] = tibia_l (mass: 3.10415) (inertia: 0.0318432 0 0 0 0.00322223 0 0 0 0.0322855)
body[9] = talus_l (mass: 0.0837263) (inertia: 0.00063181 0 0 0 0.00063181 0 0 0 0.00063181)
body[10] = calcn_l (mass: 1.04658) (inertia: 0.00092502 0 0 0 0.00257684 0 0 0 0.00270898)
body[11] = toes_l (mass: 0.181351) (inertia: 6.607e-005 0 0 0 0.00013215 0 0 0 0.00066073)
body[12] = torso (mass: 28.4312) (inertia: 1.1329 0 0 0 0.580474 0 0 0 1.09979)

ACTUATORS (111)
actuator[0] = glut_med1_r (controls: glut_med1_r.excitation)
actuator[1] = glut_med2_r (controls: glut_med2_r.excitation)
actuator[2] = glut_med3_r (controls: glut_med3_r.excitation)
actuator[3] = glut_min1_r (controls: glut_min1_r.excitation)
actuator[4] = glut_min2_r (controls: glut_min2_r.excitation)
actuator[5] = glut_min3_r (controls: glut_min3_r.excitation)
actuator[6] = semimem_r (controls: semimem_r.excitation)
actuator[7] = semiten_r (controls: semiten_r.excitation)
actuator[8] = bifemlh_r (controls: bifemlh_r.excitation)
actuator[9] = bifemsh_r (controls: bifemsh_r.excitation)
actuator[10] = sar_r (controls: sar_r.excitation)
actuator[11] = add_long_r (controls: add_long_r.excitation)
actuator[12] = add_brev_r (controls: add_brev_r.excitation)
actuator[13] = add_mag1_r (controls: add_mag1_r.excitation)
actuator[14] = add_mag2_r (controls: add_mag2_r.excitation)
actuator[15] = add_mag3_r (controls: add_mag3_r.excitation)
actuator[16] = tfl_r (controls: tfl_r.excitation)
actuator[17] = pect_r (controls: pect_r.excitation)
actuator[18] = grac_r (controls: grac_r.excitation)
actuator[19] = glut_max1_r (controls: glut_max1_r.excitation)
actuator[20] = glut_max2_r (controls: glut_max2_r.excitation)
actuator[21] = glut_max3_r (controls: glut_max3_r.excitation)
actuator[22] = iliacus_r (controls: iliacus_r.excitation)
actuator[23] = psoas_r (controls: psoas_r.excitation)
actuator[24] = quad_fem_r (controls: quad_fem_r.excitation)
actuator[25] = gem_r (controls: gem_r.excitation)
actuator[26] = peri_r (controls: peri_r.excitation)
actuator[27] = rect_fem_r (controls: rect_fem_r.excitation)
actuator[28] = vas_med_r (controls: vas_med_r.excitation)
actuator[29] = vas_int_r (controls: vas_int_r.excitation)
actuator[30] = vas_lat_r (controls: vas_lat_r.excitation)
actuator[31] = med_gas_r (controls: med_gas_r.excitation)
actuator[32] = lat_gas_r (controls: lat_gas_r.excitation)
actuator[33] = soleus_r (controls: soleus_r.excitation)
actuator[34] = tib_post_r (controls: tib_post_r.excitation)
actuator[35] = flex_dig_r (controls: flex_dig_r.excitation)
actuator[36] = flex_hal_r (controls: flex_hal_r.excitation)
actuator[37] = tib_ant_r (controls: tib_ant_r.excitation)
actuator[38] = per_brev_r (controls: per_brev_r.excitation)
actuator[39] = per_long_r (controls: per_long_r.excitation)
actuator[40] = per_tert_r (controls: per_tert_r.excitation)
actuator[41] = ext_dig_r (controls: ext_dig_r.excitation)
actuator[42] = ext_hal_r (controls: ext_hal_r.excitation)
actuator[43] = glut_med1_l (controls: glut_med1_l.excitation)
actuator[44] = glut_med2_l (controls: glut_med2_l.excitation)
actuator[45] = glut_med3_l (controls: glut_med3_l.excitation)
actuator[46] = glut_min1_l (controls: glut_min1_l.excitation)
actuator[47] = glut_min2_l (controls: glut_min2_l.excitation)
actuator[48] = glut_min3_l (controls: glut_min3_l.excitation)
actuator[49] = semimem_l (controls: semimem_l.excitation)
actuator[50] = semiten_l (controls: semiten_l.excitation)
actuator[51] = bifemlh_l (controls: bifemlh_l.excitation)
actuator[52] = bifemsh_l (controls: bifemsh_l.excitation)
actuator[53] = sar_l (controls: sar_l.excitation)
actuator[54] = add_long_l (controls: add_long_l.excitation)
actuator[55] = add_brev_l (controls: add_brev_l.excitation)
actuator[56] = add_mag1_l (controls: add_mag1_l.excitation)
actuator[57] = add_mag2_l (controls: add_mag2_l.excitation)
actuator[58] = add_mag3_l (controls: add_mag3_l.excitation)
actuator[59] = tfl_l (controls: tfl_l.excitation)
actuator[60] = pect_l (controls: pect_l.excitation)
actuator[61] = grac_l (controls: grac_l.excitation)
actuator[62] = glut_max1_l (controls: glut_max1_l.excitation)
actuator[63] = glut_max2_l (controls: glut_max2_l.excitation)
actuator[64] = glut_max3_l (controls: glut_max3_l.excitation)
actuator[65] = iliacus_l (controls: iliacus_l.excitation)
actuator[66] = psoas_l (controls: psoas_l.excitation)
actuator[67] = quad_fem_l (controls: quad_fem_l.excitation)
actuator[68] = gem_l (controls: gem_l.excitation)
actuator[69] = peri_l (controls: peri_l.excitation)
actuator[70] = rect_fem_l (controls: rect_fem_l.excitation)
actuator[71] = vas_med_l (controls: vas_med_l.excitation)
actuator[72] = vas_int_l (controls: vas_int_l.excitation)
actuator[73] = vas_lat_l (controls: vas_lat_l.excitation)
actuator[74] = med_gas_l (controls: med_gas_l.excitation)
actuator[75] = lat_gas_l (controls: lat_gas_l.excitation)
actuator[76] = soleus_l (controls: soleus_l.excitation)
actuator[77] = tib_post_l (controls: tib_post_l.excitation)
actuator[78] = flex_dig_l (controls: flex_dig_l.excitation)
actuator[79] = flex_hal_l (controls: flex_hal_l.excitation)
actuator[80] = tib_ant_l (controls: tib_ant_l.excitation)
actuator[81] = per_brev_l (controls: per_brev_l.excitation)
actuator[82] = per_long_l (controls: per_long_l.excitation)
actuator[83] = per_tert_l (controls: per_tert_l.excitation)
actuator[84] = ext_dig_l (controls: ext_dig_l.excitation)
actuator[85] = ext_hal_l (controls: ext_hal_l.excitation)
actuator[86] = ercspn_r (controls: ercspn_r.excitation)
actuator[87] = ercspn_l (controls: ercspn_l.excitation)
actuator[88] = intobl_r (controls: intobl_r.excitation)
actuator[89] = intobl_l (controls: intobl_l.excitation)
actuator[90] = extobl_r (controls: extobl_r.excitation)
actuator[91] = extobl_l (controls: extobl_l.excitation)
actuator[92] = FX (controls: FX.excitation)
actuator[93] = FY (controls: FY.excitation)
actuator[94] = FZ (controls: FZ.excitation)
actuator[95] = MX (controls: MX.excitation)
actuator[96] = MY (controls: MY.excitation)
actuator[97] = MZ (controls: MZ.excitation)
actuator[98] = hip_flexion_r_reserve (controls: hip_flexion_r_reserve.excitation)
actuator[99] = hip_adduction_r_reserve (controls: hip_adduction_r_reserve.excitation)
actuator[100] = hip_rotation_r_reserve (controls: hip_rotation_r_reserve.excitation)
actuator[101] = knee_angle_r_reserve (controls: knee_angle_r_reserve.excitation)
actuator[102] = ankle_angle_r_reserve (controls: ankle_angle_r_reserve.excitation)
actuator[103] = hip_flexion_l_reserve (controls: hip_flexion_l_reserve.excitation)
actuator[104] = hip_adduction_l_reserve (controls: hip_adduction_l_reserve.excitation)
actuator[105] = hip_rotation_l_reserve (controls: hip_rotation_l_reserve.excitation)
actuator[106] = knee_angle_l_reserve (controls: knee_angle_l_reserve.excitation)
actuator[107] = ankle_angle_l_reserve (controls: ankle_angle_l_reserve.excitation)
actuator[108] = lumbar_extension_reserve (controls: lumbar_extension_reserve.excitation)
actuator[109] = lumbar_bending_reserve (controls: lumbar_bending_reserve.excitation)
actuator[110] = lumbar_rotation_reserve (controls: lumbar_rotation_reserve.excitation)

CONTACTS (0)
numControls = 111
numStates = 230
numCoordinates = 23
numSpeeds = 23
numActuators = 111
numBodies = 13

STATES (230)
y[0] = pelvis_tx
y[1] = pelvis_ty
y[2] = pelvis_tz
y[3] = pelvis_tilt
y[4] = pelvis_list
y[5] = pelvis_rotation
y[6] = hip_flexion_r
y[7] = hip_adduction_r
y[8] = hip_rotation_r
y[9] = knee_angle_r
y[10] = ankle_angle_r
y[11] = subtalar_angle_r
y[12] = mtp_angle_r
y[13] = hip_flexion_l
y[14] = hip_adduction_l
y[15] = hip_rotation_l
y[16] = knee_angle_l
y[17] = ankle_angle_l
y[18] = subtalar_angle_l
y[19] = mtp_angle_l
y[20] = lumbar_extension
y[21] = lumbar_bending
y[22] = lumbar_rotation
y[23] = pelvis_tx_u
y[24] = pelvis_ty_u
y[25] = pelvis_tz_u
y[26] = pelvis_tilt_u
y[27] = pelvis_list_u
y[28] = pelvis_rotation_u
y[29] = hip_flexion_r_u
y[30] = hip_adduction_r_u
y[31] = hip_rotation_r_u
y[32] = knee_angle_r_u
y[33] = ankle_angle_r_u
y[34] = subtalar_angle_r_u
y[35] = mtp_angle_r_u
y[36] = hip_flexion_l_u
y[37] = hip_adduction_l_u
y[38] = hip_rotation_l_u
y[39] = knee_angle_l_u
y[40] = ankle_angle_l_u
y[41] = subtalar_angle_l_u
y[42] = mtp_angle_l_u
y[43] = lumbar_extension_u
y[44] = lumbar_bending_u
y[45] = lumbar_rotation_u
y[46] = glut_med1_r.activation
y[47] = glut_med1_r.fiber_length
y[48] = glut_med2_r.activation
y[49] = glut_med2_r.fiber_length
y[50] = glut_med3_r.activation
y[51] = glut_med3_r.fiber_length
y[52] = glut_min1_r.activation
y[53] = glut_min1_r.fiber_length
y[54] = glut_min2_r.activation
y[55] = glut_min2_r.fiber_length
y[56] = glut_min3_r.activation
y[57] = glut_min3_r.fiber_length
y[58] = semimem_r.activation
y[59] = semimem_r.fiber_length
y[60] = semiten_r.activation
y[61] = semiten_r.fiber_length
y[62] = bifemlh_r.activation
y[63] = bifemlh_r.fiber_length
y[64] = bifemsh_r.activation
y[65] = bifemsh_r.fiber_length
y[66] = sar_r.activation
y[67] = sar_r.fiber_length
y[68] = add_long_r.activation
y[69] = add_long_r.fiber_length
y[70] = add_brev_r.activation
y[71] = add_brev_r.fiber_length
y[72] = add_mag1_r.activation
y[73] = add_mag1_r.fiber_length
y[74] = add_mag2_r.activation
y[75] = add_mag2_r.fiber_length
y[76] = add_mag3_r.activation
y[77] = add_mag3_r.fiber_length
y[78] = tfl_r.activation
y[79] = tfl_r.fiber_length
y[80] = pect_r.activation
y[81] = pect_r.fiber_length
y[82] = grac_r.activation
y[83] = grac_r.fiber_length
y[84] = glut_max1_r.activation
y[85] = glut_max1_r.fiber_length
y[86] = glut_max2_r.activation
y[87] = glut_max2_r.fiber_length
y[88] = glut_max3_r.activation
y[89] = glut_max3_r.fiber_length
y[90] = iliacus_r.activation
y[91] = iliacus_r.fiber_length
y[92] = psoas_r.activation
y[93] = psoas_r.fiber_length
y[94] = quad_fem_r.activation
y[95] = quad_fem_r.fiber_length
y[96] = gem_r.activation
y[97] = gem_r.fiber_length
y[98] = peri_r.activation
y[99] = peri_r.fiber_length
y[100] = rect_fem_r.activation
y[101] = rect_fem_r.fiber_length
y[102] = vas_med_r.activation
y[103] = vas_med_r.fiber_length
y[104] = vas_int_r.activation
y[105] = vas_int_r.fiber_length
y[106] = vas_lat_r.activation
y[107] = vas_lat_r.fiber_length
y[108] = med_gas_r.activation
y[109] = med_gas_r.fiber_length
y[110] = lat_gas_r.activation
y[111] = lat_gas_r.fiber_length
y[112] = soleus_r.activation
y[113] = soleus_r.fiber_length
y[114] = tib_post_r.activation
y[115] = tib_post_r.fiber_length
y[116] = flex_dig_r.activation
y[117] = flex_dig_r.fiber_length
y[118] = flex_hal_r.activation
y[119] = flex_hal_r.fiber_length
y[120] = tib_ant_r.activation
y[121] = tib_ant_r.fiber_length
y[122] = per_brev_r.activation
y[123] = per_brev_r.fiber_length
y[124] = per_long_r.activation
y[125] = per_long_r.fiber_length
y[126] = per_tert_r.activation
y[127] = per_tert_r.fiber_length
y[128] = ext_dig_r.activation
y[129] = ext_dig_r.fiber_length
y[130] = ext_hal_r.activation
y[131] = ext_hal_r.fiber_length
y[132] = glut_med1_l.activation
y[133] = glut_med1_l.fiber_length
y[134] = glut_med2_l.activation
y[135] = glut_med2_l.fiber_length
y[136] = glut_med3_l.activation
y[137] = glut_med3_l.fiber_length
y[138] = glut_min1_l.activation
y[139] = glut_min1_l.fiber_length
y[140] = glut_min2_l.activation
y[141] = glut_min2_l.fiber_length
y[142] = glut_min3_l.activation
y[143] = glut_min3_l.fiber_length
y[144] = semimem_l.activation
y[145] = semimem_l.fiber_length
y[146] = semiten_l.activation
y[147] = semiten_l.fiber_length
y[148] = bifemlh_l.activation
y[149] = bifemlh_l.fiber_length
y[150] = bifemsh_l.activation
y[151] = bifemsh_l.fiber_length
y[152] = sar_l.activation
y[153] = sar_l.fiber_length
y[154] = add_long_l.activation
y[155] = add_long_l.fiber_length
y[156] = add_brev_l.activation
y[157] = add_brev_l.fiber_length
y[158] = add_mag1_l.activation
y[159] = add_mag1_l.fiber_length
y[160] = add_mag2_l.activation
y[161] = add_mag2_l.fiber_length
y[162] = add_mag3_l.activation
y[163] = add_mag3_l.fiber_length
y[164] = tfl_l.activation
y[165] = tfl_l.fiber_length
y[166] = pect_l.activation
y[167] = pect_l.fiber_length
y[168] = grac_l.activation
y[169] = grac_l.fiber_length
y[170] = glut_max1_l.activation
y[171] = glut_max1_l.fiber_length
y[172] = glut_max2_l.activation
y[173] = glut_max2_l.fiber_length
y[174] = glut_max3_l.activation
y[175] = glut_max3_l.fiber_length
y[176] = iliacus_l.activation
y[177] = iliacus_l.fiber_length
y[178] = psoas_l.activation
y[179] = psoas_l.fiber_length
y[180] = quad_fem_l.activation
y[181] = quad_fem_l.fiber_length
y[182] = gem_l.activation
y[183] = gem_l.fiber_length
y[184] = peri_l.activation
y[185] = peri_l.fiber_length
y[186] = rect_fem_l.activation
y[187] = rect_fem_l.fiber_length
y[188] = vas_med_l.activation
y[189] = vas_med_l.fiber_length
y[190] = vas_int_l.activation
y[191] = vas_int_l.fiber_length
y[192] = vas_lat_l.activation
y[193] = vas_lat_l.fiber_length
y[194] = med_gas_l.activation
y[195] = med_gas_l.fiber_length
y[196] = lat_gas_l.activation
y[197] = lat_gas_l.fiber_length
y[198] = soleus_l.activation
y[199] = soleus_l.fiber_length
y[200] = tib_post_l.activation
y[201] = tib_post_l.fiber_length
y[202] = flex_dig_l.activation
y[203] = flex_dig_l.fiber_length
y[204] = flex_hal_l.activation
y[205] = flex_hal_l.fiber_length
y[206] = tib_ant_l.activation
y[207] = tib_ant_l.fiber_length
y[208] = per_brev_l.activation
y[209] = per_brev_l.fiber_length
y[210] = per_long_l.activation
y[211] = per_long_l.fiber_length
y[212] = per_tert_l.activation
y[213] = per_tert_l.fiber_length
y[214] = ext_dig_l.activation
y[215] = ext_dig_l.fiber_length
y[216] = ext_hal_l.activation
y[217] = ext_hal_l.fiber_length
y[218] = ercspn_r.activation
y[219] = ercspn_r.fiber_length
y[220] = ercspn_l.activation
y[221] = ercspn_l.fiber_length
y[222] = intobl_r.activation
y[223] = intobl_r.fiber_length
y[224] = intobl_l.activation
y[225] = intobl_l.fiber_length
y[226] = extobl_r.activation
y[227] = extobl_r.fiber_length
y[228] = extobl_l.activation
y[229] = extobl_l.fiber_length


Loading desired kinematics from file ../RRA/Results/GIL11_xslow1_RRA_Kinematics_q.sto ...
Storage: file=../RRA/Results/GIL11_xslow1_RRA_Kinematics_q.sto (nr=1347 nc=24)


Note- not filtering the desired kinematics.



Loading external loads kinematics from file ../IK/GIL11_xslow1_ik.mot ...
Storage: file=../IK/GIL11_xslow1_ik.mot (nr=167 nc=375)
Low-pass filtering external load kinematics with a cutoff frequency of 6...
Storage: file=../IK/GIL11_xslow1_ik.mot (nr=167 nc=375)
Padded kineticsStore to start time of 0.28333

Constructing function set for tracking...



 taskSet size = 19

Using the generalized coordinates specified in ../RRA/Results/GIL11_xslow1_RRA_Kinematics_q.sto to set the initial configuration.
Successfully linked to CFSQP library 'osimCFSQP.dll'
Using CFSQP optimizer algorithm.

Setting optimizer print level to 0.
Setting optimizer convergence criterion to 1e-006.
Setting optimizer maximum iterations to 2000.

Setting cmc controller to not use verbose printing.



================================================================
================================================================
Computing initial values for muscles states (activation, length)
Start time = Thu Oct 30 10:10:12 2008
================================================================

=============================================
rdCMC.computeInitialStates: ti=0.33333
=============================================
rdCMC.computeControls:  t = 0.33333
rdCMC.computeControls:  t = 0.33333

-----------------------------------------------------------------
Finished computing initial states:
-----------------------------------------------------------------
Array[230]= 0.234869 0.87751 -0.313987 -0.0412339 0.074015 -0.0380527 0.209921 -0.155176 0.0597435 -1.04358 -0.401178 1.55032e-017 -3.37405e-017 0.126724 0.137157 0.129771 -0.120121 0.0355755 2.57314e-018 -8.13323e-018 -0.0405755 -0.0669485 0.0198265 0.498468 0.0487714 -0.1333 0.215171 -0.210212 0.157274 1.99835 0.29184 0.619633 -1.59724 2.1039 2.72808e-016 -9.19787e-016 -1.18189 -0.0209514 0.705053 0.528905 0.436817 3.49092e-017 1.02883e-015 -0.481344 0.374325 -0.195631 0.0357079 0.0345361 0.0259156 0.069591 0.0335581 0.0556176 0.0279504 0.0561389 0.0295122 0.0467964 0.0320389 0.0286127 0.0887224 0.0338032 0.0764439 0.167695 0.02 0.0724556 0.321323 0.133628 0.140633 0.415566 0.02 0.104219 0.02 0.116532 0.02 0.0647399 0.02 0.0824898 0.02 0.100237 0.0876745 0.0941394 0.02 0.0672398 0.0443704 0.277664 0.02 0.0747523 0.02 0.0857513 0.02 0.105412 0.221376 0.0915385 0.233431 0.0852149 0.02 0.0500854 0.02 0.0258225 0.0362946 0.0187031 0.02 0.126299 0.02 0.0836293 0.02 0.0837758 0.02 0.0805277 0.19669 0.0191873 0.240628 0.0177555 0.02 0.0258535 0.02 0.0251151 0.02 0.0232497 0.02 0.0279395 0.287958 0.0813977 0.02 0.0408123 0.02 0.0396383 0.02 0.0780835 0.15624 0.0943531 0.0554009 0.103281 0.544254 0.0437338 0.336352 0.0801229 0.264536 0.0652456 0.198633 0.065471 0.196139 0.0570612 0.194759 0.0385735 0.0440976 0.0552141 0.02 0.193687 0.02 0.0901543 0.133297 0.156229 0.0554636 0.435768 0.02 0.0877139 0.02 0.098994 0.02 0.0443658 0.02 0.0629761 0.02 0.0875606 0.141516 0.0993003 0.02 0.0590579 0.02 0.286857 0.181081 0.0804961 0.0623338 0.0870407 0.02 0.090502 0.0324434 0.0935382 0.0449827 0.087569 0.02 0.0421958 0.02 0.0261345 0.123561 0.02547 0.02 0.0957122 0.02 0.0495462 0.02 0.0537022 0.02 0.0460856 0.190204 0.0478443 0.0737154 0.0532191 0.02 0.0400662 0.02 0.0290913 0.02 0.0272927 0.02 0.0339778 0.0349923 0.0681668 0.02 0.0426179 0.02 0.0428835 0.02 0.0683333 0.02 0.0823928 0.02 0.0894622 0.0762355 0.116722 0.02 0.112504 0.02 0.0974293 0.0411171 0.0839924 0.0401499 0.125184 0.02 0.11878
=================================================================
Start time   = Thu Oct 30 10:10:12 2008
Finish time  = Thu Oct 30 10:10:50 2008
Elapsed time = 38 seconds.
=================================================================



================================================================
================================================================
Using CMC to track the specified kinematics
Integrating from 0.36333 to 1.63933
Start time = Thu Oct 30 10:10:50 2008
================================================================
rdCMC.computeControls:  t = 0.36333
rdCMC.computeControls:  t = 0.37333
rdCMC.computeControls:  t = 0.38333
rdCMC.computeControls:  t = 0.39333
rdCMC.computeControls:  t = 0.40333
rdCMC.computeControls:  t = 0.41333
rdCMC.computeControls:  t = 0.42333
rdCMC.computeControls:  t = 0.43333
rdCMC.computeControls:  t = 0.44333
rdCMC.computeControls:  t = 0.45333
rdCMC.computeControls:  t = 0.46333
rdCMC.computeControls:  t = 0.47333
rdCMC.computeControls:  t = 0.48333
rdCMC.computeControls:  t = 0.49333
rdCMC.computeControls:  t = 0.50333
rdCMC.computeControls:  t = 0.51333
rdCMC.computeControls:  t = 0.52333
rdCMC.computeControls:  t = 0.53333
rdCMC.computeControls:  t = 0.54333
rdCMC.computeControls:  t = 0.55333
rdCMC.computeControls:  t = 0.56333
rdCMC.computeControls:  t = 0.57333
rdCMC.computeControls:  t = 0.58333
rdCMC.computeControls:  t = 0.59333
rdCMC.computeControls:  t = 0.60333
rdCMC.computeControls:  t = 0.61333
rdCMC.computeControls:  t = 0.62333
rdCMC.computeControls:  t = 0.63333
rdCMC.computeControls:  t = 0.64333
rdCMC.computeControls:  t = 0.65333
rdCMC.computeControls:  t = 0.66333
WARN- small force range for vas_lat_r (1.82285 to 1.86684)
rdCMC.computeControls:  t = 0.67333
WARN- small force range for vas_lat_r (1.81601 to 1.86019)
rdCMC.computeControls:  t = 0.68333
WARN- small force range for vas_med_r (1.25179 to 1.29237)
WARN- small force range for vas_int_r (1.3241 to 1.36256)
WARN- small force range for vas_lat_r (1.81065 to 1.85499)
rdCMC.computeControls:  t = 0.69333
WARN- small force range for vas_med_r (1.24899 to 1.28969)
WARN- small force range for vas_int_r (1.3213 to 1.35987)
WARN- small force range for vas_lat_r (1.80716 to 1.85165)
rdCMC.computeControls:  t = 0.70333
WARN- small force range for vas_med_r (1.24777 to 1.28858)
WARN- small force range for vas_int_r (1.32 to 1.35867)
WARN- small force range for vas_lat_r (1.80572 to 1.85034)
rdCMC.computeControls:  t = 0.71333
WARN- small force range for vas_med_r (1.24828 to 1.28918)
WARN- small force range for vas_int_r (1.32035 to 1.3591)
WARN- small force range for vas_lat_r (1.80637 to 1.8511)
rdCMC.computeControls:  t = 0.72333
WARN- small force range for vas_med_r (1.25066 to 1.29163)
WARN- small force range for vas_int_r (1.32249 to 1.36131)
WARN- small force range for vas_lat_r (1.80917 to 1.85399)
rdCMC.computeControls:  t = 0.73333
WARN- small force range for vas_lat_r (1.81409 to 1.85899)
rdCMC.computeControls:  t = 0.74333
WARN- small force range for vas_lat_r (1.82089 to 1.86586)
rdCMC.computeControls:  t = 0.75333
rdCMC.computeControls:  t = 0.76333
rdCMC.computeControls:  t = 0.77333
rdCMC.computeControls:  t = 0.78333
rdCMC.computeControls:  t = 0.79333
rdCMC.computeControls:  t = 0.80333
rdCMC.computeControls:  t = 0.81333
rdCMC.computeControls:  t = 0.82333
rdCMC.computeControls:  t = 0.83333
rdCMC.computeControls:  t = 0.84333
rdCMC.computeControls:  t = 0.85333
rdCMC.computeControls:  t = 0.86333
rdCMC.computeControls:  t = 0.87333
rdCMC.computeControls:  t = 0.88333
rdCMC.computeControls:  t = 0.89333
rdCMC.computeControls:  t = 0.90333
rdCMC.computeControls:  t = 0.91333
rdCMC.computeControls:  t = 0.92333
rdCMC.computeControls:  t = 0.93333
rdCMC.computeControls:  t = 0.94333
rdCMC.computeControls:  t = 0.95333
rdCMC.computeControls:  t = 0.96333
rdCMC.computeControls:  t = 0.97333
rdCMC.computeControls:  t = 0.98333
rdCMC.computeControls:  t = 0.99333
rdCMC.computeControls:  t = 1.00333
rdCMC.computeControls:  t = 1.01333
rdCMC.computeControls:  t = 1.02333
rdCMC.computeControls:  t = 1.03333
rdCMC.computeControls:  t = 1.04333
rdCMC.computeControls:  t = 1.05333
rdCMC.computeControls:  t = 1.06333
rdCMC.computeControls:  t = 1.07333
rdCMC.computeControls:  t = 1.08333
rdCMC.computeControls:  t = 1.09333
rdCMC.computeControls:  t = 1.10333
rdCMC.computeControls:  t = 1.11333
rdCMC.computeControls:  t = 1.12333
rdCMC.computeControls:  t = 1.13333
rdCMC.computeControls:  t = 1.14333
rdCMC.computeControls:  t = 1.15333
rdCMC.computeControls:  t = 1.16333
rdCMC.computeControls:  t = 1.17333
rdCMC.computeControls:  t = 1.18333
rdCMC.computeControls:  t = 1.19333
rdCMC.computeControls:  t = 1.20333
rdCMC.computeControls:  t = 1.21333
rdCMC.computeControls:  t = 1.22333
rdCMC.computeControls:  t = 1.23333
rdCMC.computeControls:  t = 1.24333
rdCMC.computeControls:  t = 1.25333
rdCMC.computeControls:  t = 1.26333
rdCMC.computeControls:  t = 1.27333
rdCMC.computeControls:  t = 1.28333
rdCMC.computeControls:  t = 1.29333
rdCMC.computeControls:  t = 1.30333
rdCMC.computeControls:  t = 1.31333
rdCMC.computeControls:  t = 1.32333
rdCMC.computeControls:  t = 1.33333
rdCMC.computeControls:  t = 1.34333
rdCMC.computeControls:  t = 1.35333
rdCMC.computeControls:  t = 1.36333
rdCMC.computeControls:  t = 1.37333
rdCMC.computeControls:  t = 1.38333
rdCMC.computeControls:  t = 1.39333
rdCMC.computeControls:  t = 1.40333
rdCMC.computeControls:  t = 1.41333
rdCMC.computeControls:  t = 1.42333
rdCMC.computeControls:  t = 1.43333
rdCMC.computeControls:  t = 1.44333
rdCMC.computeControls:  t = 1.45333
rdCMC.computeControls:  t = 1.46333
rdCMC.computeControls:  t = 1.47333
rdCMC.computeControls:  t = 1.48333
rdCMC.computeControls:  t = 1.49333
rdCMC.computeControls:  t = 1.50333
rdCMC.computeControls:  t = 1.51333
rdCMC.computeControls:  t = 1.52333
rdCMC.computeControls:  t = 1.53333
rdCMC.computeControls:  t = 1.54333
rdCMC.computeControls:  t = 1.55333
rdCMC.computeControls:  t = 1.56333
rdCMC.computeControls:  t = 1.57333
rdCMC.computeControls:  t = 1.58333
rdCMC.computeControls:  t = 1.59333
rdCMC.computeControls:  t = 1.60333
rdCMC.computeControls:  t = 1.61333
rdCMC.computeControls:  t = 1.62333
----------------------------------------------------------------
Finished tracking the specified kinematics
=================================================================
Start time   = Thu Oct 30 10:10:50 2008
Finish time  = Thu Oct 30 10:43:00 2008
Elapsed time = 1930 seconds.
================================================================


Printing results of investigation GIL11_xslow1_fixed_CMC_unconstr to Results.


Average residuals:
FX=0.0131309 FY=-6.57367 FZ=1.0345
MX=0.305291 MY=-0.028872 MZ=-3.81446


Deleted model default
