-------------------------------------------------------
This program includes software developed by the
Apache Software Foundation (http://www.apache.org/).
-------------------------------------------------------

Deleted model 
RegisterTypes_SdfastEngine

-------------------------------------------------------
Library SdfastEngine...
-------------------------------------------------------

RegisterTypes_SimbodyEngine

-------------------------------------------------------
Library SimbodyEngine...
-------------------------------------------------------

Constructing investigation from setup file GIL03_xfast2_Setup_RRA.xml.

AbstractTool GIL03_xfast2_RRA loading model '../../GIL03_gait2392_simbody_adjusted.osim'
Created model GIL03 from file ../../GIL03_gait2392_simbody_adjusted.osim
Adding actuator set from ../../GIL03_RRA_Actuators.xml
Handling locked coordinate.
Handling locked coordinate.
Handling locked coordinate.
Handling locked coordinate.
SimbodyCoordinate.setValue: WARN- coordinate subtalar_angle_r is locked. Unable to change its value.
SimbodyCoordinate.setValue: WARN- coordinate mtp_angle_r is locked. Unable to change its value.
SimbodyCoordinate.setValue: WARN- coordinate subtalar_angle_l is locked. Unable to change its value.
SimbodyCoordinate.setValue: WARN- coordinate mtp_angle_l is locked. Unable to change its value.
-----------------------------------------------------------------------
Loaded library
-----------------------------------------------------------------------
             MODEL: GIL03
         actuators: 19
          analyses: 0
          contacts: 0
-----------------------------------------------------------------------

Running tool GIL03_xfast2_RRA.
MODEL: GIL03

ANALYSES (0)

BODIES (13)
body[0] = ground (mass: 0) (inertia: 0 0 0 0 0 0 0 0 0)
body[1] = pelvis (mass: 6.50071) (inertia: 0.0352458 0 0 0 0.0298629 0 0 0 0.0198515)
body[2] = femur_r (mass: 5.13422) (inertia: 0.065962 0 0 0 0.017291 0 0 0 0.0695581)
body[3] = tibia_r (mass: 2.04648) (inertia: 0.0239633 0 0 0 0.00242486 0 0 0 0.0242961)
body[4] = talus_r (mass: 0.0551983) (inertia: 0.00047546 0 0 0 0.00047546 0 0 0 0.00047546)
body[5] = calcn_r (mass: 0.689979) (inertia: 0.00068082 0 0 0 0.00189658 0 0 0 0.00199384)
body[6] = toes_r (mass: 0.11956) (inertia: 4.863e-005 0 0 0 9.726e-005 0 0 0 0.0004863)
body[7] = femur_l (mass: 5.13422) (inertia: 0.065962 0 0 0 0.017291 0 0 0 0.0695581)
body[8] = tibia_l (mass: 2.04648) (inertia: 0.0239633 0 0 0 0.00242486 0 0 0 0.0242961)
body[9] = talus_l (mass: 0.0551983) (inertia: 0.00047546 0 0 0 0.00047546 0 0 0 0.00047546)
body[10] = calcn_l (mass: 0.689979) (inertia: 0.00068082 0 0 0 0.00189658 0 0 0 0.00199384)
body[11] = toes_l (mass: 0.11956) (inertia: 4.863e-005 0 0 0 9.726e-005 0 0 0 0.0004863)
body[12] = torso (mass: 18.8926) (inertia: 0.588922 0 0 0 0.30175 0 0 0 0.571708)

ACTUATORS (19)
actuator[0] = FX (controls: FX.excitation)
actuator[1] = FY (controls: FY.excitation)
actuator[2] = FZ (controls: FZ.excitation)
actuator[3] = MX (controls: MX.excitation)
actuator[4] = MY (controls: MY.excitation)
actuator[5] = MZ (controls: MZ.excitation)
actuator[6] = hip_flexion_r (controls: hip_flexion_r.excitation)
actuator[7] = hip_adduction_r (controls: hip_adduction_r.excitation)
actuator[8] = hip_rotation_r (controls: hip_rotation_r.excitation)
actuator[9] = knee_angle_r (controls: knee_angle_r.excitation)
actuator[10] = ankle_angle_r (controls: ankle_angle_r.excitation)
actuator[11] = hip_flexion_l (controls: hip_flexion_l.excitation)
actuator[12] = hip_adduction_l (controls: hip_adduction_l.excitation)
actuator[13] = hip_rotation_l (controls: hip_rotation_l.excitation)
actuator[14] = knee_angle_l (controls: knee_angle_l.excitation)
actuator[15] = ankle_angle_l (controls: ankle_angle_l.excitation)
actuator[16] = lumbar_extension (controls: lumbar_extension.excitation)
actuator[17] = lumbar_bending (controls: lumbar_bending.excitation)
actuator[18] = lumbar_rotation (controls: lumbar_rotation.excitation)

CONTACTS (0)
numControls = 19
numStates = 46
numCoordinates = 23
numSpeeds = 23
numActuators = 19
numBodies = 13

STATES (46)
y[0] = pelvis_tx
y[1] = pelvis_ty
y[2] = pelvis_tz
y[3] = pelvis_tilt
y[4] = pelvis_list
y[5] = pelvis_rotation
y[6] = hip_flexion_r
y[7] = hip_adduction_r
y[8] = hip_rotation_r
y[9] = knee_angle_r
y[10] = ankle_angle_r
y[11] = subtalar_angle_r
y[12] = mtp_angle_r
y[13] = hip_flexion_l
y[14] = hip_adduction_l
y[15] = hip_rotation_l
y[16] = knee_angle_l
y[17] = ankle_angle_l
y[18] = subtalar_angle_l
y[19] = mtp_angle_l
y[20] = lumbar_extension
y[21] = lumbar_bending
y[22] = lumbar_rotation
y[23] = pelvis_tx_u
y[24] = pelvis_ty_u
y[25] = pelvis_tz_u
y[26] = pelvis_tilt_u
y[27] = pelvis_list_u
y[28] = pelvis_rotation_u
y[29] = hip_flexion_r_u
y[30] = hip_adduction_r_u
y[31] = hip_rotation_r_u
y[32] = knee_angle_r_u
y[33] = ankle_angle_r_u
y[34] = subtalar_angle_r_u
y[35] = mtp_angle_r_u
y[36] = hip_flexion_l_u
y[37] = hip_adduction_l_u
y[38] = hip_rotation_l_u
y[39] = knee_angle_l_u
y[40] = ankle_angle_l_u
y[41] = subtalar_angle_l_u
y[42] = mtp_angle_l_u
y[43] = lumbar_extension_u
y[44] = lumbar_bending_u
y[45] = lumbar_rotation_u


Loading desired kinematics from file ../IK/GIL03_xfast2_ik.mot ...
Storage: file=../IK/GIL03_xfast2_ik.mot (nr=81 nc=375)


Low-pass filtering desired kinematics with a cutoff frequency of 10...



Loading external loads kinematics from file ../IK/GIL03_xfast2_ik.mot ...
Storage: file=../IK/GIL03_xfast2_ik.mot (nr=81 nc=375)
Low-pass filtering external load kinematics with a cutoff frequency of 6...
Storage: file=../IK/GIL03_xfast2_ik.mot (nr=81 nc=375)
Padded kineticsStore to start time of 0.06667

Constructing function set for tracking...

No Actuation analysis found in analysis set -- adding one
No Kinematics analysis found in analysis set -- adding one


 taskSet size = 19

Using the generalized coordinates specified in ../IK/GIL03_xfast2_ik.mot to set the initial configuration.
Successfully linked to CFSQP library 'osimCFSQP.dll'
Using CFSQP optimizer algorithm.

Setting optimizer print level to 0.
Setting optimizer convergence criterion to 1e-006.
Setting optimizer maximum iterations to 2000.

Setting cmc controller to not use verbose printing.



================================================================
================================================================
Using CMC to track the specified kinematics
Integrating from 0.07667 to 0.71
Start time = Sat Oct 25 15:19:11 2008
================================================================
rdCMC.computeControls:  t = 0.07667
rdCMC.computeControls:  t = 0.07767
rdCMC.computeControls:  t = 0.07867
rdCMC.computeControls:  t = 0.07967
rdCMC.computeControls:  t = 0.08067
rdCMC.computeControls:  t = 0.08167
rdCMC.computeControls:  t = 0.08267
rdCMC.computeControls:  t = 0.08367
rdCMC.computeControls:  t = 0.08467
rdCMC.computeControls:  t = 0.08567
rdCMC.computeControls:  t = 0.08667
rdCMC.computeControls:  t = 0.08767
rdCMC.computeControls:  t = 0.08867
rdCMC.computeControls:  t = 0.08967
rdCMC.computeControls:  t = 0.09067
rdCMC.computeControls:  t = 0.09167
rdCMC.computeControls:  t = 0.09267
rdCMC.computeControls:  t = 0.09367
rdCMC.computeControls:  t = 0.09467
rdCMC.computeControls:  t = 0.09567
rdCMC.computeControls:  t = 0.09667
rdCMC.computeControls:  t = 0.09767
rdCMC.computeControls:  t = 0.09867
rdCMC.computeControls:  t = 0.09967
rdCMC.computeControls:  t = 0.10067
rdCMC.computeControls:  t = 0.10167
rdCMC.computeControls:  t = 0.10267
rdCMC.computeControls:  t = 0.10367
rdCMC.computeControls:  t = 0.10467
rdCMC.computeControls:  t = 0.10567
rdCMC.computeControls:  t = 0.10667
rdCMC.computeControls:  t = 0.10767
rdCMC.computeControls:  t = 0.10867
rdCMC.computeControls:  t = 0.10967
rdCMC.computeControls:  t = 0.11067
rdCMC.computeControls:  t = 0.11167
rdCMC.computeControls:  t = 0.11267
rdCMC.computeControls:  t = 0.11367
rdCMC.computeControls:  t = 0.11467
rdCMC.computeControls:  t = 0.11567
rdCMC.computeControls:  t = 0.11667
rdCMC.computeControls:  t = 0.11767
rdCMC.computeControls:  t = 0.11867
rdCMC.computeControls:  t = 0.11967
rdCMC.computeControls:  t = 0.12067
rdCMC.computeControls:  t = 0.12167
rdCMC.computeControls:  t = 0.12267
rdCMC.computeControls:  t = 0.12367
rdCMC.computeControls:  t = 0.12467
rdCMC.computeControls:  t = 0.12567
rdCMC.computeControls:  t = 0.12667
rdCMC.computeControls:  t = 0.12767
rdCMC.computeControls:  t = 0.12867
rdCMC.computeControls:  t = 0.12967
rdCMC.computeControls:  t = 0.13067
rdCMC.computeControls:  t = 0.13167
rdCMC.computeControls:  t = 0.13267
rdCMC.computeControls:  t = 0.13367
rdCMC.computeControls:  t = 0.13467
rdCMC.computeControls:  t = 0.13567
rdCMC.computeControls:  t = 0.13667
rdCMC.computeControls:  t = 0.13767
rdCMC.computeControls:  t = 0.13867
rdCMC.computeControls:  t = 0.13967
rdCMC.computeControls:  t = 0.14067
rdCMC.computeControls:  t = 0.14167
rdCMC.computeControls:  t = 0.14267
rdCMC.computeControls:  t = 0.14367
rdCMC.computeControls:  t = 0.14467
rdCMC.computeControls:  t = 0.14567
rdCMC.computeControls:  t = 0.14667
rdCMC.computeControls:  t = 0.14767
rdCMC.computeControls:  t = 0.14867
rdCMC.computeControls:  t = 0.14967
rdCMC.computeControls:  t = 0.15067
rdCMC.computeControls:  t = 0.15167
rdCMC.computeControls:  t = 0.15267
rdCMC.computeControls:  t = 0.15367
rdCMC.computeControls:  t = 0.15467
rdCMC.computeControls:  t = 0.15567
rdCMC.computeControls:  t = 0.15667
rdCMC.computeControls:  t = 0.15767
rdCMC.computeControls:  t = 0.15867
rdCMC.computeControls:  t = 0.15967
rdCMC.computeControls:  t = 0.16067
rdCMC.computeControls:  t = 0.16167
rdCMC.computeControls:  t = 0.16267
rdCMC.computeControls:  t = 0.16367
rdCMC.computeControls:  t = 0.16467
rdCMC.computeControls:  t = 0.16567
rdCMC.computeControls:  t = 0.16667
rdCMC.computeControls:  t = 0.16767
rdCMC.computeControls:  t = 0.16867
rdCMC.computeControls:  t = 0.16967
rdCMC.computeControls:  t = 0.17067
rdCMC.computeControls:  t = 0.17167
rdCMC.computeControls:  t = 0.17267
rdCMC.computeControls:  t = 0.17367
rdCMC.computeControls:  t = 0.17467
rdCMC.computeControls:  t = 0.17567
rdCMC.computeControls:  t = 0.17667
rdCMC.computeControls:  t = 0.17767
rdCMC.computeControls:  t = 0.17867
rdCMC.computeControls:  t = 0.17967
rdCMC.computeControls:  t = 0.18067
rdCMC.computeControls:  t = 0.18167
rdCMC.computeControls:  t = 0.18267
rdCMC.computeControls:  t = 0.18367
rdCMC.computeControls:  t = 0.18467
rdCMC.computeControls:  t = 0.18567
rdCMC.computeControls:  t = 0.18667
rdCMC.computeControls:  t = 0.18767
rdCMC.computeControls:  t = 0.18867
rdCMC.computeControls:  t = 0.18967
rdCMC.computeControls:  t = 0.19067
rdCMC.computeControls:  t = 0.19167
rdCMC.computeControls:  t = 0.19267
rdCMC.computeControls:  t = 0.19367
rdCMC.computeControls:  t = 0.19467
rdCMC.computeControls:  t = 0.19567
rdCMC.computeControls:  t = 0.19667
rdCMC.computeControls:  t = 0.19767
rdCMC.computeControls:  t = 0.19867
rdCMC.computeControls:  t = 0.19967
rdCMC.computeControls:  t = 0.20067
rdCMC.computeControls:  t = 0.20167
rdCMC.computeControls:  t = 0.20267
rdCMC.computeControls:  t = 0.20367
rdCMC.computeControls:  t = 0.20467
rdCMC.computeControls:  t = 0.20567
rdCMC.computeControls:  t = 0.20667
rdCMC.computeControls:  t = 0.20767
rdCMC.computeControls:  t = 0.20867
rdCMC.computeControls:  t = 0.20967
rdCMC.computeControls:  t = 0.21067
rdCMC.computeControls:  t = 0.21167
rdCMC.computeControls:  t = 0.21267
rdCMC.computeControls:  t = 0.21367
rdCMC.computeControls:  t = 0.21467
rdCMC.computeControls:  t = 0.21567
rdCMC.computeControls:  t = 0.21667
rdCMC.computeControls:  t = 0.21767
rdCMC.computeControls:  t = 0.21867
rdCMC.computeControls:  t = 0.21967
rdCMC.computeControls:  t = 0.22067
rdCMC.computeControls:  t = 0.22167
rdCMC.computeControls:  t = 0.22267
rdCMC.computeControls:  t = 0.22367
rdCMC.computeControls:  t = 0.22467
rdCMC.computeControls:  t = 0.22567
rdCMC.computeControls:  t = 0.22667
rdCMC.computeControls:  t = 0.22767
rdCMC.computeControls:  t = 0.22867
rdCMC.computeControls:  t = 0.22967
rdCMC.computeControls:  t = 0.23067
rdCMC.computeControls:  t = 0.23167
rdCMC.computeControls:  t = 0.23267
rdCMC.computeControls:  t = 0.23367
rdCMC.computeControls:  t = 0.23467
rdCMC.computeControls:  t = 0.23567
rdCMC.computeControls:  t = 0.23667
rdCMC.computeControls:  t = 0.23767
rdCMC.computeControls:  t = 0.23867
rdCMC.computeControls:  t = 0.23967
rdCMC.computeControls:  t = 0.24067
rdCMC.computeControls:  t = 0.24167
rdCMC.computeControls:  t = 0.24267
rdCMC.computeControls:  t = 0.24367
rdCMC.computeControls:  t = 0.24467
rdCMC.computeControls:  t = 0.24567
rdCMC.computeControls:  t = 0.24667
rdCMC.computeControls:  t = 0.24767
rdCMC.computeControls:  t = 0.24867
rdCMC.computeControls:  t = 0.24967
rdCMC.computeControls:  t = 0.25067
rdCMC.computeControls:  t = 0.25167
rdCMC.computeControls:  t = 0.25267
rdCMC.computeControls:  t = 0.25367
rdCMC.computeControls:  t = 0.25467
rdCMC.computeControls:  t = 0.25567
rdCMC.computeControls:  t = 0.25667
rdCMC.computeControls:  t = 0.25767
rdCMC.computeControls:  t = 0.25867
rdCMC.computeControls:  t = 0.25967
rdCMC.computeControls:  t = 0.26067
rdCMC.computeControls:  t = 0.26167
rdCMC.computeControls:  t = 0.26267
rdCMC.computeControls:  t = 0.26367
rdCMC.computeControls:  t = 0.26467
rdCMC.computeControls:  t = 0.26567
rdCMC.computeControls:  t = 0.26667
rdCMC.computeControls:  t = 0.26767
rdCMC.computeControls:  t = 0.26867
rdCMC.computeControls:  t = 0.26967
rdCMC.computeControls:  t = 0.27067
rdCMC.computeControls:  t = 0.27167
rdCMC.computeControls:  t = 0.27267
rdCMC.computeControls:  t = 0.27367
rdCMC.computeControls:  t = 0.27467
rdCMC.computeControls:  t = 0.27567
rdCMC.computeControls:  t = 0.27667
rdCMC.computeControls:  t = 0.27767
rdCMC.computeControls:  t = 0.27867
rdCMC.computeControls:  t = 0.27967
rdCMC.computeControls:  t = 0.28067
rdCMC.computeControls:  t = 0.28167
rdCMC.computeControls:  t = 0.28267
rdCMC.computeControls:  t = 0.28367
rdCMC.computeControls:  t = 0.28467
rdCMC.computeControls:  t = 0.28567
rdCMC.computeControls:  t = 0.28667
rdCMC.computeControls:  t = 0.28767
rdCMC.computeControls:  t = 0.28867
rdCMC.computeControls:  t = 0.28967
rdCMC.computeControls:  t = 0.29067
rdCMC.computeControls:  t = 0.29167
rdCMC.computeControls:  t = 0.29267
rdCMC.computeControls:  t = 0.29367
rdCMC.computeControls:  t = 0.29467
rdCMC.computeControls:  t = 0.29567
rdCMC.computeControls:  t = 0.29667
rdCMC.computeControls:  t = 0.29767
rdCMC.computeControls:  t = 0.29867
rdCMC.computeControls:  t = 0.29967
rdCMC.computeControls:  t = 0.30067
rdCMC.computeControls:  t = 0.30167
rdCMC.computeControls:  t = 0.30267
rdCMC.computeControls:  t = 0.30367
rdCMC.computeControls:  t = 0.30467
rdCMC.computeControls:  t = 0.30567
rdCMC.computeControls:  t = 0.30667
rdCMC.computeControls:  t = 0.30767
rdCMC.computeControls:  t = 0.30867
rdCMC.computeControls:  t = 0.30967
rdCMC.computeControls:  t = 0.31067
rdCMC.computeControls:  t = 0.31167
rdCMC.computeControls:  t = 0.31267
rdCMC.computeControls:  t = 0.31367
rdCMC.computeControls:  t = 0.31467
rdCMC.computeControls:  t = 0.31567
rdCMC.computeControls:  t = 0.31667
rdCMC.computeControls:  t = 0.31767
rdCMC.computeControls:  t = 0.31867
rdCMC.computeControls:  t = 0.31967
rdCMC.computeControls:  t = 0.32067
rdCMC.computeControls:  t = 0.32167
rdCMC.computeControls:  t = 0.32267
rdCMC.computeControls:  t = 0.32367
rdCMC.computeControls:  t = 0.32467
rdCMC.computeControls:  t = 0.32567
rdCMC.computeControls:  t = 0.32667
rdCMC.computeControls:  t = 0.32767
rdCMC.computeControls:  t = 0.32867
rdCMC.computeControls:  t = 0.32967
rdCMC.computeControls:  t = 0.33067
rdCMC.computeControls:  t = 0.33167
rdCMC.computeControls:  t = 0.33267
rdCMC.computeControls:  t = 0.33367
rdCMC.computeControls:  t = 0.33467
rdCMC.computeControls:  t = 0.33567
rdCMC.computeControls:  t = 0.33667
rdCMC.computeControls:  t = 0.33767
rdCMC.computeControls:  t = 0.33867
rdCMC.computeControls:  t = 0.33967
rdCMC.computeControls:  t = 0.34067
rdCMC.computeControls:  t = 0.34167
rdCMC.computeControls:  t = 0.34267
rdCMC.computeControls:  t = 0.34367
rdCMC.computeControls:  t = 0.34467
rdCMC.computeControls:  t = 0.34567
rdCMC.computeControls:  t = 0.34667
rdCMC.computeControls:  t = 0.34767
rdCMC.computeControls:  t = 0.34867
rdCMC.computeControls:  t = 0.34967
rdCMC.computeControls:  t = 0.35067
rdCMC.computeControls:  t = 0.35167
rdCMC.computeControls:  t = 0.35267
rdCMC.computeControls:  t = 0.35367
rdCMC.computeControls:  t = 0.35467
rdCMC.computeControls:  t = 0.35567
rdCMC.computeControls:  t = 0.35667
rdCMC.computeControls:  t = 0.35767
rdCMC.computeControls:  t = 0.35867
rdCMC.computeControls:  t = 0.35967
rdCMC.computeControls:  t = 0.36067
rdCMC.computeControls:  t = 0.36167
rdCMC.computeControls:  t = 0.36267
rdCMC.computeControls:  t = 0.36367
rdCMC.computeControls:  t = 0.36467
rdCMC.computeControls:  t = 0.36567
rdCMC.computeControls:  t = 0.36667
rdCMC.computeControls:  t = 0.36767
rdCMC.computeControls:  t = 0.36867
rdCMC.computeControls:  t = 0.36967
rdCMC.computeControls:  t = 0.37067
rdCMC.computeControls:  t = 0.37167
rdCMC.computeControls:  t = 0.37267
rdCMC.computeControls:  t = 0.37367
rdCMC.computeControls:  t = 0.37467
rdCMC.computeControls:  t = 0.37567
rdCMC.computeControls:  t = 0.37667
rdCMC.computeControls:  t = 0.37767
rdCMC.computeControls:  t = 0.37867
rdCMC.computeControls:  t = 0.37967
rdCMC.computeControls:  t = 0.38067
rdCMC.computeControls:  t = 0.38167
rdCMC.computeControls:  t = 0.38267
rdCMC.computeControls:  t = 0.38367
rdCMC.computeControls:  t = 0.38467
rdCMC.computeControls:  t = 0.38567
rdCMC.computeControls:  t = 0.38667
rdCMC.computeControls:  t = 0.38767
rdCMC.computeControls:  t = 0.38867
rdCMC.computeControls:  t = 0.38967
rdCMC.computeControls:  t = 0.39067
rdCMC.computeControls:  t = 0.39167
rdCMC.computeControls:  t = 0.39267
rdCMC.computeControls:  t = 0.39367
rdCMC.computeControls:  t = 0.39467
rdCMC.computeControls:  t = 0.39567
rdCMC.computeControls:  t = 0.39667
rdCMC.computeControls:  t = 0.39767
rdCMC.computeControls:  t = 0.39867
rdCMC.computeControls:  t = 0.39967
rdCMC.computeControls:  t = 0.40067
rdCMC.computeControls:  t = 0.40167
rdCMC.computeControls:  t = 0.40267
rdCMC.computeControls:  t = 0.40367
rdCMC.computeControls:  t = 0.40467
rdCMC.computeControls:  t = 0.40567
rdCMC.computeControls:  t = 0.40667
rdCMC.computeControls:  t = 0.40767
rdCMC.computeControls:  t = 0.40867
rdCMC.computeControls:  t = 0.40967
rdCMC.computeControls:  t = 0.41067
rdCMC.computeControls:  t = 0.41167
rdCMC.computeControls:  t = 0.41267
rdCMC.computeControls:  t = 0.41367
rdCMC.computeControls:  t = 0.41467
rdCMC.computeControls:  t = 0.41567
rdCMC.computeControls:  t = 0.41667
rdCMC.computeControls:  t = 0.41767
rdCMC.computeControls:  t = 0.41867
rdCMC.computeControls:  t = 0.41967
rdCMC.computeControls:  t = 0.42067
rdCMC.computeControls:  t = 0.42167
rdCMC.computeControls:  t = 0.42267
rdCMC.computeControls:  t = 0.42367
rdCMC.computeControls:  t = 0.42467
rdCMC.computeControls:  t = 0.42567
rdCMC.computeControls:  t = 0.42667
rdCMC.computeControls:  t = 0.42767
rdCMC.computeControls:  t = 0.42867
rdCMC.computeControls:  t = 0.42967
rdCMC.computeControls:  t = 0.43067
rdCMC.computeControls:  t = 0.43167
rdCMC.computeControls:  t = 0.43267
rdCMC.computeControls:  t = 0.43367
rdCMC.computeControls:  t = 0.43467
rdCMC.computeControls:  t = 0.43567
rdCMC.computeControls:  t = 0.43667
rdCMC.computeControls:  t = 0.43767
rdCMC.computeControls:  t = 0.43867
rdCMC.computeControls:  t = 0.43967
rdCMC.computeControls:  t = 0.44067
rdCMC.computeControls:  t = 0.44167
rdCMC.computeControls:  t = 0.44267
rdCMC.computeControls:  t = 0.44367
rdCMC.computeControls:  t = 0.44467
rdCMC.computeControls:  t = 0.44567
rdCMC.computeControls:  t = 0.44667
rdCMC.computeControls:  t = 0.44767
rdCMC.computeControls:  t = 0.44867
rdCMC.computeControls:  t = 0.44967
rdCMC.computeControls:  t = 0.45067
rdCMC.computeControls:  t = 0.45167
rdCMC.computeControls:  t = 0.45267
rdCMC.computeControls:  t = 0.45367
rdCMC.computeControls:  t = 0.45467
rdCMC.computeControls:  t = 0.45567
rdCMC.computeControls:  t = 0.45667
rdCMC.computeControls:  t = 0.45767
rdCMC.computeControls:  t = 0.45867
rdCMC.computeControls:  t = 0.45967
rdCMC.computeControls:  t = 0.46067
rdCMC.computeControls:  t = 0.46167
rdCMC.computeControls:  t = 0.46267
rdCMC.computeControls:  t = 0.46367
rdCMC.computeControls:  t = 0.46467
rdCMC.computeControls:  t = 0.46567
rdCMC.computeControls:  t = 0.46667
rdCMC.computeControls:  t = 0.46767
rdCMC.computeControls:  t = 0.46867
rdCMC.computeControls:  t = 0.46967
rdCMC.computeControls:  t = 0.47067
rdCMC.computeControls:  t = 0.47167
rdCMC.computeControls:  t = 0.47267
rdCMC.computeControls:  t = 0.47367
rdCMC.computeControls:  t = 0.47467
rdCMC.computeControls:  t = 0.47567
rdCMC.computeControls:  t = 0.47667
rdCMC.computeControls:  t = 0.47767
rdCMC.computeControls:  t = 0.47867
rdCMC.computeControls:  t = 0.47967
rdCMC.computeControls:  t = 0.48067
rdCMC.computeControls:  t = 0.48167
rdCMC.computeControls:  t = 0.48267
rdCMC.computeControls:  t = 0.48367
rdCMC.computeControls:  t = 0.48467
rdCMC.computeControls:  t = 0.48567
rdCMC.computeControls:  t = 0.48667
rdCMC.computeControls:  t = 0.48767
rdCMC.computeControls:  t = 0.48867
rdCMC.computeControls:  t = 0.48967
rdCMC.computeControls:  t = 0.49067
rdCMC.computeControls:  t = 0.49167
rdCMC.computeControls:  t = 0.49267
rdCMC.computeControls:  t = 0.49367
rdCMC.computeControls:  t = 0.49467
rdCMC.computeControls:  t = 0.49567
rdCMC.computeControls:  t = 0.49667
rdCMC.computeControls:  t = 0.49767
rdCMC.computeControls:  t = 0.49867
rdCMC.computeControls:  t = 0.49967
rdCMC.computeControls:  t = 0.50067
rdCMC.computeControls:  t = 0.50167
rdCMC.computeControls:  t = 0.50267
rdCMC.computeControls:  t = 0.50367
rdCMC.computeControls:  t = 0.50467
rdCMC.computeControls:  t = 0.50567
rdCMC.computeControls:  t = 0.50667
rdCMC.computeControls:  t = 0.50767
rdCMC.computeControls:  t = 0.50867
rdCMC.computeControls:  t = 0.50967
rdCMC.computeControls:  t = 0.51067
rdCMC.computeControls:  t = 0.51167
rdCMC.computeControls:  t = 0.51267
rdCMC.computeControls:  t = 0.51367
rdCMC.computeControls:  t = 0.51467
rdCMC.computeControls:  t = 0.51567
rdCMC.computeControls:  t = 0.51667
rdCMC.computeControls:  t = 0.51767
rdCMC.computeControls:  t = 0.51867
rdCMC.computeControls:  t = 0.51967
rdCMC.computeControls:  t = 0.52067
rdCMC.computeControls:  t = 0.52167
rdCMC.computeControls:  t = 0.52267
rdCMC.computeControls:  t = 0.52367
rdCMC.computeControls:  t = 0.52467
rdCMC.computeControls:  t = 0.52567
rdCMC.computeControls:  t = 0.52667
rdCMC.computeControls:  t = 0.52767
rdCMC.computeControls:  t = 0.52867
rdCMC.computeControls:  t = 0.52967
rdCMC.computeControls:  t = 0.53067
rdCMC.computeControls:  t = 0.53167
rdCMC.computeControls:  t = 0.53267
rdCMC.computeControls:  t = 0.53367
rdCMC.computeControls:  t = 0.53467
rdCMC.computeControls:  t = 0.53567
rdCMC.computeControls:  t = 0.53667
rdCMC.computeControls:  t = 0.53767
rdCMC.computeControls:  t = 0.53867
rdCMC.computeControls:  t = 0.53967
rdCMC.computeControls:  t = 0.54067
rdCMC.computeControls:  t = 0.54167
rdCMC.computeControls:  t = 0.54267
rdCMC.computeControls:  t = 0.54367
rdCMC.computeControls:  t = 0.54467
rdCMC.computeControls:  t = 0.54567
rdCMC.computeControls:  t = 0.54667
rdCMC.computeControls:  t = 0.54767
rdCMC.computeControls:  t = 0.54867
rdCMC.computeControls:  t = 0.54967
rdCMC.computeControls:  t = 0.55067
rdCMC.computeControls:  t = 0.55167
rdCMC.computeControls:  t = 0.55267
rdCMC.computeControls:  t = 0.55367
rdCMC.computeControls:  t = 0.55467
rdCMC.computeControls:  t = 0.55567
rdCMC.computeControls:  t = 0.55667
rdCMC.computeControls:  t = 0.55767
rdCMC.computeControls:  t = 0.55867
rdCMC.computeControls:  t = 0.55967
rdCMC.computeControls:  t = 0.56067
rdCMC.computeControls:  t = 0.56167
rdCMC.computeControls:  t = 0.56267
rdCMC.computeControls:  t = 0.56367
rdCMC.computeControls:  t = 0.56467
rdCMC.computeControls:  t = 0.56567
rdCMC.computeControls:  t = 0.56667
rdCMC.computeControls:  t = 0.56767
rdCMC.computeControls:  t = 0.56867
rdCMC.computeControls:  t = 0.56967
rdCMC.computeControls:  t = 0.57067
rdCMC.computeControls:  t = 0.57167
rdCMC.computeControls:  t = 0.57267
rdCMC.computeControls:  t = 0.57367
rdCMC.computeControls:  t = 0.57467
rdCMC.computeControls:  t = 0.57567
rdCMC.computeControls:  t = 0.57667
rdCMC.computeControls:  t = 0.57767
rdCMC.computeControls:  t = 0.57867
rdCMC.computeControls:  t = 0.57967
rdCMC.computeControls:  t = 0.58067
rdCMC.computeControls:  t = 0.58167
rdCMC.computeControls:  t = 0.58267
rdCMC.computeControls:  t = 0.58367
rdCMC.computeControls:  t = 0.58467
rdCMC.computeControls:  t = 0.58567
rdCMC.computeControls:  t = 0.58667
rdCMC.computeControls:  t = 0.58767
rdCMC.computeControls:  t = 0.58867
rdCMC.computeControls:  t = 0.58967
rdCMC.computeControls:  t = 0.59067
rdCMC.computeControls:  t = 0.59167
rdCMC.computeControls:  t = 0.59267
rdCMC.computeControls:  t = 0.59367
rdCMC.computeControls:  t = 0.59467
rdCMC.computeControls:  t = 0.59567
rdCMC.computeControls:  t = 0.59667
rdCMC.computeControls:  t = 0.59767
rdCMC.computeControls:  t = 0.59867
rdCMC.computeControls:  t = 0.59967
rdCMC.computeControls:  t = 0.60067
rdCMC.computeControls:  t = 0.60167
rdCMC.computeControls:  t = 0.60267
rdCMC.computeControls:  t = 0.60367
rdCMC.computeControls:  t = 0.60467
rdCMC.computeControls:  t = 0.60567
rdCMC.computeControls:  t = 0.60667
rdCMC.computeControls:  t = 0.60767
rdCMC.computeControls:  t = 0.60867
rdCMC.computeControls:  t = 0.60967
rdCMC.computeControls:  t = 0.61067
rdCMC.computeControls:  t = 0.61167
rdCMC.computeControls:  t = 0.61267
rdCMC.computeControls:  t = 0.61367
rdCMC.computeControls:  t = 0.61467
rdCMC.computeControls:  t = 0.61567
rdCMC.computeControls:  t = 0.61667
rdCMC.computeControls:  t = 0.61767
rdCMC.computeControls:  t = 0.61867
rdCMC.computeControls:  t = 0.61967
rdCMC.computeControls:  t = 0.62067
rdCMC.computeControls:  t = 0.62167
rdCMC.computeControls:  t = 0.62267
rdCMC.computeControls:  t = 0.62367
rdCMC.computeControls:  t = 0.62467
rdCMC.computeControls:  t = 0.62567
rdCMC.computeControls:  t = 0.62667
rdCMC.computeControls:  t = 0.62767
rdCMC.computeControls:  t = 0.62867
rdCMC.computeControls:  t = 0.62967
rdCMC.computeControls:  t = 0.63067
rdCMC.computeControls:  t = 0.63167
rdCMC.computeControls:  t = 0.63267
rdCMC.computeControls:  t = 0.63367
rdCMC.computeControls:  t = 0.63467
rdCMC.computeControls:  t = 0.63567
rdCMC.computeControls:  t = 0.63667
rdCMC.computeControls:  t = 0.63767
rdCMC.computeControls:  t = 0.63867
rdCMC.computeControls:  t = 0.63967
rdCMC.computeControls:  t = 0.64067
rdCMC.computeControls:  t = 0.64167
rdCMC.computeControls:  t = 0.64267
rdCMC.computeControls:  t = 0.64367
rdCMC.computeControls:  t = 0.64467
rdCMC.computeControls:  t = 0.64567
rdCMC.computeControls:  t = 0.64667
rdCMC.computeControls:  t = 0.64767
rdCMC.computeControls:  t = 0.64867
rdCMC.computeControls:  t = 0.64967
rdCMC.computeControls:  t = 0.65067
rdCMC.computeControls:  t = 0.65167
rdCMC.computeControls:  t = 0.65267
rdCMC.computeControls:  t = 0.65367
rdCMC.computeControls:  t = 0.65467
rdCMC.computeControls:  t = 0.65567
rdCMC.computeControls:  t = 0.65667
rdCMC.computeControls:  t = 0.65767
rdCMC.computeControls:  t = 0.65867
rdCMC.computeControls:  t = 0.65967
rdCMC.computeControls:  t = 0.66067
rdCMC.computeControls:  t = 0.66167
rdCMC.computeControls:  t = 0.66267
rdCMC.computeControls:  t = 0.66367
rdCMC.computeControls:  t = 0.66467
rdCMC.computeControls:  t = 0.66567
rdCMC.computeControls:  t = 0.66667
rdCMC.computeControls:  t = 0.66767
rdCMC.computeControls:  t = 0.66867
rdCMC.computeControls:  t = 0.66967
rdCMC.computeControls:  t = 0.67067
rdCMC.computeControls:  t = 0.67167
rdCMC.computeControls:  t = 0.67267
rdCMC.computeControls:  t = 0.67367
rdCMC.computeControls:  t = 0.67467
rdCMC.computeControls:  t = 0.67567
rdCMC.computeControls:  t = 0.67667
rdCMC.computeControls:  t = 0.67767
rdCMC.computeControls:  t = 0.67867
rdCMC.computeControls:  t = 0.67967
rdCMC.computeControls:  t = 0.68067
rdCMC.computeControls:  t = 0.68167
rdCMC.computeControls:  t = 0.68267
rdCMC.computeControls:  t = 0.68367
rdCMC.computeControls:  t = 0.68467
rdCMC.computeControls:  t = 0.68567
rdCMC.computeControls:  t = 0.68667
rdCMC.computeControls:  t = 0.68767
rdCMC.computeControls:  t = 0.68867
rdCMC.computeControls:  t = 0.68967
rdCMC.computeControls:  t = 0.69067
rdCMC.computeControls:  t = 0.69167
rdCMC.computeControls:  t = 0.69267
rdCMC.computeControls:  t = 0.69367
rdCMC.computeControls:  t = 0.69467
rdCMC.computeControls:  t = 0.69567
rdCMC.computeControls:  t = 0.69667
rdCMC.computeControls:  t = 0.69767
rdCMC.computeControls:  t = 0.69867
rdCMC.computeControls:  t = 0.69967
rdCMC.computeControls:  t = 0.70067
rdCMC.computeControls:  t = 0.70167
rdCMC.computeControls:  t = 0.70267
rdCMC.computeControls:  t = 0.70367
rdCMC.computeControls:  t = 0.70467
rdCMC.computeControls:  t = 0.70567
rdCMC.computeControls:  t = 0.70667
rdCMC.computeControls:  t = 0.70767
rdCMC.computeControls:  t = 0.70867
----------------------------------------------------------------
Finished tracking the specified kinematics
=================================================================
Start time   = Sat Oct 25 15:19:11 2008
Finish time  = Sat Oct 25 15:20:41 2008
Elapsed time = 90 seconds.
================================================================


Printing results of investigation GIL03_xfast2_RRA to Results.


Average residuals:
FX=-0.417381 FY=-5.3113 FZ=-0.300907
MX=1.23875 MY=-0.984094 MZ=3.32309


Deleted model default
