-------------------------------------------------------
This program includes software developed by the
Apache Software Foundation (http://www.apache.org/).
-------------------------------------------------------

Deleted model 
RegisterTypes_SdfastEngine

-------------------------------------------------------
Library SdfastEngine...
-------------------------------------------------------

RegisterTypes_SimbodyEngine

-------------------------------------------------------
Library SimbodyEngine...
-------------------------------------------------------

Constructing investigation from setup file GIL03_xslow1_Setup_CMC_Unconstrained.xml.

AbstractTool GIL03_xslow1_fixed_CMC_unconstr loading model '../../GIL03_gait2392_simbody_adjusted.osim'
Created model GIL03 from file ../../GIL03_gait2392_simbody_adjusted.osim
Adding actuator set from ../../GIL03_CMC_Actuators.xml
Handling locked coordinate.
Handling locked coordinate.
Handling locked coordinate.
Handling locked coordinate.
SimbodyCoordinate.setValue: WARN- coordinate subtalar_angle_r is locked. Unable to change its value.
SimbodyCoordinate.setValue: WARN- coordinate mtp_angle_r is locked. Unable to change its value.
SimbodyCoordinate.setValue: WARN- coordinate subtalar_angle_l is locked. Unable to change its value.
SimbodyCoordinate.setValue: WARN- coordinate mtp_angle_l is locked. Unable to change its value.
-----------------------------------------------------------------------
Loaded library
-----------------------------------------------------------------------
             MODEL: GIL03
         actuators: 111
          analyses: 3
          contacts: 0
-----------------------------------------------------------------------

Running tool GIL03_xslow1_fixed_CMC_unconstr.
MODEL: GIL03

ANALYSES (3)
analysis[0] = Kinematics
analysis[1] = Actuation
analysis[2] = BodyKinematics

BODIES (13)
body[0] = ground (mass: 0) (inertia: 0 0 0 0 0 0 0 0 0)
body[1] = pelvis (mass: 6.50071) (inertia: 0.0352458 0 0 0 0.0298629 0 0 0 0.0198515)
body[2] = femur_r (mass: 5.13422) (inertia: 0.065962 0 0 0 0.017291 0 0 0 0.0695581)
body[3] = tibia_r (mass: 2.04648) (inertia: 0.0239633 0 0 0 0.00242486 0 0 0 0.0242961)
body[4] = talus_r (mass: 0.0551983) (inertia: 0.00047546 0 0 0 0.00047546 0 0 0 0.00047546)
body[5] = calcn_r (mass: 0.689979) (inertia: 0.00068082 0 0 0 0.00189658 0 0 0 0.00199384)
body[6] = toes_r (mass: 0.11956) (inertia: 4.863e-005 0 0 0 9.726e-005 0 0 0 0.0004863)
body[7] = femur_l (mass: 5.13422) (inertia: 0.065962 0 0 0 0.017291 0 0 0 0.0695581)
body[8] = tibia_l (mass: 2.04648) (inertia: 0.0239633 0 0 0 0.00242486 0 0 0 0.0242961)
body[9] = talus_l (mass: 0.0551983) (inertia: 0.00047546 0 0 0 0.00047546 0 0 0 0.00047546)
body[10] = calcn_l (mass: 0.689979) (inertia: 0.00068082 0 0 0 0.00189658 0 0 0 0.00199384)
body[11] = toes_l (mass: 0.11956) (inertia: 4.863e-005 0 0 0 9.726e-005 0 0 0 0.0004863)
body[12] = torso (mass: 18.8926) (inertia: 0.588922 0 0 0 0.30175 0 0 0 0.571708)

ACTUATORS (111)
actuator[0] = glut_med1_r (controls: glut_med1_r.excitation)
actuator[1] = glut_med2_r (controls: glut_med2_r.excitation)
actuator[2] = glut_med3_r (controls: glut_med3_r.excitation)
actuator[3] = glut_min1_r (controls: glut_min1_r.excitation)
actuator[4] = glut_min2_r (controls: glut_min2_r.excitation)
actuator[5] = glut_min3_r (controls: glut_min3_r.excitation)
actuator[6] = semimem_r (controls: semimem_r.excitation)
actuator[7] = semiten_r (controls: semiten_r.excitation)
actuator[8] = bifemlh_r (controls: bifemlh_r.excitation)
actuator[9] = bifemsh_r (controls: bifemsh_r.excitation)
actuator[10] = sar_r (controls: sar_r.excitation)
actuator[11] = add_long_r (controls: add_long_r.excitation)
actuator[12] = add_brev_r (controls: add_brev_r.excitation)
actuator[13] = add_mag1_r (controls: add_mag1_r.excitation)
actuator[14] = add_mag2_r (controls: add_mag2_r.excitation)
actuator[15] = add_mag3_r (controls: add_mag3_r.excitation)
actuator[16] = tfl_r (controls: tfl_r.excitation)
actuator[17] = pect_r (controls: pect_r.excitation)
actuator[18] = grac_r (controls: grac_r.excitation)
actuator[19] = glut_max1_r (controls: glut_max1_r.excitation)
actuator[20] = glut_max2_r (controls: glut_max2_r.excitation)
actuator[21] = glut_max3_r (controls: glut_max3_r.excitation)
actuator[22] = iliacus_r (controls: iliacus_r.excitation)
actuator[23] = psoas_r (controls: psoas_r.excitation)
actuator[24] = quad_fem_r (controls: quad_fem_r.excitation)
actuator[25] = gem_r (controls: gem_r.excitation)
actuator[26] = peri_r (controls: peri_r.excitation)
actuator[27] = rect_fem_r (controls: rect_fem_r.excitation)
actuator[28] = vas_med_r (controls: vas_med_r.excitation)
actuator[29] = vas_int_r (controls: vas_int_r.excitation)
actuator[30] = vas_lat_r (controls: vas_lat_r.excitation)
actuator[31] = med_gas_r (controls: med_gas_r.excitation)
actuator[32] = lat_gas_r (controls: lat_gas_r.excitation)
actuator[33] = soleus_r (controls: soleus_r.excitation)
actuator[34] = tib_post_r (controls: tib_post_r.excitation)
actuator[35] = flex_dig_r (controls: flex_dig_r.excitation)
actuator[36] = flex_hal_r (controls: flex_hal_r.excitation)
actuator[37] = tib_ant_r (controls: tib_ant_r.excitation)
actuator[38] = per_brev_r (controls: per_brev_r.excitation)
actuator[39] = per_long_r (controls: per_long_r.excitation)
actuator[40] = per_tert_r (controls: per_tert_r.excitation)
actuator[41] = ext_dig_r (controls: ext_dig_r.excitation)
actuator[42] = ext_hal_r (controls: ext_hal_r.excitation)
actuator[43] = glut_med1_l (controls: glut_med1_l.excitation)
actuator[44] = glut_med2_l (controls: glut_med2_l.excitation)
actuator[45] = glut_med3_l (controls: glut_med3_l.excitation)
actuator[46] = glut_min1_l (controls: glut_min1_l.excitation)
actuator[47] = glut_min2_l (controls: glut_min2_l.excitation)
actuator[48] = glut_min3_l (controls: glut_min3_l.excitation)
actuator[49] = semimem_l (controls: semimem_l.excitation)
actuator[50] = semiten_l (controls: semiten_l.excitation)
actuator[51] = bifemlh_l (controls: bifemlh_l.excitation)
actuator[52] = bifemsh_l (controls: bifemsh_l.excitation)
actuator[53] = sar_l (controls: sar_l.excitation)
actuator[54] = add_long_l (controls: add_long_l.excitation)
actuator[55] = add_brev_l (controls: add_brev_l.excitation)
actuator[56] = add_mag1_l (controls: add_mag1_l.excitation)
actuator[57] = add_mag2_l (controls: add_mag2_l.excitation)
actuator[58] = add_mag3_l (controls: add_mag3_l.excitation)
actuator[59] = tfl_l (controls: tfl_l.excitation)
actuator[60] = pect_l (controls: pect_l.excitation)
actuator[61] = grac_l (controls: grac_l.excitation)
actuator[62] = glut_max1_l (controls: glut_max1_l.excitation)
actuator[63] = glut_max2_l (controls: glut_max2_l.excitation)
actuator[64] = glut_max3_l (controls: glut_max3_l.excitation)
actuator[65] = iliacus_l (controls: iliacus_l.excitation)
actuator[66] = psoas_l (controls: psoas_l.excitation)
actuator[67] = quad_fem_l (controls: quad_fem_l.excitation)
actuator[68] = gem_l (controls: gem_l.excitation)
actuator[69] = peri_l (controls: peri_l.excitation)
actuator[70] = rect_fem_l (controls: rect_fem_l.excitation)
actuator[71] = vas_med_l (controls: vas_med_l.excitation)
actuator[72] = vas_int_l (controls: vas_int_l.excitation)
actuator[73] = vas_lat_l (controls: vas_lat_l.excitation)
actuator[74] = med_gas_l (controls: med_gas_l.excitation)
actuator[75] = lat_gas_l (controls: lat_gas_l.excitation)
actuator[76] = soleus_l (controls: soleus_l.excitation)
actuator[77] = tib_post_l (controls: tib_post_l.excitation)
actuator[78] = flex_dig_l (controls: flex_dig_l.excitation)
actuator[79] = flex_hal_l (controls: flex_hal_l.excitation)
actuator[80] = tib_ant_l (controls: tib_ant_l.excitation)
actuator[81] = per_brev_l (controls: per_brev_l.excitation)
actuator[82] = per_long_l (controls: per_long_l.excitation)
actuator[83] = per_tert_l (controls: per_tert_l.excitation)
actuator[84] = ext_dig_l (controls: ext_dig_l.excitation)
actuator[85] = ext_hal_l (controls: ext_hal_l.excitation)
actuator[86] = ercspn_r (controls: ercspn_r.excitation)
actuator[87] = ercspn_l (controls: ercspn_l.excitation)
actuator[88] = intobl_r (controls: intobl_r.excitation)
actuator[89] = intobl_l (controls: intobl_l.excitation)
actuator[90] = extobl_r (controls: extobl_r.excitation)
actuator[91] = extobl_l (controls: extobl_l.excitation)
actuator[92] = FX (controls: FX.excitation)
actuator[93] = FY (controls: FY.excitation)
actuator[94] = FZ (controls: FZ.excitation)
actuator[95] = MX (controls: MX.excitation)
actuator[96] = MY (controls: MY.excitation)
actuator[97] = MZ (controls: MZ.excitation)
actuator[98] = hip_flexion_r_reserve (controls: hip_flexion_r_reserve.excitation)
actuator[99] = hip_adduction_r_reserve (controls: hip_adduction_r_reserve.excitation)
actuator[100] = hip_rotation_r_reserve (controls: hip_rotation_r_reserve.excitation)
actuator[101] = knee_angle_r_reserve (controls: knee_angle_r_reserve.excitation)
actuator[102] = ankle_angle_r_reserve (controls: ankle_angle_r_reserve.excitation)
actuator[103] = hip_flexion_l_reserve (controls: hip_flexion_l_reserve.excitation)
actuator[104] = hip_adduction_l_reserve (controls: hip_adduction_l_reserve.excitation)
actuator[105] = hip_rotation_l_reserve (controls: hip_rotation_l_reserve.excitation)
actuator[106] = knee_angle_l_reserve (controls: knee_angle_l_reserve.excitation)
actuator[107] = ankle_angle_l_reserve (controls: ankle_angle_l_reserve.excitation)
actuator[108] = lumbar_extension_reserve (controls: lumbar_extension_reserve.excitation)
actuator[109] = lumbar_bending_reserve (controls: lumbar_bending_reserve.excitation)
actuator[110] = lumbar_rotation_reserve (controls: lumbar_rotation_reserve.excitation)

CONTACTS (0)
numControls = 111
numStates = 230
numCoordinates = 23
numSpeeds = 23
numActuators = 111
numBodies = 13

STATES (230)
y[0] = pelvis_tx
y[1] = pelvis_ty
y[2] = pelvis_tz
y[3] = pelvis_tilt
y[4] = pelvis_list
y[5] = pelvis_rotation
y[6] = hip_flexion_r
y[7] = hip_adduction_r
y[8] = hip_rotation_r
y[9] = knee_angle_r
y[10] = ankle_angle_r
y[11] = subtalar_angle_r
y[12] = mtp_angle_r
y[13] = hip_flexion_l
y[14] = hip_adduction_l
y[15] = hip_rotation_l
y[16] = knee_angle_l
y[17] = ankle_angle_l
y[18] = subtalar_angle_l
y[19] = mtp_angle_l
y[20] = lumbar_extension
y[21] = lumbar_bending
y[22] = lumbar_rotation
y[23] = pelvis_tx_u
y[24] = pelvis_ty_u
y[25] = pelvis_tz_u
y[26] = pelvis_tilt_u
y[27] = pelvis_list_u
y[28] = pelvis_rotation_u
y[29] = hip_flexion_r_u
y[30] = hip_adduction_r_u
y[31] = hip_rotation_r_u
y[32] = knee_angle_r_u
y[33] = ankle_angle_r_u
y[34] = subtalar_angle_r_u
y[35] = mtp_angle_r_u
y[36] = hip_flexion_l_u
y[37] = hip_adduction_l_u
y[38] = hip_rotation_l_u
y[39] = knee_angle_l_u
y[40] = ankle_angle_l_u
y[41] = subtalar_angle_l_u
y[42] = mtp_angle_l_u
y[43] = lumbar_extension_u
y[44] = lumbar_bending_u
y[45] = lumbar_rotation_u
y[46] = glut_med1_r.activation
y[47] = glut_med1_r.fiber_length
y[48] = glut_med2_r.activation
y[49] = glut_med2_r.fiber_length
y[50] = glut_med3_r.activation
y[51] = glut_med3_r.fiber_length
y[52] = glut_min1_r.activation
y[53] = glut_min1_r.fiber_length
y[54] = glut_min2_r.activation
y[55] = glut_min2_r.fiber_length
y[56] = glut_min3_r.activation
y[57] = glut_min3_r.fiber_length
y[58] = semimem_r.activation
y[59] = semimem_r.fiber_length
y[60] = semiten_r.activation
y[61] = semiten_r.fiber_length
y[62] = bifemlh_r.activation
y[63] = bifemlh_r.fiber_length
y[64] = bifemsh_r.activation
y[65] = bifemsh_r.fiber_length
y[66] = sar_r.activation
y[67] = sar_r.fiber_length
y[68] = add_long_r.activation
y[69] = add_long_r.fiber_length
y[70] = add_brev_r.activation
y[71] = add_brev_r.fiber_length
y[72] = add_mag1_r.activation
y[73] = add_mag1_r.fiber_length
y[74] = add_mag2_r.activation
y[75] = add_mag2_r.fiber_length
y[76] = add_mag3_r.activation
y[77] = add_mag3_r.fiber_length
y[78] = tfl_r.activation
y[79] = tfl_r.fiber_length
y[80] = pect_r.activation
y[81] = pect_r.fiber_length
y[82] = grac_r.activation
y[83] = grac_r.fiber_length
y[84] = glut_max1_r.activation
y[85] = glut_max1_r.fiber_length
y[86] = glut_max2_r.activation
y[87] = glut_max2_r.fiber_length
y[88] = glut_max3_r.activation
y[89] = glut_max3_r.fiber_length
y[90] = iliacus_r.activation
y[91] = iliacus_r.fiber_length
y[92] = psoas_r.activation
y[93] = psoas_r.fiber_length
y[94] = quad_fem_r.activation
y[95] = quad_fem_r.fiber_length
y[96] = gem_r.activation
y[97] = gem_r.fiber_length
y[98] = peri_r.activation
y[99] = peri_r.fiber_length
y[100] = rect_fem_r.activation
y[101] = rect_fem_r.fiber_length
y[102] = vas_med_r.activation
y[103] = vas_med_r.fiber_length
y[104] = vas_int_r.activation
y[105] = vas_int_r.fiber_length
y[106] = vas_lat_r.activation
y[107] = vas_lat_r.fiber_length
y[108] = med_gas_r.activation
y[109] = med_gas_r.fiber_length
y[110] = lat_gas_r.activation
y[111] = lat_gas_r.fiber_length
y[112] = soleus_r.activation
y[113] = soleus_r.fiber_length
y[114] = tib_post_r.activation
y[115] = tib_post_r.fiber_length
y[116] = flex_dig_r.activation
y[117] = flex_dig_r.fiber_length
y[118] = flex_hal_r.activation
y[119] = flex_hal_r.fiber_length
y[120] = tib_ant_r.activation
y[121] = tib_ant_r.fiber_length
y[122] = per_brev_r.activation
y[123] = per_brev_r.fiber_length
y[124] = per_long_r.activation
y[125] = per_long_r.fiber_length
y[126] = per_tert_r.activation
y[127] = per_tert_r.fiber_length
y[128] = ext_dig_r.activation
y[129] = ext_dig_r.fiber_length
y[130] = ext_hal_r.activation
y[131] = ext_hal_r.fiber_length
y[132] = glut_med1_l.activation
y[133] = glut_med1_l.fiber_length
y[134] = glut_med2_l.activation
y[135] = glut_med2_l.fiber_length
y[136] = glut_med3_l.activation
y[137] = glut_med3_l.fiber_length
y[138] = glut_min1_l.activation
y[139] = glut_min1_l.fiber_length
y[140] = glut_min2_l.activation
y[141] = glut_min2_l.fiber_length
y[142] = glut_min3_l.activation
y[143] = glut_min3_l.fiber_length
y[144] = semimem_l.activation
y[145] = semimem_l.fiber_length
y[146] = semiten_l.activation
y[147] = semiten_l.fiber_length
y[148] = bifemlh_l.activation
y[149] = bifemlh_l.fiber_length
y[150] = bifemsh_l.activation
y[151] = bifemsh_l.fiber_length
y[152] = sar_l.activation
y[153] = sar_l.fiber_length
y[154] = add_long_l.activation
y[155] = add_long_l.fiber_length
y[156] = add_brev_l.activation
y[157] = add_brev_l.fiber_length
y[158] = add_mag1_l.activation
y[159] = add_mag1_l.fiber_length
y[160] = add_mag2_l.activation
y[161] = add_mag2_l.fiber_length
y[162] = add_mag3_l.activation
y[163] = add_mag3_l.fiber_length
y[164] = tfl_l.activation
y[165] = tfl_l.fiber_length
y[166] = pect_l.activation
y[167] = pect_l.fiber_length
y[168] = grac_l.activation
y[169] = grac_l.fiber_length
y[170] = glut_max1_l.activation
y[171] = glut_max1_l.fiber_length
y[172] = glut_max2_l.activation
y[173] = glut_max2_l.fiber_length
y[174] = glut_max3_l.activation
y[175] = glut_max3_l.fiber_length
y[176] = iliacus_l.activation
y[177] = iliacus_l.fiber_length
y[178] = psoas_l.activation
y[179] = psoas_l.fiber_length
y[180] = quad_fem_l.activation
y[181] = quad_fem_l.fiber_length
y[182] = gem_l.activation
y[183] = gem_l.fiber_length
y[184] = peri_l.activation
y[185] = peri_l.fiber_length
y[186] = rect_fem_l.activation
y[187] = rect_fem_l.fiber_length
y[188] = vas_med_l.activation
y[189] = vas_med_l.fiber_length
y[190] = vas_int_l.activation
y[191] = vas_int_l.fiber_length
y[192] = vas_lat_l.activation
y[193] = vas_lat_l.fiber_length
y[194] = med_gas_l.activation
y[195] = med_gas_l.fiber_length
y[196] = lat_gas_l.activation
y[197] = lat_gas_l.fiber_length
y[198] = soleus_l.activation
y[199] = soleus_l.fiber_length
y[200] = tib_post_l.activation
y[201] = tib_post_l.fiber_length
y[202] = flex_dig_l.activation
y[203] = flex_dig_l.fiber_length
y[204] = flex_hal_l.activation
y[205] = flex_hal_l.fiber_length
y[206] = tib_ant_l.activation
y[207] = tib_ant_l.fiber_length
y[208] = per_brev_l.activation
y[209] = per_brev_l.fiber_length
y[210] = per_long_l.activation
y[211] = per_long_l.fiber_length
y[212] = per_tert_l.activation
y[213] = per_tert_l.fiber_length
y[214] = ext_dig_l.activation
y[215] = ext_dig_l.fiber_length
y[216] = ext_hal_l.activation
y[217] = ext_hal_l.fiber_length
y[218] = ercspn_r.activation
y[219] = ercspn_r.fiber_length
y[220] = ercspn_l.activation
y[221] = ercspn_l.fiber_length
y[222] = intobl_r.activation
y[223] = intobl_r.fiber_length
y[224] = intobl_l.activation
y[225] = intobl_l.fiber_length
y[226] = extobl_r.activation
y[227] = extobl_r.fiber_length
y[228] = extobl_l.activation
y[229] = extobl_l.fiber_length


Loading desired kinematics from file ../RRA/Results/GIL03_xslow1_RRA_Kinematics_q.sto ...
Storage: file=../RRA/Results/GIL03_xslow1_RRA_Kinematics_q.sto (nr=1295 nc=24)


Note- not filtering the desired kinematics.



Loading external loads kinematics from file ../IK/GIL03_xslow1_ik.mot ...
Storage: file=../IK/GIL03_xslow1_ik.mot (nr=161 nc=375)
Low-pass filtering external load kinematics with a cutoff frequency of 6...
Storage: file=../IK/GIL03_xslow1_ik.mot (nr=161 nc=375)
Padded kineticsStore to start time of 0.275

Constructing function set for tracking...



 taskSet size = 19

Using the generalized coordinates specified in ../RRA/Results/GIL03_xslow1_RRA_Kinematics_q.sto to set the initial configuration.
Successfully linked to CFSQP library 'osimCFSQP.dll'
Using CFSQP optimizer algorithm.

Setting optimizer print level to 0.
Setting optimizer convergence criterion to 1e-006.
Setting optimizer maximum iterations to 2000.

Setting cmc controller to not use verbose printing.



================================================================
================================================================
Computing initial values for muscles states (activation, length)
Start time = Mon Oct 27 17:01:14 2008
================================================================

=============================================
rdCMC.computeInitialStates: ti=0.325
=============================================
rdCMC.computeControls:  t = 0.325
rdCMC.computeControls:  t = 0.325

-----------------------------------------------------------------
Finished computing initial states:
-----------------------------------------------------------------
Array[230]= 1.50424 0.893679 -0.277766 0.0694721 0.0288262 -0.0892829 0.0513826 -0.155132 -0.172672 -0.96701 0.106037 1.46451e-018 -1.63066e-018 0.108563 0.0909364 0.049174 -0.322103 0.145198 -1.22884e-016 1.50345e-016 -0.239264 -0.015377 0.0857725 0.593825 0.058811 -0.0978198 0.214499 -0.221888 0.332929 1.45039 -0.0458296 -0.351482 -0.706516 0.790701 3.26523e-017 -4.3824e-017 -1.0095 -0.11751 -0.513363 0.085967 0.53842 -1.9281e-015 2.39517e-015 -0.0749795 0.385629 -0.229046 0.0644435 0.0338897 0.0555044 0.0587014 0.0622895 0.0425861 0.0304122 0.0558346 0.0393188 0.0449438 0.0438698 0.0245693 0.108896 0.0282517 0.119079 0.161446 0.0415166 0.0617831 0.327999 0.13506 0.136353 0.416722 0.02 0.106908 0.02 0.112848 0.02 0.0603425 0.02 0.0781802 0.02 0.0931266 0.0669962 0.0990887 0.02 0.0672797 0.0366869 0.280716 0.02 0.0597283 0.02 0.0691724 0.02 0.0841631 0.163902 0.088357 0.183765 0.0813221 0.02 0.0376893 0.02 0.0181992 0.0327864 0.0107216 0.02 0.129538 0.02 0.0820187 0.02 0.0821974 0.02 0.0790501 0.02 0.0426117 0.02 0.0461335 0.02 0.0453138 0.02 0.0316359 0.02 0.0295678 0.02 0.0369705 0.246682 0.0681297 0.02 0.0457439 0.02 0.0461772 0.0319068 0.071231 0.184725 0.0825827 0.0490357 0.091908 0.382126 0.0389649 0.221509 0.0698259 0.154718 0.0558908 0.107514 0.0601131 0.111769 0.0518569 0.11607 0.0339709 0.0253088 0.0490866 0.02 0.188786 0.02 0.0835504 0.02 0.153433 0.02 0.428415 0.02 0.0910802 0.02 0.0991683 0.02 0.0468163 0.02 0.0663661 0.02 0.088316 0.047264 0.100182 0.02 0.0591445 0.02 0.290502 0.141853 0.0702779 0.115484 0.0771733 0.02 0.0826792 0.02 0.0852895 0.02 0.0789994 0.02 0.0374458 0.02 0.0224592 0.0365319 0.0210157 0.02 0.103299 0.0236219 0.0572012 0.0298702 0.0617048 0.0349462 0.0535321 0.0254089 0.0547869 0.02 0.0591585 0.0969469 0.0454552 0.02 0.0319803 0.02 0.029927 0.02 0.0375254 0.02 0.0689384 0.02 0.0458876 0.02 0.0464713 0.02 0.070378 0.02 0.0839985 0.02 0.0912666 0.0967962 0.106874 0.0442012 0.107476 0.02 0.0756373 0.0388495 0.0674955 0.02 0.0935206 0.02 0.0977339
=================================================================
Start time   = Mon Oct 27 17:01:14 2008
Finish time  = Mon Oct 27 17:01:54 2008
Elapsed time = 40 seconds.
=================================================================



================================================================
================================================================
Using CMC to track the specified kinematics
Integrating from 0.355 to 1.579
Start time = Mon Oct 27 17:01:54 2008
================================================================
rdCMC.computeControls:  t = 0.355
rdCMC.computeControls:  t = 0.365
rdCMC.computeControls:  t = 0.375
rdCMC.computeControls:  t = 0.385
rdCMC.computeControls:  t = 0.395
rdCMC.computeControls:  t = 0.405
rdCMC.computeControls:  t = 0.415
rdCMC.computeControls:  t = 0.425
rdCMC.computeControls:  t = 0.435
rdCMC.computeControls:  t = 0.445
rdCMC.computeControls:  t = 0.455
rdCMC.computeControls:  t = 0.465
rdCMC.computeControls:  t = 0.475
rdCMC.computeControls:  t = 0.485
rdCMC.computeControls:  t = 0.495
rdCMC.computeControls:  t = 0.505
rdCMC.computeControls:  t = 0.515
rdCMC.computeControls:  t = 0.525
rdCMC.computeControls:  t = 0.535
rdCMC.computeControls:  t = 0.545
rdCMC.computeControls:  t = 0.555
rdCMC.computeControls:  t = 0.565
rdCMC.computeControls:  t = 0.575
rdCMC.computeControls:  t = 0.585
rdCMC.computeControls:  t = 0.595
rdCMC.computeControls:  t = 0.605
rdCMC.computeControls:  t = 0.615
rdCMC.computeControls:  t = 0.625
rdCMC.computeControls:  t = 0.635
rdCMC.computeControls:  t = 0.645
rdCMC.computeControls:  t = 0.655
rdCMC.computeControls:  t = 0.665
rdCMC.computeControls:  t = 0.675
rdCMC.computeControls:  t = 0.685
rdCMC.computeControls:  t = 0.695
rdCMC.computeControls:  t = 0.705
rdCMC.computeControls:  t = 0.715
rdCMC.computeControls:  t = 0.725
rdCMC.computeControls:  t = 0.735
rdCMC.computeControls:  t = 0.745
rdCMC.computeControls:  t = 0.755
rdCMC.computeControls:  t = 0.765
rdCMC.computeControls:  t = 0.775
rdCMC.computeControls:  t = 0.785
rdCMC.computeControls:  t = 0.795
rdCMC.computeControls:  t = 0.805
rdCMC.computeControls:  t = 0.815
rdCMC.computeControls:  t = 0.825
rdCMC.computeControls:  t = 0.835
rdCMC.computeControls:  t = 0.845
rdCMC.computeControls:  t = 0.855
rdCMC.computeControls:  t = 0.865
rdCMC.computeControls:  t = 0.875
rdCMC.computeControls:  t = 0.885
rdCMC.computeControls:  t = 0.895
rdCMC.computeControls:  t = 0.905
rdCMC.computeControls:  t = 0.915
rdCMC.computeControls:  t = 0.925
rdCMC.computeControls:  t = 0.935
rdCMC.computeControls:  t = 0.945
rdCMC.computeControls:  t = 0.955
rdCMC.computeControls:  t = 0.965
rdCMC.computeControls:  t = 0.975
rdCMC.computeControls:  t = 0.985
rdCMC.computeControls:  t = 0.995
rdCMC.computeControls:  t = 1.005
rdCMC.computeControls:  t = 1.015
rdCMC.computeControls:  t = 1.025
rdCMC.computeControls:  t = 1.035
rdCMC.computeControls:  t = 1.045
rdCMC.computeControls:  t = 1.055
rdCMC.computeControls:  t = 1.065
rdCMC.computeControls:  t = 1.075
rdCMC.computeControls:  t = 1.085
rdCMC.computeControls:  t = 1.095
rdCMC.computeControls:  t = 1.105
rdCMC.computeControls:  t = 1.115
rdCMC.computeControls:  t = 1.125
rdCMC.computeControls:  t = 1.135
rdCMC.computeControls:  t = 1.145
rdCMC.computeControls:  t = 1.155
rdCMC.computeControls:  t = 1.165
rdCMC.computeControls:  t = 1.175
rdCMC.computeControls:  t = 1.185
rdCMC.computeControls:  t = 1.195
rdCMC.computeControls:  t = 1.205
rdCMC.computeControls:  t = 1.215
rdCMC.computeControls:  t = 1.225
rdCMC.computeControls:  t = 1.235
rdCMC.computeControls:  t = 1.245
rdCMC.computeControls:  t = 1.255
rdCMC.computeControls:  t = 1.265
rdCMC.computeControls:  t = 1.275
rdCMC.computeControls:  t = 1.285
rdCMC.computeControls:  t = 1.295
rdCMC.computeControls:  t = 1.305
rdCMC.computeControls:  t = 1.315
rdCMC.computeControls:  t = 1.325
rdCMC.computeControls:  t = 1.335
rdCMC.computeControls:  t = 1.345
rdCMC.computeControls:  t = 1.355
rdCMC.computeControls:  t = 1.365
rdCMC.computeControls:  t = 1.375
rdCMC.computeControls:  t = 1.385
rdCMC.computeControls:  t = 1.395
rdCMC.computeControls:  t = 1.405
rdCMC.computeControls:  t = 1.415
rdCMC.computeControls:  t = 1.425
rdCMC.computeControls:  t = 1.435
rdCMC.computeControls:  t = 1.445
rdCMC.computeControls:  t = 1.455
rdCMC.computeControls:  t = 1.465
rdCMC.computeControls:  t = 1.475
rdCMC.computeControls:  t = 1.485
rdCMC.computeControls:  t = 1.495
rdCMC.computeControls:  t = 1.505
rdCMC.computeControls:  t = 1.515
rdCMC.computeControls:  t = 1.525
rdCMC.computeControls:  t = 1.535
rdCMC.computeControls:  t = 1.545
rdCMC.computeControls:  t = 1.555
rdCMC.computeControls:  t = 1.565
----------------------------------------------------------------
Finished tracking the specified kinematics
=================================================================
Start time   = Mon Oct 27 17:01:54 2008
Finish time  = Mon Oct 27 17:32:35 2008
Elapsed time = 1841 seconds.
================================================================


Printing results of investigation GIL03_xslow1_fixed_CMC_unconstr to Results.


Average residuals:
FX=0.294151 FY=-2.97479 FZ=0.897143
MX=1.03877 MY=-0.193643 MZ=0.17691


Deleted model default
