-------------------------------------------------------
This program includes software developed by the
Apache Software Foundation (http://www.apache.org/).
-------------------------------------------------------

Deleted model 
RegisterTypes_SdfastEngine

-------------------------------------------------------
Library SdfastEngine...
-------------------------------------------------------

RegisterTypes_SimbodyEngine

-------------------------------------------------------
Library SimbodyEngine...
-------------------------------------------------------

Constructing investigation from setup file GIL08_free1_Setup_RRA.xml.

AbstractTool GIL08_free1_RRA loading model '../../GIL08_gait2392_simbody_adjusted.osim'
Created model GIL08 from file ../../GIL08_gait2392_simbody_adjusted.osim
Adding actuator set from ../../GIL08_RRA_Actuators.xml
Handling locked coordinate.
Handling locked coordinate.
Handling locked coordinate.
Handling locked coordinate.
SimbodyCoordinate.setValue: WARN- coordinate subtalar_angle_r is locked. Unable to change its value.
SimbodyCoordinate.setValue: WARN- coordinate mtp_angle_r is locked. Unable to change its value.
SimbodyCoordinate.setValue: WARN- coordinate subtalar_angle_l is locked. Unable to change its value.
SimbodyCoordinate.setValue: WARN- coordinate mtp_angle_l is locked. Unable to change its value.
-----------------------------------------------------------------------
Loaded library
-----------------------------------------------------------------------
             MODEL: GIL08
         actuators: 19
          analyses: 0
          contacts: 0
-----------------------------------------------------------------------

Running tool GIL08_free1_RRA.
MODEL: GIL08

ANALYSES (0)

BODIES (13)
body[0] = ground (mass: 0) (inertia: 0 0 0 0 0 0 0 0 0)
body[1] = pelvis (mass: 9.67293) (inertia: 0.0586058 0 0 0 0.0496553 0 0 0 0.0330085)
body[2] = femur_r (mass: 7.63962) (inertia: 0.120107 0 0 0 0.0314844 0 0 0 0.126655)
body[3] = tibia_r (mass: 3.04512) (inertia: 0.0389982 0 0 0 0.00394625 0 0 0 0.0395399)
body[4] = talus_r (mass: 0.0821341) (inertia: 0.00077377 0 0 0 0.00077377 0 0 0 0.00077377)
body[5] = calcn_r (mass: 1.02668) (inertia: 0.00101728 0 0 0 0.00283385 0 0 0 0.00297918)
body[6] = toes_r (mass: 0.177902) (inertia: 7.266e-005 0 0 0 0.00014533 0 0 0 0.00072663)
body[7] = femur_l (mass: 7.63962) (inertia: 0.120107 0 0 0 0.0314844 0 0 0 0.126655)
body[8] = tibia_l (mass: 3.04512) (inertia: 0.0389982 0 0 0 0.00394625 0 0 0 0.0395399)
body[9] = talus_l (mass: 0.0821341) (inertia: 0.00077377 0 0 0 0.00077377 0 0 0 0.00077377)
body[10] = calcn_l (mass: 1.02668) (inertia: 0.00101728 0 0 0 0.00283385 0 0 0 0.00297918)
body[11] = toes_l (mass: 0.177902) (inertia: 7.266e-005 0 0 0 0.00014533 0 0 0 0.00072663)
body[12] = torso (mass: 27.2481) (inertia: 1.03153 0 0 0 0.528531 0 0 0 1.00138)

ACTUATORS (19)
actuator[0] = FX (controls: FX.excitation)
actuator[1] = FY (controls: FY.excitation)
actuator[2] = FZ (controls: FZ.excitation)
actuator[3] = MX (controls: MX.excitation)
actuator[4] = MY (controls: MY.excitation)
actuator[5] = MZ (controls: MZ.excitation)
actuator[6] = hip_flexion_r (controls: hip_flexion_r.excitation)
actuator[7] = hip_adduction_r (controls: hip_adduction_r.excitation)
actuator[8] = hip_rotation_r (controls: hip_rotation_r.excitation)
actuator[9] = knee_angle_r (controls: knee_angle_r.excitation)
actuator[10] = ankle_angle_r (controls: ankle_angle_r.excitation)
actuator[11] = hip_flexion_l (controls: hip_flexion_l.excitation)
actuator[12] = hip_adduction_l (controls: hip_adduction_l.excitation)
actuator[13] = hip_rotation_l (controls: hip_rotation_l.excitation)
actuator[14] = knee_angle_l (controls: knee_angle_l.excitation)
actuator[15] = ankle_angle_l (controls: ankle_angle_l.excitation)
actuator[16] = lumbar_extension (controls: lumbar_extension.excitation)
actuator[17] = lumbar_bending (controls: lumbar_bending.excitation)
actuator[18] = lumbar_rotation (controls: lumbar_rotation.excitation)

CONTACTS (0)
numControls = 19
numStates = 46
numCoordinates = 23
numSpeeds = 23
numActuators = 19
numBodies = 13

STATES (46)
y[0] = pelvis_tx
y[1] = pelvis_ty
y[2] = pelvis_tz
y[3] = pelvis_tilt
y[4] = pelvis_list
y[5] = pelvis_rotation
y[6] = hip_flexion_r
y[7] = hip_adduction_r
y[8] = hip_rotation_r
y[9] = knee_angle_r
y[10] = ankle_angle_r
y[11] = subtalar_angle_r
y[12] = mtp_angle_r
y[13] = hip_flexion_l
y[14] = hip_adduction_l
y[15] = hip_rotation_l
y[16] = knee_angle_l
y[17] = ankle_angle_l
y[18] = subtalar_angle_l
y[19] = mtp_angle_l
y[20] = lumbar_extension
y[21] = lumbar_bending
y[22] = lumbar_rotation
y[23] = pelvis_tx_u
y[24] = pelvis_ty_u
y[25] = pelvis_tz_u
y[26] = pelvis_tilt_u
y[27] = pelvis_list_u
y[28] = pelvis_rotation_u
y[29] = hip_flexion_r_u
y[30] = hip_adduction_r_u
y[31] = hip_rotation_r_u
y[32] = knee_angle_r_u
y[33] = ankle_angle_r_u
y[34] = subtalar_angle_r_u
y[35] = mtp_angle_r_u
y[36] = hip_flexion_l_u
y[37] = hip_adduction_l_u
y[38] = hip_rotation_l_u
y[39] = knee_angle_l_u
y[40] = ankle_angle_l_u
y[41] = subtalar_angle_l_u
y[42] = mtp_angle_l_u
y[43] = lumbar_extension_u
y[44] = lumbar_bending_u
y[45] = lumbar_rotation_u


Loading desired kinematics from file ../IK/GIL08_free1_ik.mot ...
Storage: file=../IK/GIL08_free1_ik.mot (nr=125 nc=375)


Low-pass filtering desired kinematics with a cutoff frequency of 8...



Loading external loads kinematics from file ../IK/GIL08_free1_ik.mot ...
Storage: file=../IK/GIL08_free1_ik.mot (nr=125 nc=375)
Low-pass filtering external load kinematics with a cutoff frequency of 6...
Storage: file=../IK/GIL08_free1_ik.mot (nr=125 nc=375)
Padded kineticsStore to start time of 0.15

Constructing function set for tracking...

No Actuation analysis found in analysis set -- adding one
No Kinematics analysis found in analysis set -- adding one


 taskSet size = 19

Using the generalized coordinates specified in ../IK/GIL08_free1_ik.mot to set the initial configuration.
Successfully linked to CFSQP library 'osimCFSQP.dll'
Using CFSQP optimizer algorithm.

Setting optimizer print level to 0.
Setting optimizer convergence criterion to 1e-006.
Setting optimizer maximum iterations to 2000.

Setting cmc controller to not use verbose printing.



================================================================
================================================================
Using CMC to track the specified kinematics
Integrating from 0.16 to 1.15
Start time = Wed Oct 22 18:52:05 2008
================================================================
rdCMC.computeControls:  t = 0.16
rdCMC.computeControls:  t = 0.161
rdCMC.computeControls:  t = 0.162
rdCMC.computeControls:  t = 0.163
rdCMC.computeControls:  t = 0.164
rdCMC.computeControls:  t = 0.165
rdCMC.computeControls:  t = 0.166
rdCMC.computeControls:  t = 0.167
rdCMC.computeControls:  t = 0.168
rdCMC.computeControls:  t = 0.169
rdCMC.computeControls:  t = 0.17
rdCMC.computeControls:  t = 0.171
rdCMC.computeControls:  t = 0.172
rdCMC.computeControls:  t = 0.173
rdCMC.computeControls:  t = 0.174
rdCMC.computeControls:  t = 0.175
rdCMC.computeControls:  t = 0.176
rdCMC.computeControls:  t = 0.177
rdCMC.computeControls:  t = 0.178
rdCMC.computeControls:  t = 0.179
rdCMC.computeControls:  t = 0.18
rdCMC.computeControls:  t = 0.181
rdCMC.computeControls:  t = 0.182
rdCMC.computeControls:  t = 0.183
rdCMC.computeControls:  t = 0.184
rdCMC.computeControls:  t = 0.185
rdCMC.computeControls:  t = 0.186
rdCMC.computeControls:  t = 0.187
rdCMC.computeControls:  t = 0.188
rdCMC.computeControls:  t = 0.189
rdCMC.computeControls:  t = 0.19
rdCMC.computeControls:  t = 0.191
rdCMC.computeControls:  t = 0.192
rdCMC.computeControls:  t = 0.193
rdCMC.computeControls:  t = 0.194
rdCMC.computeControls:  t = 0.195
rdCMC.computeControls:  t = 0.196
rdCMC.computeControls:  t = 0.197
rdCMC.computeControls:  t = 0.198
rdCMC.computeControls:  t = 0.199
rdCMC.computeControls:  t = 0.2
rdCMC.computeControls:  t = 0.201
rdCMC.computeControls:  t = 0.202
rdCMC.computeControls:  t = 0.203
rdCMC.computeControls:  t = 0.204
rdCMC.computeControls:  t = 0.205
rdCMC.computeControls:  t = 0.206
rdCMC.computeControls:  t = 0.207
rdCMC.computeControls:  t = 0.208
rdCMC.computeControls:  t = 0.209
rdCMC.computeControls:  t = 0.21
rdCMC.computeControls:  t = 0.211
rdCMC.computeControls:  t = 0.212
rdCMC.computeControls:  t = 0.213
rdCMC.computeControls:  t = 0.214
rdCMC.computeControls:  t = 0.215
rdCMC.computeControls:  t = 0.216
rdCMC.computeControls:  t = 0.217
rdCMC.computeControls:  t = 0.218
rdCMC.computeControls:  t = 0.219
rdCMC.computeControls:  t = 0.22
rdCMC.computeControls:  t = 0.221
rdCMC.computeControls:  t = 0.222
rdCMC.computeControls:  t = 0.223
rdCMC.computeControls:  t = 0.224
rdCMC.computeControls:  t = 0.225
rdCMC.computeControls:  t = 0.226
rdCMC.computeControls:  t = 0.227
rdCMC.computeControls:  t = 0.228
rdCMC.computeControls:  t = 0.229
rdCMC.computeControls:  t = 0.23
rdCMC.computeControls:  t = 0.231
rdCMC.computeControls:  t = 0.232
rdCMC.computeControls:  t = 0.233
rdCMC.computeControls:  t = 0.234
rdCMC.computeControls:  t = 0.235
rdCMC.computeControls:  t = 0.236
rdCMC.computeControls:  t = 0.237
rdCMC.computeControls:  t = 0.238
rdCMC.computeControls:  t = 0.239
rdCMC.computeControls:  t = 0.24
rdCMC.computeControls:  t = 0.241
rdCMC.computeControls:  t = 0.242
rdCMC.computeControls:  t = 0.243
rdCMC.computeControls:  t = 0.244
rdCMC.computeControls:  t = 0.245
rdCMC.computeControls:  t = 0.246
rdCMC.computeControls:  t = 0.247
rdCMC.computeControls:  t = 0.248
rdCMC.computeControls:  t = 0.249
rdCMC.computeControls:  t = 0.25
rdCMC.computeControls:  t = 0.251
rdCMC.computeControls:  t = 0.252
rdCMC.computeControls:  t = 0.253
rdCMC.computeControls:  t = 0.254
rdCMC.computeControls:  t = 0.255
rdCMC.computeControls:  t = 0.256
rdCMC.computeControls:  t = 0.257
rdCMC.computeControls:  t = 0.258
rdCMC.computeControls:  t = 0.259
rdCMC.computeControls:  t = 0.26
rdCMC.computeControls:  t = 0.261
rdCMC.computeControls:  t = 0.262
rdCMC.computeControls:  t = 0.263
rdCMC.computeControls:  t = 0.264
rdCMC.computeControls:  t = 0.265
rdCMC.computeControls:  t = 0.266
rdCMC.computeControls:  t = 0.267
rdCMC.computeControls:  t = 0.268
rdCMC.computeControls:  t = 0.269
rdCMC.computeControls:  t = 0.27
rdCMC.computeControls:  t = 0.271
rdCMC.computeControls:  t = 0.272
rdCMC.computeControls:  t = 0.273
rdCMC.computeControls:  t = 0.274
rdCMC.computeControls:  t = 0.275
rdCMC.computeControls:  t = 0.276
rdCMC.computeControls:  t = 0.277
rdCMC.computeControls:  t = 0.278
rdCMC.computeControls:  t = 0.279
rdCMC.computeControls:  t = 0.28
rdCMC.computeControls:  t = 0.281
rdCMC.computeControls:  t = 0.282
rdCMC.computeControls:  t = 0.283
rdCMC.computeControls:  t = 0.284
rdCMC.computeControls:  t = 0.285
rdCMC.computeControls:  t = 0.286
rdCMC.computeControls:  t = 0.287
rdCMC.computeControls:  t = 0.288
rdCMC.computeControls:  t = 0.289
rdCMC.computeControls:  t = 0.29
rdCMC.computeControls:  t = 0.291
rdCMC.computeControls:  t = 0.292
rdCMC.computeControls:  t = 0.293
rdCMC.computeControls:  t = 0.294
rdCMC.computeControls:  t = 0.295
rdCMC.computeControls:  t = 0.296
rdCMC.computeControls:  t = 0.297
rdCMC.computeControls:  t = 0.298
rdCMC.computeControls:  t = 0.299
rdCMC.computeControls:  t = 0.3
rdCMC.computeControls:  t = 0.301
rdCMC.computeControls:  t = 0.302
rdCMC.computeControls:  t = 0.303
rdCMC.computeControls:  t = 0.304
rdCMC.computeControls:  t = 0.305
rdCMC.computeControls:  t = 0.306
rdCMC.computeControls:  t = 0.307
rdCMC.computeControls:  t = 0.308
rdCMC.computeControls:  t = 0.309
rdCMC.computeControls:  t = 0.31
rdCMC.computeControls:  t = 0.311
rdCMC.computeControls:  t = 0.312
rdCMC.computeControls:  t = 0.313
rdCMC.computeControls:  t = 0.314
rdCMC.computeControls:  t = 0.315
rdCMC.computeControls:  t = 0.316
rdCMC.computeControls:  t = 0.317
rdCMC.computeControls:  t = 0.318
rdCMC.computeControls:  t = 0.319
rdCMC.computeControls:  t = 0.32
rdCMC.computeControls:  t = 0.321
rdCMC.computeControls:  t = 0.322
rdCMC.computeControls:  t = 0.323
rdCMC.computeControls:  t = 0.324
rdCMC.computeControls:  t = 0.325
rdCMC.computeControls:  t = 0.326
rdCMC.computeControls:  t = 0.327
rdCMC.computeControls:  t = 0.328
rdCMC.computeControls:  t = 0.329
rdCMC.computeControls:  t = 0.33
rdCMC.computeControls:  t = 0.331
rdCMC.computeControls:  t = 0.332
rdCMC.computeControls:  t = 0.333
rdCMC.computeControls:  t = 0.334
rdCMC.computeControls:  t = 0.335
rdCMC.computeControls:  t = 0.336
rdCMC.computeControls:  t = 0.337
rdCMC.computeControls:  t = 0.338
rdCMC.computeControls:  t = 0.339
rdCMC.computeControls:  t = 0.34
rdCMC.computeControls:  t = 0.341
rdCMC.computeControls:  t = 0.342
rdCMC.computeControls:  t = 0.343
rdCMC.computeControls:  t = 0.344
rdCMC.computeControls:  t = 0.345
rdCMC.computeControls:  t = 0.346
rdCMC.computeControls:  t = 0.347
rdCMC.computeControls:  t = 0.348
rdCMC.computeControls:  t = 0.349
rdCMC.computeControls:  t = 0.35
rdCMC.computeControls:  t = 0.351
rdCMC.computeControls:  t = 0.352
rdCMC.computeControls:  t = 0.353
rdCMC.computeControls:  t = 0.354
rdCMC.computeControls:  t = 0.355
rdCMC.computeControls:  t = 0.356
rdCMC.computeControls:  t = 0.357
rdCMC.computeControls:  t = 0.358
rdCMC.computeControls:  t = 0.359
rdCMC.computeControls:  t = 0.36
rdCMC.computeControls:  t = 0.361
rdCMC.computeControls:  t = 0.362
rdCMC.computeControls:  t = 0.363
rdCMC.computeControls:  t = 0.364
rdCMC.computeControls:  t = 0.365
rdCMC.computeControls:  t = 0.366
rdCMC.computeControls:  t = 0.367
rdCMC.computeControls:  t = 0.368
rdCMC.computeControls:  t = 0.369
rdCMC.computeControls:  t = 0.37
rdCMC.computeControls:  t = 0.371
rdCMC.computeControls:  t = 0.372
rdCMC.computeControls:  t = 0.373
rdCMC.computeControls:  t = 0.374
rdCMC.computeControls:  t = 0.375
rdCMC.computeControls:  t = 0.376
rdCMC.computeControls:  t = 0.377
rdCMC.computeControls:  t = 0.378
rdCMC.computeControls:  t = 0.379
rdCMC.computeControls:  t = 0.38
rdCMC.computeControls:  t = 0.381
rdCMC.computeControls:  t = 0.382
rdCMC.computeControls:  t = 0.383
rdCMC.computeControls:  t = 0.384
rdCMC.computeControls:  t = 0.385
rdCMC.computeControls:  t = 0.386
rdCMC.computeControls:  t = 0.387
rdCMC.computeControls:  t = 0.388
rdCMC.computeControls:  t = 0.389
rdCMC.computeControls:  t = 0.39
rdCMC.computeControls:  t = 0.391
rdCMC.computeControls:  t = 0.392
rdCMC.computeControls:  t = 0.393
rdCMC.computeControls:  t = 0.394
rdCMC.computeControls:  t = 0.395
rdCMC.computeControls:  t = 0.396
rdCMC.computeControls:  t = 0.397
rdCMC.computeControls:  t = 0.398
rdCMC.computeControls:  t = 0.399
rdCMC.computeControls:  t = 0.4
rdCMC.computeControls:  t = 0.401
rdCMC.computeControls:  t = 0.402
rdCMC.computeControls:  t = 0.403
rdCMC.computeControls:  t = 0.404
rdCMC.computeControls:  t = 0.405
rdCMC.computeControls:  t = 0.406
rdCMC.computeControls:  t = 0.407
rdCMC.computeControls:  t = 0.408
rdCMC.computeControls:  t = 0.409
rdCMC.computeControls:  t = 0.41
rdCMC.computeControls:  t = 0.411
rdCMC.computeControls:  t = 0.412
rdCMC.computeControls:  t = 0.413
rdCMC.computeControls:  t = 0.414
rdCMC.computeControls:  t = 0.415
rdCMC.computeControls:  t = 0.416
rdCMC.computeControls:  t = 0.417
rdCMC.computeControls:  t = 0.418
rdCMC.computeControls:  t = 0.419
rdCMC.computeControls:  t = 0.42
rdCMC.computeControls:  t = 0.421
rdCMC.computeControls:  t = 0.422
rdCMC.computeControls:  t = 0.423
rdCMC.computeControls:  t = 0.424
rdCMC.computeControls:  t = 0.425
rdCMC.computeControls:  t = 0.426
rdCMC.computeControls:  t = 0.427
rdCMC.computeControls:  t = 0.428
rdCMC.computeControls:  t = 0.429
rdCMC.computeControls:  t = 0.43
rdCMC.computeControls:  t = 0.431
rdCMC.computeControls:  t = 0.432
rdCMC.computeControls:  t = 0.433
rdCMC.computeControls:  t = 0.434
rdCMC.computeControls:  t = 0.435
rdCMC.computeControls:  t = 0.436
rdCMC.computeControls:  t = 0.437
rdCMC.computeControls:  t = 0.438
rdCMC.computeControls:  t = 0.439
rdCMC.computeControls:  t = 0.44
rdCMC.computeControls:  t = 0.441
rdCMC.computeControls:  t = 0.442
rdCMC.computeControls:  t = 0.443
rdCMC.computeControls:  t = 0.444
rdCMC.computeControls:  t = 0.445
rdCMC.computeControls:  t = 0.446
rdCMC.computeControls:  t = 0.447
rdCMC.computeControls:  t = 0.448
rdCMC.computeControls:  t = 0.449
rdCMC.computeControls:  t = 0.45
rdCMC.computeControls:  t = 0.451
rdCMC.computeControls:  t = 0.452
rdCMC.computeControls:  t = 0.453
rdCMC.computeControls:  t = 0.454
rdCMC.computeControls:  t = 0.455
rdCMC.computeControls:  t = 0.456
rdCMC.computeControls:  t = 0.457
rdCMC.computeControls:  t = 0.458
rdCMC.computeControls:  t = 0.459
rdCMC.computeControls:  t = 0.46
rdCMC.computeControls:  t = 0.461
rdCMC.computeControls:  t = 0.462
rdCMC.computeControls:  t = 0.463
rdCMC.computeControls:  t = 0.464
rdCMC.computeControls:  t = 0.465
rdCMC.computeControls:  t = 0.466
rdCMC.computeControls:  t = 0.467
rdCMC.computeControls:  t = 0.468
rdCMC.computeControls:  t = 0.469
rdCMC.computeControls:  t = 0.47
rdCMC.computeControls:  t = 0.471
rdCMC.computeControls:  t = 0.472
rdCMC.computeControls:  t = 0.473
rdCMC.computeControls:  t = 0.474
rdCMC.computeControls:  t = 0.475
rdCMC.computeControls:  t = 0.476
rdCMC.computeControls:  t = 0.477
rdCMC.computeControls:  t = 0.478
rdCMC.computeControls:  t = 0.479
rdCMC.computeControls:  t = 0.48
rdCMC.computeControls:  t = 0.481
rdCMC.computeControls:  t = 0.482
rdCMC.computeControls:  t = 0.483
rdCMC.computeControls:  t = 0.484
rdCMC.computeControls:  t = 0.485
rdCMC.computeControls:  t = 0.486
rdCMC.computeControls:  t = 0.487
rdCMC.computeControls:  t = 0.488
rdCMC.computeControls:  t = 0.489
rdCMC.computeControls:  t = 0.49
rdCMC.computeControls:  t = 0.491
rdCMC.computeControls:  t = 0.492
rdCMC.computeControls:  t = 0.493
rdCMC.computeControls:  t = 0.494
rdCMC.computeControls:  t = 0.495
rdCMC.computeControls:  t = 0.496
rdCMC.computeControls:  t = 0.497
rdCMC.computeControls:  t = 0.498
rdCMC.computeControls:  t = 0.499
rdCMC.computeControls:  t = 0.5
rdCMC.computeControls:  t = 0.501
rdCMC.computeControls:  t = 0.502
rdCMC.computeControls:  t = 0.503
rdCMC.computeControls:  t = 0.504
rdCMC.computeControls:  t = 0.505
rdCMC.computeControls:  t = 0.506
rdCMC.computeControls:  t = 0.507
rdCMC.computeControls:  t = 0.508
rdCMC.computeControls:  t = 0.509
rdCMC.computeControls:  t = 0.51
rdCMC.computeControls:  t = 0.511
rdCMC.computeControls:  t = 0.512
rdCMC.computeControls:  t = 0.513
rdCMC.computeControls:  t = 0.514
rdCMC.computeControls:  t = 0.515
rdCMC.computeControls:  t = 0.516
rdCMC.computeControls:  t = 0.517
rdCMC.computeControls:  t = 0.518
rdCMC.computeControls:  t = 0.519
rdCMC.computeControls:  t = 0.52
rdCMC.computeControls:  t = 0.521
rdCMC.computeControls:  t = 0.522
rdCMC.computeControls:  t = 0.523
rdCMC.computeControls:  t = 0.524
rdCMC.computeControls:  t = 0.525
rdCMC.computeControls:  t = 0.526
rdCMC.computeControls:  t = 0.527
rdCMC.computeControls:  t = 0.528
rdCMC.computeControls:  t = 0.529
rdCMC.computeControls:  t = 0.53
rdCMC.computeControls:  t = 0.531
rdCMC.computeControls:  t = 0.532
rdCMC.computeControls:  t = 0.533
rdCMC.computeControls:  t = 0.534
rdCMC.computeControls:  t = 0.535
rdCMC.computeControls:  t = 0.536
rdCMC.computeControls:  t = 0.537
rdCMC.computeControls:  t = 0.538
rdCMC.computeControls:  t = 0.539
rdCMC.computeControls:  t = 0.54
rdCMC.computeControls:  t = 0.541
rdCMC.computeControls:  t = 0.542
rdCMC.computeControls:  t = 0.543
rdCMC.computeControls:  t = 0.544
rdCMC.computeControls:  t = 0.545
rdCMC.computeControls:  t = 0.546
rdCMC.computeControls:  t = 0.547
rdCMC.computeControls:  t = 0.548
rdCMC.computeControls:  t = 0.549
rdCMC.computeControls:  t = 0.55
rdCMC.computeControls:  t = 0.551
rdCMC.computeControls:  t = 0.552
rdCMC.computeControls:  t = 0.553
rdCMC.computeControls:  t = 0.554
rdCMC.computeControls:  t = 0.555
rdCMC.computeControls:  t = 0.556
rdCMC.computeControls:  t = 0.557
rdCMC.computeControls:  t = 0.558
rdCMC.computeControls:  t = 0.559
rdCMC.computeControls:  t = 0.56
rdCMC.computeControls:  t = 0.561
rdCMC.computeControls:  t = 0.562
rdCMC.computeControls:  t = 0.563
rdCMC.computeControls:  t = 0.564
rdCMC.computeControls:  t = 0.565
rdCMC.computeControls:  t = 0.566
rdCMC.computeControls:  t = 0.567
rdCMC.computeControls:  t = 0.568
rdCMC.computeControls:  t = 0.569
rdCMC.computeControls:  t = 0.57
rdCMC.computeControls:  t = 0.571
rdCMC.computeControls:  t = 0.572
rdCMC.computeControls:  t = 0.573
rdCMC.computeControls:  t = 0.574
rdCMC.computeControls:  t = 0.575
rdCMC.computeControls:  t = 0.576
rdCMC.computeControls:  t = 0.577
rdCMC.computeControls:  t = 0.578
rdCMC.computeControls:  t = 0.579
rdCMC.computeControls:  t = 0.58
rdCMC.computeControls:  t = 0.581
rdCMC.computeControls:  t = 0.582
rdCMC.computeControls:  t = 0.583
rdCMC.computeControls:  t = 0.584
rdCMC.computeControls:  t = 0.585
rdCMC.computeControls:  t = 0.586
rdCMC.computeControls:  t = 0.587
rdCMC.computeControls:  t = 0.588
rdCMC.computeControls:  t = 0.589
rdCMC.computeControls:  t = 0.59
rdCMC.computeControls:  t = 0.591
rdCMC.computeControls:  t = 0.592
rdCMC.computeControls:  t = 0.593
rdCMC.computeControls:  t = 0.594
rdCMC.computeControls:  t = 0.595
rdCMC.computeControls:  t = 0.596
rdCMC.computeControls:  t = 0.597
rdCMC.computeControls:  t = 0.598
rdCMC.computeControls:  t = 0.599
rdCMC.computeControls:  t = 0.6
rdCMC.computeControls:  t = 0.601
rdCMC.computeControls:  t = 0.602
rdCMC.computeControls:  t = 0.603
rdCMC.computeControls:  t = 0.604
rdCMC.computeControls:  t = 0.605
rdCMC.computeControls:  t = 0.606
rdCMC.computeControls:  t = 0.607
rdCMC.computeControls:  t = 0.608
rdCMC.computeControls:  t = 0.609
rdCMC.computeControls:  t = 0.61
rdCMC.computeControls:  t = 0.611
rdCMC.computeControls:  t = 0.612
rdCMC.computeControls:  t = 0.613
rdCMC.computeControls:  t = 0.614
rdCMC.computeControls:  t = 0.615
rdCMC.computeControls:  t = 0.616
rdCMC.computeControls:  t = 0.617
rdCMC.computeControls:  t = 0.618
rdCMC.computeControls:  t = 0.619
rdCMC.computeControls:  t = 0.62
rdCMC.computeControls:  t = 0.621
rdCMC.computeControls:  t = 0.622
rdCMC.computeControls:  t = 0.623
rdCMC.computeControls:  t = 0.624
rdCMC.computeControls:  t = 0.625
rdCMC.computeControls:  t = 0.626
rdCMC.computeControls:  t = 0.627
rdCMC.computeControls:  t = 0.628
rdCMC.computeControls:  t = 0.629
rdCMC.computeControls:  t = 0.63
rdCMC.computeControls:  t = 0.631
rdCMC.computeControls:  t = 0.632
rdCMC.computeControls:  t = 0.633
rdCMC.computeControls:  t = 0.634
rdCMC.computeControls:  t = 0.635
rdCMC.computeControls:  t = 0.636
rdCMC.computeControls:  t = 0.637
rdCMC.computeControls:  t = 0.638
rdCMC.computeControls:  t = 0.639
rdCMC.computeControls:  t = 0.64
rdCMC.computeControls:  t = 0.641
rdCMC.computeControls:  t = 0.642
rdCMC.computeControls:  t = 0.643
rdCMC.computeControls:  t = 0.644
rdCMC.computeControls:  t = 0.645
rdCMC.computeControls:  t = 0.646
rdCMC.computeControls:  t = 0.647
rdCMC.computeControls:  t = 0.648
rdCMC.computeControls:  t = 0.649
rdCMC.computeControls:  t = 0.65
rdCMC.computeControls:  t = 0.651
rdCMC.computeControls:  t = 0.652
rdCMC.computeControls:  t = 0.653
rdCMC.computeControls:  t = 0.654
rdCMC.computeControls:  t = 0.655
rdCMC.computeControls:  t = 0.656
rdCMC.computeControls:  t = 0.657
rdCMC.computeControls:  t = 0.658
rdCMC.computeControls:  t = 0.659
rdCMC.computeControls:  t = 0.66
rdCMC.computeControls:  t = 0.661
rdCMC.computeControls:  t = 0.662
rdCMC.computeControls:  t = 0.663
rdCMC.computeControls:  t = 0.664
rdCMC.computeControls:  t = 0.665
rdCMC.computeControls:  t = 0.666
rdCMC.computeControls:  t = 0.667
rdCMC.computeControls:  t = 0.668
rdCMC.computeControls:  t = 0.669
rdCMC.computeControls:  t = 0.67
rdCMC.computeControls:  t = 0.671
rdCMC.computeControls:  t = 0.672
rdCMC.computeControls:  t = 0.673
rdCMC.computeControls:  t = 0.674
rdCMC.computeControls:  t = 0.675
rdCMC.computeControls:  t = 0.676
rdCMC.computeControls:  t = 0.677
rdCMC.computeControls:  t = 0.678
rdCMC.computeControls:  t = 0.679
rdCMC.computeControls:  t = 0.68
rdCMC.computeControls:  t = 0.681
rdCMC.computeControls:  t = 0.682
rdCMC.computeControls:  t = 0.683
rdCMC.computeControls:  t = 0.684
rdCMC.computeControls:  t = 0.685
rdCMC.computeControls:  t = 0.686
rdCMC.computeControls:  t = 0.687
rdCMC.computeControls:  t = 0.688
rdCMC.computeControls:  t = 0.689
rdCMC.computeControls:  t = 0.69
rdCMC.computeControls:  t = 0.691
rdCMC.computeControls:  t = 0.692
rdCMC.computeControls:  t = 0.693
rdCMC.computeControls:  t = 0.694
rdCMC.computeControls:  t = 0.695
rdCMC.computeControls:  t = 0.696
rdCMC.computeControls:  t = 0.697
rdCMC.computeControls:  t = 0.698
rdCMC.computeControls:  t = 0.699
rdCMC.computeControls:  t = 0.7
rdCMC.computeControls:  t = 0.701
rdCMC.computeControls:  t = 0.702
rdCMC.computeControls:  t = 0.703
rdCMC.computeControls:  t = 0.704
rdCMC.computeControls:  t = 0.705
rdCMC.computeControls:  t = 0.706
rdCMC.computeControls:  t = 0.707
rdCMC.computeControls:  t = 0.708
rdCMC.computeControls:  t = 0.709
rdCMC.computeControls:  t = 0.71
rdCMC.computeControls:  t = 0.711
rdCMC.computeControls:  t = 0.712
rdCMC.computeControls:  t = 0.713
rdCMC.computeControls:  t = 0.714
rdCMC.computeControls:  t = 0.715
rdCMC.computeControls:  t = 0.716
rdCMC.computeControls:  t = 0.717
rdCMC.computeControls:  t = 0.718
rdCMC.computeControls:  t = 0.719
rdCMC.computeControls:  t = 0.72
rdCMC.computeControls:  t = 0.721
rdCMC.computeControls:  t = 0.722
rdCMC.computeControls:  t = 0.723
rdCMC.computeControls:  t = 0.724
rdCMC.computeControls:  t = 0.725
rdCMC.computeControls:  t = 0.726
rdCMC.computeControls:  t = 0.727
rdCMC.computeControls:  t = 0.728
rdCMC.computeControls:  t = 0.729
rdCMC.computeControls:  t = 0.73
rdCMC.computeControls:  t = 0.731
rdCMC.computeControls:  t = 0.732
rdCMC.computeControls:  t = 0.733
rdCMC.computeControls:  t = 0.734
rdCMC.computeControls:  t = 0.735
rdCMC.computeControls:  t = 0.736
rdCMC.computeControls:  t = 0.737
rdCMC.computeControls:  t = 0.738
rdCMC.computeControls:  t = 0.739
rdCMC.computeControls:  t = 0.74
rdCMC.computeControls:  t = 0.741
rdCMC.computeControls:  t = 0.742
rdCMC.computeControls:  t = 0.743
rdCMC.computeControls:  t = 0.744
rdCMC.computeControls:  t = 0.745
rdCMC.computeControls:  t = 0.746
rdCMC.computeControls:  t = 0.747
rdCMC.computeControls:  t = 0.748
rdCMC.computeControls:  t = 0.749
rdCMC.computeControls:  t = 0.75
rdCMC.computeControls:  t = 0.751
rdCMC.computeControls:  t = 0.752
rdCMC.computeControls:  t = 0.753
rdCMC.computeControls:  t = 0.754
rdCMC.computeControls:  t = 0.755
rdCMC.computeControls:  t = 0.756
rdCMC.computeControls:  t = 0.757
rdCMC.computeControls:  t = 0.758
rdCMC.computeControls:  t = 0.759
rdCMC.computeControls:  t = 0.76
rdCMC.computeControls:  t = 0.761
rdCMC.computeControls:  t = 0.762
rdCMC.computeControls:  t = 0.763
rdCMC.computeControls:  t = 0.764
rdCMC.computeControls:  t = 0.765
rdCMC.computeControls:  t = 0.766
rdCMC.computeControls:  t = 0.767
rdCMC.computeControls:  t = 0.768
rdCMC.computeControls:  t = 0.769
rdCMC.computeControls:  t = 0.77
rdCMC.computeControls:  t = 0.771
rdCMC.computeControls:  t = 0.772
rdCMC.computeControls:  t = 0.773
rdCMC.computeControls:  t = 0.774
rdCMC.computeControls:  t = 0.775
rdCMC.computeControls:  t = 0.776
rdCMC.computeControls:  t = 0.777
rdCMC.computeControls:  t = 0.778
rdCMC.computeControls:  t = 0.779
rdCMC.computeControls:  t = 0.78
rdCMC.computeControls:  t = 0.781
rdCMC.computeControls:  t = 0.782
rdCMC.computeControls:  t = 0.783
rdCMC.computeControls:  t = 0.784
rdCMC.computeControls:  t = 0.785
rdCMC.computeControls:  t = 0.786
rdCMC.computeControls:  t = 0.787
rdCMC.computeControls:  t = 0.788
rdCMC.computeControls:  t = 0.789
rdCMC.computeControls:  t = 0.79
rdCMC.computeControls:  t = 0.791
rdCMC.computeControls:  t = 0.792
rdCMC.computeControls:  t = 0.793
rdCMC.computeControls:  t = 0.794
rdCMC.computeControls:  t = 0.795
rdCMC.computeControls:  t = 0.796
rdCMC.computeControls:  t = 0.797
rdCMC.computeControls:  t = 0.798
rdCMC.computeControls:  t = 0.799
rdCMC.computeControls:  t = 0.8
rdCMC.computeControls:  t = 0.801
rdCMC.computeControls:  t = 0.802
rdCMC.computeControls:  t = 0.803
rdCMC.computeControls:  t = 0.804
rdCMC.computeControls:  t = 0.805
rdCMC.computeControls:  t = 0.806
rdCMC.computeControls:  t = 0.807
rdCMC.computeControls:  t = 0.808
rdCMC.computeControls:  t = 0.809
rdCMC.computeControls:  t = 0.81
rdCMC.computeControls:  t = 0.811
rdCMC.computeControls:  t = 0.812
rdCMC.computeControls:  t = 0.813
rdCMC.computeControls:  t = 0.814
rdCMC.computeControls:  t = 0.815
rdCMC.computeControls:  t = 0.816
rdCMC.computeControls:  t = 0.817
rdCMC.computeControls:  t = 0.818
rdCMC.computeControls:  t = 0.819
rdCMC.computeControls:  t = 0.82
rdCMC.computeControls:  t = 0.821
rdCMC.computeControls:  t = 0.822
rdCMC.computeControls:  t = 0.823
rdCMC.computeControls:  t = 0.824
rdCMC.computeControls:  t = 0.825
rdCMC.computeControls:  t = 0.826
rdCMC.computeControls:  t = 0.827
rdCMC.computeControls:  t = 0.828
rdCMC.computeControls:  t = 0.829
rdCMC.computeControls:  t = 0.83
rdCMC.computeControls:  t = 0.831
rdCMC.computeControls:  t = 0.832
rdCMC.computeControls:  t = 0.833
rdCMC.computeControls:  t = 0.834
rdCMC.computeControls:  t = 0.835
rdCMC.computeControls:  t = 0.836
rdCMC.computeControls:  t = 0.837
rdCMC.computeControls:  t = 0.838
rdCMC.computeControls:  t = 0.839
rdCMC.computeControls:  t = 0.84
rdCMC.computeControls:  t = 0.841
rdCMC.computeControls:  t = 0.842
rdCMC.computeControls:  t = 0.843
rdCMC.computeControls:  t = 0.844
rdCMC.computeControls:  t = 0.845
rdCMC.computeControls:  t = 0.846
rdCMC.computeControls:  t = 0.847
rdCMC.computeControls:  t = 0.848
rdCMC.computeControls:  t = 0.849
rdCMC.computeControls:  t = 0.85
rdCMC.computeControls:  t = 0.851
rdCMC.computeControls:  t = 0.852
rdCMC.computeControls:  t = 0.853
rdCMC.computeControls:  t = 0.854
rdCMC.computeControls:  t = 0.855
rdCMC.computeControls:  t = 0.856
rdCMC.computeControls:  t = 0.857
rdCMC.computeControls:  t = 0.858
rdCMC.computeControls:  t = 0.859
rdCMC.computeControls:  t = 0.86
rdCMC.computeControls:  t = 0.861
rdCMC.computeControls:  t = 0.862
rdCMC.computeControls:  t = 0.863
rdCMC.computeControls:  t = 0.864
rdCMC.computeControls:  t = 0.865
rdCMC.computeControls:  t = 0.866
rdCMC.computeControls:  t = 0.867
rdCMC.computeControls:  t = 0.868
rdCMC.computeControls:  t = 0.869
rdCMC.computeControls:  t = 0.87
rdCMC.computeControls:  t = 0.871
rdCMC.computeControls:  t = 0.872
rdCMC.computeControls:  t = 0.873
rdCMC.computeControls:  t = 0.874
rdCMC.computeControls:  t = 0.875
rdCMC.computeControls:  t = 0.876
rdCMC.computeControls:  t = 0.877
rdCMC.computeControls:  t = 0.878
rdCMC.computeControls:  t = 0.879
rdCMC.computeControls:  t = 0.88
rdCMC.computeControls:  t = 0.881
rdCMC.computeControls:  t = 0.882
rdCMC.computeControls:  t = 0.883
rdCMC.computeControls:  t = 0.884
rdCMC.computeControls:  t = 0.885
rdCMC.computeControls:  t = 0.886
rdCMC.computeControls:  t = 0.887
rdCMC.computeControls:  t = 0.888
rdCMC.computeControls:  t = 0.889
rdCMC.computeControls:  t = 0.89
rdCMC.computeControls:  t = 0.891
rdCMC.computeControls:  t = 0.892
rdCMC.computeControls:  t = 0.893
rdCMC.computeControls:  t = 0.894
rdCMC.computeControls:  t = 0.895
rdCMC.computeControls:  t = 0.896
rdCMC.computeControls:  t = 0.897
rdCMC.computeControls:  t = 0.898
rdCMC.computeControls:  t = 0.899
rdCMC.computeControls:  t = 0.9
rdCMC.computeControls:  t = 0.901
rdCMC.computeControls:  t = 0.902
rdCMC.computeControls:  t = 0.903
rdCMC.computeControls:  t = 0.904
rdCMC.computeControls:  t = 0.905
rdCMC.computeControls:  t = 0.906
rdCMC.computeControls:  t = 0.907
rdCMC.computeControls:  t = 0.908
rdCMC.computeControls:  t = 0.909
rdCMC.computeControls:  t = 0.91
rdCMC.computeControls:  t = 0.911
rdCMC.computeControls:  t = 0.912
rdCMC.computeControls:  t = 0.913
rdCMC.computeControls:  t = 0.914
rdCMC.computeControls:  t = 0.915
rdCMC.computeControls:  t = 0.916
rdCMC.computeControls:  t = 0.917
rdCMC.computeControls:  t = 0.918
rdCMC.computeControls:  t = 0.919
rdCMC.computeControls:  t = 0.92
rdCMC.computeControls:  t = 0.921
rdCMC.computeControls:  t = 0.922
rdCMC.computeControls:  t = 0.923
rdCMC.computeControls:  t = 0.924
rdCMC.computeControls:  t = 0.925
rdCMC.computeControls:  t = 0.926
rdCMC.computeControls:  t = 0.927
rdCMC.computeControls:  t = 0.928
rdCMC.computeControls:  t = 0.929
rdCMC.computeControls:  t = 0.93
rdCMC.computeControls:  t = 0.931
rdCMC.computeControls:  t = 0.932
rdCMC.computeControls:  t = 0.933
rdCMC.computeControls:  t = 0.934
rdCMC.computeControls:  t = 0.935
rdCMC.computeControls:  t = 0.936
rdCMC.computeControls:  t = 0.937
rdCMC.computeControls:  t = 0.938
rdCMC.computeControls:  t = 0.939
rdCMC.computeControls:  t = 0.94
rdCMC.computeControls:  t = 0.941
rdCMC.computeControls:  t = 0.942
rdCMC.computeControls:  t = 0.943
rdCMC.computeControls:  t = 0.944
rdCMC.computeControls:  t = 0.945
rdCMC.computeControls:  t = 0.946
rdCMC.computeControls:  t = 0.947
rdCMC.computeControls:  t = 0.948
rdCMC.computeControls:  t = 0.949
rdCMC.computeControls:  t = 0.95
rdCMC.computeControls:  t = 0.951
rdCMC.computeControls:  t = 0.952
rdCMC.computeControls:  t = 0.953
rdCMC.computeControls:  t = 0.954
rdCMC.computeControls:  t = 0.955
rdCMC.computeControls:  t = 0.956
rdCMC.computeControls:  t = 0.957
rdCMC.computeControls:  t = 0.958
rdCMC.computeControls:  t = 0.959
rdCMC.computeControls:  t = 0.96
rdCMC.computeControls:  t = 0.961
rdCMC.computeControls:  t = 0.962
rdCMC.computeControls:  t = 0.963
rdCMC.computeControls:  t = 0.964
rdCMC.computeControls:  t = 0.965
rdCMC.computeControls:  t = 0.966
rdCMC.computeControls:  t = 0.967
rdCMC.computeControls:  t = 0.968
rdCMC.computeControls:  t = 0.969
rdCMC.computeControls:  t = 0.97
rdCMC.computeControls:  t = 0.971
rdCMC.computeControls:  t = 0.972
rdCMC.computeControls:  t = 0.973
rdCMC.computeControls:  t = 0.974
rdCMC.computeControls:  t = 0.975
rdCMC.computeControls:  t = 0.976
rdCMC.computeControls:  t = 0.977
rdCMC.computeControls:  t = 0.978
rdCMC.computeControls:  t = 0.979
rdCMC.computeControls:  t = 0.98
rdCMC.computeControls:  t = 0.981
rdCMC.computeControls:  t = 0.982
rdCMC.computeControls:  t = 0.983
rdCMC.computeControls:  t = 0.984
rdCMC.computeControls:  t = 0.985
rdCMC.computeControls:  t = 0.986
rdCMC.computeControls:  t = 0.987
rdCMC.computeControls:  t = 0.988
rdCMC.computeControls:  t = 0.989
rdCMC.computeControls:  t = 0.99
rdCMC.computeControls:  t = 0.991
rdCMC.computeControls:  t = 0.992
rdCMC.computeControls:  t = 0.993
rdCMC.computeControls:  t = 0.994
rdCMC.computeControls:  t = 0.995
rdCMC.computeControls:  t = 0.996
rdCMC.computeControls:  t = 0.997
rdCMC.computeControls:  t = 0.998
rdCMC.computeControls:  t = 0.999
rdCMC.computeControls:  t = 1
rdCMC.computeControls:  t = 1.001
rdCMC.computeControls:  t = 1.002
rdCMC.computeControls:  t = 1.003
rdCMC.computeControls:  t = 1.004
rdCMC.computeControls:  t = 1.005
rdCMC.computeControls:  t = 1.006
rdCMC.computeControls:  t = 1.007
rdCMC.computeControls:  t = 1.008
rdCMC.computeControls:  t = 1.009
rdCMC.computeControls:  t = 1.01
rdCMC.computeControls:  t = 1.011
rdCMC.computeControls:  t = 1.012
rdCMC.computeControls:  t = 1.013
rdCMC.computeControls:  t = 1.014
rdCMC.computeControls:  t = 1.015
rdCMC.computeControls:  t = 1.016
rdCMC.computeControls:  t = 1.017
rdCMC.computeControls:  t = 1.018
rdCMC.computeControls:  t = 1.019
rdCMC.computeControls:  t = 1.02
rdCMC.computeControls:  t = 1.021
rdCMC.computeControls:  t = 1.022
rdCMC.computeControls:  t = 1.023
rdCMC.computeControls:  t = 1.024
rdCMC.computeControls:  t = 1.025
rdCMC.computeControls:  t = 1.026
rdCMC.computeControls:  t = 1.027
rdCMC.computeControls:  t = 1.028
rdCMC.computeControls:  t = 1.029
rdCMC.computeControls:  t = 1.03
rdCMC.computeControls:  t = 1.031
rdCMC.computeControls:  t = 1.032
rdCMC.computeControls:  t = 1.033
rdCMC.computeControls:  t = 1.034
rdCMC.computeControls:  t = 1.035
rdCMC.computeControls:  t = 1.036
rdCMC.computeControls:  t = 1.037
rdCMC.computeControls:  t = 1.038
rdCMC.computeControls:  t = 1.039
rdCMC.computeControls:  t = 1.04
rdCMC.computeControls:  t = 1.041
rdCMC.computeControls:  t = 1.042
rdCMC.computeControls:  t = 1.043
rdCMC.computeControls:  t = 1.044
rdCMC.computeControls:  t = 1.045
rdCMC.computeControls:  t = 1.046
rdCMC.computeControls:  t = 1.047
rdCMC.computeControls:  t = 1.048
rdCMC.computeControls:  t = 1.049
rdCMC.computeControls:  t = 1.05
rdCMC.computeControls:  t = 1.051
rdCMC.computeControls:  t = 1.052
rdCMC.computeControls:  t = 1.053
rdCMC.computeControls:  t = 1.054
rdCMC.computeControls:  t = 1.055
rdCMC.computeControls:  t = 1.056
rdCMC.computeControls:  t = 1.057
rdCMC.computeControls:  t = 1.058
rdCMC.computeControls:  t = 1.059
rdCMC.computeControls:  t = 1.06
rdCMC.computeControls:  t = 1.061
rdCMC.computeControls:  t = 1.062
rdCMC.computeControls:  t = 1.063
rdCMC.computeControls:  t = 1.064
rdCMC.computeControls:  t = 1.065
rdCMC.computeControls:  t = 1.066
rdCMC.computeControls:  t = 1.067
rdCMC.computeControls:  t = 1.068
rdCMC.computeControls:  t = 1.069
rdCMC.computeControls:  t = 1.07
rdCMC.computeControls:  t = 1.071
rdCMC.computeControls:  t = 1.072
rdCMC.computeControls:  t = 1.073
rdCMC.computeControls:  t = 1.074
rdCMC.computeControls:  t = 1.075
rdCMC.computeControls:  t = 1.076
rdCMC.computeControls:  t = 1.077
rdCMC.computeControls:  t = 1.078
rdCMC.computeControls:  t = 1.079
rdCMC.computeControls:  t = 1.08
rdCMC.computeControls:  t = 1.081
rdCMC.computeControls:  t = 1.082
rdCMC.computeControls:  t = 1.083
rdCMC.computeControls:  t = 1.084
rdCMC.computeControls:  t = 1.085
rdCMC.computeControls:  t = 1.086
rdCMC.computeControls:  t = 1.087
rdCMC.computeControls:  t = 1.088
rdCMC.computeControls:  t = 1.089
rdCMC.computeControls:  t = 1.09
rdCMC.computeControls:  t = 1.091
rdCMC.computeControls:  t = 1.092
rdCMC.computeControls:  t = 1.093
rdCMC.computeControls:  t = 1.094
rdCMC.computeControls:  t = 1.095
rdCMC.computeControls:  t = 1.096
rdCMC.computeControls:  t = 1.097
rdCMC.computeControls:  t = 1.098
rdCMC.computeControls:  t = 1.099
rdCMC.computeControls:  t = 1.1
rdCMC.computeControls:  t = 1.101
rdCMC.computeControls:  t = 1.102
rdCMC.computeControls:  t = 1.103
rdCMC.computeControls:  t = 1.104
rdCMC.computeControls:  t = 1.105
rdCMC.computeControls:  t = 1.106
rdCMC.computeControls:  t = 1.107
rdCMC.computeControls:  t = 1.108
rdCMC.computeControls:  t = 1.109
rdCMC.computeControls:  t = 1.11
rdCMC.computeControls:  t = 1.111
rdCMC.computeControls:  t = 1.112
rdCMC.computeControls:  t = 1.113
rdCMC.computeControls:  t = 1.114
rdCMC.computeControls:  t = 1.115
rdCMC.computeControls:  t = 1.116
rdCMC.computeControls:  t = 1.117
rdCMC.computeControls:  t = 1.118
rdCMC.computeControls:  t = 1.119
rdCMC.computeControls:  t = 1.12
rdCMC.computeControls:  t = 1.121
rdCMC.computeControls:  t = 1.122
rdCMC.computeControls:  t = 1.123
rdCMC.computeControls:  t = 1.124
rdCMC.computeControls:  t = 1.125
rdCMC.computeControls:  t = 1.126
rdCMC.computeControls:  t = 1.127
rdCMC.computeControls:  t = 1.128
rdCMC.computeControls:  t = 1.129
rdCMC.computeControls:  t = 1.13
rdCMC.computeControls:  t = 1.131
rdCMC.computeControls:  t = 1.132
rdCMC.computeControls:  t = 1.133
rdCMC.computeControls:  t = 1.134
rdCMC.computeControls:  t = 1.135
rdCMC.computeControls:  t = 1.136
rdCMC.computeControls:  t = 1.137
rdCMC.computeControls:  t = 1.138
rdCMC.computeControls:  t = 1.139
rdCMC.computeControls:  t = 1.14
rdCMC.computeControls:  t = 1.141
rdCMC.computeControls:  t = 1.142
rdCMC.computeControls:  t = 1.143
rdCMC.computeControls:  t = 1.144
rdCMC.computeControls:  t = 1.145
rdCMC.computeControls:  t = 1.146
rdCMC.computeControls:  t = 1.147
rdCMC.computeControls:  t = 1.148
rdCMC.computeControls:  t = 1.149
----------------------------------------------------------------
Finished tracking the specified kinematics
=================================================================
Start time   = Wed Oct 22 18:52:05 2008
Finish time  = Wed Oct 22 18:54:13 2008
Elapsed time = 128 seconds.
================================================================


Printing results of investigation GIL08_free1_RRA to Results.


Average residuals:
FX=0.562427 FY=-1.03438 FZ=-0.652273
MX=0.169175 MY=-1.11976 MZ=5.5676


Deleted model default
