-------------------------------------------------------
This program includes software developed by the
Apache Software Foundation (http://www.apache.org/).
-------------------------------------------------------

Deleted model 
RegisterTypes_SdfastEngine

-------------------------------------------------------
Library SdfastEngine...
-------------------------------------------------------

RegisterTypes_SimbodyEngine

-------------------------------------------------------
Library SimbodyEngine...
-------------------------------------------------------

Constructing investigation from setup file GIL12_free4_Setup_RRA.xml.

AbstractTool GIL12_free4_RRA loading model '../../GIL12_gait2392_simbody_adjusted.osim'
Created model GIL12 from file ../../GIL12_gait2392_simbody_adjusted.osim
Adding actuator set from ../../GIL12_RRA_Actuators.xml
Handling locked coordinate.
Handling locked coordinate.
Handling locked coordinate.
Handling locked coordinate.
SimbodyCoordinate.setValue: WARN- coordinate subtalar_angle_r is locked. Unable to change its value.
SimbodyCoordinate.setValue: WARN- coordinate mtp_angle_r is locked. Unable to change its value.
SimbodyCoordinate.setValue: WARN- coordinate subtalar_angle_l is locked. Unable to change its value.
SimbodyCoordinate.setValue: WARN- coordinate mtp_angle_l is locked. Unable to change its value.
-----------------------------------------------------------------------
Loaded library
-----------------------------------------------------------------------
             MODEL: GIL12
         actuators: 19
          analyses: 0
          contacts: 0
-----------------------------------------------------------------------

Running tool GIL12_free4_RRA.
MODEL: GIL12

ANALYSES (0)

BODIES (13)
body[0] = ground (mass: 0) (inertia: 0 0 0 0 0 0 0 0 0)
body[1] = pelvis (mass: 4.07857) (inertia: 0.0165789 0 0 0 0.0140469 0 0 0 0.00933772)
body[2] = femur_r (mass: 3.22123) (inertia: 0.027099 0 0 0 0.00710362 0 0 0 0.0285764)
body[3] = tibia_r (mass: 1.28397) (inertia: 0.00788237 0 0 0 0.00079762 0 0 0 0.00799185)
body[4] = talus_r (mass: 0.0346316) (inertia: 0.0001564 0 0 0 0.0001564 0 0 0 0.0001564)
body[5] = calcn_r (mass: 0.432896) (inertia: 0.00027924 0 0 0 0.0007779 0 0 0 0.00081779)
body[6] = toes_r (mass: 0.0750121) (inertia: 1.995e-005 0 0 0 3.989e-005 0 0 0 0.00019946)
body[7] = femur_l (mass: 3.22123) (inertia: 0.027099 0 0 0 0.00710362 0 0 0 0.0285764)
body[8] = tibia_l (mass: 1.28397) (inertia: 0.00788237 0 0 0 0.00079762 0 0 0 0.00799185)
body[9] = talus_l (mass: 0.0346316) (inertia: 0.0001564 0 0 0 0.0001564 0 0 0 0.0001564)
body[10] = calcn_l (mass: 0.432896) (inertia: 0.00027924 0 0 0 0.0007779 0 0 0 0.00081779)
body[11] = toes_l (mass: 0.0750121) (inertia: 1.995e-005 0 0 0 3.989e-005 0 0 0 0.00019946)
body[12] = torso (mass: 12.0087) (inertia: 0.247313 0 0 0 0.126717 0 0 0 0.240084)

ACTUATORS (19)
actuator[0] = FX (controls: FX.excitation)
actuator[1] = FY (controls: FY.excitation)
actuator[2] = FZ (controls: FZ.excitation)
actuator[3] = MX (controls: MX.excitation)
actuator[4] = MY (controls: MY.excitation)
actuator[5] = MZ (controls: MZ.excitation)
actuator[6] = hip_flexion_r (controls: hip_flexion_r.excitation)
actuator[7] = hip_adduction_r (controls: hip_adduction_r.excitation)
actuator[8] = hip_rotation_r (controls: hip_rotation_r.excitation)
actuator[9] = knee_angle_r (controls: knee_angle_r.excitation)
actuator[10] = ankle_angle_r (controls: ankle_angle_r.excitation)
actuator[11] = hip_flexion_l (controls: hip_flexion_l.excitation)
actuator[12] = hip_adduction_l (controls: hip_adduction_l.excitation)
actuator[13] = hip_rotation_l (controls: hip_rotation_l.excitation)
actuator[14] = knee_angle_l (controls: knee_angle_l.excitation)
actuator[15] = ankle_angle_l (controls: ankle_angle_l.excitation)
actuator[16] = lumbar_extension (controls: lumbar_extension.excitation)
actuator[17] = lumbar_bending (controls: lumbar_bending.excitation)
actuator[18] = lumbar_rotation (controls: lumbar_rotation.excitation)

CONTACTS (0)
numControls = 19
numStates = 46
numCoordinates = 23
numSpeeds = 23
numActuators = 19
numBodies = 13

STATES (46)
y[0] = pelvis_tx
y[1] = pelvis_ty
y[2] = pelvis_tz
y[3] = pelvis_tilt
y[4] = pelvis_list
y[5] = pelvis_rotation
y[6] = hip_flexion_r
y[7] = hip_adduction_r
y[8] = hip_rotation_r
y[9] = knee_angle_r
y[10] = ankle_angle_r
y[11] = subtalar_angle_r
y[12] = mtp_angle_r
y[13] = hip_flexion_l
y[14] = hip_adduction_l
y[15] = hip_rotation_l
y[16] = knee_angle_l
y[17] = ankle_angle_l
y[18] = subtalar_angle_l
y[19] = mtp_angle_l
y[20] = lumbar_extension
y[21] = lumbar_bending
y[22] = lumbar_rotation
y[23] = pelvis_tx_u
y[24] = pelvis_ty_u
y[25] = pelvis_tz_u
y[26] = pelvis_tilt_u
y[27] = pelvis_list_u
y[28] = pelvis_rotation_u
y[29] = hip_flexion_r_u
y[30] = hip_adduction_r_u
y[31] = hip_rotation_r_u
y[32] = knee_angle_r_u
y[33] = ankle_angle_r_u
y[34] = subtalar_angle_r_u
y[35] = mtp_angle_r_u
y[36] = hip_flexion_l_u
y[37] = hip_adduction_l_u
y[38] = hip_rotation_l_u
y[39] = knee_angle_l_u
y[40] = ankle_angle_l_u
y[41] = subtalar_angle_l_u
y[42] = mtp_angle_l_u
y[43] = lumbar_extension_u
y[44] = lumbar_bending_u
y[45] = lumbar_rotation_u


Loading desired kinematics from file ../IK/GIL12_free4_ik.mot ...
Storage: file=../IK/GIL12_free4_ik.mot (nr=111 nc=375)


Low-pass filtering desired kinematics with a cutoff frequency of 8...



Loading external loads kinematics from file ../IK/GIL12_free4_ik.mot ...
Storage: file=../IK/GIL12_free4_ik.mot (nr=111 nc=375)
Low-pass filtering external load kinematics with a cutoff frequency of 6...
Storage: file=../IK/GIL12_free4_ik.mot (nr=111 nc=375)
Padded kineticsStore to start time of 0.09167

Constructing function set for tracking...

No Actuation analysis found in analysis set -- adding one
No Kinematics analysis found in analysis set -- adding one


 taskSet size = 19

Using the generalized coordinates specified in ../IK/GIL12_free4_ik.mot to set the initial configuration.
Successfully linked to CFSQP library 'osimCFSQP.dll'
Using CFSQP optimizer algorithm.

Setting optimizer print level to 0.
Setting optimizer convergence criterion to 1e-006.
Setting optimizer maximum iterations to 2000.

Setting cmc controller to not use verbose printing.



================================================================
================================================================
Using CMC to track the specified kinematics
Integrating from 0.10167 to 0.97
Start time = Thu Oct 30 14:27:10 2008
================================================================
rdCMC.computeControls:  t = 0.10167
rdCMC.computeControls:  t = 0.10267
rdCMC.computeControls:  t = 0.10367
rdCMC.computeControls:  t = 0.10467
rdCMC.computeControls:  t = 0.10567
rdCMC.computeControls:  t = 0.10667
rdCMC.computeControls:  t = 0.10767
rdCMC.computeControls:  t = 0.10867
rdCMC.computeControls:  t = 0.10967
rdCMC.computeControls:  t = 0.11067
rdCMC.computeControls:  t = 0.11167
rdCMC.computeControls:  t = 0.11267
rdCMC.computeControls:  t = 0.11367
rdCMC.computeControls:  t = 0.11467
rdCMC.computeControls:  t = 0.11567
rdCMC.computeControls:  t = 0.11667
rdCMC.computeControls:  t = 0.11767
rdCMC.computeControls:  t = 0.11867
rdCMC.computeControls:  t = 0.11967
rdCMC.computeControls:  t = 0.12067
rdCMC.computeControls:  t = 0.12167
rdCMC.computeControls:  t = 0.12267
rdCMC.computeControls:  t = 0.12367
rdCMC.computeControls:  t = 0.12467
rdCMC.computeControls:  t = 0.12567
rdCMC.computeControls:  t = 0.12667
rdCMC.computeControls:  t = 0.12767
rdCMC.computeControls:  t = 0.12867
rdCMC.computeControls:  t = 0.12967
rdCMC.computeControls:  t = 0.13067
rdCMC.computeControls:  t = 0.13167
rdCMC.computeControls:  t = 0.13267
rdCMC.computeControls:  t = 0.13367
rdCMC.computeControls:  t = 0.13467
rdCMC.computeControls:  t = 0.13567
rdCMC.computeControls:  t = 0.13667
rdCMC.computeControls:  t = 0.13767
rdCMC.computeControls:  t = 0.13867
rdCMC.computeControls:  t = 0.13967
rdCMC.computeControls:  t = 0.14067
rdCMC.computeControls:  t = 0.14167
rdCMC.computeControls:  t = 0.14267
rdCMC.computeControls:  t = 0.14367
rdCMC.computeControls:  t = 0.14467
rdCMC.computeControls:  t = 0.14567
rdCMC.computeControls:  t = 0.14667
rdCMC.computeControls:  t = 0.14767
rdCMC.computeControls:  t = 0.14867
rdCMC.computeControls:  t = 0.14967
rdCMC.computeControls:  t = 0.15067
rdCMC.computeControls:  t = 0.15167
rdCMC.computeControls:  t = 0.15267
rdCMC.computeControls:  t = 0.15367
rdCMC.computeControls:  t = 0.15467
rdCMC.computeControls:  t = 0.15567
rdCMC.computeControls:  t = 0.15667
rdCMC.computeControls:  t = 0.15767
rdCMC.computeControls:  t = 0.15867
rdCMC.computeControls:  t = 0.15967
rdCMC.computeControls:  t = 0.16067
rdCMC.computeControls:  t = 0.16167
rdCMC.computeControls:  t = 0.16267
rdCMC.computeControls:  t = 0.16367
rdCMC.computeControls:  t = 0.16467
rdCMC.computeControls:  t = 0.16567
rdCMC.computeControls:  t = 0.16667
rdCMC.computeControls:  t = 0.16767
rdCMC.computeControls:  t = 0.16867
rdCMC.computeControls:  t = 0.16967
rdCMC.computeControls:  t = 0.17067
rdCMC.computeControls:  t = 0.17167
rdCMC.computeControls:  t = 0.17267
rdCMC.computeControls:  t = 0.17367
rdCMC.computeControls:  t = 0.17467
rdCMC.computeControls:  t = 0.17567
rdCMC.computeControls:  t = 0.17667
rdCMC.computeControls:  t = 0.17767
rdCMC.computeControls:  t = 0.17867
rdCMC.computeControls:  t = 0.17967
rdCMC.computeControls:  t = 0.18067
rdCMC.computeControls:  t = 0.18167
rdCMC.computeControls:  t = 0.18267
rdCMC.computeControls:  t = 0.18367
rdCMC.computeControls:  t = 0.18467
rdCMC.computeControls:  t = 0.18567
rdCMC.computeControls:  t = 0.18667
rdCMC.computeControls:  t = 0.18767
rdCMC.computeControls:  t = 0.18867
rdCMC.computeControls:  t = 0.18967
rdCMC.computeControls:  t = 0.19067
rdCMC.computeControls:  t = 0.19167
rdCMC.computeControls:  t = 0.19267
rdCMC.computeControls:  t = 0.19367
rdCMC.computeControls:  t = 0.19467
rdCMC.computeControls:  t = 0.19567
rdCMC.computeControls:  t = 0.19667
rdCMC.computeControls:  t = 0.19767
rdCMC.computeControls:  t = 0.19867
rdCMC.computeControls:  t = 0.19967
rdCMC.computeControls:  t = 0.20067
rdCMC.computeControls:  t = 0.20167
rdCMC.computeControls:  t = 0.20267
rdCMC.computeControls:  t = 0.20367
rdCMC.computeControls:  t = 0.20467
rdCMC.computeControls:  t = 0.20567
rdCMC.computeControls:  t = 0.20667
rdCMC.computeControls:  t = 0.20767
rdCMC.computeControls:  t = 0.20867
rdCMC.computeControls:  t = 0.20967
rdCMC.computeControls:  t = 0.21067
rdCMC.computeControls:  t = 0.21167
rdCMC.computeControls:  t = 0.21267
rdCMC.computeControls:  t = 0.21367
rdCMC.computeControls:  t = 0.21467
rdCMC.computeControls:  t = 0.21567
rdCMC.computeControls:  t = 0.21667
rdCMC.computeControls:  t = 0.21767
rdCMC.computeControls:  t = 0.21867
rdCMC.computeControls:  t = 0.21967
rdCMC.computeControls:  t = 0.22067
rdCMC.computeControls:  t = 0.22167
rdCMC.computeControls:  t = 0.22267
rdCMC.computeControls:  t = 0.22367
rdCMC.computeControls:  t = 0.22467
rdCMC.computeControls:  t = 0.22567
rdCMC.computeControls:  t = 0.22667
rdCMC.computeControls:  t = 0.22767
rdCMC.computeControls:  t = 0.22867
rdCMC.computeControls:  t = 0.22967
rdCMC.computeControls:  t = 0.23067
rdCMC.computeControls:  t = 0.23167
rdCMC.computeControls:  t = 0.23267
rdCMC.computeControls:  t = 0.23367
rdCMC.computeControls:  t = 0.23467
rdCMC.computeControls:  t = 0.23567
rdCMC.computeControls:  t = 0.23667
rdCMC.computeControls:  t = 0.23767
rdCMC.computeControls:  t = 0.23867
rdCMC.computeControls:  t = 0.23967
rdCMC.computeControls:  t = 0.24067
rdCMC.computeControls:  t = 0.24167
rdCMC.computeControls:  t = 0.24267
rdCMC.computeControls:  t = 0.24367
rdCMC.computeControls:  t = 0.24467
rdCMC.computeControls:  t = 0.24567
rdCMC.computeControls:  t = 0.24667
rdCMC.computeControls:  t = 0.24767
rdCMC.computeControls:  t = 0.24867
rdCMC.computeControls:  t = 0.24967
rdCMC.computeControls:  t = 0.25067
rdCMC.computeControls:  t = 0.25167
rdCMC.computeControls:  t = 0.25267
rdCMC.computeControls:  t = 0.25367
rdCMC.computeControls:  t = 0.25467
rdCMC.computeControls:  t = 0.25567
rdCMC.computeControls:  t = 0.25667
rdCMC.computeControls:  t = 0.25767
rdCMC.computeControls:  t = 0.25867
rdCMC.computeControls:  t = 0.25967
rdCMC.computeControls:  t = 0.26067
rdCMC.computeControls:  t = 0.26167
rdCMC.computeControls:  t = 0.26267
rdCMC.computeControls:  t = 0.26367
rdCMC.computeControls:  t = 0.26467
rdCMC.computeControls:  t = 0.26567
rdCMC.computeControls:  t = 0.26667
rdCMC.computeControls:  t = 0.26767
rdCMC.computeControls:  t = 0.26867
rdCMC.computeControls:  t = 0.26967
rdCMC.computeControls:  t = 0.27067
rdCMC.computeControls:  t = 0.27167
rdCMC.computeControls:  t = 0.27267
rdCMC.computeControls:  t = 0.27367
rdCMC.computeControls:  t = 0.27467
rdCMC.computeControls:  t = 0.27567
rdCMC.computeControls:  t = 0.27667
rdCMC.computeControls:  t = 0.27767
rdCMC.computeControls:  t = 0.27867
rdCMC.computeControls:  t = 0.27967
rdCMC.computeControls:  t = 0.28067
rdCMC.computeControls:  t = 0.28167
rdCMC.computeControls:  t = 0.28267
rdCMC.computeControls:  t = 0.28367
rdCMC.computeControls:  t = 0.28467
rdCMC.computeControls:  t = 0.28567
rdCMC.computeControls:  t = 0.28667
rdCMC.computeControls:  t = 0.28767
rdCMC.computeControls:  t = 0.28867
rdCMC.computeControls:  t = 0.28967
rdCMC.computeControls:  t = 0.29067
rdCMC.computeControls:  t = 0.29167
rdCMC.computeControls:  t = 0.29267
rdCMC.computeControls:  t = 0.29367
rdCMC.computeControls:  t = 0.29467
rdCMC.computeControls:  t = 0.29567
rdCMC.computeControls:  t = 0.29667
rdCMC.computeControls:  t = 0.29767
rdCMC.computeControls:  t = 0.29867
rdCMC.computeControls:  t = 0.29967
rdCMC.computeControls:  t = 0.30067
rdCMC.computeControls:  t = 0.30167
rdCMC.computeControls:  t = 0.30267
rdCMC.computeControls:  t = 0.30367
rdCMC.computeControls:  t = 0.30467
rdCMC.computeControls:  t = 0.30567
rdCMC.computeControls:  t = 0.30667
rdCMC.computeControls:  t = 0.30767
rdCMC.computeControls:  t = 0.30867
rdCMC.computeControls:  t = 0.30967
rdCMC.computeControls:  t = 0.31067
rdCMC.computeControls:  t = 0.31167
rdCMC.computeControls:  t = 0.31267
rdCMC.computeControls:  t = 0.31367
rdCMC.computeControls:  t = 0.31467
rdCMC.computeControls:  t = 0.31567
rdCMC.computeControls:  t = 0.31667
rdCMC.computeControls:  t = 0.31767
rdCMC.computeControls:  t = 0.31867
rdCMC.computeControls:  t = 0.31967
rdCMC.computeControls:  t = 0.32067
rdCMC.computeControls:  t = 0.32167
rdCMC.computeControls:  t = 0.32267
rdCMC.computeControls:  t = 0.32367
rdCMC.computeControls:  t = 0.32467
rdCMC.computeControls:  t = 0.32567
rdCMC.computeControls:  t = 0.32667
rdCMC.computeControls:  t = 0.32767
rdCMC.computeControls:  t = 0.32867
rdCMC.computeControls:  t = 0.32967
rdCMC.computeControls:  t = 0.33067
rdCMC.computeControls:  t = 0.33167
rdCMC.computeControls:  t = 0.33267
rdCMC.computeControls:  t = 0.33367
rdCMC.computeControls:  t = 0.33467
rdCMC.computeControls:  t = 0.33567
rdCMC.computeControls:  t = 0.33667
rdCMC.computeControls:  t = 0.33767
rdCMC.computeControls:  t = 0.33867
rdCMC.computeControls:  t = 0.33967
rdCMC.computeControls:  t = 0.34067
rdCMC.computeControls:  t = 0.34167
rdCMC.computeControls:  t = 0.34267
rdCMC.computeControls:  t = 0.34367
rdCMC.computeControls:  t = 0.34467
rdCMC.computeControls:  t = 0.34567
rdCMC.computeControls:  t = 0.34667
rdCMC.computeControls:  t = 0.34767
rdCMC.computeControls:  t = 0.34867
rdCMC.computeControls:  t = 0.34967
rdCMC.computeControls:  t = 0.35067
rdCMC.computeControls:  t = 0.35167
rdCMC.computeControls:  t = 0.35267
rdCMC.computeControls:  t = 0.35367
rdCMC.computeControls:  t = 0.35467
rdCMC.computeControls:  t = 0.35567
rdCMC.computeControls:  t = 0.35667
rdCMC.computeControls:  t = 0.35767
rdCMC.computeControls:  t = 0.35867
rdCMC.computeControls:  t = 0.35967
rdCMC.computeControls:  t = 0.36067
rdCMC.computeControls:  t = 0.36167
rdCMC.computeControls:  t = 0.36267
rdCMC.computeControls:  t = 0.36367
rdCMC.computeControls:  t = 0.36467
rdCMC.computeControls:  t = 0.36567
rdCMC.computeControls:  t = 0.36667
rdCMC.computeControls:  t = 0.36767
rdCMC.computeControls:  t = 0.36867
rdCMC.computeControls:  t = 0.36967
rdCMC.computeControls:  t = 0.37067
rdCMC.computeControls:  t = 0.37167
rdCMC.computeControls:  t = 0.37267
rdCMC.computeControls:  t = 0.37367
rdCMC.computeControls:  t = 0.37467
rdCMC.computeControls:  t = 0.37567
rdCMC.computeControls:  t = 0.37667
rdCMC.computeControls:  t = 0.37767
rdCMC.computeControls:  t = 0.37867
rdCMC.computeControls:  t = 0.37967
rdCMC.computeControls:  t = 0.38067
rdCMC.computeControls:  t = 0.38167
rdCMC.computeControls:  t = 0.38267
rdCMC.computeControls:  t = 0.38367
rdCMC.computeControls:  t = 0.38467
rdCMC.computeControls:  t = 0.38567
rdCMC.computeControls:  t = 0.38667
rdCMC.computeControls:  t = 0.38767
rdCMC.computeControls:  t = 0.38867
rdCMC.computeControls:  t = 0.38967
rdCMC.computeControls:  t = 0.39067
rdCMC.computeControls:  t = 0.39167
rdCMC.computeControls:  t = 0.39267
rdCMC.computeControls:  t = 0.39367
rdCMC.computeControls:  t = 0.39467
rdCMC.computeControls:  t = 0.39567
rdCMC.computeControls:  t = 0.39667
rdCMC.computeControls:  t = 0.39767
rdCMC.computeControls:  t = 0.39867
rdCMC.computeControls:  t = 0.39967
rdCMC.computeControls:  t = 0.40067
rdCMC.computeControls:  t = 0.40167
rdCMC.computeControls:  t = 0.40267
rdCMC.computeControls:  t = 0.40367
rdCMC.computeControls:  t = 0.40467
rdCMC.computeControls:  t = 0.40567
rdCMC.computeControls:  t = 0.40667
rdCMC.computeControls:  t = 0.40767
rdCMC.computeControls:  t = 0.40867
rdCMC.computeControls:  t = 0.40967
rdCMC.computeControls:  t = 0.41067
rdCMC.computeControls:  t = 0.41167
rdCMC.computeControls:  t = 0.41267
rdCMC.computeControls:  t = 0.41367
rdCMC.computeControls:  t = 0.41467
rdCMC.computeControls:  t = 0.41567
rdCMC.computeControls:  t = 0.41667
rdCMC.computeControls:  t = 0.41767
rdCMC.computeControls:  t = 0.41867
rdCMC.computeControls:  t = 0.41967
rdCMC.computeControls:  t = 0.42067
rdCMC.computeControls:  t = 0.42167
rdCMC.computeControls:  t = 0.42267
rdCMC.computeControls:  t = 0.42367
rdCMC.computeControls:  t = 0.42467
rdCMC.computeControls:  t = 0.42567
rdCMC.computeControls:  t = 0.42667
rdCMC.computeControls:  t = 0.42767
rdCMC.computeControls:  t = 0.42867
rdCMC.computeControls:  t = 0.42967
rdCMC.computeControls:  t = 0.43067
rdCMC.computeControls:  t = 0.43167
rdCMC.computeControls:  t = 0.43267
rdCMC.computeControls:  t = 0.43367
rdCMC.computeControls:  t = 0.43467
rdCMC.computeControls:  t = 0.43567
rdCMC.computeControls:  t = 0.43667
rdCMC.computeControls:  t = 0.43767
rdCMC.computeControls:  t = 0.43867
rdCMC.computeControls:  t = 0.43967
rdCMC.computeControls:  t = 0.44067
rdCMC.computeControls:  t = 0.44167
rdCMC.computeControls:  t = 0.44267
rdCMC.computeControls:  t = 0.44367
rdCMC.computeControls:  t = 0.44467
rdCMC.computeControls:  t = 0.44567
rdCMC.computeControls:  t = 0.44667
rdCMC.computeControls:  t = 0.44767
rdCMC.computeControls:  t = 0.44867
rdCMC.computeControls:  t = 0.44967
rdCMC.computeControls:  t = 0.45067
rdCMC.computeControls:  t = 0.45167
rdCMC.computeControls:  t = 0.45267
rdCMC.computeControls:  t = 0.45367
rdCMC.computeControls:  t = 0.45467
rdCMC.computeControls:  t = 0.45567
rdCMC.computeControls:  t = 0.45667
rdCMC.computeControls:  t = 0.45767
rdCMC.computeControls:  t = 0.45867
rdCMC.computeControls:  t = 0.45967
rdCMC.computeControls:  t = 0.46067
rdCMC.computeControls:  t = 0.46167
rdCMC.computeControls:  t = 0.46267
rdCMC.computeControls:  t = 0.46367
rdCMC.computeControls:  t = 0.46467
rdCMC.computeControls:  t = 0.46567
rdCMC.computeControls:  t = 0.46667
rdCMC.computeControls:  t = 0.46767
rdCMC.computeControls:  t = 0.46867
rdCMC.computeControls:  t = 0.46967
rdCMC.computeControls:  t = 0.47067
rdCMC.computeControls:  t = 0.47167
rdCMC.computeControls:  t = 0.47267
rdCMC.computeControls:  t = 0.47367
rdCMC.computeControls:  t = 0.47467
rdCMC.computeControls:  t = 0.47567
rdCMC.computeControls:  t = 0.47667
rdCMC.computeControls:  t = 0.47767
rdCMC.computeControls:  t = 0.47867
rdCMC.computeControls:  t = 0.47967
rdCMC.computeControls:  t = 0.48067
rdCMC.computeControls:  t = 0.48167
rdCMC.computeControls:  t = 0.48267
rdCMC.computeControls:  t = 0.48367
rdCMC.computeControls:  t = 0.48467
rdCMC.computeControls:  t = 0.48567
rdCMC.computeControls:  t = 0.48667
rdCMC.computeControls:  t = 0.48767
rdCMC.computeControls:  t = 0.48867
rdCMC.computeControls:  t = 0.48967
rdCMC.computeControls:  t = 0.49067
rdCMC.computeControls:  t = 0.49167
rdCMC.computeControls:  t = 0.49267
rdCMC.computeControls:  t = 0.49367
rdCMC.computeControls:  t = 0.49467
rdCMC.computeControls:  t = 0.49567
rdCMC.computeControls:  t = 0.49667
rdCMC.computeControls:  t = 0.49767
rdCMC.computeControls:  t = 0.49867
rdCMC.computeControls:  t = 0.49967
rdCMC.computeControls:  t = 0.50067
rdCMC.computeControls:  t = 0.50167
rdCMC.computeControls:  t = 0.50267
rdCMC.computeControls:  t = 0.50367
rdCMC.computeControls:  t = 0.50467
rdCMC.computeControls:  t = 0.50567
rdCMC.computeControls:  t = 0.50667
rdCMC.computeControls:  t = 0.50767
rdCMC.computeControls:  t = 0.50867
rdCMC.computeControls:  t = 0.50967
rdCMC.computeControls:  t = 0.51067
rdCMC.computeControls:  t = 0.51167
rdCMC.computeControls:  t = 0.51267
rdCMC.computeControls:  t = 0.51367
rdCMC.computeControls:  t = 0.51467
rdCMC.computeControls:  t = 0.51567
rdCMC.computeControls:  t = 0.51667
rdCMC.computeControls:  t = 0.51767
rdCMC.computeControls:  t = 0.51867
rdCMC.computeControls:  t = 0.51967
rdCMC.computeControls:  t = 0.52067
rdCMC.computeControls:  t = 0.52167
rdCMC.computeControls:  t = 0.52267
rdCMC.computeControls:  t = 0.52367
rdCMC.computeControls:  t = 0.52467
rdCMC.computeControls:  t = 0.52567
rdCMC.computeControls:  t = 0.52667
rdCMC.computeControls:  t = 0.52767
rdCMC.computeControls:  t = 0.52867
rdCMC.computeControls:  t = 0.52967
rdCMC.computeControls:  t = 0.53067
rdCMC.computeControls:  t = 0.53167
rdCMC.computeControls:  t = 0.53267
rdCMC.computeControls:  t = 0.53367
rdCMC.computeControls:  t = 0.53467
rdCMC.computeControls:  t = 0.53567
rdCMC.computeControls:  t = 0.53667
rdCMC.computeControls:  t = 0.53767
rdCMC.computeControls:  t = 0.53867
rdCMC.computeControls:  t = 0.53967
rdCMC.computeControls:  t = 0.54067
rdCMC.computeControls:  t = 0.54167
rdCMC.computeControls:  t = 0.54267
rdCMC.computeControls:  t = 0.54367
rdCMC.computeControls:  t = 0.54467
rdCMC.computeControls:  t = 0.54567
rdCMC.computeControls:  t = 0.54667
rdCMC.computeControls:  t = 0.54767
rdCMC.computeControls:  t = 0.54867
rdCMC.computeControls:  t = 0.54967
rdCMC.computeControls:  t = 0.55067
rdCMC.computeControls:  t = 0.55167
rdCMC.computeControls:  t = 0.55267
rdCMC.computeControls:  t = 0.55367
rdCMC.computeControls:  t = 0.55467
rdCMC.computeControls:  t = 0.55567
rdCMC.computeControls:  t = 0.55667
rdCMC.computeControls:  t = 0.55767
rdCMC.computeControls:  t = 0.55867
rdCMC.computeControls:  t = 0.55967
rdCMC.computeControls:  t = 0.56067
rdCMC.computeControls:  t = 0.56167
rdCMC.computeControls:  t = 0.56267
rdCMC.computeControls:  t = 0.56367
rdCMC.computeControls:  t = 0.56467
rdCMC.computeControls:  t = 0.56567
rdCMC.computeControls:  t = 0.56667
rdCMC.computeControls:  t = 0.56767
rdCMC.computeControls:  t = 0.56867
rdCMC.computeControls:  t = 0.56967
rdCMC.computeControls:  t = 0.57067
rdCMC.computeControls:  t = 0.57167
rdCMC.computeControls:  t = 0.57267
rdCMC.computeControls:  t = 0.57367
rdCMC.computeControls:  t = 0.57467
rdCMC.computeControls:  t = 0.57567
rdCMC.computeControls:  t = 0.57667
rdCMC.computeControls:  t = 0.57767
rdCMC.computeControls:  t = 0.57867
rdCMC.computeControls:  t = 0.57967
rdCMC.computeControls:  t = 0.58067
rdCMC.computeControls:  t = 0.58167
rdCMC.computeControls:  t = 0.58267
rdCMC.computeControls:  t = 0.58367
rdCMC.computeControls:  t = 0.58467
rdCMC.computeControls:  t = 0.58567
rdCMC.computeControls:  t = 0.58667
rdCMC.computeControls:  t = 0.58767
rdCMC.computeControls:  t = 0.58867
rdCMC.computeControls:  t = 0.58967
rdCMC.computeControls:  t = 0.59067
rdCMC.computeControls:  t = 0.59167
rdCMC.computeControls:  t = 0.59267
rdCMC.computeControls:  t = 0.59367
rdCMC.computeControls:  t = 0.59467
rdCMC.computeControls:  t = 0.59567
rdCMC.computeControls:  t = 0.59667
rdCMC.computeControls:  t = 0.59767
rdCMC.computeControls:  t = 0.59867
rdCMC.computeControls:  t = 0.59967
rdCMC.computeControls:  t = 0.60067
rdCMC.computeControls:  t = 0.60167
rdCMC.computeControls:  t = 0.60267
rdCMC.computeControls:  t = 0.60367
rdCMC.computeControls:  t = 0.60467
rdCMC.computeControls:  t = 0.60567
rdCMC.computeControls:  t = 0.60667
rdCMC.computeControls:  t = 0.60767
rdCMC.computeControls:  t = 0.60867
rdCMC.computeControls:  t = 0.60967
rdCMC.computeControls:  t = 0.61067
rdCMC.computeControls:  t = 0.61167
rdCMC.computeControls:  t = 0.61267
rdCMC.computeControls:  t = 0.61367
rdCMC.computeControls:  t = 0.61467
rdCMC.computeControls:  t = 0.61567
rdCMC.computeControls:  t = 0.61667
rdCMC.computeControls:  t = 0.61767
rdCMC.computeControls:  t = 0.61867
rdCMC.computeControls:  t = 0.61967
rdCMC.computeControls:  t = 0.62067
rdCMC.computeControls:  t = 0.62167
rdCMC.computeControls:  t = 0.62267
rdCMC.computeControls:  t = 0.62367
rdCMC.computeControls:  t = 0.62467
rdCMC.computeControls:  t = 0.62567
rdCMC.computeControls:  t = 0.62667
rdCMC.computeControls:  t = 0.62767
rdCMC.computeControls:  t = 0.62867
rdCMC.computeControls:  t = 0.62967
rdCMC.computeControls:  t = 0.63067
rdCMC.computeControls:  t = 0.63167
rdCMC.computeControls:  t = 0.63267
rdCMC.computeControls:  t = 0.63367
rdCMC.computeControls:  t = 0.63467
rdCMC.computeControls:  t = 0.63567
rdCMC.computeControls:  t = 0.63667
rdCMC.computeControls:  t = 0.63767
rdCMC.computeControls:  t = 0.63867
rdCMC.computeControls:  t = 0.63967
rdCMC.computeControls:  t = 0.64067
rdCMC.computeControls:  t = 0.64167
rdCMC.computeControls:  t = 0.64267
rdCMC.computeControls:  t = 0.64367
rdCMC.computeControls:  t = 0.64467
rdCMC.computeControls:  t = 0.64567
rdCMC.computeControls:  t = 0.64667
rdCMC.computeControls:  t = 0.64767
rdCMC.computeControls:  t = 0.64867
rdCMC.computeControls:  t = 0.64967
rdCMC.computeControls:  t = 0.65067
rdCMC.computeControls:  t = 0.65167
rdCMC.computeControls:  t = 0.65267
rdCMC.computeControls:  t = 0.65367
rdCMC.computeControls:  t = 0.65467
rdCMC.computeControls:  t = 0.65567
rdCMC.computeControls:  t = 0.65667
rdCMC.computeControls:  t = 0.65767
rdCMC.computeControls:  t = 0.65867
rdCMC.computeControls:  t = 0.65967
rdCMC.computeControls:  t = 0.66067
rdCMC.computeControls:  t = 0.66167
rdCMC.computeControls:  t = 0.66267
rdCMC.computeControls:  t = 0.66367
rdCMC.computeControls:  t = 0.66467
rdCMC.computeControls:  t = 0.66567
rdCMC.computeControls:  t = 0.66667
rdCMC.computeControls:  t = 0.66767
rdCMC.computeControls:  t = 0.66867
rdCMC.computeControls:  t = 0.66967
rdCMC.computeControls:  t = 0.67067
rdCMC.computeControls:  t = 0.67167
rdCMC.computeControls:  t = 0.67267
rdCMC.computeControls:  t = 0.67367
rdCMC.computeControls:  t = 0.67467
rdCMC.computeControls:  t = 0.67567
rdCMC.computeControls:  t = 0.67667
rdCMC.computeControls:  t = 0.67767
rdCMC.computeControls:  t = 0.67867
rdCMC.computeControls:  t = 0.67967
rdCMC.computeControls:  t = 0.68067
rdCMC.computeControls:  t = 0.68167
rdCMC.computeControls:  t = 0.68267
rdCMC.computeControls:  t = 0.68367
rdCMC.computeControls:  t = 0.68467
rdCMC.computeControls:  t = 0.68567
rdCMC.computeControls:  t = 0.68667
rdCMC.computeControls:  t = 0.68767
rdCMC.computeControls:  t = 0.68867
rdCMC.computeControls:  t = 0.68967
rdCMC.computeControls:  t = 0.69067
rdCMC.computeControls:  t = 0.69167
rdCMC.computeControls:  t = 0.69267
rdCMC.computeControls:  t = 0.69367
rdCMC.computeControls:  t = 0.69467
rdCMC.computeControls:  t = 0.69567
rdCMC.computeControls:  t = 0.69667
rdCMC.computeControls:  t = 0.69767
rdCMC.computeControls:  t = 0.69867
rdCMC.computeControls:  t = 0.69967
rdCMC.computeControls:  t = 0.70067
rdCMC.computeControls:  t = 0.70167
rdCMC.computeControls:  t = 0.70267
rdCMC.computeControls:  t = 0.70367
rdCMC.computeControls:  t = 0.70467
rdCMC.computeControls:  t = 0.70567
rdCMC.computeControls:  t = 0.70667
rdCMC.computeControls:  t = 0.70767
rdCMC.computeControls:  t = 0.70867
rdCMC.computeControls:  t = 0.70967
rdCMC.computeControls:  t = 0.71067
rdCMC.computeControls:  t = 0.71167
rdCMC.computeControls:  t = 0.71267
rdCMC.computeControls:  t = 0.71367
rdCMC.computeControls:  t = 0.71467
rdCMC.computeControls:  t = 0.71567
rdCMC.computeControls:  t = 0.71667
rdCMC.computeControls:  t = 0.71767
rdCMC.computeControls:  t = 0.71867
rdCMC.computeControls:  t = 0.71967
rdCMC.computeControls:  t = 0.72067
rdCMC.computeControls:  t = 0.72167
rdCMC.computeControls:  t = 0.72267
rdCMC.computeControls:  t = 0.72367
rdCMC.computeControls:  t = 0.72467
rdCMC.computeControls:  t = 0.72567
rdCMC.computeControls:  t = 0.72667
rdCMC.computeControls:  t = 0.72767
rdCMC.computeControls:  t = 0.72867
rdCMC.computeControls:  t = 0.72967
rdCMC.computeControls:  t = 0.73067
rdCMC.computeControls:  t = 0.73167
rdCMC.computeControls:  t = 0.73267
rdCMC.computeControls:  t = 0.73367
rdCMC.computeControls:  t = 0.73467
rdCMC.computeControls:  t = 0.73567
rdCMC.computeControls:  t = 0.73667
rdCMC.computeControls:  t = 0.73767
rdCMC.computeControls:  t = 0.73867
rdCMC.computeControls:  t = 0.73967
rdCMC.computeControls:  t = 0.74067
rdCMC.computeControls:  t = 0.74167
rdCMC.computeControls:  t = 0.74267
rdCMC.computeControls:  t = 0.74367
rdCMC.computeControls:  t = 0.74467
rdCMC.computeControls:  t = 0.74567
rdCMC.computeControls:  t = 0.74667
rdCMC.computeControls:  t = 0.74767
rdCMC.computeControls:  t = 0.74867
rdCMC.computeControls:  t = 0.74967
rdCMC.computeControls:  t = 0.75067
rdCMC.computeControls:  t = 0.75167
rdCMC.computeControls:  t = 0.75267
rdCMC.computeControls:  t = 0.75367
rdCMC.computeControls:  t = 0.75467
rdCMC.computeControls:  t = 0.75567
rdCMC.computeControls:  t = 0.75667
rdCMC.computeControls:  t = 0.75767
rdCMC.computeControls:  t = 0.75867
rdCMC.computeControls:  t = 0.75967
rdCMC.computeControls:  t = 0.76067
rdCMC.computeControls:  t = 0.76167
rdCMC.computeControls:  t = 0.76267
rdCMC.computeControls:  t = 0.76367
rdCMC.computeControls:  t = 0.76467
rdCMC.computeControls:  t = 0.76567
rdCMC.computeControls:  t = 0.76667
rdCMC.computeControls:  t = 0.76767
rdCMC.computeControls:  t = 0.76867
rdCMC.computeControls:  t = 0.76967
rdCMC.computeControls:  t = 0.77067
rdCMC.computeControls:  t = 0.77167
rdCMC.computeControls:  t = 0.77267
rdCMC.computeControls:  t = 0.77367
rdCMC.computeControls:  t = 0.77467
rdCMC.computeControls:  t = 0.77567
rdCMC.computeControls:  t = 0.77667
rdCMC.computeControls:  t = 0.77767
rdCMC.computeControls:  t = 0.77867
rdCMC.computeControls:  t = 0.77967
rdCMC.computeControls:  t = 0.78067
rdCMC.computeControls:  t = 0.78167
rdCMC.computeControls:  t = 0.78267
rdCMC.computeControls:  t = 0.78367
rdCMC.computeControls:  t = 0.78467
rdCMC.computeControls:  t = 0.78567
rdCMC.computeControls:  t = 0.78667
rdCMC.computeControls:  t = 0.78767
rdCMC.computeControls:  t = 0.78867
rdCMC.computeControls:  t = 0.78967
rdCMC.computeControls:  t = 0.79067
rdCMC.computeControls:  t = 0.79167
rdCMC.computeControls:  t = 0.79267
rdCMC.computeControls:  t = 0.79367
rdCMC.computeControls:  t = 0.79467
rdCMC.computeControls:  t = 0.79567
rdCMC.computeControls:  t = 0.79667
rdCMC.computeControls:  t = 0.79767
rdCMC.computeControls:  t = 0.79867
rdCMC.computeControls:  t = 0.79967
rdCMC.computeControls:  t = 0.80067
rdCMC.computeControls:  t = 0.80167
rdCMC.computeControls:  t = 0.80267
rdCMC.computeControls:  t = 0.80367
rdCMC.computeControls:  t = 0.80467
rdCMC.computeControls:  t = 0.80567
rdCMC.computeControls:  t = 0.80667
rdCMC.computeControls:  t = 0.80767
rdCMC.computeControls:  t = 0.80867
rdCMC.computeControls:  t = 0.80967
rdCMC.computeControls:  t = 0.81067
rdCMC.computeControls:  t = 0.81167
rdCMC.computeControls:  t = 0.81267
rdCMC.computeControls:  t = 0.81367
rdCMC.computeControls:  t = 0.81467
rdCMC.computeControls:  t = 0.81567
rdCMC.computeControls:  t = 0.81667
rdCMC.computeControls:  t = 0.81767
rdCMC.computeControls:  t = 0.81867
rdCMC.computeControls:  t = 0.81967
rdCMC.computeControls:  t = 0.82067
rdCMC.computeControls:  t = 0.82167
rdCMC.computeControls:  t = 0.82267
rdCMC.computeControls:  t = 0.82367
rdCMC.computeControls:  t = 0.82467
rdCMC.computeControls:  t = 0.82567
rdCMC.computeControls:  t = 0.82667
rdCMC.computeControls:  t = 0.82767
rdCMC.computeControls:  t = 0.82867
rdCMC.computeControls:  t = 0.82967
rdCMC.computeControls:  t = 0.83067
rdCMC.computeControls:  t = 0.83167
rdCMC.computeControls:  t = 0.83267
rdCMC.computeControls:  t = 0.83367
rdCMC.computeControls:  t = 0.83467
rdCMC.computeControls:  t = 0.83567
rdCMC.computeControls:  t = 0.83667
rdCMC.computeControls:  t = 0.83767
rdCMC.computeControls:  t = 0.83867
rdCMC.computeControls:  t = 0.83967
rdCMC.computeControls:  t = 0.84067
rdCMC.computeControls:  t = 0.84167
rdCMC.computeControls:  t = 0.84267
rdCMC.computeControls:  t = 0.84367
rdCMC.computeControls:  t = 0.84467
rdCMC.computeControls:  t = 0.84567
rdCMC.computeControls:  t = 0.84667
rdCMC.computeControls:  t = 0.84767
rdCMC.computeControls:  t = 0.84867
rdCMC.computeControls:  t = 0.84967
rdCMC.computeControls:  t = 0.85067
rdCMC.computeControls:  t = 0.85167
rdCMC.computeControls:  t = 0.85267
rdCMC.computeControls:  t = 0.85367
rdCMC.computeControls:  t = 0.85467
rdCMC.computeControls:  t = 0.85567
rdCMC.computeControls:  t = 0.85667
rdCMC.computeControls:  t = 0.85767
rdCMC.computeControls:  t = 0.85867
rdCMC.computeControls:  t = 0.85967
rdCMC.computeControls:  t = 0.86067
rdCMC.computeControls:  t = 0.86167
rdCMC.computeControls:  t = 0.86267
rdCMC.computeControls:  t = 0.86367
rdCMC.computeControls:  t = 0.86467
rdCMC.computeControls:  t = 0.86567
rdCMC.computeControls:  t = 0.86667
rdCMC.computeControls:  t = 0.86767
rdCMC.computeControls:  t = 0.86867
rdCMC.computeControls:  t = 0.86967
rdCMC.computeControls:  t = 0.87067
rdCMC.computeControls:  t = 0.87167
rdCMC.computeControls:  t = 0.87267
rdCMC.computeControls:  t = 0.87367
rdCMC.computeControls:  t = 0.87467
rdCMC.computeControls:  t = 0.87567
rdCMC.computeControls:  t = 0.87667
rdCMC.computeControls:  t = 0.87767
rdCMC.computeControls:  t = 0.87867
rdCMC.computeControls:  t = 0.87967
rdCMC.computeControls:  t = 0.88067
rdCMC.computeControls:  t = 0.88167
rdCMC.computeControls:  t = 0.88267
rdCMC.computeControls:  t = 0.88367
rdCMC.computeControls:  t = 0.88467
rdCMC.computeControls:  t = 0.88567
rdCMC.computeControls:  t = 0.88667
rdCMC.computeControls:  t = 0.88767
rdCMC.computeControls:  t = 0.88867
rdCMC.computeControls:  t = 0.88967
rdCMC.computeControls:  t = 0.89067
rdCMC.computeControls:  t = 0.89167
rdCMC.computeControls:  t = 0.89267
rdCMC.computeControls:  t = 0.89367
rdCMC.computeControls:  t = 0.89467
rdCMC.computeControls:  t = 0.89567
rdCMC.computeControls:  t = 0.89667
rdCMC.computeControls:  t = 0.89767
rdCMC.computeControls:  t = 0.89867
rdCMC.computeControls:  t = 0.89967
rdCMC.computeControls:  t = 0.90067
rdCMC.computeControls:  t = 0.90167
rdCMC.computeControls:  t = 0.90267
rdCMC.computeControls:  t = 0.90367
rdCMC.computeControls:  t = 0.90467
rdCMC.computeControls:  t = 0.90567
rdCMC.computeControls:  t = 0.90667
rdCMC.computeControls:  t = 0.90767
rdCMC.computeControls:  t = 0.90867
rdCMC.computeControls:  t = 0.90967
rdCMC.computeControls:  t = 0.91067
rdCMC.computeControls:  t = 0.91167
rdCMC.computeControls:  t = 0.91267
rdCMC.computeControls:  t = 0.91367
rdCMC.computeControls:  t = 0.91467
rdCMC.computeControls:  t = 0.91567
rdCMC.computeControls:  t = 0.91667
rdCMC.computeControls:  t = 0.91767
rdCMC.computeControls:  t = 0.91867
rdCMC.computeControls:  t = 0.91967
rdCMC.computeControls:  t = 0.92067
rdCMC.computeControls:  t = 0.92167
rdCMC.computeControls:  t = 0.92267
rdCMC.computeControls:  t = 0.92367
rdCMC.computeControls:  t = 0.92467
rdCMC.computeControls:  t = 0.92567
rdCMC.computeControls:  t = 0.92667
rdCMC.computeControls:  t = 0.92767
rdCMC.computeControls:  t = 0.92867
rdCMC.computeControls:  t = 0.92967
rdCMC.computeControls:  t = 0.93067
rdCMC.computeControls:  t = 0.93167
rdCMC.computeControls:  t = 0.93267
rdCMC.computeControls:  t = 0.93367
rdCMC.computeControls:  t = 0.93467
rdCMC.computeControls:  t = 0.93567
rdCMC.computeControls:  t = 0.93667
rdCMC.computeControls:  t = 0.93767
rdCMC.computeControls:  t = 0.93867
rdCMC.computeControls:  t = 0.93967
rdCMC.computeControls:  t = 0.94067
rdCMC.computeControls:  t = 0.94167
rdCMC.computeControls:  t = 0.94267
rdCMC.computeControls:  t = 0.94367
rdCMC.computeControls:  t = 0.94467
rdCMC.computeControls:  t = 0.94567
rdCMC.computeControls:  t = 0.94667
rdCMC.computeControls:  t = 0.94767
rdCMC.computeControls:  t = 0.94867
rdCMC.computeControls:  t = 0.94967
rdCMC.computeControls:  t = 0.95067
rdCMC.computeControls:  t = 0.95167
rdCMC.computeControls:  t = 0.95267
rdCMC.computeControls:  t = 0.95367
rdCMC.computeControls:  t = 0.95467
rdCMC.computeControls:  t = 0.95567
rdCMC.computeControls:  t = 0.95667
rdCMC.computeControls:  t = 0.95767
rdCMC.computeControls:  t = 0.95867
rdCMC.computeControls:  t = 0.95967
rdCMC.computeControls:  t = 0.96067
rdCMC.computeControls:  t = 0.96167
rdCMC.computeControls:  t = 0.96267
rdCMC.computeControls:  t = 0.96367
rdCMC.computeControls:  t = 0.96467
rdCMC.computeControls:  t = 0.96567
rdCMC.computeControls:  t = 0.96667
rdCMC.computeControls:  t = 0.96767
rdCMC.computeControls:  t = 0.96867
----------------------------------------------------------------
Finished tracking the specified kinematics
=================================================================
Start time   = Thu Oct 30 14:27:10 2008
Finish time  = Thu Oct 30 14:29:10 2008
Elapsed time = 120 seconds.
================================================================


Printing results of investigation GIL12_free4_RRA to Results.


Average residuals:
FX=1.14617 FY=-1.70584 FZ=-2.54469
MX=0.660745 MY=-0.135499 MZ=1.37284


Deleted model default
