-------------------------------------------------------
This program includes software developed by the
Apache Software Foundation (http://www.apache.org/).
-------------------------------------------------------

Deleted model 
RegisterTypes_SdfastEngine

-------------------------------------------------------
Library SdfastEngine...
-------------------------------------------------------

RegisterTypes_SimbodyEngine

-------------------------------------------------------
Library SimbodyEngine...
-------------------------------------------------------

Constructing investigation from setup file GIL02_slow1_Setup_CMC_Unconstrained.xml.

AbstractTool GIL02_slow1_fixed_CMC_unconstr loading model '../../GIL02_gait2392_simbody_adjusted.osim'
Created model GIL02 from file ../../GIL02_gait2392_simbody_adjusted.osim
Adding actuator set from ../../GIL02_CMC_Actuators.xml
Handling locked coordinate.
Handling locked coordinate.
Handling locked coordinate.
Handling locked coordinate.
SimbodyCoordinate.setValue: WARN- coordinate subtalar_angle_r is locked. Unable to change its value.
SimbodyCoordinate.setValue: WARN- coordinate mtp_angle_r is locked. Unable to change its value.
SimbodyCoordinate.setValue: WARN- coordinate subtalar_angle_l is locked. Unable to change its value.
SimbodyCoordinate.setValue: WARN- coordinate mtp_angle_l is locked. Unable to change its value.
-----------------------------------------------------------------------
Loaded library
-----------------------------------------------------------------------
             MODEL: GIL02
         actuators: 112
          analyses: 3
          contacts: 0
-----------------------------------------------------------------------

Running tool GIL02_slow1_fixed_CMC_unconstr.
MODEL: GIL02

ANALYSES (3)
analysis[0] = Kinematics
analysis[1] = Actuation
analysis[2] = BodyKinematics

BODIES (13)
body[0] = ground (mass: 0) (inertia: 0 0 0 0 0 0 0 0 0)
body[1] = pelvis (mass: 10.3136) (inertia: 0.0781253 0 0 0 0.0661937 0 0 0 0.0440025)
body[2] = femur_r (mass: 8.14563) (inertia: 0.131752 0 0 0 0.034537 0 0 0 0.138935)
body[3] = tibia_r (mass: 3.24682) (inertia: 0.0378505 0 0 0 0.00383011 0 0 0 0.0383762)
body[4] = talus_r (mass: 0.0875743) (inertia: 0.000751 0 0 0 0.000751 0 0 0 0.000751)
body[5] = calcn_r (mass: 1.09468) (inertia: 0.00133977 0 0 0 0.00373221 0 0 0 0.00392361)
body[6] = toes_r (mass: 0.189686) (inertia: 9.57e-005 0 0 0 0.0001914 0 0 0 0.00095698)
body[7] = femur_l (mass: 8.14563) (inertia: 0.131752 0 0 0 0.034537 0 0 0 0.138935)
body[8] = tibia_l (mass: 3.24682) (inertia: 0.0378505 0 0 0 0.00383011 0 0 0 0.0383762)
body[9] = talus_l (mass: 0.0875743) (inertia: 0.000751 0 0 0 0.000751 0 0 0 0.000751)
body[10] = calcn_l (mass: 1.09468) (inertia: 0.00133977 0 0 0 0.00373221 0 0 0 0.00392361)
body[11] = toes_l (mass: 0.189686) (inertia: 9.57e-005 0 0 0 0.0001914 0 0 0 0.00095698)
body[12] = torso (mass: 30.6049) (inertia: 1.17583 0 0 0 0.60247 0 0 0 1.14146)

ACTUATORS (112)
actuator[0] = glut_med1_r (controls: glut_med1_r.excitation)
actuator[1] = glut_med2_r (controls: glut_med2_r.excitation)
actuator[2] = glut_med3_r (controls: glut_med3_r.excitation)
actuator[3] = glut_min1_r (controls: glut_min1_r.excitation)
actuator[4] = glut_min2_r (controls: glut_min2_r.excitation)
actuator[5] = glut_min3_r (controls: glut_min3_r.excitation)
actuator[6] = semimem_r (controls: semimem_r.excitation)
actuator[7] = semiten_r (controls: semiten_r.excitation)
actuator[8] = bifemlh_r (controls: bifemlh_r.excitation)
actuator[9] = bifemsh_r (controls: bifemsh_r.excitation)
actuator[10] = sar_r (controls: sar_r.excitation)
actuator[11] = add_long_r (controls: add_long_r.excitation)
actuator[12] = add_brev_r (controls: add_brev_r.excitation)
actuator[13] = add_mag1_r (controls: add_mag1_r.excitation)
actuator[14] = add_mag2_r (controls: add_mag2_r.excitation)
actuator[15] = add_mag3_r (controls: add_mag3_r.excitation)
actuator[16] = tfl_r (controls: tfl_r.excitation)
actuator[17] = pect_r (controls: pect_r.excitation)
actuator[18] = grac_r (controls: grac_r.excitation)
actuator[19] = glut_max1_r (controls: glut_max1_r.excitation)
actuator[20] = glut_max2_r (controls: glut_max2_r.excitation)
actuator[21] = glut_max3_r (controls: glut_max3_r.excitation)
actuator[22] = iliacus_r (controls: iliacus_r.excitation)
actuator[23] = psoas_r (controls: psoas_r.excitation)
actuator[24] = quad_fem_r (controls: quad_fem_r.excitation)
actuator[25] = gem_r (controls: gem_r.excitation)
actuator[26] = peri_r (controls: peri_r.excitation)
actuator[27] = rect_fem_r (controls: rect_fem_r.excitation)
actuator[28] = vas_med_r (controls: vas_med_r.excitation)
actuator[29] = vas_int_r (controls: vas_int_r.excitation)
actuator[30] = vas_lat_r (controls: vas_lat_r.excitation)
actuator[31] = med_gas_r (controls: med_gas_r.excitation)
actuator[32] = lat_gas_r (controls: lat_gas_r.excitation)
actuator[33] = soleus_r (controls: soleus_r.excitation)
actuator[34] = tib_post_r (controls: tib_post_r.excitation)
actuator[35] = flex_dig_r (controls: flex_dig_r.excitation)
actuator[36] = flex_hal_r (controls: flex_hal_r.excitation)
actuator[37] = tib_ant_r (controls: tib_ant_r.excitation)
actuator[38] = per_brev_r (controls: per_brev_r.excitation)
actuator[39] = per_long_r (controls: per_long_r.excitation)
actuator[40] = per_tert_r (controls: per_tert_r.excitation)
actuator[41] = ext_dig_r (controls: ext_dig_r.excitation)
actuator[42] = ext_hal_r (controls: ext_hal_r.excitation)
actuator[43] = glut_med1_l (controls: glut_med1_l.excitation)
actuator[44] = glut_med2_l (controls: glut_med2_l.excitation)
actuator[45] = glut_med3_l (controls: glut_med3_l.excitation)
actuator[46] = glut_min1_l (controls: glut_min1_l.excitation)
actuator[47] = glut_min2_l (controls: glut_min2_l.excitation)
actuator[48] = glut_min3_l (controls: glut_min3_l.excitation)
actuator[49] = semimem_l (controls: semimem_l.excitation)
actuator[50] = semiten_l (controls: semiten_l.excitation)
actuator[51] = bifemlh_l (controls: bifemlh_l.excitation)
actuator[52] = bifemsh_l (controls: bifemsh_l.excitation)
actuator[53] = sar_l (controls: sar_l.excitation)
actuator[54] = add_long_l (controls: add_long_l.excitation)
actuator[55] = add_brev_l (controls: add_brev_l.excitation)
actuator[56] = add_mag1_l (controls: add_mag1_l.excitation)
actuator[57] = add_mag2_l (controls: add_mag2_l.excitation)
actuator[58] = add_mag3_l (controls: add_mag3_l.excitation)
actuator[59] = tfl_l (controls: tfl_l.excitation)
actuator[60] = pect_l (controls: pect_l.excitation)
actuator[61] = grac_l (controls: grac_l.excitation)
actuator[62] = glut_max1_l (controls: glut_max1_l.excitation)
actuator[63] = glut_max2_l (controls: glut_max2_l.excitation)
actuator[64] = glut_max3_l (controls: glut_max3_l.excitation)
actuator[65] = iliacus_l (controls: iliacus_l.excitation)
actuator[66] = psoas_l (controls: psoas_l.excitation)
actuator[67] = quad_fem_l (controls: quad_fem_l.excitation)
actuator[68] = gem_l (controls: gem_l.excitation)
actuator[69] = peri_l (controls: peri_l.excitation)
actuator[70] = rect_fem_l (controls: rect_fem_l.excitation)
actuator[71] = vas_med_l (controls: vas_med_l.excitation)
actuator[72] = vas_int_l (controls: vas_int_l.excitation)
actuator[73] = vas_lat_l (controls: vas_lat_l.excitation)
actuator[74] = med_gas_l (controls: med_gas_l.excitation)
actuator[75] = lat_gas_l (controls: lat_gas_l.excitation)
actuator[76] = soleus_l (controls: soleus_l.excitation)
actuator[77] = tib_post_l (controls: tib_post_l.excitation)
actuator[78] = flex_dig_l (controls: flex_dig_l.excitation)
actuator[79] = flex_hal_l (controls: flex_hal_l.excitation)
actuator[80] = tib_ant_l (controls: tib_ant_l.excitation)
actuator[81] = per_brev_l (controls: per_brev_l.excitation)
actuator[82] = per_long_l (controls: per_long_l.excitation)
actuator[83] = per_tert_l (controls: per_tert_l.excitation)
actuator[84] = ext_dig_l (controls: ext_dig_l.excitation)
actuator[85] = ext_hal_l (controls: ext_hal_l.excitation)
actuator[86] = ercspn_r (controls: ercspn_r.excitation)
actuator[87] = ercspn_l (controls: ercspn_l.excitation)
actuator[88] = intobl_r (controls: intobl_r.excitation)
actuator[89] = intobl_l (controls: intobl_l.excitation)
actuator[90] = extobl_r (controls: extobl_r.excitation)
actuator[91] = extobl_l (controls: extobl_l.excitation)
actuator[92] = FX (controls: FX.excitation)
actuator[93] = FY (controls: FY.excitation)
actuator[94] = FZ (controls: FZ.excitation)
actuator[95] = MX (controls: MX.excitation)
actuator[96] = MY (controls: MY.excitation)
actuator[97] = MZ (controls: MZ.excitation)
actuator[98] = hip_flexion_r_reserve (controls: hip_flexion_r_reserve.excitation)
actuator[99] = hip_adduction_r_reserve (controls: hip_adduction_r_reserve.excitation)
actuator[100] = hip_rotation_r_reserve (controls: hip_rotation_r_reserve.excitation)
actuator[101] = knee_angle_r_reserve (controls: knee_angle_r_reserve.excitation)
actuator[102] = ankle_angle_r_reserve (controls: ankle_angle_r_reserve.excitation)
actuator[103] = hip_flexion_l_reserve (controls: hip_flexion_l_reserve.excitation)
actuator[104] = hip_adduction_l_reserve (controls: hip_adduction_l_reserve.excitation)
actuator[105] = hip_rotation_l_reserve (controls: hip_rotation_l_reserve.excitation)
actuator[106] = knee_angle_l_reserve (controls: knee_angle_l_reserve.excitation)
actuator[107] = knee_angle_l_reserve2 (controls: knee_angle_l_reserve2.excitation)
actuator[108] = ankle_angle_l_reserve (controls: ankle_angle_l_reserve.excitation)
actuator[109] = lumbar_extension_reserve (controls: lumbar_extension_reserve.excitation)
actuator[110] = lumbar_bending_reserve (controls: lumbar_bending_reserve.excitation)
actuator[111] = lumbar_rotation_reserve (controls: lumbar_rotation_reserve.excitation)

CONTACTS (0)
numControls = 112
numStates = 230
numCoordinates = 23
numSpeeds = 23
numActuators = 112
numBodies = 13

STATES (230)
y[0] = pelvis_tx
y[1] = pelvis_ty
y[2] = pelvis_tz
y[3] = pelvis_tilt
y[4] = pelvis_list
y[5] = pelvis_rotation
y[6] = hip_flexion_r
y[7] = hip_adduction_r
y[8] = hip_rotation_r
y[9] = knee_angle_r
y[10] = ankle_angle_r
y[11] = subtalar_angle_r
y[12] = mtp_angle_r
y[13] = hip_flexion_l
y[14] = hip_adduction_l
y[15] = hip_rotation_l
y[16] = knee_angle_l
y[17] = ankle_angle_l
y[18] = subtalar_angle_l
y[19] = mtp_angle_l
y[20] = lumbar_extension
y[21] = lumbar_bending
y[22] = lumbar_rotation
y[23] = pelvis_tx_u
y[24] = pelvis_ty_u
y[25] = pelvis_tz_u
y[26] = pelvis_tilt_u
y[27] = pelvis_list_u
y[28] = pelvis_rotation_u
y[29] = hip_flexion_r_u
y[30] = hip_adduction_r_u
y[31] = hip_rotation_r_u
y[32] = knee_angle_r_u
y[33] = ankle_angle_r_u
y[34] = subtalar_angle_r_u
y[35] = mtp_angle_r_u
y[36] = hip_flexion_l_u
y[37] = hip_adduction_l_u
y[38] = hip_rotation_l_u
y[39] = knee_angle_l_u
y[40] = ankle_angle_l_u
y[41] = subtalar_angle_l_u
y[42] = mtp_angle_l_u
y[43] = lumbar_extension_u
y[44] = lumbar_bending_u
y[45] = lumbar_rotation_u
y[46] = glut_med1_r.activation
y[47] = glut_med1_r.fiber_length
y[48] = glut_med2_r.activation
y[49] = glut_med2_r.fiber_length
y[50] = glut_med3_r.activation
y[51] = glut_med3_r.fiber_length
y[52] = glut_min1_r.activation
y[53] = glut_min1_r.fiber_length
y[54] = glut_min2_r.activation
y[55] = glut_min2_r.fiber_length
y[56] = glut_min3_r.activation
y[57] = glut_min3_r.fiber_length
y[58] = semimem_r.activation
y[59] = semimem_r.fiber_length
y[60] = semiten_r.activation
y[61] = semiten_r.fiber_length
y[62] = bifemlh_r.activation
y[63] = bifemlh_r.fiber_length
y[64] = bifemsh_r.activation
y[65] = bifemsh_r.fiber_length
y[66] = sar_r.activation
y[67] = sar_r.fiber_length
y[68] = add_long_r.activation
y[69] = add_long_r.fiber_length
y[70] = add_brev_r.activation
y[71] = add_brev_r.fiber_length
y[72] = add_mag1_r.activation
y[73] = add_mag1_r.fiber_length
y[74] = add_mag2_r.activation
y[75] = add_mag2_r.fiber_length
y[76] = add_mag3_r.activation
y[77] = add_mag3_r.fiber_length
y[78] = tfl_r.activation
y[79] = tfl_r.fiber_length
y[80] = pect_r.activation
y[81] = pect_r.fiber_length
y[82] = grac_r.activation
y[83] = grac_r.fiber_length
y[84] = glut_max1_r.activation
y[85] = glut_max1_r.fiber_length
y[86] = glut_max2_r.activation
y[87] = glut_max2_r.fiber_length
y[88] = glut_max3_r.activation
y[89] = glut_max3_r.fiber_length
y[90] = iliacus_r.activation
y[91] = iliacus_r.fiber_length
y[92] = psoas_r.activation
y[93] = psoas_r.fiber_length
y[94] = quad_fem_r.activation
y[95] = quad_fem_r.fiber_length
y[96] = gem_r.activation
y[97] = gem_r.fiber_length
y[98] = peri_r.activation
y[99] = peri_r.fiber_length
y[100] = rect_fem_r.activation
y[101] = rect_fem_r.fiber_length
y[102] = vas_med_r.activation
y[103] = vas_med_r.fiber_length
y[104] = vas_int_r.activation
y[105] = vas_int_r.fiber_length
y[106] = vas_lat_r.activation
y[107] = vas_lat_r.fiber_length
y[108] = med_gas_r.activation
y[109] = med_gas_r.fiber_length
y[110] = lat_gas_r.activation
y[111] = lat_gas_r.fiber_length
y[112] = soleus_r.activation
y[113] = soleus_r.fiber_length
y[114] = tib_post_r.activation
y[115] = tib_post_r.fiber_length
y[116] = flex_dig_r.activation
y[117] = flex_dig_r.fiber_length
y[118] = flex_hal_r.activation
y[119] = flex_hal_r.fiber_length
y[120] = tib_ant_r.activation
y[121] = tib_ant_r.fiber_length
y[122] = per_brev_r.activation
y[123] = per_brev_r.fiber_length
y[124] = per_long_r.activation
y[125] = per_long_r.fiber_length
y[126] = per_tert_r.activation
y[127] = per_tert_r.fiber_length
y[128] = ext_dig_r.activation
y[129] = ext_dig_r.fiber_length
y[130] = ext_hal_r.activation
y[131] = ext_hal_r.fiber_length
y[132] = glut_med1_l.activation
y[133] = glut_med1_l.fiber_length
y[134] = glut_med2_l.activation
y[135] = glut_med2_l.fiber_length
y[136] = glut_med3_l.activation
y[137] = glut_med3_l.fiber_length
y[138] = glut_min1_l.activation
y[139] = glut_min1_l.fiber_length
y[140] = glut_min2_l.activation
y[141] = glut_min2_l.fiber_length
y[142] = glut_min3_l.activation
y[143] = glut_min3_l.fiber_length
y[144] = semimem_l.activation
y[145] = semimem_l.fiber_length
y[146] = semiten_l.activation
y[147] = semiten_l.fiber_length
y[148] = bifemlh_l.activation
y[149] = bifemlh_l.fiber_length
y[150] = bifemsh_l.activation
y[151] = bifemsh_l.fiber_length
y[152] = sar_l.activation
y[153] = sar_l.fiber_length
y[154] = add_long_l.activation
y[155] = add_long_l.fiber_length
y[156] = add_brev_l.activation
y[157] = add_brev_l.fiber_length
y[158] = add_mag1_l.activation
y[159] = add_mag1_l.fiber_length
y[160] = add_mag2_l.activation
y[161] = add_mag2_l.fiber_length
y[162] = add_mag3_l.activation
y[163] = add_mag3_l.fiber_length
y[164] = tfl_l.activation
y[165] = tfl_l.fiber_length
y[166] = pect_l.activation
y[167] = pect_l.fiber_length
y[168] = grac_l.activation
y[169] = grac_l.fiber_length
y[170] = glut_max1_l.activation
y[171] = glut_max1_l.fiber_length
y[172] = glut_max2_l.activation
y[173] = glut_max2_l.fiber_length
y[174] = glut_max3_l.activation
y[175] = glut_max3_l.fiber_length
y[176] = iliacus_l.activation
y[177] = iliacus_l.fiber_length
y[178] = psoas_l.activation
y[179] = psoas_l.fiber_length
y[180] = quad_fem_l.activation
y[181] = quad_fem_l.fiber_length
y[182] = gem_l.activation
y[183] = gem_l.fiber_length
y[184] = peri_l.activation
y[185] = peri_l.fiber_length
y[186] = rect_fem_l.activation
y[187] = rect_fem_l.fiber_length
y[188] = vas_med_l.activation
y[189] = vas_med_l.fiber_length
y[190] = vas_int_l.activation
y[191] = vas_int_l.fiber_length
y[192] = vas_lat_l.activation
y[193] = vas_lat_l.fiber_length
y[194] = med_gas_l.activation
y[195] = med_gas_l.fiber_length
y[196] = lat_gas_l.activation
y[197] = lat_gas_l.fiber_length
y[198] = soleus_l.activation
y[199] = soleus_l.fiber_length
y[200] = tib_post_l.activation
y[201] = tib_post_l.fiber_length
y[202] = flex_dig_l.activation
y[203] = flex_dig_l.fiber_length
y[204] = flex_hal_l.activation
y[205] = flex_hal_l.fiber_length
y[206] = tib_ant_l.activation
y[207] = tib_ant_l.fiber_length
y[208] = per_brev_l.activation
y[209] = per_brev_l.fiber_length
y[210] = per_long_l.activation
y[211] = per_long_l.fiber_length
y[212] = per_tert_l.activation
y[213] = per_tert_l.fiber_length
y[214] = ext_dig_l.activation
y[215] = ext_dig_l.fiber_length
y[216] = ext_hal_l.activation
y[217] = ext_hal_l.fiber_length
y[218] = ercspn_r.activation
y[219] = ercspn_r.fiber_length
y[220] = ercspn_l.activation
y[221] = ercspn_l.fiber_length
y[222] = intobl_r.activation
y[223] = intobl_r.fiber_length
y[224] = intobl_l.activation
y[225] = intobl_l.fiber_length
y[226] = extobl_r.activation
y[227] = extobl_r.fiber_length
y[228] = extobl_l.activation
y[229] = extobl_l.fiber_length


Loading desired kinematics from file ../RRA/Results/GIL02_slow1_RRA_Kinematics_q.sto ...
Storage: file=../RRA/Results/GIL02_slow1_RRA_Kinematics_q.sto (nr=1137 nc=24)


Note- not filtering the desired kinematics.



Loading external loads kinematics from file ../IK/GIL02_slow1_ik.mot ...
Storage: file=../IK/GIL02_slow1_ik.mot (nr=142 nc=375)
Low-pass filtering external load kinematics with a cutoff frequency of 6...
Storage: file=../IK/GIL02_slow1_ik.mot (nr=142 nc=375)
Padded kineticsStore to start time of 0.18333

Constructing function set for tracking...



 taskSet size = 19

Using the generalized coordinates specified in ../RRA/Results/GIL02_slow1_RRA_Kinematics_q.sto to set the initial configuration.
Successfully linked to CFSQP library 'osimCFSQP.dll'
Using CFSQP optimizer algorithm.

Setting optimizer print level to 0.
Setting optimizer convergence criterion to 1e-006.
Setting optimizer maximum iterations to 2000.

Setting cmc controller to not use verbose printing.



================================================================
================================================================
Computing initial values for muscles states (activation, length)
Start time = Wed Oct 15 19:32:36 2008
================================================================

=============================================
rdCMC.computeInitialStates: ti=0.23333
=============================================
rdCMC.computeControls:  t = 0.23333
rdCMC.computeControls:  t = 0.23333

-----------------------------------------------------------------
Finished computing initial states:
-----------------------------------------------------------------
Array[230]= 0.770732 0.949985 -0.199903 -0.00308646 -0.0212771 0.024844 0.139426 0.0515039 0.133994 -0.161571 0.0357051 1.43118e-016 1.67846e-016 0.110557 -0.0559547 -0.0473851 -0.916119 -0.278752 -2.70613e-018 -2.05066e-017 -0.0464428 0.0793886 0.0411892 0.692626 0.061225 0.064058 0.232697 0.202095 0.339742 -1.4759 -0.0696536 0.731519 0.664569 0.643133 1.93104e-015 3.98609e-015 2.08168 0.0625827 0.263147 -1.90578 3.91268 -7.26736e-017 -6.27458e-016 -0.267988 -0.272018 0.196345 0.502023 0.041603 0.295037 0.0799571 0.173414 0.0658339 0.188675 0.0656439 0.176286 0.0570293 0.157348 0.0379174 0.0323955 0.061599 0.02 0.215278 0.02 0.100536 0.02 0.171553 0.02 0.472909 0.02 0.102879 0.02 0.113888 0.02 0.0556716 0.02 0.0767377 0.02 0.101001 0.0912619 0.105642 0.02 0.0672097 0.02 0.322969 0.171081 0.082755 0.114076 0.0915575 0.02 0.100682 0.02 0.0973773 0.02 0.0906387 0.02 0.0482316 0.02 0.0286084 0.0243726 0.025657 0.02 0.106327 0.0355431 0.0565162 0.0368336 0.0560826 0.0498316 0.0522907 0.02 0.053132 0.02 0.0570123 0.0275678 0.0419951 0.02 0.0311317 0.02 0.030308 0.02 0.037827 0.0278123 0.0743859 0.02 0.0464165 0.02 0.0470334 0.02 0.0741357 0.02 0.0913163 0.02 0.0996915 0.036982 0.0417221 0.02 0.0747559 0.02 0.0575223 0.0223745 0.0655801 0.02 0.0547718 0.02 0.0333921 0.0751776 0.0374964 0.0603836 0.18409 0.02 0.07646 0.289627 0.151256 0.116595 0.463692 0.0351331 0.111795 0.02 0.121352 0.02 0.0622218 0.02 0.0823637 0.02 0.102791 0.0294295 0.112957 0.02 0.0719472 0.0493138 0.306323 0.02 0.0760494 0.02 0.0855507 0.02 0.0986208 0.262106 0.0990086 0.273694 0.0914773 0.02 0.0446443 0.02 0.0237865 0.02 0.0186885 0.02 0.139289 0.02 0.0872236 0.02 0.0944167 0.02 0.0837666 0.02 0.026677 0.02 0.0278622 0.02 0.0308697 0.02 0.0289902 0.02 0.028114 0.02 0.0337887 0.316792 0.084689 0.02 0.0459792 0.02 0.0452707 0.02 0.0823238 0.186014 0.100916 0.0692175 0.111054 0.0300801 0.111631 0.0986946 0.117881 0.02 0.0850388 0.156058 0.0956483 0.02 0.116616 0.02 0.127818
=================================================================
Start time   = Wed Oct 15 19:32:36 2008
Finish time  = Wed Oct 15 19:33:15 2008
Elapsed time = 39 seconds.
=================================================================



================================================================
================================================================
Using CMC to track the specified kinematics
Integrating from 0.26333 to 1.32933
Start time = Wed Oct 15 19:33:15 2008
================================================================
rdCMC.computeControls:  t = 0.26333
rdCMC.computeControls:  t = 0.27333
rdCMC.computeControls:  t = 0.28333
rdCMC.computeControls:  t = 0.29333
rdCMC.computeControls:  t = 0.30333
rdCMC.computeControls:  t = 0.31333
rdCMC.computeControls:  t = 0.32333
rdCMC.computeControls:  t = 0.33333
rdCMC.computeControls:  t = 0.34333
rdCMC.computeControls:  t = 0.35333
rdCMC.computeControls:  t = 0.36333
rdCMC.computeControls:  t = 0.37333
rdCMC.computeControls:  t = 0.38333
rdCMC.computeControls:  t = 0.39333
rdCMC.computeControls:  t = 0.40333
rdCMC.computeControls:  t = 0.41333
rdCMC.computeControls:  t = 0.42333
rdCMC.computeControls:  t = 0.43333
rdCMC.computeControls:  t = 0.44333
rdCMC.computeControls:  t = 0.45333
rdCMC.computeControls:  t = 0.46333
rdCMC.computeControls:  t = 0.47333
rdCMC.computeControls:  t = 0.48333
rdCMC.computeControls:  t = 0.49333
rdCMC.computeControls:  t = 0.50333
rdCMC.computeControls:  t = 0.51333
rdCMC.computeControls:  t = 0.52333
rdCMC.computeControls:  t = 0.53333
WARN- small force range for vas_lat_l (1.8263 to 1.87078)
rdCMC.computeControls:  t = 0.54333
WARN- small force range for vas_lat_l (1.82258 to 1.86719)
rdCMC.computeControls:  t = 0.55333
WARN- small force range for vas_lat_l (1.82056 to 1.86528)
rdCMC.computeControls:  t = 0.56333
WARN- small force range for vas_lat_l (1.82041 to 1.86522)
rdCMC.computeControls:  t = 0.57333
WARN- small force range for vas_lat_l (1.82225 to 1.86715)
rdCMC.computeControls:  t = 0.58333
WARN- small force range for vas_lat_l (1.82619 to 2.27616)
rdCMC.computeControls:  t = 0.59333
rdCMC.computeControls:  t = 0.60333
rdCMC.computeControls:  t = 0.61333
rdCMC.computeControls:  t = 0.62333
rdCMC.computeControls:  t = 0.63333
rdCMC.computeControls:  t = 0.64333
rdCMC.computeControls:  t = 0.65333
rdCMC.computeControls:  t = 0.66333
rdCMC.computeControls:  t = 0.67333
rdCMC.computeControls:  t = 0.68333
rdCMC.computeControls:  t = 0.69333
rdCMC.computeControls:  t = 0.70333
rdCMC.computeControls:  t = 0.71333
rdCMC.computeControls:  t = 0.72333
rdCMC.computeControls:  t = 0.73333
rdCMC.computeControls:  t = 0.74333
rdCMC.computeControls:  t = 0.75333
rdCMC.computeControls:  t = 0.76333
rdCMC.computeControls:  t = 0.77333
rdCMC.computeControls:  t = 0.78333
rdCMC.computeControls:  t = 0.79333
rdCMC.computeControls:  t = 0.80333
rdCMC.computeControls:  t = 0.81333
rdCMC.computeControls:  t = 0.82333
rdCMC.computeControls:  t = 0.83333
WARN- small force range for lat_gas_r (0.679426 to 0.682153)
rdCMC.computeControls:  t = 0.84333
WARN- small force range for med_gas_r (1.54943 to 1.55585)
WARN- small force range for lat_gas_r (0.677046 to 0.680088)
rdCMC.computeControls:  t = 0.85333
WARN- small force range for med_gas_r (1.54569 to 1.5529)
WARN- small force range for lat_gas_r (0.674875 to 0.678231)
rdCMC.computeControls:  t = 0.86333
WARN- small force range for med_gas_r (1.54314 to 1.55115)
WARN- small force range for lat_gas_r (0.673266 to 0.676924)
rdCMC.computeControls:  t = 0.87333
WARN- small force range for med_gas_r (1.5424 to 1.55121)
WARN- small force range for lat_gas_r (0.672523 to 0.676461)
rdCMC.computeControls:  t = 0.88333
WARN- small force range for med_gas_r (1.54376 to 1.55333)
WARN- small force range for lat_gas_r (0.672783 to 0.676973)
rdCMC.computeControls:  t = 0.89333
WARN- small force range for lat_gas_r (0.674001 to 0.678411)
rdCMC.computeControls:  t = 0.90333
WARN- small force range for lat_gas_r (0.67613 to 0.680727)
rdCMC.computeControls:  t = 0.91333
rdCMC.computeControls:  t = 0.92333
rdCMC.computeControls:  t = 0.93333
rdCMC.computeControls:  t = 0.94333
rdCMC.computeControls:  t = 0.95333
rdCMC.computeControls:  t = 0.96333
rdCMC.computeControls:  t = 0.97333
rdCMC.computeControls:  t = 0.98333
rdCMC.computeControls:  t = 0.99333
rdCMC.computeControls:  t = 1.00333
rdCMC.computeControls:  t = 1.01333
rdCMC.computeControls:  t = 1.02333
rdCMC.computeControls:  t = 1.03333
rdCMC.computeControls:  t = 1.04333
rdCMC.computeControls:  t = 1.05333
rdCMC.computeControls:  t = 1.06333
rdCMC.computeControls:  t = 1.07333
rdCMC.computeControls:  t = 1.08333
rdCMC.computeControls:  t = 1.09333
rdCMC.computeControls:  t = 1.10333
rdCMC.computeControls:  t = 1.11333
rdCMC.computeControls:  t = 1.12333
rdCMC.computeControls:  t = 1.13333
rdCMC.computeControls:  t = 1.14333
rdCMC.computeControls:  t = 1.15333
rdCMC.computeControls:  t = 1.16333
rdCMC.computeControls:  t = 1.17333
rdCMC.computeControls:  t = 1.18333
rdCMC.computeControls:  t = 1.19333
rdCMC.computeControls:  t = 1.20333
rdCMC.computeControls:  t = 1.21333
rdCMC.computeControls:  t = 1.22333
rdCMC.computeControls:  t = 1.23333
rdCMC.computeControls:  t = 1.24333
WARN- small force range for vas_lat_r (1.82405 to 1.86859)
rdCMC.computeControls:  t = 1.25333
WARN- small force range for vas_lat_r (1.82233 to 1.86698)
rdCMC.computeControls:  t = 1.26333
WARN- small force range for vas_lat_r (1.82247 to 1.86723)
rdCMC.computeControls:  t = 1.27333
WARN- small force range for vas_lat_r (1.82464 to 1.86949)
rdCMC.computeControls:  t = 1.28333
rdCMC.computeControls:  t = 1.29333
rdCMC.computeControls:  t = 1.30333
rdCMC.computeControls:  t = 1.31333
----------------------------------------------------------------
Finished tracking the specified kinematics
=================================================================
Start time   = Wed Oct 15 19:33:15 2008
Finish time  = Wed Oct 15 20:00:40 2008
Elapsed time = 1645 seconds.
================================================================


Printing results of investigation GIL02_slow1_fixed_CMC_unconstr to Results.


Average residuals:
FX=0.368912 FY=-3.18089 FZ=-0.265144
MX=5.05591 MY=-0.115529 MZ=-9.13242


Deleted model default
