-------------------------------------------------------
This program includes software developed by the
Apache Software Foundation (http://www.apache.org/).
-------------------------------------------------------

Deleted model 
RegisterTypes_SdfastEngine

-------------------------------------------------------
Library SdfastEngine...
-------------------------------------------------------

RegisterTypes_SimbodyEngine

-------------------------------------------------------
Library SimbodyEngine...
-------------------------------------------------------

Constructing investigation from setup file GIL08_slow4_Setup_CMC_Unconstrained.xml.

AbstractTool GIL08_slow4_fixed_CMC_unconstr loading model '../../GIL08_gait2392_simbody_adjusted.osim'
Created model GIL08 from file ../../GIL08_gait2392_simbody_adjusted.osim
Adding actuator set from ../../GIL08_CMC_Actuators.xml
Handling locked coordinate.
Handling locked coordinate.
Handling locked coordinate.
Handling locked coordinate.
SimbodyCoordinate.setValue: WARN- coordinate subtalar_angle_r is locked. Unable to change its value.
SimbodyCoordinate.setValue: WARN- coordinate mtp_angle_r is locked. Unable to change its value.
SimbodyCoordinate.setValue: WARN- coordinate subtalar_angle_l is locked. Unable to change its value.
SimbodyCoordinate.setValue: WARN- coordinate mtp_angle_l is locked. Unable to change its value.
-----------------------------------------------------------------------
Loaded library
-----------------------------------------------------------------------
             MODEL: GIL08
         actuators: 111
          analyses: 3
          contacts: 0
-----------------------------------------------------------------------

Running tool GIL08_slow4_fixed_CMC_unconstr.
MODEL: GIL08

ANALYSES (3)
analysis[0] = Kinematics
analysis[1] = Actuation
analysis[2] = BodyKinematics

BODIES (13)
body[0] = ground (mass: 0) (inertia: 0 0 0 0 0 0 0 0 0)
body[1] = pelvis (mass: 9.67293) (inertia: 0.0586058 0 0 0 0.0496553 0 0 0 0.0330085)
body[2] = femur_r (mass: 7.63962) (inertia: 0.120107 0 0 0 0.0314844 0 0 0 0.126655)
body[3] = tibia_r (mass: 3.04512) (inertia: 0.0389982 0 0 0 0.00394625 0 0 0 0.0395399)
body[4] = talus_r (mass: 0.0821341) (inertia: 0.00077377 0 0 0 0.00077377 0 0 0 0.00077377)
body[5] = calcn_r (mass: 1.02668) (inertia: 0.00101728 0 0 0 0.00283385 0 0 0 0.00297918)
body[6] = toes_r (mass: 0.177902) (inertia: 7.266e-005 0 0 0 0.00014533 0 0 0 0.00072663)
body[7] = femur_l (mass: 7.63962) (inertia: 0.120107 0 0 0 0.0314844 0 0 0 0.126655)
body[8] = tibia_l (mass: 3.04512) (inertia: 0.0389982 0 0 0 0.00394625 0 0 0 0.0395399)
body[9] = talus_l (mass: 0.0821341) (inertia: 0.00077377 0 0 0 0.00077377 0 0 0 0.00077377)
body[10] = calcn_l (mass: 1.02668) (inertia: 0.00101728 0 0 0 0.00283385 0 0 0 0.00297918)
body[11] = toes_l (mass: 0.177902) (inertia: 7.266e-005 0 0 0 0.00014533 0 0 0 0.00072663)
body[12] = torso (mass: 27.2481) (inertia: 1.03153 0 0 0 0.528531 0 0 0 1.00138)

ACTUATORS (111)
actuator[0] = glut_med1_r (controls: glut_med1_r.excitation)
actuator[1] = glut_med2_r (controls: glut_med2_r.excitation)
actuator[2] = glut_med3_r (controls: glut_med3_r.excitation)
actuator[3] = glut_min1_r (controls: glut_min1_r.excitation)
actuator[4] = glut_min2_r (controls: glut_min2_r.excitation)
actuator[5] = glut_min3_r (controls: glut_min3_r.excitation)
actuator[6] = semimem_r (controls: semimem_r.excitation)
actuator[7] = semiten_r (controls: semiten_r.excitation)
actuator[8] = bifemlh_r (controls: bifemlh_r.excitation)
actuator[9] = bifemsh_r (controls: bifemsh_r.excitation)
actuator[10] = sar_r (controls: sar_r.excitation)
actuator[11] = add_long_r (controls: add_long_r.excitation)
actuator[12] = add_brev_r (controls: add_brev_r.excitation)
actuator[13] = add_mag1_r (controls: add_mag1_r.excitation)
actuator[14] = add_mag2_r (controls: add_mag2_r.excitation)
actuator[15] = add_mag3_r (controls: add_mag3_r.excitation)
actuator[16] = tfl_r (controls: tfl_r.excitation)
actuator[17] = pect_r (controls: pect_r.excitation)
actuator[18] = grac_r (controls: grac_r.excitation)
actuator[19] = glut_max1_r (controls: glut_max1_r.excitation)
actuator[20] = glut_max2_r (controls: glut_max2_r.excitation)
actuator[21] = glut_max3_r (controls: glut_max3_r.excitation)
actuator[22] = iliacus_r (controls: iliacus_r.excitation)
actuator[23] = psoas_r (controls: psoas_r.excitation)
actuator[24] = quad_fem_r (controls: quad_fem_r.excitation)
actuator[25] = gem_r (controls: gem_r.excitation)
actuator[26] = peri_r (controls: peri_r.excitation)
actuator[27] = rect_fem_r (controls: rect_fem_r.excitation)
actuator[28] = vas_med_r (controls: vas_med_r.excitation)
actuator[29] = vas_int_r (controls: vas_int_r.excitation)
actuator[30] = vas_lat_r (controls: vas_lat_r.excitation)
actuator[31] = med_gas_r (controls: med_gas_r.excitation)
actuator[32] = lat_gas_r (controls: lat_gas_r.excitation)
actuator[33] = soleus_r (controls: soleus_r.excitation)
actuator[34] = tib_post_r (controls: tib_post_r.excitation)
actuator[35] = flex_dig_r (controls: flex_dig_r.excitation)
actuator[36] = flex_hal_r (controls: flex_hal_r.excitation)
actuator[37] = tib_ant_r (controls: tib_ant_r.excitation)
actuator[38] = per_brev_r (controls: per_brev_r.excitation)
actuator[39] = per_long_r (controls: per_long_r.excitation)
actuator[40] = per_tert_r (controls: per_tert_r.excitation)
actuator[41] = ext_dig_r (controls: ext_dig_r.excitation)
actuator[42] = ext_hal_r (controls: ext_hal_r.excitation)
actuator[43] = glut_med1_l (controls: glut_med1_l.excitation)
actuator[44] = glut_med2_l (controls: glut_med2_l.excitation)
actuator[45] = glut_med3_l (controls: glut_med3_l.excitation)
actuator[46] = glut_min1_l (controls: glut_min1_l.excitation)
actuator[47] = glut_min2_l (controls: glut_min2_l.excitation)
actuator[48] = glut_min3_l (controls: glut_min3_l.excitation)
actuator[49] = semimem_l (controls: semimem_l.excitation)
actuator[50] = semiten_l (controls: semiten_l.excitation)
actuator[51] = bifemlh_l (controls: bifemlh_l.excitation)
actuator[52] = bifemsh_l (controls: bifemsh_l.excitation)
actuator[53] = sar_l (controls: sar_l.excitation)
actuator[54] = add_long_l (controls: add_long_l.excitation)
actuator[55] = add_brev_l (controls: add_brev_l.excitation)
actuator[56] = add_mag1_l (controls: add_mag1_l.excitation)
actuator[57] = add_mag2_l (controls: add_mag2_l.excitation)
actuator[58] = add_mag3_l (controls: add_mag3_l.excitation)
actuator[59] = tfl_l (controls: tfl_l.excitation)
actuator[60] = pect_l (controls: pect_l.excitation)
actuator[61] = grac_l (controls: grac_l.excitation)
actuator[62] = glut_max1_l (controls: glut_max1_l.excitation)
actuator[63] = glut_max2_l (controls: glut_max2_l.excitation)
actuator[64] = glut_max3_l (controls: glut_max3_l.excitation)
actuator[65] = iliacus_l (controls: iliacus_l.excitation)
actuator[66] = psoas_l (controls: psoas_l.excitation)
actuator[67] = quad_fem_l (controls: quad_fem_l.excitation)
actuator[68] = gem_l (controls: gem_l.excitation)
actuator[69] = peri_l (controls: peri_l.excitation)
actuator[70] = rect_fem_l (controls: rect_fem_l.excitation)
actuator[71] = vas_med_l (controls: vas_med_l.excitation)
actuator[72] = vas_int_l (controls: vas_int_l.excitation)
actuator[73] = vas_lat_l (controls: vas_lat_l.excitation)
actuator[74] = med_gas_l (controls: med_gas_l.excitation)
actuator[75] = lat_gas_l (controls: lat_gas_l.excitation)
actuator[76] = soleus_l (controls: soleus_l.excitation)
actuator[77] = tib_post_l (controls: tib_post_l.excitation)
actuator[78] = flex_dig_l (controls: flex_dig_l.excitation)
actuator[79] = flex_hal_l (controls: flex_hal_l.excitation)
actuator[80] = tib_ant_l (controls: tib_ant_l.excitation)
actuator[81] = per_brev_l (controls: per_brev_l.excitation)
actuator[82] = per_long_l (controls: per_long_l.excitation)
actuator[83] = per_tert_l (controls: per_tert_l.excitation)
actuator[84] = ext_dig_l (controls: ext_dig_l.excitation)
actuator[85] = ext_hal_l (controls: ext_hal_l.excitation)
actuator[86] = ercspn_r (controls: ercspn_r.excitation)
actuator[87] = ercspn_l (controls: ercspn_l.excitation)
actuator[88] = intobl_r (controls: intobl_r.excitation)
actuator[89] = intobl_l (controls: intobl_l.excitation)
actuator[90] = extobl_r (controls: extobl_r.excitation)
actuator[91] = extobl_l (controls: extobl_l.excitation)
actuator[92] = FX (controls: FX.excitation)
actuator[93] = FY (controls: FY.excitation)
actuator[94] = FZ (controls: FZ.excitation)
actuator[95] = MX (controls: MX.excitation)
actuator[96] = MY (controls: MY.excitation)
actuator[97] = MZ (controls: MZ.excitation)
actuator[98] = hip_flexion_r_reserve (controls: hip_flexion_r_reserve.excitation)
actuator[99] = hip_adduction_r_reserve (controls: hip_adduction_r_reserve.excitation)
actuator[100] = hip_rotation_r_reserve (controls: hip_rotation_r_reserve.excitation)
actuator[101] = knee_angle_r_reserve (controls: knee_angle_r_reserve.excitation)
actuator[102] = ankle_angle_r_reserve (controls: ankle_angle_r_reserve.excitation)
actuator[103] = hip_flexion_l_reserve (controls: hip_flexion_l_reserve.excitation)
actuator[104] = hip_adduction_l_reserve (controls: hip_adduction_l_reserve.excitation)
actuator[105] = hip_rotation_l_reserve (controls: hip_rotation_l_reserve.excitation)
actuator[106] = knee_angle_l_reserve (controls: knee_angle_l_reserve.excitation)
actuator[107] = ankle_angle_l_reserve (controls: ankle_angle_l_reserve.excitation)
actuator[108] = lumbar_extension_reserve (controls: lumbar_extension_reserve.excitation)
actuator[109] = lumbar_bending_reserve (controls: lumbar_bending_reserve.excitation)
actuator[110] = lumbar_rotation_reserve (controls: lumbar_rotation_reserve.excitation)

CONTACTS (0)
numControls = 111
numStates = 230
numCoordinates = 23
numSpeeds = 23
numActuators = 111
numBodies = 13

STATES (230)
y[0] = pelvis_tx
y[1] = pelvis_ty
y[2] = pelvis_tz
y[3] = pelvis_tilt
y[4] = pelvis_list
y[5] = pelvis_rotation
y[6] = hip_flexion_r
y[7] = hip_adduction_r
y[8] = hip_rotation_r
y[9] = knee_angle_r
y[10] = ankle_angle_r
y[11] = subtalar_angle_r
y[12] = mtp_angle_r
y[13] = hip_flexion_l
y[14] = hip_adduction_l
y[15] = hip_rotation_l
y[16] = knee_angle_l
y[17] = ankle_angle_l
y[18] = subtalar_angle_l
y[19] = mtp_angle_l
y[20] = lumbar_extension
y[21] = lumbar_bending
y[22] = lumbar_rotation
y[23] = pelvis_tx_u
y[24] = pelvis_ty_u
y[25] = pelvis_tz_u
y[26] = pelvis_tilt_u
y[27] = pelvis_list_u
y[28] = pelvis_rotation_u
y[29] = hip_flexion_r_u
y[30] = hip_adduction_r_u
y[31] = hip_rotation_r_u
y[32] = knee_angle_r_u
y[33] = ankle_angle_r_u
y[34] = subtalar_angle_r_u
y[35] = mtp_angle_r_u
y[36] = hip_flexion_l_u
y[37] = hip_adduction_l_u
y[38] = hip_rotation_l_u
y[39] = knee_angle_l_u
y[40] = ankle_angle_l_u
y[41] = subtalar_angle_l_u
y[42] = mtp_angle_l_u
y[43] = lumbar_extension_u
y[44] = lumbar_bending_u
y[45] = lumbar_rotation_u
y[46] = glut_med1_r.activation
y[47] = glut_med1_r.fiber_length
y[48] = glut_med2_r.activation
y[49] = glut_med2_r.fiber_length
y[50] = glut_med3_r.activation
y[51] = glut_med3_r.fiber_length
y[52] = glut_min1_r.activation
y[53] = glut_min1_r.fiber_length
y[54] = glut_min2_r.activation
y[55] = glut_min2_r.fiber_length
y[56] = glut_min3_r.activation
y[57] = glut_min3_r.fiber_length
y[58] = semimem_r.activation
y[59] = semimem_r.fiber_length
y[60] = semiten_r.activation
y[61] = semiten_r.fiber_length
y[62] = bifemlh_r.activation
y[63] = bifemlh_r.fiber_length
y[64] = bifemsh_r.activation
y[65] = bifemsh_r.fiber_length
y[66] = sar_r.activation
y[67] = sar_r.fiber_length
y[68] = add_long_r.activation
y[69] = add_long_r.fiber_length
y[70] = add_brev_r.activation
y[71] = add_brev_r.fiber_length
y[72] = add_mag1_r.activation
y[73] = add_mag1_r.fiber_length
y[74] = add_mag2_r.activation
y[75] = add_mag2_r.fiber_length
y[76] = add_mag3_r.activation
y[77] = add_mag3_r.fiber_length
y[78] = tfl_r.activation
y[79] = tfl_r.fiber_length
y[80] = pect_r.activation
y[81] = pect_r.fiber_length
y[82] = grac_r.activation
y[83] = grac_r.fiber_length
y[84] = glut_max1_r.activation
y[85] = glut_max1_r.fiber_length
y[86] = glut_max2_r.activation
y[87] = glut_max2_r.fiber_length
y[88] = glut_max3_r.activation
y[89] = glut_max3_r.fiber_length
y[90] = iliacus_r.activation
y[91] = iliacus_r.fiber_length
y[92] = psoas_r.activation
y[93] = psoas_r.fiber_length
y[94] = quad_fem_r.activation
y[95] = quad_fem_r.fiber_length
y[96] = gem_r.activation
y[97] = gem_r.fiber_length
y[98] = peri_r.activation
y[99] = peri_r.fiber_length
y[100] = rect_fem_r.activation
y[101] = rect_fem_r.fiber_length
y[102] = vas_med_r.activation
y[103] = vas_med_r.fiber_length
y[104] = vas_int_r.activation
y[105] = vas_int_r.fiber_length
y[106] = vas_lat_r.activation
y[107] = vas_lat_r.fiber_length
y[108] = med_gas_r.activation
y[109] = med_gas_r.fiber_length
y[110] = lat_gas_r.activation
y[111] = lat_gas_r.fiber_length
y[112] = soleus_r.activation
y[113] = soleus_r.fiber_length
y[114] = tib_post_r.activation
y[115] = tib_post_r.fiber_length
y[116] = flex_dig_r.activation
y[117] = flex_dig_r.fiber_length
y[118] = flex_hal_r.activation
y[119] = flex_hal_r.fiber_length
y[120] = tib_ant_r.activation
y[121] = tib_ant_r.fiber_length
y[122] = per_brev_r.activation
y[123] = per_brev_r.fiber_length
y[124] = per_long_r.activation
y[125] = per_long_r.fiber_length
y[126] = per_tert_r.activation
y[127] = per_tert_r.fiber_length
y[128] = ext_dig_r.activation
y[129] = ext_dig_r.fiber_length
y[130] = ext_hal_r.activation
y[131] = ext_hal_r.fiber_length
y[132] = glut_med1_l.activation
y[133] = glut_med1_l.fiber_length
y[134] = glut_med2_l.activation
y[135] = glut_med2_l.fiber_length
y[136] = glut_med3_l.activation
y[137] = glut_med3_l.fiber_length
y[138] = glut_min1_l.activation
y[139] = glut_min1_l.fiber_length
y[140] = glut_min2_l.activation
y[141] = glut_min2_l.fiber_length
y[142] = glut_min3_l.activation
y[143] = glut_min3_l.fiber_length
y[144] = semimem_l.activation
y[145] = semimem_l.fiber_length
y[146] = semiten_l.activation
y[147] = semiten_l.fiber_length
y[148] = bifemlh_l.activation
y[149] = bifemlh_l.fiber_length
y[150] = bifemsh_l.activation
y[151] = bifemsh_l.fiber_length
y[152] = sar_l.activation
y[153] = sar_l.fiber_length
y[154] = add_long_l.activation
y[155] = add_long_l.fiber_length
y[156] = add_brev_l.activation
y[157] = add_brev_l.fiber_length
y[158] = add_mag1_l.activation
y[159] = add_mag1_l.fiber_length
y[160] = add_mag2_l.activation
y[161] = add_mag2_l.fiber_length
y[162] = add_mag3_l.activation
y[163] = add_mag3_l.fiber_length
y[164] = tfl_l.activation
y[165] = tfl_l.fiber_length
y[166] = pect_l.activation
y[167] = pect_l.fiber_length
y[168] = grac_l.activation
y[169] = grac_l.fiber_length
y[170] = glut_max1_l.activation
y[171] = glut_max1_l.fiber_length
y[172] = glut_max2_l.activation
y[173] = glut_max2_l.fiber_length
y[174] = glut_max3_l.activation
y[175] = glut_max3_l.fiber_length
y[176] = iliacus_l.activation
y[177] = iliacus_l.fiber_length
y[178] = psoas_l.activation
y[179] = psoas_l.fiber_length
y[180] = quad_fem_l.activation
y[181] = quad_fem_l.fiber_length
y[182] = gem_l.activation
y[183] = gem_l.fiber_length
y[184] = peri_l.activation
y[185] = peri_l.fiber_length
y[186] = rect_fem_l.activation
y[187] = rect_fem_l.fiber_length
y[188] = vas_med_l.activation
y[189] = vas_med_l.fiber_length
y[190] = vas_int_l.activation
y[191] = vas_int_l.fiber_length
y[192] = vas_lat_l.activation
y[193] = vas_lat_l.fiber_length
y[194] = med_gas_l.activation
y[195] = med_gas_l.fiber_length
y[196] = lat_gas_l.activation
y[197] = lat_gas_l.fiber_length
y[198] = soleus_l.activation
y[199] = soleus_l.fiber_length
y[200] = tib_post_l.activation
y[201] = tib_post_l.fiber_length
y[202] = flex_dig_l.activation
y[203] = flex_dig_l.fiber_length
y[204] = flex_hal_l.activation
y[205] = flex_hal_l.fiber_length
y[206] = tib_ant_l.activation
y[207] = tib_ant_l.fiber_length
y[208] = per_brev_l.activation
y[209] = per_brev_l.fiber_length
y[210] = per_long_l.activation
y[211] = per_long_l.fiber_length
y[212] = per_tert_l.activation
y[213] = per_tert_l.fiber_length
y[214] = ext_dig_l.activation
y[215] = ext_dig_l.fiber_length
y[216] = ext_hal_l.activation
y[217] = ext_hal_l.fiber_length
y[218] = ercspn_r.activation
y[219] = ercspn_r.fiber_length
y[220] = ercspn_l.activation
y[221] = ercspn_l.fiber_length
y[222] = intobl_r.activation
y[223] = intobl_r.fiber_length
y[224] = intobl_l.activation
y[225] = intobl_l.fiber_length
y[226] = extobl_r.activation
y[227] = extobl_r.fiber_length
y[228] = extobl_l.activation
y[229] = extobl_l.fiber_length


Loading desired kinematics from file ../RRA/Results/GIL08_slow4_RRA_Kinematics_q.sto ...
Storage: file=../RRA/Results/GIL08_slow4_RRA_Kinematics_q.sto (nr=1259 nc=24)


Note- not filtering the desired kinematics.



Loading external loads kinematics from file ../IK/GIL08_slow4_ik.mot ...
Storage: file=../IK/GIL08_slow4_ik.mot (nr=156 nc=375)
Low-pass filtering external load kinematics with a cutoff frequency of 6...
Storage: file=../IK/GIL08_slow4_ik.mot (nr=156 nc=375)
Padded kineticsStore to start time of 0.21667

Constructing function set for tracking...



 taskSet size = 19

Using the generalized coordinates specified in ../RRA/Results/GIL08_slow4_RRA_Kinematics_q.sto to set the initial configuration.
Successfully linked to CFSQP library 'osimCFSQP.dll'
Using CFSQP optimizer algorithm.

Setting optimizer print level to 0.
Setting optimizer convergence criterion to 1e-006.
Setting optimizer maximum iterations to 2000.

Setting cmc controller to not use verbose printing.



================================================================
================================================================
Computing initial values for muscles states (activation, length)
Start time = Thu Oct 23 16:54:27 2008
================================================================

=============================================
rdCMC.computeInitialStates: ti=0.26667
=============================================
rdCMC.computeControls:  t = 0.26667
rdCMC.computeControls:  t = 0.26667

-----------------------------------------------------------------
Finished computing initial states:
-----------------------------------------------------------------
Array[230]= -2.11422 0.966257 0.206655 0.0626849 0.0522073 -0.070465 -0.0606925 -0.102815 0.148709 -0.772694 0.00324411 -1.09683e-017 -1.58965e-017 0.0416006 0.0445836 0.0796853 -0.0943492 -0.00903545 -3.05077e-016 -1.20394e-016 -0.13619 -0.140869 0.125202 0.65209 0.0595623 -0.0943686 0.0173349 -0.260771 0.267105 1.25883 0.48679 0.56161 -0.410755 3.06124 -1.86394e-016 -4.14527e-016 -0.908694 -0.112784 0.461719 0.235493 0.664054 -6.20112e-015 2.3008e-015 -0.178812 0.223755 -0.135985 0.0944683 0.0294751 0.02 0.0642966 0.02 0.0534129 0.0333478 0.0560783 0.02 0.047696 0.02 0.0297061 0.0831078 0.0346725 0.106872 0.181981 0.0373376 0.0716675 0.196978 0.154178 0.02 0.465135 0.161867 0.115565 0.108734 0.120771 0.0563936 0.0635849 0.0332669 0.0818445 0.02 0.0962388 0.02 0.112208 0.0505292 0.0736058 0.044474 0.315343 0.02 0.0662018 0.02 0.0761292 0.02 0.0888856 0.191202 0.0970911 0.184439 0.0895576 0.02 0.0517263 0.02 0.0288096 0.02 0.0201946 0.02 0.13818 0.02 0.081895 0.02 0.0817411 0.02 0.0785263 0.02 0.0427806 0.02 0.0459798 0.02 0.0435677 0.02 0.0319217 0.02 0.0291078 0.02 0.0362186 0.420486 0.0747133 0.02 0.0469601 0.02 0.046733 0.0728497 0.0766191 0.260704 0.0889017 0.113694 0.0981755 0.387741 0.0385996 0.204782 0.0718382 0.128595 0.0579487 0.141021 0.0628586 0.126892 0.0540199 0.109431 0.0348317 0.141079 0.0566972 0.0262357 0.213411 0.038012 0.0955264 0.10089 0.172417 0.02 0.469447 0.02 0.10534 0.02 0.112074 0.02 0.0545104 0.02 0.0751879 0.02 0.0963111 0.0455541 0.107366 0.02 0.0676291 0.02 0.326742 0.0807055 0.0725956 0.02 0.081175 0.02 0.0875342 0.02 0.0939251 0.02 0.0867665 0.02 0.0433075 0.02 0.0254238 0.02 0.0217537 0.02 0.105059 0.02 0.0530056 0.02 0.0575269 0.02 0.0492807 0.0508678 0.0547172 0.02 0.0601775 0.02 0.0433124 0.02 0.0320026 0.02 0.029392 0.02 0.0364325 0.124449 0.0761096 0.02 0.0469997 0.02 0.0468837 0.02 0.0770909 0.0598951 0.0909926 0.02 0.0997192 0.109143 0.115534 0.02 0.108869 0.0790727 0.0964649 0.02 0.0657732 0.045239 0.111323 0.02 0.104673
=================================================================
Start time   = Thu Oct 23 16:54:27 2008
Finish time  = Thu Oct 23 16:55:05 2008
Elapsed time = 38 seconds.
=================================================================



================================================================
================================================================
Using CMC to track the specified kinematics
Integrating from 0.29667 to 1.48467
Start time = Thu Oct 23 16:55:05 2008
================================================================
rdCMC.computeControls:  t = 0.29667
rdCMC.computeControls:  t = 0.30667
rdCMC.computeControls:  t = 0.31667
rdCMC.computeControls:  t = 0.32667
rdCMC.computeControls:  t = 0.33667
rdCMC.computeControls:  t = 0.34667
rdCMC.computeControls:  t = 0.35667
rdCMC.computeControls:  t = 0.36667
rdCMC.computeControls:  t = 0.37667
rdCMC.computeControls:  t = 0.38667
rdCMC.computeControls:  t = 0.39667
rdCMC.computeControls:  t = 0.40667
rdCMC.computeControls:  t = 0.41667
rdCMC.computeControls:  t = 0.42667
rdCMC.computeControls:  t = 0.43667
rdCMC.computeControls:  t = 0.44667
rdCMC.computeControls:  t = 0.45667
rdCMC.computeControls:  t = 0.46667
rdCMC.computeControls:  t = 0.47667
rdCMC.computeControls:  t = 0.48667
rdCMC.computeControls:  t = 0.49667
rdCMC.computeControls:  t = 0.50667
rdCMC.computeControls:  t = 0.51667
rdCMC.computeControls:  t = 0.52667
rdCMC.computeControls:  t = 0.53667
rdCMC.computeControls:  t = 0.54667
rdCMC.computeControls:  t = 0.55667
rdCMC.computeControls:  t = 0.56667
rdCMC.computeControls:  t = 0.57667
rdCMC.computeControls:  t = 0.58667
rdCMC.computeControls:  t = 0.59667
rdCMC.computeControls:  t = 0.60667
rdCMC.computeControls:  t = 0.61667
rdCMC.computeControls:  t = 0.62667
rdCMC.computeControls:  t = 0.63667
rdCMC.computeControls:  t = 0.64667
rdCMC.computeControls:  t = 0.65667
rdCMC.computeControls:  t = 0.66667
rdCMC.computeControls:  t = 0.67667
rdCMC.computeControls:  t = 0.68667
rdCMC.computeControls:  t = 0.69667
rdCMC.computeControls:  t = 0.70667
rdCMC.computeControls:  t = 0.71667
rdCMC.computeControls:  t = 0.72667
rdCMC.computeControls:  t = 0.73667
rdCMC.computeControls:  t = 0.74667
rdCMC.computeControls:  t = 0.75667
rdCMC.computeControls:  t = 0.76667
rdCMC.computeControls:  t = 0.77667
rdCMC.computeControls:  t = 0.78667
rdCMC.computeControls:  t = 0.79667
rdCMC.computeControls:  t = 0.80667
rdCMC.computeControls:  t = 0.81667
rdCMC.computeControls:  t = 0.82667
rdCMC.computeControls:  t = 0.83667
rdCMC.computeControls:  t = 0.84667
rdCMC.computeControls:  t = 0.85667
rdCMC.computeControls:  t = 0.86667
rdCMC.computeControls:  t = 0.87667
rdCMC.computeControls:  t = 0.88667
rdCMC.computeControls:  t = 0.89667
rdCMC.computeControls:  t = 0.90667
rdCMC.computeControls:  t = 0.91667
rdCMC.computeControls:  t = 0.92667
rdCMC.computeControls:  t = 0.93667
rdCMC.computeControls:  t = 0.94667
rdCMC.computeControls:  t = 0.95667
rdCMC.computeControls:  t = 0.96667
rdCMC.computeControls:  t = 0.97667
rdCMC.computeControls:  t = 0.98667
rdCMC.computeControls:  t = 0.99667
rdCMC.computeControls:  t = 1.00667
rdCMC.computeControls:  t = 1.01667
rdCMC.computeControls:  t = 1.02667
rdCMC.computeControls:  t = 1.03667
rdCMC.computeControls:  t = 1.04667
rdCMC.computeControls:  t = 1.05667
rdCMC.computeControls:  t = 1.06667
rdCMC.computeControls:  t = 1.07667
rdCMC.computeControls:  t = 1.08667
rdCMC.computeControls:  t = 1.09667
rdCMC.computeControls:  t = 1.10667
rdCMC.computeControls:  t = 1.11667
rdCMC.computeControls:  t = 1.12667
rdCMC.computeControls:  t = 1.13667
rdCMC.computeControls:  t = 1.14667
rdCMC.computeControls:  t = 1.15667
rdCMC.computeControls:  t = 1.16667
rdCMC.computeControls:  t = 1.17667
rdCMC.computeControls:  t = 1.18667
rdCMC.computeControls:  t = 1.19667
rdCMC.computeControls:  t = 1.20667
rdCMC.computeControls:  t = 1.21667
rdCMC.computeControls:  t = 1.22667
rdCMC.computeControls:  t = 1.23667
rdCMC.computeControls:  t = 1.24667
rdCMC.computeControls:  t = 1.25667
rdCMC.computeControls:  t = 1.26667
rdCMC.computeControls:  t = 1.27667
rdCMC.computeControls:  t = 1.28667
rdCMC.computeControls:  t = 1.29667
rdCMC.computeControls:  t = 1.30667
rdCMC.computeControls:  t = 1.31667
rdCMC.computeControls:  t = 1.32667
rdCMC.computeControls:  t = 1.33667
rdCMC.computeControls:  t = 1.34667
rdCMC.computeControls:  t = 1.35667
rdCMC.computeControls:  t = 1.36667
rdCMC.computeControls:  t = 1.37667
rdCMC.computeControls:  t = 1.38667
rdCMC.computeControls:  t = 1.39667
rdCMC.computeControls:  t = 1.40667
rdCMC.computeControls:  t = 1.41667
rdCMC.computeControls:  t = 1.42667
rdCMC.computeControls:  t = 1.43667
rdCMC.computeControls:  t = 1.44667
rdCMC.computeControls:  t = 1.45667
rdCMC.computeControls:  t = 1.46667
----------------------------------------------------------------
Finished tracking the specified kinematics
=================================================================
Start time   = Thu Oct 23 16:55:05 2008
Finish time  = Thu Oct 23 17:24:30 2008
Elapsed time = 1765 seconds.
================================================================


Printing results of investigation GIL08_slow4_fixed_CMC_unconstr to Results.


Average residuals:
FX=-0.0857884 FY=0.504557 FZ=0.694231
MX=-3.19172 MY=-0.737264 MZ=-9.64439


Deleted model default
