-------------------------------------------------------
This program includes software developed by the
Apache Software Foundation (http://www.apache.org/).
-------------------------------------------------------

Deleted model 
RegisterTypes_SdfastEngine

-------------------------------------------------------
Library SdfastEngine...
-------------------------------------------------------

RegisterTypes_SimbodyEngine

-------------------------------------------------------
Library SimbodyEngine...
-------------------------------------------------------

Constructing investigation from setup file GIL02_free2_Setup_CMC_Unconstrained.xml.

AbstractTool GIL02_free2_fixed_CMC_unconstr loading model '../../GIL02_gait2392_simbody_adjusted.osim'
Created model GIL02 from file ../../GIL02_gait2392_simbody_adjusted.osim
Adding actuator set from ../../GIL02_CMC_Actuators.xml
Handling locked coordinate.
Handling locked coordinate.
Handling locked coordinate.
Handling locked coordinate.
SimbodyCoordinate.setValue: WARN- coordinate subtalar_angle_r is locked. Unable to change its value.
SimbodyCoordinate.setValue: WARN- coordinate mtp_angle_r is locked. Unable to change its value.
SimbodyCoordinate.setValue: WARN- coordinate subtalar_angle_l is locked. Unable to change its value.
SimbodyCoordinate.setValue: WARN- coordinate mtp_angle_l is locked. Unable to change its value.
-----------------------------------------------------------------------
Loaded library
-----------------------------------------------------------------------
             MODEL: GIL02
         actuators: 112
          analyses: 3
          contacts: 0
-----------------------------------------------------------------------

Running tool GIL02_free2_fixed_CMC_unconstr.
MODEL: GIL02

ANALYSES (3)
analysis[0] = Kinematics
analysis[1] = Actuation
analysis[2] = BodyKinematics

BODIES (13)
body[0] = ground (mass: 0) (inertia: 0 0 0 0 0 0 0 0 0)
body[1] = pelvis (mass: 10.3136) (inertia: 0.0781253 0 0 0 0.0661937 0 0 0 0.0440025)
body[2] = femur_r (mass: 8.14563) (inertia: 0.131752 0 0 0 0.034537 0 0 0 0.138935)
body[3] = tibia_r (mass: 3.24682) (inertia: 0.0378505 0 0 0 0.00383011 0 0 0 0.0383762)
body[4] = talus_r (mass: 0.0875743) (inertia: 0.000751 0 0 0 0.000751 0 0 0 0.000751)
body[5] = calcn_r (mass: 1.09468) (inertia: 0.00133977 0 0 0 0.00373221 0 0 0 0.00392361)
body[6] = toes_r (mass: 0.189686) (inertia: 9.57e-005 0 0 0 0.0001914 0 0 0 0.00095698)
body[7] = femur_l (mass: 8.14563) (inertia: 0.131752 0 0 0 0.034537 0 0 0 0.138935)
body[8] = tibia_l (mass: 3.24682) (inertia: 0.0378505 0 0 0 0.00383011 0 0 0 0.0383762)
body[9] = talus_l (mass: 0.0875743) (inertia: 0.000751 0 0 0 0.000751 0 0 0 0.000751)
body[10] = calcn_l (mass: 1.09468) (inertia: 0.00133977 0 0 0 0.00373221 0 0 0 0.00392361)
body[11] = toes_l (mass: 0.189686) (inertia: 9.57e-005 0 0 0 0.0001914 0 0 0 0.00095698)
body[12] = torso (mass: 30.6049) (inertia: 1.17583 0 0 0 0.60247 0 0 0 1.14146)

ACTUATORS (112)
actuator[0] = glut_med1_r (controls: glut_med1_r.excitation)
actuator[1] = glut_med2_r (controls: glut_med2_r.excitation)
actuator[2] = glut_med3_r (controls: glut_med3_r.excitation)
actuator[3] = glut_min1_r (controls: glut_min1_r.excitation)
actuator[4] = glut_min2_r (controls: glut_min2_r.excitation)
actuator[5] = glut_min3_r (controls: glut_min3_r.excitation)
actuator[6] = semimem_r (controls: semimem_r.excitation)
actuator[7] = semiten_r (controls: semiten_r.excitation)
actuator[8] = bifemlh_r (controls: bifemlh_r.excitation)
actuator[9] = bifemsh_r (controls: bifemsh_r.excitation)
actuator[10] = sar_r (controls: sar_r.excitation)
actuator[11] = add_long_r (controls: add_long_r.excitation)
actuator[12] = add_brev_r (controls: add_brev_r.excitation)
actuator[13] = add_mag1_r (controls: add_mag1_r.excitation)
actuator[14] = add_mag2_r (controls: add_mag2_r.excitation)
actuator[15] = add_mag3_r (controls: add_mag3_r.excitation)
actuator[16] = tfl_r (controls: tfl_r.excitation)
actuator[17] = pect_r (controls: pect_r.excitation)
actuator[18] = grac_r (controls: grac_r.excitation)
actuator[19] = glut_max1_r (controls: glut_max1_r.excitation)
actuator[20] = glut_max2_r (controls: glut_max2_r.excitation)
actuator[21] = glut_max3_r (controls: glut_max3_r.excitation)
actuator[22] = iliacus_r (controls: iliacus_r.excitation)
actuator[23] = psoas_r (controls: psoas_r.excitation)
actuator[24] = quad_fem_r (controls: quad_fem_r.excitation)
actuator[25] = gem_r (controls: gem_r.excitation)
actuator[26] = peri_r (controls: peri_r.excitation)
actuator[27] = rect_fem_r (controls: rect_fem_r.excitation)
actuator[28] = vas_med_r (controls: vas_med_r.excitation)
actuator[29] = vas_int_r (controls: vas_int_r.excitation)
actuator[30] = vas_lat_r (controls: vas_lat_r.excitation)
actuator[31] = med_gas_r (controls: med_gas_r.excitation)
actuator[32] = lat_gas_r (controls: lat_gas_r.excitation)
actuator[33] = soleus_r (controls: soleus_r.excitation)
actuator[34] = tib_post_r (controls: tib_post_r.excitation)
actuator[35] = flex_dig_r (controls: flex_dig_r.excitation)
actuator[36] = flex_hal_r (controls: flex_hal_r.excitation)
actuator[37] = tib_ant_r (controls: tib_ant_r.excitation)
actuator[38] = per_brev_r (controls: per_brev_r.excitation)
actuator[39] = per_long_r (controls: per_long_r.excitation)
actuator[40] = per_tert_r (controls: per_tert_r.excitation)
actuator[41] = ext_dig_r (controls: ext_dig_r.excitation)
actuator[42] = ext_hal_r (controls: ext_hal_r.excitation)
actuator[43] = glut_med1_l (controls: glut_med1_l.excitation)
actuator[44] = glut_med2_l (controls: glut_med2_l.excitation)
actuator[45] = glut_med3_l (controls: glut_med3_l.excitation)
actuator[46] = glut_min1_l (controls: glut_min1_l.excitation)
actuator[47] = glut_min2_l (controls: glut_min2_l.excitation)
actuator[48] = glut_min3_l (controls: glut_min3_l.excitation)
actuator[49] = semimem_l (controls: semimem_l.excitation)
actuator[50] = semiten_l (controls: semiten_l.excitation)
actuator[51] = bifemlh_l (controls: bifemlh_l.excitation)
actuator[52] = bifemsh_l (controls: bifemsh_l.excitation)
actuator[53] = sar_l (controls: sar_l.excitation)
actuator[54] = add_long_l (controls: add_long_l.excitation)
actuator[55] = add_brev_l (controls: add_brev_l.excitation)
actuator[56] = add_mag1_l (controls: add_mag1_l.excitation)
actuator[57] = add_mag2_l (controls: add_mag2_l.excitation)
actuator[58] = add_mag3_l (controls: add_mag3_l.excitation)
actuator[59] = tfl_l (controls: tfl_l.excitation)
actuator[60] = pect_l (controls: pect_l.excitation)
actuator[61] = grac_l (controls: grac_l.excitation)
actuator[62] = glut_max1_l (controls: glut_max1_l.excitation)
actuator[63] = glut_max2_l (controls: glut_max2_l.excitation)
actuator[64] = glut_max3_l (controls: glut_max3_l.excitation)
actuator[65] = iliacus_l (controls: iliacus_l.excitation)
actuator[66] = psoas_l (controls: psoas_l.excitation)
actuator[67] = quad_fem_l (controls: quad_fem_l.excitation)
actuator[68] = gem_l (controls: gem_l.excitation)
actuator[69] = peri_l (controls: peri_l.excitation)
actuator[70] = rect_fem_l (controls: rect_fem_l.excitation)
actuator[71] = vas_med_l (controls: vas_med_l.excitation)
actuator[72] = vas_int_l (controls: vas_int_l.excitation)
actuator[73] = vas_lat_l (controls: vas_lat_l.excitation)
actuator[74] = med_gas_l (controls: med_gas_l.excitation)
actuator[75] = lat_gas_l (controls: lat_gas_l.excitation)
actuator[76] = soleus_l (controls: soleus_l.excitation)
actuator[77] = tib_post_l (controls: tib_post_l.excitation)
actuator[78] = flex_dig_l (controls: flex_dig_l.excitation)
actuator[79] = flex_hal_l (controls: flex_hal_l.excitation)
actuator[80] = tib_ant_l (controls: tib_ant_l.excitation)
actuator[81] = per_brev_l (controls: per_brev_l.excitation)
actuator[82] = per_long_l (controls: per_long_l.excitation)
actuator[83] = per_tert_l (controls: per_tert_l.excitation)
actuator[84] = ext_dig_l (controls: ext_dig_l.excitation)
actuator[85] = ext_hal_l (controls: ext_hal_l.excitation)
actuator[86] = ercspn_r (controls: ercspn_r.excitation)
actuator[87] = ercspn_l (controls: ercspn_l.excitation)
actuator[88] = intobl_r (controls: intobl_r.excitation)
actuator[89] = intobl_l (controls: intobl_l.excitation)
actuator[90] = extobl_r (controls: extobl_r.excitation)
actuator[91] = extobl_l (controls: extobl_l.excitation)
actuator[92] = FX (controls: FX.excitation)
actuator[93] = FY (controls: FY.excitation)
actuator[94] = FZ (controls: FZ.excitation)
actuator[95] = MX (controls: MX.excitation)
actuator[96] = MY (controls: MY.excitation)
actuator[97] = MZ (controls: MZ.excitation)
actuator[98] = hip_flexion_r_reserve (controls: hip_flexion_r_reserve.excitation)
actuator[99] = hip_adduction_r_reserve (controls: hip_adduction_r_reserve.excitation)
actuator[100] = hip_rotation_r_reserve (controls: hip_rotation_r_reserve.excitation)
actuator[101] = knee_angle_r_reserve (controls: knee_angle_r_reserve.excitation)
actuator[102] = ankle_angle_r_reserve (controls: ankle_angle_r_reserve.excitation)
actuator[103] = hip_flexion_l_reserve (controls: hip_flexion_l_reserve.excitation)
actuator[104] = hip_adduction_l_reserve (controls: hip_adduction_l_reserve.excitation)
actuator[105] = hip_rotation_l_reserve (controls: hip_rotation_l_reserve.excitation)
actuator[106] = knee_angle_l_reserve (controls: knee_angle_l_reserve.excitation)
actuator[107] = knee_angle_l_reserve2 (controls: knee_angle_l_reserve2.excitation)
actuator[108] = ankle_angle_l_reserve (controls: ankle_angle_l_reserve.excitation)
actuator[109] = lumbar_extension_reserve (controls: lumbar_extension_reserve.excitation)
actuator[110] = lumbar_bending_reserve (controls: lumbar_bending_reserve.excitation)
actuator[111] = lumbar_rotation_reserve (controls: lumbar_rotation_reserve.excitation)

CONTACTS (0)
numControls = 112
numStates = 230
numCoordinates = 23
numSpeeds = 23
numActuators = 112
numBodies = 13

STATES (230)
y[0] = pelvis_tx
y[1] = pelvis_ty
y[2] = pelvis_tz
y[3] = pelvis_tilt
y[4] = pelvis_list
y[5] = pelvis_rotation
y[6] = hip_flexion_r
y[7] = hip_adduction_r
y[8] = hip_rotation_r
y[9] = knee_angle_r
y[10] = ankle_angle_r
y[11] = subtalar_angle_r
y[12] = mtp_angle_r
y[13] = hip_flexion_l
y[14] = hip_adduction_l
y[15] = hip_rotation_l
y[16] = knee_angle_l
y[17] = ankle_angle_l
y[18] = subtalar_angle_l
y[19] = mtp_angle_l
y[20] = lumbar_extension
y[21] = lumbar_bending
y[22] = lumbar_rotation
y[23] = pelvis_tx_u
y[24] = pelvis_ty_u
y[25] = pelvis_tz_u
y[26] = pelvis_tilt_u
y[27] = pelvis_list_u
y[28] = pelvis_rotation_u
y[29] = hip_flexion_r_u
y[30] = hip_adduction_r_u
y[31] = hip_rotation_r_u
y[32] = knee_angle_r_u
y[33] = ankle_angle_r_u
y[34] = subtalar_angle_r_u
y[35] = mtp_angle_r_u
y[36] = hip_flexion_l_u
y[37] = hip_adduction_l_u
y[38] = hip_rotation_l_u
y[39] = knee_angle_l_u
y[40] = ankle_angle_l_u
y[41] = subtalar_angle_l_u
y[42] = mtp_angle_l_u
y[43] = lumbar_extension_u
y[44] = lumbar_bending_u
y[45] = lumbar_rotation_u
y[46] = glut_med1_r.activation
y[47] = glut_med1_r.fiber_length
y[48] = glut_med2_r.activation
y[49] = glut_med2_r.fiber_length
y[50] = glut_med3_r.activation
y[51] = glut_med3_r.fiber_length
y[52] = glut_min1_r.activation
y[53] = glut_min1_r.fiber_length
y[54] = glut_min2_r.activation
y[55] = glut_min2_r.fiber_length
y[56] = glut_min3_r.activation
y[57] = glut_min3_r.fiber_length
y[58] = semimem_r.activation
y[59] = semimem_r.fiber_length
y[60] = semiten_r.activation
y[61] = semiten_r.fiber_length
y[62] = bifemlh_r.activation
y[63] = bifemlh_r.fiber_length
y[64] = bifemsh_r.activation
y[65] = bifemsh_r.fiber_length
y[66] = sar_r.activation
y[67] = sar_r.fiber_length
y[68] = add_long_r.activation
y[69] = add_long_r.fiber_length
y[70] = add_brev_r.activation
y[71] = add_brev_r.fiber_length
y[72] = add_mag1_r.activation
y[73] = add_mag1_r.fiber_length
y[74] = add_mag2_r.activation
y[75] = add_mag2_r.fiber_length
y[76] = add_mag3_r.activation
y[77] = add_mag3_r.fiber_length
y[78] = tfl_r.activation
y[79] = tfl_r.fiber_length
y[80] = pect_r.activation
y[81] = pect_r.fiber_length
y[82] = grac_r.activation
y[83] = grac_r.fiber_length
y[84] = glut_max1_r.activation
y[85] = glut_max1_r.fiber_length
y[86] = glut_max2_r.activation
y[87] = glut_max2_r.fiber_length
y[88] = glut_max3_r.activation
y[89] = glut_max3_r.fiber_length
y[90] = iliacus_r.activation
y[91] = iliacus_r.fiber_length
y[92] = psoas_r.activation
y[93] = psoas_r.fiber_length
y[94] = quad_fem_r.activation
y[95] = quad_fem_r.fiber_length
y[96] = gem_r.activation
y[97] = gem_r.fiber_length
y[98] = peri_r.activation
y[99] = peri_r.fiber_length
y[100] = rect_fem_r.activation
y[101] = rect_fem_r.fiber_length
y[102] = vas_med_r.activation
y[103] = vas_med_r.fiber_length
y[104] = vas_int_r.activation
y[105] = vas_int_r.fiber_length
y[106] = vas_lat_r.activation
y[107] = vas_lat_r.fiber_length
y[108] = med_gas_r.activation
y[109] = med_gas_r.fiber_length
y[110] = lat_gas_r.activation
y[111] = lat_gas_r.fiber_length
y[112] = soleus_r.activation
y[113] = soleus_r.fiber_length
y[114] = tib_post_r.activation
y[115] = tib_post_r.fiber_length
y[116] = flex_dig_r.activation
y[117] = flex_dig_r.fiber_length
y[118] = flex_hal_r.activation
y[119] = flex_hal_r.fiber_length
y[120] = tib_ant_r.activation
y[121] = tib_ant_r.fiber_length
y[122] = per_brev_r.activation
y[123] = per_brev_r.fiber_length
y[124] = per_long_r.activation
y[125] = per_long_r.fiber_length
y[126] = per_tert_r.activation
y[127] = per_tert_r.fiber_length
y[128] = ext_dig_r.activation
y[129] = ext_dig_r.fiber_length
y[130] = ext_hal_r.activation
y[131] = ext_hal_r.fiber_length
y[132] = glut_med1_l.activation
y[133] = glut_med1_l.fiber_length
y[134] = glut_med2_l.activation
y[135] = glut_med2_l.fiber_length
y[136] = glut_med3_l.activation
y[137] = glut_med3_l.fiber_length
y[138] = glut_min1_l.activation
y[139] = glut_min1_l.fiber_length
y[140] = glut_min2_l.activation
y[141] = glut_min2_l.fiber_length
y[142] = glut_min3_l.activation
y[143] = glut_min3_l.fiber_length
y[144] = semimem_l.activation
y[145] = semimem_l.fiber_length
y[146] = semiten_l.activation
y[147] = semiten_l.fiber_length
y[148] = bifemlh_l.activation
y[149] = bifemlh_l.fiber_length
y[150] = bifemsh_l.activation
y[151] = bifemsh_l.fiber_length
y[152] = sar_l.activation
y[153] = sar_l.fiber_length
y[154] = add_long_l.activation
y[155] = add_long_l.fiber_length
y[156] = add_brev_l.activation
y[157] = add_brev_l.fiber_length
y[158] = add_mag1_l.activation
y[159] = add_mag1_l.fiber_length
y[160] = add_mag2_l.activation
y[161] = add_mag2_l.fiber_length
y[162] = add_mag3_l.activation
y[163] = add_mag3_l.fiber_length
y[164] = tfl_l.activation
y[165] = tfl_l.fiber_length
y[166] = pect_l.activation
y[167] = pect_l.fiber_length
y[168] = grac_l.activation
y[169] = grac_l.fiber_length
y[170] = glut_max1_l.activation
y[171] = glut_max1_l.fiber_length
y[172] = glut_max2_l.activation
y[173] = glut_max2_l.fiber_length
y[174] = glut_max3_l.activation
y[175] = glut_max3_l.fiber_length
y[176] = iliacus_l.activation
y[177] = iliacus_l.fiber_length
y[178] = psoas_l.activation
y[179] = psoas_l.fiber_length
y[180] = quad_fem_l.activation
y[181] = quad_fem_l.fiber_length
y[182] = gem_l.activation
y[183] = gem_l.fiber_length
y[184] = peri_l.activation
y[185] = peri_l.fiber_length
y[186] = rect_fem_l.activation
y[187] = rect_fem_l.fiber_length
y[188] = vas_med_l.activation
y[189] = vas_med_l.fiber_length
y[190] = vas_int_l.activation
y[191] = vas_int_l.fiber_length
y[192] = vas_lat_l.activation
y[193] = vas_lat_l.fiber_length
y[194] = med_gas_l.activation
y[195] = med_gas_l.fiber_length
y[196] = lat_gas_l.activation
y[197] = lat_gas_l.fiber_length
y[198] = soleus_l.activation
y[199] = soleus_l.fiber_length
y[200] = tib_post_l.activation
y[201] = tib_post_l.fiber_length
y[202] = flex_dig_l.activation
y[203] = flex_dig_l.fiber_length
y[204] = flex_hal_l.activation
y[205] = flex_hal_l.fiber_length
y[206] = tib_ant_l.activation
y[207] = tib_ant_l.fiber_length
y[208] = per_brev_l.activation
y[209] = per_brev_l.fiber_length
y[210] = per_long_l.activation
y[211] = per_long_l.fiber_length
y[212] = per_tert_l.activation
y[213] = per_tert_l.fiber_length
y[214] = ext_dig_l.activation
y[215] = ext_dig_l.fiber_length
y[216] = ext_hal_l.activation
y[217] = ext_hal_l.fiber_length
y[218] = ercspn_r.activation
y[219] = ercspn_r.fiber_length
y[220] = ercspn_l.activation
y[221] = ercspn_l.fiber_length
y[222] = intobl_r.activation
y[223] = intobl_r.fiber_length
y[224] = intobl_l.activation
y[225] = intobl_l.fiber_length
y[226] = extobl_r.activation
y[227] = extobl_r.fiber_length
y[228] = extobl_l.activation
y[229] = extobl_l.fiber_length


Loading desired kinematics from file ../RRA/Results/GIL02_free2_RRA_Kinematics_q.sto ...
Storage: file=../RRA/Results/GIL02_free2_RRA_Kinematics_q.sto (nr=915 nc=24)


Note- not filtering the desired kinematics.



Loading external loads kinematics from file ../IK/GIL02_free2_ik.mot ...
Storage: file=../IK/GIL02_free2_ik.mot (nr=118 nc=375)
Low-pass filtering external load kinematics with a cutoff frequency of 6...
Storage: file=../IK/GIL02_free2_ik.mot (nr=118 nc=375)
Padded kineticsStore to start time of 0.125

Constructing function set for tracking...



 taskSet size = 19

Using the generalized coordinates specified in ../RRA/Results/GIL02_free2_RRA_Kinematics_q.sto to set the initial configuration.
Successfully linked to CFSQP library 'osimCFSQP.dll'
Using CFSQP optimizer algorithm.

Setting optimizer print level to 0.
Setting optimizer convergence criterion to 1e-006.
Setting optimizer maximum iterations to 2000.

Setting cmc controller to not use verbose printing.



================================================================
================================================================
Computing initial values for muscles states (activation, length)
Start time = Wed Oct 15 17:59:34 2008
================================================================

=============================================
rdCMC.computeInitialStates: ti=0.175
=============================================
rdCMC.computeControls:  t = 0.175
rdCMC.computeControls:  t = 0.175

-----------------------------------------------------------------
Finished computing initial states:
-----------------------------------------------------------------
Array[230]= 1.27059 0.949294 -0.22068 -0.000358749 -0.0322399 0.0639641 0.189337 0.0371124 0.184639 -0.187086 0.0192333 9.7075e-017 1.12366e-016 0.072934 -0.0666362 -0.0297161 -0.939831 -0.3402 1.12724e-017 2.97683e-018 0.00298012 0.105699 -0.00899484 1.06694 0.174952 0.000821969 0.00601391 0.321996 0.188397 -1.84228 -0.188591 -0.0399398 0.811383 1.03283 1.46162e-015 5.44622e-017 3.04014 0.366108 -0.0174714 -2.37202 4.67357 5.27013e-016 -1.51266e-016 -0.32595 -0.329813 0.569331 0.412319 0.0398807 0.267848 0.0800441 0.191432 0.0672927 0.131112 0.0636344 0.140593 0.0557576 0.140966 0.0376796 0.0226361 0.0639507 0.02 0.217534 0.02 0.10322 0.02 0.17098 0.02 0.470228 0.02 0.101829 0.02 0.114299 0.02 0.0573784 0.02 0.0788541 0.02 0.103726 0.0653028 0.103116 0.02 0.0664197 0.02 0.323713 0.195481 0.085116 0.167634 0.0947719 0.02 0.106088 0.02 0.0952488 0.02 0.088594 0.02 0.051322 0.02 0.0303256 0.0376703 0.0268059 0.02 0.10526 0.0773926 0.0571671 0.0807134 0.0566844 0.12267 0.0527316 0.02 0.051894 0.02 0.0557047 0.02 0.0415885 0.02 0.0310035 0.02 0.0301757 0.02 0.0375697 0.176962 0.0733134 0.02 0.0464051 0.02 0.0469315 0.02 0.0745876 0.129129 0.089771 0.0310632 0.100048 0.02 0.0403276 0.02 0.0733797 0.02 0.0566544 0.02 0.0646064 0.02 0.0538382 0.02 0.0325951 0.0399289 0.035973 0.0439421 0.181584 0.02 0.0739685 0.331041 0.150587 0.152078 0.46487 0.082186 0.11332 0.02 0.122281 0.02 0.06296 0.02 0.0823559 0.02 0.101332 0.0320667 0.113722 0.0356014 0.0730362 0.0729905 0.305933 0.02 0.0742724 0.02 0.0837116 0.02 0.0968482 0.31084 0.100417 0.328963 0.0928609 0.0252318 0.0459371 0.02 0.0245921 0.0305736 0.0183917 0.02 0.141595 0.02 0.0880806 0.02 0.0953447 0.02 0.0846212 0.02 0.024352 0.02 0.0248341 0.02 0.0288339 0.02 0.0285174 0.02 0.0275421 0.02 0.0329435 0.34335 0.0870561 0.02 0.045822 0.02 0.0448363 0.02 0.0838792 0.20363 0.103248 0.0734261 0.11339 0.0301152 0.109179 0.116159 0.116383 0.02 0.0833214 0.245267 0.101618 0.02 0.119014 0.02 0.130675
=================================================================
Start time   = Wed Oct 15 17:59:34 2008
Finish time  = Wed Oct 15 18:00:13 2008
Elapsed time = 39 seconds.
=================================================================



================================================================
================================================================
Using CMC to track the specified kinematics
Integrating from 0.205 to 1.049
Start time = Wed Oct 15 18:00:13 2008
================================================================
rdCMC.computeControls:  t = 0.205
rdCMC.computeControls:  t = 0.215
rdCMC.computeControls:  t = 0.225
rdCMC.computeControls:  t = 0.235
rdCMC.computeControls:  t = 0.245
rdCMC.computeControls:  t = 0.255
rdCMC.computeControls:  t = 0.265
rdCMC.computeControls:  t = 0.275
rdCMC.computeControls:  t = 0.285
rdCMC.computeControls:  t = 0.295
rdCMC.computeControls:  t = 0.305
rdCMC.computeControls:  t = 0.315
rdCMC.computeControls:  t = 0.325
rdCMC.computeControls:  t = 0.335
rdCMC.computeControls:  t = 0.345
rdCMC.computeControls:  t = 0.355
rdCMC.computeControls:  t = 0.365
rdCMC.computeControls:  t = 0.375
rdCMC.computeControls:  t = 0.385
rdCMC.computeControls:  t = 0.395
rdCMC.computeControls:  t = 0.405
rdCMC.computeControls:  t = 0.415
rdCMC.computeControls:  t = 0.425
WARN- small force range for vas_int_l (1.32608 to 1.36284)
WARN- small force range for vas_lat_l (1.82421 to 1.86647)
rdCMC.computeControls:  t = 0.435
WARN- small force range for vas_med_l (1.24954 to 1.28906)
WARN- small force range for vas_int_l (1.31845 to 1.35563)
WARN- small force range for vas_lat_l (1.81432 to 1.85719)
rdCMC.computeControls:  t = 0.445
WARN- small force range for vas_med_l (1.2429 to 1.28278)
WARN- small force range for vas_int_l (1.31258 to 1.35011)
WARN- small force range for vas_lat_l (1.80649 to 1.84985)
rdCMC.computeControls:  t = 0.455
WARN- small force range for vas_med_l (1.23798 to 1.27815)
WARN- small force range for vas_int_l (1.30873 to 1.34654)
WARN- small force range for vas_lat_l (1.801 to 1.84475)
rdCMC.computeControls:  t = 0.465
WARN- small force range for vas_med_l (1.23524 to 1.27565)
WARN- small force range for vas_int_l (1.30724 to 1.34528)
WARN- small force range for vas_lat_l (1.7982 to 1.84226)
rdCMC.computeControls:  t = 0.475
WARN- small force range for vas_med_l (1.23519 to 1.27578)
WARN- small force range for vas_int_l (1.30844 to 1.34668)
WARN- small force range for vas_lat_l (1.79845 to 1.84276)
rdCMC.computeControls:  t = 0.485
WARN- small force range for vas_med_l (1.23814 to 1.27889)
WARN- small force range for vas_int_l (1.31258 to 1.35098)
WARN- small force range for vas_lat_l (1.802 to 1.84651)
rdCMC.computeControls:  t = 0.495
WARN- small force range for vas_med_l (1.24439 to 1.28525)
WARN- small force range for vas_int_l (1.31983 to 1.35837)
WARN- small force range for vas_lat_l (1.80908 to 1.85376)
rdCMC.computeControls:  t = 0.505
WARN- small force range for vas_lat_l (1.81961 to 1.86441)
rdCMC.computeControls:  t = 0.515
rdCMC.computeControls:  t = 0.525
rdCMC.computeControls:  t = 0.535
rdCMC.computeControls:  t = 0.545
rdCMC.computeControls:  t = 0.555
rdCMC.computeControls:  t = 0.565
rdCMC.computeControls:  t = 0.575
rdCMC.computeControls:  t = 0.585
rdCMC.computeControls:  t = 0.595
rdCMC.computeControls:  t = 0.605
rdCMC.computeControls:  t = 0.615
rdCMC.computeControls:  t = 0.625
rdCMC.computeControls:  t = 0.635
rdCMC.computeControls:  t = 0.645
rdCMC.computeControls:  t = 0.655
WARN- small force range for lat_gas_r (0.680378 to 0.68195)
rdCMC.computeControls:  t = 0.665
WARN- small force range for med_gas_r (1.55398 to 1.55771)
WARN- small force range for lat_gas_r (0.676187 to 0.678043)
rdCMC.computeControls:  t = 0.675
WARN- small force range for med_gas_r (1.54948 to 1.55419)
WARN- small force range for lat_gas_r (0.67237 to 0.674534)
rdCMC.computeControls:  t = 0.685
WARN- small force range for med_gas_r (1.54667 to 1.55268)
WARN- small force range for lat_gas_r (0.669194 to 0.671681)
rdCMC.computeControls:  t = 0.695
WARN- small force range for med_gas_r (1.54471 to 1.55256)
WARN- small force range for lat_gas_r (0.667055 to 0.669881)
rdCMC.computeControls:  t = 0.705
WARN- small force range for lat_gas_r (0.666597 to 0.669772)
rdCMC.computeControls:  t = 0.715
WARN- small force range for lat_gas_r (0.6677 to 0.671221)
rdCMC.computeControls:  t = 0.725
WARN- small force range for lat_gas_r (0.670094 to 0.673947)
rdCMC.computeControls:  t = 0.735
WARN- small force range for lat_gas_r (0.673113 to 0.677275)
rdCMC.computeControls:  t = 0.745
WARN- small force range for lat_gas_r (0.676881 to 0.681324)
rdCMC.computeControls:  t = 0.755
rdCMC.computeControls:  t = 0.765
rdCMC.computeControls:  t = 0.775
rdCMC.computeControls:  t = 0.785
rdCMC.computeControls:  t = 0.795
rdCMC.computeControls:  t = 0.805
rdCMC.computeControls:  t = 0.815
rdCMC.computeControls:  t = 0.825
rdCMC.computeControls:  t = 0.835
rdCMC.computeControls:  t = 0.845
rdCMC.computeControls:  t = 0.855
rdCMC.computeControls:  t = 0.865
rdCMC.computeControls:  t = 0.875
rdCMC.computeControls:  t = 0.885
rdCMC.computeControls:  t = 0.895
rdCMC.computeControls:  t = 0.905
rdCMC.computeControls:  t = 0.915
rdCMC.computeControls:  t = 0.925
rdCMC.computeControls:  t = 0.935
rdCMC.computeControls:  t = 0.945
rdCMC.computeControls:  t = 0.955
rdCMC.computeControls:  t = 0.965
WARN- small force range for vas_lat_r (1.82381 to 1.86676)
rdCMC.computeControls:  t = 0.975
WARN- small force range for vas_med_r (1.24801 to 1.28788)
WARN- small force range for vas_int_r (1.32009 to 1.35787)
WARN- small force range for vas_lat_r (1.81247 to 1.85579)
rdCMC.computeControls:  t = 0.985
WARN- small force range for vas_med_r (1.23959 to 1.27968)
WARN- small force range for vas_int_r (1.31199 to 1.34999)
WARN- small force range for vas_lat_r (1.80163 to 1.84526)
rdCMC.computeControls:  t = 0.995
WARN- small force range for vas_med_r (1.23195 to 1.27223)
WARN- small force range for vas_int_r (1.30463 to 1.34281)
WARN- small force range for vas_lat_r (1.79207 to 1.83597)
rdCMC.computeControls:  t = 1.005
rdCMC.computeControls:  t = 1.015
rdCMC.computeControls:  t = 1.025
rdCMC.computeControls:  t = 1.035
----------------------------------------------------------------
Finished tracking the specified kinematics
=================================================================
Start time   = Wed Oct 15 18:00:13 2008
Finish time  = Wed Oct 15 18:25:25 2008
Elapsed time = 1512 seconds.
================================================================


Printing results of investigation GIL02_free2_fixed_CMC_unconstr to Results.


Average residuals:
FX=1.48667 FY=-0.0425303 FZ=1.38952
MX=-3.84619 MY=0.0204771 MZ=5.08457


Deleted model default
