-------------------------------------------------------
This program includes software developed by the
Apache Software Foundation (http://www.apache.org/).
-------------------------------------------------------

Deleted model 
RegisterTypes_SdfastEngine

-------------------------------------------------------
Library SdfastEngine...
-------------------------------------------------------

RegisterTypes_SimbodyEngine

-------------------------------------------------------
Library SimbodyEngine...
-------------------------------------------------------

Constructing investigation from setup file GIL11_free1_Setup_CMC_Unconstrained.xml.

AbstractTool GIL11_free1_fixed_CMC_unconstr loading model '../../GIL11_gait2392_simbody_adjusted.osim'
Created model GIL11 from file ../../GIL11_gait2392_simbody_adjusted.osim
Adding actuator set from ../../GIL11_CMC_Actuators.xml
Handling locked coordinate.
Handling locked coordinate.
Handling locked coordinate.
Handling locked coordinate.
SimbodyCoordinate.setValue: WARN- coordinate subtalar_angle_r is locked. Unable to change its value.
SimbodyCoordinate.setValue: WARN- coordinate mtp_angle_r is locked. Unable to change its value.
SimbodyCoordinate.setValue: WARN- coordinate subtalar_angle_l is locked. Unable to change its value.
SimbodyCoordinate.setValue: WARN- coordinate mtp_angle_l is locked. Unable to change its value.
-----------------------------------------------------------------------
Loaded library
-----------------------------------------------------------------------
             MODEL: GIL11
         actuators: 111
          analyses: 3
          contacts: 0
-----------------------------------------------------------------------

Running tool GIL11_free1_fixed_CMC_unconstr.
MODEL: GIL11

ANALYSES (3)
analysis[0] = Kinematics
analysis[1] = Actuation
analysis[2] = BodyKinematics

BODIES (13)
body[0] = ground (mass: 0) (inertia: 0 0 0 0 0 0 0 0 0)
body[1] = pelvis (mass: 9.86045) (inertia: 0.0728698 0 0 0 0.0617409 0 0 0 0.0410424)
body[2] = femur_r (mass: 7.78772) (inertia: 0.102324 0 0 0 0.0268228 0 0 0 0.107903)
body[3] = tibia_r (mass: 3.10415) (inertia: 0.0318432 0 0 0 0.00322223 0 0 0 0.0322855)
body[4] = talus_r (mass: 0.0837263) (inertia: 0.00063181 0 0 0 0.00063181 0 0 0 0.00063181)
body[5] = calcn_r (mass: 1.04658) (inertia: 0.00092502 0 0 0 0.00257684 0 0 0 0.00270898)
body[6] = toes_r (mass: 0.181351) (inertia: 6.607e-005 0 0 0 0.00013215 0 0 0 0.00066073)
body[7] = femur_l (mass: 7.78772) (inertia: 0.102324 0 0 0 0.0268228 0 0 0 0.107903)
body[8] = tibia_l (mass: 3.10415) (inertia: 0.0318432 0 0 0 0.00322223 0 0 0 0.0322855)
body[9] = talus_l (mass: 0.0837263) (inertia: 0.00063181 0 0 0 0.00063181 0 0 0 0.00063181)
body[10] = calcn_l (mass: 1.04658) (inertia: 0.00092502 0 0 0 0.00257684 0 0 0 0.00270898)
body[11] = toes_l (mass: 0.181351) (inertia: 6.607e-005 0 0 0 0.00013215 0 0 0 0.00066073)
body[12] = torso (mass: 28.4312) (inertia: 1.1329 0 0 0 0.580474 0 0 0 1.09979)

ACTUATORS (111)
actuator[0] = glut_med1_r (controls: glut_med1_r.excitation)
actuator[1] = glut_med2_r (controls: glut_med2_r.excitation)
actuator[2] = glut_med3_r (controls: glut_med3_r.excitation)
actuator[3] = glut_min1_r (controls: glut_min1_r.excitation)
actuator[4] = glut_min2_r (controls: glut_min2_r.excitation)
actuator[5] = glut_min3_r (controls: glut_min3_r.excitation)
actuator[6] = semimem_r (controls: semimem_r.excitation)
actuator[7] = semiten_r (controls: semiten_r.excitation)
actuator[8] = bifemlh_r (controls: bifemlh_r.excitation)
actuator[9] = bifemsh_r (controls: bifemsh_r.excitation)
actuator[10] = sar_r (controls: sar_r.excitation)
actuator[11] = add_long_r (controls: add_long_r.excitation)
actuator[12] = add_brev_r (controls: add_brev_r.excitation)
actuator[13] = add_mag1_r (controls: add_mag1_r.excitation)
actuator[14] = add_mag2_r (controls: add_mag2_r.excitation)
actuator[15] = add_mag3_r (controls: add_mag3_r.excitation)
actuator[16] = tfl_r (controls: tfl_r.excitation)
actuator[17] = pect_r (controls: pect_r.excitation)
actuator[18] = grac_r (controls: grac_r.excitation)
actuator[19] = glut_max1_r (controls: glut_max1_r.excitation)
actuator[20] = glut_max2_r (controls: glut_max2_r.excitation)
actuator[21] = glut_max3_r (controls: glut_max3_r.excitation)
actuator[22] = iliacus_r (controls: iliacus_r.excitation)
actuator[23] = psoas_r (controls: psoas_r.excitation)
actuator[24] = quad_fem_r (controls: quad_fem_r.excitation)
actuator[25] = gem_r (controls: gem_r.excitation)
actuator[26] = peri_r (controls: peri_r.excitation)
actuator[27] = rect_fem_r (controls: rect_fem_r.excitation)
actuator[28] = vas_med_r (controls: vas_med_r.excitation)
actuator[29] = vas_int_r (controls: vas_int_r.excitation)
actuator[30] = vas_lat_r (controls: vas_lat_r.excitation)
actuator[31] = med_gas_r (controls: med_gas_r.excitation)
actuator[32] = lat_gas_r (controls: lat_gas_r.excitation)
actuator[33] = soleus_r (controls: soleus_r.excitation)
actuator[34] = tib_post_r (controls: tib_post_r.excitation)
actuator[35] = flex_dig_r (controls: flex_dig_r.excitation)
actuator[36] = flex_hal_r (controls: flex_hal_r.excitation)
actuator[37] = tib_ant_r (controls: tib_ant_r.excitation)
actuator[38] = per_brev_r (controls: per_brev_r.excitation)
actuator[39] = per_long_r (controls: per_long_r.excitation)
actuator[40] = per_tert_r (controls: per_tert_r.excitation)
actuator[41] = ext_dig_r (controls: ext_dig_r.excitation)
actuator[42] = ext_hal_r (controls: ext_hal_r.excitation)
actuator[43] = glut_med1_l (controls: glut_med1_l.excitation)
actuator[44] = glut_med2_l (controls: glut_med2_l.excitation)
actuator[45] = glut_med3_l (controls: glut_med3_l.excitation)
actuator[46] = glut_min1_l (controls: glut_min1_l.excitation)
actuator[47] = glut_min2_l (controls: glut_min2_l.excitation)
actuator[48] = glut_min3_l (controls: glut_min3_l.excitation)
actuator[49] = semimem_l (controls: semimem_l.excitation)
actuator[50] = semiten_l (controls: semiten_l.excitation)
actuator[51] = bifemlh_l (controls: bifemlh_l.excitation)
actuator[52] = bifemsh_l (controls: bifemsh_l.excitation)
actuator[53] = sar_l (controls: sar_l.excitation)
actuator[54] = add_long_l (controls: add_long_l.excitation)
actuator[55] = add_brev_l (controls: add_brev_l.excitation)
actuator[56] = add_mag1_l (controls: add_mag1_l.excitation)
actuator[57] = add_mag2_l (controls: add_mag2_l.excitation)
actuator[58] = add_mag3_l (controls: add_mag3_l.excitation)
actuator[59] = tfl_l (controls: tfl_l.excitation)
actuator[60] = pect_l (controls: pect_l.excitation)
actuator[61] = grac_l (controls: grac_l.excitation)
actuator[62] = glut_max1_l (controls: glut_max1_l.excitation)
actuator[63] = glut_max2_l (controls: glut_max2_l.excitation)
actuator[64] = glut_max3_l (controls: glut_max3_l.excitation)
actuator[65] = iliacus_l (controls: iliacus_l.excitation)
actuator[66] = psoas_l (controls: psoas_l.excitation)
actuator[67] = quad_fem_l (controls: quad_fem_l.excitation)
actuator[68] = gem_l (controls: gem_l.excitation)
actuator[69] = peri_l (controls: peri_l.excitation)
actuator[70] = rect_fem_l (controls: rect_fem_l.excitation)
actuator[71] = vas_med_l (controls: vas_med_l.excitation)
actuator[72] = vas_int_l (controls: vas_int_l.excitation)
actuator[73] = vas_lat_l (controls: vas_lat_l.excitation)
actuator[74] = med_gas_l (controls: med_gas_l.excitation)
actuator[75] = lat_gas_l (controls: lat_gas_l.excitation)
actuator[76] = soleus_l (controls: soleus_l.excitation)
actuator[77] = tib_post_l (controls: tib_post_l.excitation)
actuator[78] = flex_dig_l (controls: flex_dig_l.excitation)
actuator[79] = flex_hal_l (controls: flex_hal_l.excitation)
actuator[80] = tib_ant_l (controls: tib_ant_l.excitation)
actuator[81] = per_brev_l (controls: per_brev_l.excitation)
actuator[82] = per_long_l (controls: per_long_l.excitation)
actuator[83] = per_tert_l (controls: per_tert_l.excitation)
actuator[84] = ext_dig_l (controls: ext_dig_l.excitation)
actuator[85] = ext_hal_l (controls: ext_hal_l.excitation)
actuator[86] = ercspn_r (controls: ercspn_r.excitation)
actuator[87] = ercspn_l (controls: ercspn_l.excitation)
actuator[88] = intobl_r (controls: intobl_r.excitation)
actuator[89] = intobl_l (controls: intobl_l.excitation)
actuator[90] = extobl_r (controls: extobl_r.excitation)
actuator[91] = extobl_l (controls: extobl_l.excitation)
actuator[92] = FX (controls: FX.excitation)
actuator[93] = FY (controls: FY.excitation)
actuator[94] = FZ (controls: FZ.excitation)
actuator[95] = MX (controls: MX.excitation)
actuator[96] = MY (controls: MY.excitation)
actuator[97] = MZ (controls: MZ.excitation)
actuator[98] = hip_flexion_r_reserve (controls: hip_flexion_r_reserve.excitation)
actuator[99] = hip_adduction_r_reserve (controls: hip_adduction_r_reserve.excitation)
actuator[100] = hip_rotation_r_reserve (controls: hip_rotation_r_reserve.excitation)
actuator[101] = knee_angle_r_reserve (controls: knee_angle_r_reserve.excitation)
actuator[102] = ankle_angle_r_reserve (controls: ankle_angle_r_reserve.excitation)
actuator[103] = hip_flexion_l_reserve (controls: hip_flexion_l_reserve.excitation)
actuator[104] = hip_adduction_l_reserve (controls: hip_adduction_l_reserve.excitation)
actuator[105] = hip_rotation_l_reserve (controls: hip_rotation_l_reserve.excitation)
actuator[106] = knee_angle_l_reserve (controls: knee_angle_l_reserve.excitation)
actuator[107] = ankle_angle_l_reserve (controls: ankle_angle_l_reserve.excitation)
actuator[108] = lumbar_extension_reserve (controls: lumbar_extension_reserve.excitation)
actuator[109] = lumbar_bending_reserve (controls: lumbar_bending_reserve.excitation)
actuator[110] = lumbar_rotation_reserve (controls: lumbar_rotation_reserve.excitation)

CONTACTS (0)
numControls = 111
numStates = 230
numCoordinates = 23
numSpeeds = 23
numActuators = 111
numBodies = 13

STATES (230)
y[0] = pelvis_tx
y[1] = pelvis_ty
y[2] = pelvis_tz
y[3] = pelvis_tilt
y[4] = pelvis_list
y[5] = pelvis_rotation
y[6] = hip_flexion_r
y[7] = hip_adduction_r
y[8] = hip_rotation_r
y[9] = knee_angle_r
y[10] = ankle_angle_r
y[11] = subtalar_angle_r
y[12] = mtp_angle_r
y[13] = hip_flexion_l
y[14] = hip_adduction_l
y[15] = hip_rotation_l
y[16] = knee_angle_l
y[17] = ankle_angle_l
y[18] = subtalar_angle_l
y[19] = mtp_angle_l
y[20] = lumbar_extension
y[21] = lumbar_bending
y[22] = lumbar_rotation
y[23] = pelvis_tx_u
y[24] = pelvis_ty_u
y[25] = pelvis_tz_u
y[26] = pelvis_tilt_u
y[27] = pelvis_list_u
y[28] = pelvis_rotation_u
y[29] = hip_flexion_r_u
y[30] = hip_adduction_r_u
y[31] = hip_rotation_r_u
y[32] = knee_angle_r_u
y[33] = ankle_angle_r_u
y[34] = subtalar_angle_r_u
y[35] = mtp_angle_r_u
y[36] = hip_flexion_l_u
y[37] = hip_adduction_l_u
y[38] = hip_rotation_l_u
y[39] = knee_angle_l_u
y[40] = ankle_angle_l_u
y[41] = subtalar_angle_l_u
y[42] = mtp_angle_l_u
y[43] = lumbar_extension_u
y[44] = lumbar_bending_u
y[45] = lumbar_rotation_u
y[46] = glut_med1_r.activation
y[47] = glut_med1_r.fiber_length
y[48] = glut_med2_r.activation
y[49] = glut_med2_r.fiber_length
y[50] = glut_med3_r.activation
y[51] = glut_med3_r.fiber_length
y[52] = glut_min1_r.activation
y[53] = glut_min1_r.fiber_length
y[54] = glut_min2_r.activation
y[55] = glut_min2_r.fiber_length
y[56] = glut_min3_r.activation
y[57] = glut_min3_r.fiber_length
y[58] = semimem_r.activation
y[59] = semimem_r.fiber_length
y[60] = semiten_r.activation
y[61] = semiten_r.fiber_length
y[62] = bifemlh_r.activation
y[63] = bifemlh_r.fiber_length
y[64] = bifemsh_r.activation
y[65] = bifemsh_r.fiber_length
y[66] = sar_r.activation
y[67] = sar_r.fiber_length
y[68] = add_long_r.activation
y[69] = add_long_r.fiber_length
y[70] = add_brev_r.activation
y[71] = add_brev_r.fiber_length
y[72] = add_mag1_r.activation
y[73] = add_mag1_r.fiber_length
y[74] = add_mag2_r.activation
y[75] = add_mag2_r.fiber_length
y[76] = add_mag3_r.activation
y[77] = add_mag3_r.fiber_length
y[78] = tfl_r.activation
y[79] = tfl_r.fiber_length
y[80] = pect_r.activation
y[81] = pect_r.fiber_length
y[82] = grac_r.activation
y[83] = grac_r.fiber_length
y[84] = glut_max1_r.activation
y[85] = glut_max1_r.fiber_length
y[86] = glut_max2_r.activation
y[87] = glut_max2_r.fiber_length
y[88] = glut_max3_r.activation
y[89] = glut_max3_r.fiber_length
y[90] = iliacus_r.activation
y[91] = iliacus_r.fiber_length
y[92] = psoas_r.activation
y[93] = psoas_r.fiber_length
y[94] = quad_fem_r.activation
y[95] = quad_fem_r.fiber_length
y[96] = gem_r.activation
y[97] = gem_r.fiber_length
y[98] = peri_r.activation
y[99] = peri_r.fiber_length
y[100] = rect_fem_r.activation
y[101] = rect_fem_r.fiber_length
y[102] = vas_med_r.activation
y[103] = vas_med_r.fiber_length
y[104] = vas_int_r.activation
y[105] = vas_int_r.fiber_length
y[106] = vas_lat_r.activation
y[107] = vas_lat_r.fiber_length
y[108] = med_gas_r.activation
y[109] = med_gas_r.fiber_length
y[110] = lat_gas_r.activation
y[111] = lat_gas_r.fiber_length
y[112] = soleus_r.activation
y[113] = soleus_r.fiber_length
y[114] = tib_post_r.activation
y[115] = tib_post_r.fiber_length
y[116] = flex_dig_r.activation
y[117] = flex_dig_r.fiber_length
y[118] = flex_hal_r.activation
y[119] = flex_hal_r.fiber_length
y[120] = tib_ant_r.activation
y[121] = tib_ant_r.fiber_length
y[122] = per_brev_r.activation
y[123] = per_brev_r.fiber_length
y[124] = per_long_r.activation
y[125] = per_long_r.fiber_length
y[126] = per_tert_r.activation
y[127] = per_tert_r.fiber_length
y[128] = ext_dig_r.activation
y[129] = ext_dig_r.fiber_length
y[130] = ext_hal_r.activation
y[131] = ext_hal_r.fiber_length
y[132] = glut_med1_l.activation
y[133] = glut_med1_l.fiber_length
y[134] = glut_med2_l.activation
y[135] = glut_med2_l.fiber_length
y[136] = glut_med3_l.activation
y[137] = glut_med3_l.fiber_length
y[138] = glut_min1_l.activation
y[139] = glut_min1_l.fiber_length
y[140] = glut_min2_l.activation
y[141] = glut_min2_l.fiber_length
y[142] = glut_min3_l.activation
y[143] = glut_min3_l.fiber_length
y[144] = semimem_l.activation
y[145] = semimem_l.fiber_length
y[146] = semiten_l.activation
y[147] = semiten_l.fiber_length
y[148] = bifemlh_l.activation
y[149] = bifemlh_l.fiber_length
y[150] = bifemsh_l.activation
y[151] = bifemsh_l.fiber_length
y[152] = sar_l.activation
y[153] = sar_l.fiber_length
y[154] = add_long_l.activation
y[155] = add_long_l.fiber_length
y[156] = add_brev_l.activation
y[157] = add_brev_l.fiber_length
y[158] = add_mag1_l.activation
y[159] = add_mag1_l.fiber_length
y[160] = add_mag2_l.activation
y[161] = add_mag2_l.fiber_length
y[162] = add_mag3_l.activation
y[163] = add_mag3_l.fiber_length
y[164] = tfl_l.activation
y[165] = tfl_l.fiber_length
y[166] = pect_l.activation
y[167] = pect_l.fiber_length
y[168] = grac_l.activation
y[169] = grac_l.fiber_length
y[170] = glut_max1_l.activation
y[171] = glut_max1_l.fiber_length
y[172] = glut_max2_l.activation
y[173] = glut_max2_l.fiber_length
y[174] = glut_max3_l.activation
y[175] = glut_max3_l.fiber_length
y[176] = iliacus_l.activation
y[177] = iliacus_l.fiber_length
y[178] = psoas_l.activation
y[179] = psoas_l.fiber_length
y[180] = quad_fem_l.activation
y[181] = quad_fem_l.fiber_length
y[182] = gem_l.activation
y[183] = gem_l.fiber_length
y[184] = peri_l.activation
y[185] = peri_l.fiber_length
y[186] = rect_fem_l.activation
y[187] = rect_fem_l.fiber_length
y[188] = vas_med_l.activation
y[189] = vas_med_l.fiber_length
y[190] = vas_int_l.activation
y[191] = vas_int_l.fiber_length
y[192] = vas_lat_l.activation
y[193] = vas_lat_l.fiber_length
y[194] = med_gas_l.activation
y[195] = med_gas_l.fiber_length
y[196] = lat_gas_l.activation
y[197] = lat_gas_l.fiber_length
y[198] = soleus_l.activation
y[199] = soleus_l.fiber_length
y[200] = tib_post_l.activation
y[201] = tib_post_l.fiber_length
y[202] = flex_dig_l.activation
y[203] = flex_dig_l.fiber_length
y[204] = flex_hal_l.activation
y[205] = flex_hal_l.fiber_length
y[206] = tib_ant_l.activation
y[207] = tib_ant_l.fiber_length
y[208] = per_brev_l.activation
y[209] = per_brev_l.fiber_length
y[210] = per_long_l.activation
y[211] = per_long_l.fiber_length
y[212] = per_tert_l.activation
y[213] = per_tert_l.fiber_length
y[214] = ext_dig_l.activation
y[215] = ext_dig_l.fiber_length
y[216] = ext_hal_l.activation
y[217] = ext_hal_l.fiber_length
y[218] = ercspn_r.activation
y[219] = ercspn_r.fiber_length
y[220] = ercspn_l.activation
y[221] = ercspn_l.fiber_length
y[222] = intobl_r.activation
y[223] = intobl_r.fiber_length
y[224] = intobl_l.activation
y[225] = intobl_l.fiber_length
y[226] = extobl_r.activation
y[227] = extobl_r.fiber_length
y[228] = extobl_l.activation
y[229] = extobl_l.fiber_length


Loading desired kinematics from file ../RRA/Results/GIL11_free1_RRA_Kinematics_q.sto ...
Storage: file=../RRA/Results/GIL11_free1_RRA_Kinematics_q.sto (nr=897 nc=24)


Note- not filtering the desired kinematics.



Loading external loads kinematics from file ../IK/GIL11_free1_ik.mot ...
Storage: file=../IK/GIL11_free1_ik.mot (nr=115 nc=375)
Low-pass filtering external load kinematics with a cutoff frequency of 6...
Storage: file=../IK/GIL11_free1_ik.mot (nr=115 nc=375)
Padded kineticsStore to start time of 0.13333

Constructing function set for tracking...



 taskSet size = 19

Using the generalized coordinates specified in ../RRA/Results/GIL11_free1_RRA_Kinematics_q.sto to set the initial configuration.
Successfully linked to CFSQP library 'osimCFSQP.dll'
Using CFSQP optimizer algorithm.

Setting optimizer print level to 0.
Setting optimizer convergence criterion to 1e-006.
Setting optimizer maximum iterations to 2000.

Setting cmc controller to not use verbose printing.



================================================================
================================================================
Computing initial values for muscles states (activation, length)
Start time = Wed Oct 29 20:39:08 2008
================================================================

=============================================
rdCMC.computeInitialStates: ti=0.18333
=============================================
rdCMC.computeControls:  t = 0.18333
rdCMC.computeControls:  t = 0.18333

-----------------------------------------------------------------
Finished computing initial states:
-----------------------------------------------------------------
Array[230]= 0.706484 0.867309 -0.320372 -0.110311 0.08972 0.0790192 0.219803 -0.137262 0.0615514 -1.05081 -0.3178 1.95878e-018 -2.88191e-017 0.343263 0.161405 0.181925 -0.332562 0.0543192 -1.13234e-016 -2.72098e-016 -0.0157006 -0.0920271 -0.00611213 0.983095 0.199672 -0.166012 -0.130678 -0.57595 0.0326448 3.35618 0.618007 0.261146 -1.79841 3.52464 -2.54005e-017 -4.59172e-016 -1.52003 -0.655764 -0.758844 0.641693 0.850886 -5.67598e-015 -6.11284e-015 -0.128251 0.858855 -0.331281 0.02 0.0354446 0.02 0.0705854 0.0295842 0.0565035 0.02 0.0567598 0.02 0.047538 0.02 0.029444 0.0304457 0.0348039 0.0238463 0.168557 0.02 0.072385 0.333856 0.133445 0.186087 0.415451 0.081559 0.102391 0.02 0.115461 0.02 0.0637012 0.02 0.0815666 0.02 0.0999896 0.061959 0.0951736 0.0377727 0.0664519 0.0766612 0.276186 0.02 0.0756698 0.02 0.0864802 0.02 0.105361 0.30495 0.0910028 0.322125 0.0846727 0.106409 0.0494911 0.02 0.0258175 0.0931259 0.0187209 0.02 0.12654 0.02 0.0838524 0.02 0.0840084 0.02 0.0807462 0.02 0.0230171 0.02 0.0235626 0.02 0.0282221 0.02 0.0257914 0.02 0.0238238 0.02 0.0289257 0.294609 0.0789999 0.02 0.0411487 0.02 0.0401425 0.02 0.0763576 0.16366 0.0921211 0.0546808 0.10099 0.448817 0.0435619 0.401133 0.083509 0.418245 0.0706842 0.121617 0.0633317 0.17323 0.0564568 0.169395 0.0400193 0.02 0.0598853 0.02 0.198365 0.02 0.0967865 0.02 0.152155 0.0318546 0.425005 0.02 0.0788796 0.02 0.0963262 0.02 0.0462218 0.02 0.0678968 0.02 0.0974278 0.101183 0.0923254 0.02 0.0532165 0.02 0.283537 0.329001 0.0893006 0.355448 0.0975308 0.02 0.106092 0.02 0.0850653 0.02 0.0797033 0.02 0.0464816 0.02 0.0286916 0.146904 0.0288726 0.0402401 0.0948904 0.0555735 0.0574774 0.0689577 0.0619317 0.0808513 0.053627 0.02 0.0475547 0.02 0.0511082 0.0529756 0.0398687 0.02 0.029191 0.02 0.0273784 0.02 0.0341228 0.02 0.0679394 0.02 0.0426628 0.02 0.0429634 0.02 0.0679369 0.02 0.0818914 0.02 0.0889188 0.117999 0.116766 0.0386239 0.110261 0.02 0.0998783 0.0571251 0.0836274 0.02 0.128832 0.02 0.117901
=================================================================
Start time   = Wed Oct 29 20:39:08 2008
Finish time  = Wed Oct 29 20:39:53 2008
Elapsed time = 45 seconds.
=================================================================



================================================================
================================================================
Using CMC to track the specified kinematics
Integrating from 0.21333 to 1.03933
Start time = Wed Oct 29 20:39:53 2008
================================================================
rdCMC.computeControls:  t = 0.21333
rdCMC.computeControls:  t = 0.22333
rdCMC.computeControls:  t = 0.23333
rdCMC.computeControls:  t = 0.24333
rdCMC.computeControls:  t = 0.25333
rdCMC.computeControls:  t = 0.26333
rdCMC.computeControls:  t = 0.27333
rdCMC.computeControls:  t = 0.28333
rdCMC.computeControls:  t = 0.29333
rdCMC.computeControls:  t = 0.30333
rdCMC.computeControls:  t = 0.31333
rdCMC.computeControls:  t = 0.32333
rdCMC.computeControls:  t = 0.33333
rdCMC.computeControls:  t = 0.34333
rdCMC.computeControls:  t = 0.35333
rdCMC.computeControls:  t = 0.36333
rdCMC.computeControls:  t = 0.37333
rdCMC.computeControls:  t = 0.38333
rdCMC.computeControls:  t = 0.39333
rdCMC.computeControls:  t = 0.40333
rdCMC.computeControls:  t = 0.41333
WARN- small force range for vas_med_r (1.25426 to 1.29333)
WARN- small force range for vas_int_r (1.32646 to 1.36339)
WARN- small force range for vas_lat_r (1.81858 to 1.86107)
rdCMC.computeControls:  t = 0.42333
WARN- small force range for vas_med_r (1.2431 to 1.28249)
WARN- small force range for vas_int_r (1.31568 to 1.35295)
WARN- small force range for vas_lat_r (1.80404 to 1.84694)
rdCMC.computeControls:  t = 0.43333
WARN- small force range for vas_med_r (1.23275 to 1.27242)
WARN- small force range for vas_int_r (1.30571 to 1.34326)
WARN- small force range for vas_lat_r (1.79065 to 1.83388)
rdCMC.computeControls:  t = 0.44333
WARN- small force range for vas_med_r (1.22404 to 1.26395)
WARN- small force range for vas_int_r (1.29732 to 1.33512)
WARN- small force range for vas_lat_r (1.77951 to 1.82304)
rdCMC.computeControls:  t = 0.45333
WARN- small force range for vas_med_r (1.21769 to 1.25781)
WARN- small force range for vas_int_r (1.29116 to 1.32917)
WARN- small force range for vas_lat_r (1.77154 to 1.81532)
rdCMC.computeControls:  t = 0.46333
WARN- small force range for vas_med_r (1.21421 to 1.25451)
WARN- small force range for vas_int_r (1.28774 to 1.32592)
WARN- small force range for vas_lat_r (1.76729 to 1.81129)
rdCMC.computeControls:  t = 0.47333
WARN- small force range for vas_med_r (1.21385 to 1.2543)
WARN- small force range for vas_int_r (1.28729 to 1.32562)
WARN- small force range for vas_lat_r (1.76685 to 1.81103)
rdCMC.computeControls:  t = 0.48333
WARN- small force range for vas_med_r (1.21677 to 1.25736)
WARN- small force range for vas_int_r (1.29001 to 1.32848)
WARN- small force range for vas_lat_r (1.77021 to 1.81457)
rdCMC.computeControls:  t = 0.49333
WARN- small force range for vas_med_r (1.22309 to 1.2638)
WARN- small force range for vas_int_r (1.29605 to 1.33463)
WARN- small force range for vas_lat_r (1.77739 to 1.82189)
rdCMC.computeControls:  t = 0.50333
WARN- small force range for vas_med_r (1.23274 to 1.27356)
WARN- small force range for vas_int_r (1.30535 to 1.34403)
WARN- small force range for vas_lat_r (1.78823 to 1.83286)
rdCMC.computeControls:  t = 0.51333
WARN- small force range for vas_med_r (1.24551 to 1.28642)
WARN- small force range for vas_int_r (1.3177 to 1.35647)
WARN- small force range for vas_lat_r (1.80246 to 1.8472)
rdCMC.computeControls:  t = 0.52333
WARN- small force range for vas_lat_r (1.81965 to 1.86448)
rdCMC.computeControls:  t = 0.53333
rdCMC.computeControls:  t = 0.54333
rdCMC.computeControls:  t = 0.55333
rdCMC.computeControls:  t = 0.56333
rdCMC.computeControls:  t = 0.57333
rdCMC.computeControls:  t = 0.58333
rdCMC.computeControls:  t = 0.59333
rdCMC.computeControls:  t = 0.60333
rdCMC.computeControls:  t = 0.61333
rdCMC.computeControls:  t = 0.62333
rdCMC.computeControls:  t = 0.63333
WARN- small force range for lat_gas_l (0.680784 to 0.682636)
rdCMC.computeControls:  t = 0.64333
WARN- small force range for med_gas_l (1.55066 to 1.55588)
WARN- small force range for lat_gas_l (0.678274 to 0.680428)
rdCMC.computeControls:  t = 0.65333
WARN- small force range for med_gas_l (1.54797 to 1.55419)
WARN- small force range for lat_gas_l (0.67638 to 0.678851)
rdCMC.computeControls:  t = 0.66333
WARN- small force range for med_gas_l (1.54779 to 1.5552)
WARN- small force range for lat_gas_l (0.675532 to 0.678335)
rdCMC.computeControls:  t = 0.67333
WARN- small force range for med_gas_l (1.54864 to 1.55752)
WARN- small force range for lat_gas_l (0.675872 to 0.679017)
rdCMC.computeControls:  t = 0.68333
WARN- small force range for lat_gas_l (0.67762 to 0.681106)
rdCMC.computeControls:  t = 0.69333
rdCMC.computeControls:  t = 0.70333
rdCMC.computeControls:  t = 0.71333
rdCMC.computeControls:  t = 0.72333
rdCMC.computeControls:  t = 0.73333
rdCMC.computeControls:  t = 0.74333
rdCMC.computeControls:  t = 0.75333
rdCMC.computeControls:  t = 0.76333
rdCMC.computeControls:  t = 0.77333
rdCMC.computeControls:  t = 0.78333
rdCMC.computeControls:  t = 0.79333
rdCMC.computeControls:  t = 0.80333
rdCMC.computeControls:  t = 0.81333
rdCMC.computeControls:  t = 0.82333
rdCMC.computeControls:  t = 0.83333
rdCMC.computeControls:  t = 0.84333
rdCMC.computeControls:  t = 0.85333
rdCMC.computeControls:  t = 0.86333
rdCMC.computeControls:  t = 0.87333
rdCMC.computeControls:  t = 0.88333
rdCMC.computeControls:  t = 0.89333
rdCMC.computeControls:  t = 0.90333
rdCMC.computeControls:  t = 0.91333
rdCMC.computeControls:  t = 0.92333
rdCMC.computeControls:  t = 0.93333
rdCMC.computeControls:  t = 0.94333
rdCMC.computeControls:  t = 0.95333
rdCMC.computeControls:  t = 0.96333
rdCMC.computeControls:  t = 0.97333
rdCMC.computeControls:  t = 0.98333
rdCMC.computeControls:  t = 0.99333
rdCMC.computeControls:  t = 1.00333
rdCMC.computeControls:  t = 1.01333
rdCMC.computeControls:  t = 1.02333
----------------------------------------------------------------
Finished tracking the specified kinematics
=================================================================
Start time   = Wed Oct 29 20:39:53 2008
Finish time  = Wed Oct 29 21:01:58 2008
Elapsed time = 1325 seconds.
================================================================


Printing results of investigation GIL11_free1_fixed_CMC_unconstr to Results.


Average residuals:
FX=0.348524 FY=-7.73676 FZ=1.03672
MX=2.32044 MY=-0.678518 MZ=0.63634


Deleted model default
